[2023-05-25T13:49:07.865+0530] {processor.py:157} INFO - Started process (PID=23345) to work on /Users/silvesterjk/Projects/Data Engineering/DEProject/venv/lib/python3.9/site-packages/airflow/example_dags/plugins/event_listener.py
[2023-05-25T13:49:07.865+0530] {processor.py:826} INFO - Processing file /Users/silvesterjk/Projects/Data Engineering/DEProject/venv/lib/python3.9/site-packages/airflow/example_dags/plugins/event_listener.py for tasks to queue
[2023-05-25T13:49:07.866+0530] {logging_mixin.py:149} INFO - [2023-05-25T13:49:07.866+0530] {dagbag.py:541} INFO - Filling up the DagBag from /Users/silvesterjk/Projects/Data Engineering/DEProject/venv/lib/python3.9/site-packages/airflow/example_dags/plugins/event_listener.py
[2023-05-25T13:49:07.867+0530] {processor.py:838} WARNING - No viable dags retrieved from /Users/silvesterjk/Projects/Data Engineering/DEProject/venv/lib/python3.9/site-packages/airflow/example_dags/plugins/event_listener.py
[2023-05-25T13:49:08.714+0530] {processor.py:179} INFO - Processing /Users/silvesterjk/Projects/Data Engineering/DEProject/venv/lib/python3.9/site-packages/airflow/example_dags/plugins/event_listener.py took 0.850 seconds
[2023-05-25T13:56:55.638+0530] {processor.py:157} INFO - Started process (PID=23528) to work on /Users/silvesterjk/Projects/Data Engineering/DEProject/venv/lib/python3.9/site-packages/airflow/example_dags/plugins/event_listener.py
[2023-05-25T13:56:55.641+0530] {processor.py:826} INFO - Processing file /Users/silvesterjk/Projects/Data Engineering/DEProject/venv/lib/python3.9/site-packages/airflow/example_dags/plugins/event_listener.py for tasks to queue
[2023-05-25T13:56:55.642+0530] {logging_mixin.py:149} INFO - [2023-05-25T13:56:55.641+0530] {dagbag.py:541} INFO - Filling up the DagBag from /Users/silvesterjk/Projects/Data Engineering/DEProject/venv/lib/python3.9/site-packages/airflow/example_dags/plugins/event_listener.py
[2023-05-25T13:56:55.643+0530] {processor.py:838} WARNING - No viable dags retrieved from /Users/silvesterjk/Projects/Data Engineering/DEProject/venv/lib/python3.9/site-packages/airflow/example_dags/plugins/event_listener.py
[2023-05-25T13:56:56.413+0530] {processor.py:179} INFO - Processing /Users/silvesterjk/Projects/Data Engineering/DEProject/venv/lib/python3.9/site-packages/airflow/example_dags/plugins/event_listener.py took 0.775 seconds
[2023-05-25T13:59:05.776+0530] {processor.py:157} INFO - Started process (PID=23656) to work on /Users/silvesterjk/Projects/Data Engineering/DEProject/venv/lib/python3.9/site-packages/airflow/example_dags/plugins/event_listener.py
[2023-05-25T13:59:05.779+0530] {processor.py:826} INFO - Processing file /Users/silvesterjk/Projects/Data Engineering/DEProject/venv/lib/python3.9/site-packages/airflow/example_dags/plugins/event_listener.py for tasks to queue
[2023-05-25T13:59:05.779+0530] {logging_mixin.py:149} INFO - [2023-05-25T13:59:05.779+0530] {dagbag.py:541} INFO - Filling up the DagBag from /Users/silvesterjk/Projects/Data Engineering/DEProject/venv/lib/python3.9/site-packages/airflow/example_dags/plugins/event_listener.py
[2023-05-25T13:59:05.780+0530] {processor.py:838} WARNING - No viable dags retrieved from /Users/silvesterjk/Projects/Data Engineering/DEProject/venv/lib/python3.9/site-packages/airflow/example_dags/plugins/event_listener.py
[2023-05-25T13:59:06.595+0530] {processor.py:179} INFO - Processing /Users/silvesterjk/Projects/Data Engineering/DEProject/venv/lib/python3.9/site-packages/airflow/example_dags/plugins/event_listener.py took 0.820 seconds
[2023-05-25T14:02:10.590+0530] {processor.py:157} INFO - Started process (PID=23763) to work on /Users/silvesterjk/Projects/Data Engineering/DEProject/venv/lib/python3.9/site-packages/airflow/example_dags/plugins/event_listener.py
[2023-05-25T14:02:10.592+0530] {processor.py:826} INFO - Processing file /Users/silvesterjk/Projects/Data Engineering/DEProject/venv/lib/python3.9/site-packages/airflow/example_dags/plugins/event_listener.py for tasks to queue
[2023-05-25T14:02:10.593+0530] {logging_mixin.py:149} INFO - [2023-05-25T14:02:10.592+0530] {dagbag.py:541} INFO - Filling up the DagBag from /Users/silvesterjk/Projects/Data Engineering/DEProject/venv/lib/python3.9/site-packages/airflow/example_dags/plugins/event_listener.py
[2023-05-25T14:02:10.594+0530] {processor.py:838} WARNING - No viable dags retrieved from /Users/silvesterjk/Projects/Data Engineering/DEProject/venv/lib/python3.9/site-packages/airflow/example_dags/plugins/event_listener.py
[2023-05-25T14:02:11.430+0530] {processor.py:179} INFO - Processing /Users/silvesterjk/Projects/Data Engineering/DEProject/venv/lib/python3.9/site-packages/airflow/example_dags/plugins/event_listener.py took 0.840 seconds
[2023-05-25T14:04:26.686+0530] {processor.py:157} INFO - Started process (PID=23837) to work on /Users/silvesterjk/Projects/Data Engineering/DEProject/venv/lib/python3.9/site-packages/airflow/example_dags/plugins/event_listener.py
[2023-05-25T14:04:26.688+0530] {processor.py:826} INFO - Processing file /Users/silvesterjk/Projects/Data Engineering/DEProject/venv/lib/python3.9/site-packages/airflow/example_dags/plugins/event_listener.py for tasks to queue
[2023-05-25T14:04:26.688+0530] {logging_mixin.py:149} INFO - [2023-05-25T14:04:26.688+0530] {dagbag.py:541} INFO - Filling up the DagBag from /Users/silvesterjk/Projects/Data Engineering/DEProject/venv/lib/python3.9/site-packages/airflow/example_dags/plugins/event_listener.py
[2023-05-25T14:04:26.690+0530] {processor.py:838} WARNING - No viable dags retrieved from /Users/silvesterjk/Projects/Data Engineering/DEProject/venv/lib/python3.9/site-packages/airflow/example_dags/plugins/event_listener.py
[2023-05-25T14:04:27.470+0530] {processor.py:179} INFO - Processing /Users/silvesterjk/Projects/Data Engineering/DEProject/venv/lib/python3.9/site-packages/airflow/example_dags/plugins/event_listener.py took 0.784 seconds
[2023-05-25T14:06:40.371+0530] {processor.py:157} INFO - Started process (PID=23913) to work on /Users/silvesterjk/Projects/Data Engineering/DEProject/venv/lib/python3.9/site-packages/airflow/example_dags/plugins/event_listener.py
[2023-05-25T14:06:40.373+0530] {processor.py:826} INFO - Processing file /Users/silvesterjk/Projects/Data Engineering/DEProject/venv/lib/python3.9/site-packages/airflow/example_dags/plugins/event_listener.py for tasks to queue
[2023-05-25T14:06:40.374+0530] {logging_mixin.py:149} INFO - [2023-05-25T14:06:40.374+0530] {dagbag.py:541} INFO - Filling up the DagBag from /Users/silvesterjk/Projects/Data Engineering/DEProject/venv/lib/python3.9/site-packages/airflow/example_dags/plugins/event_listener.py
[2023-05-25T14:06:40.375+0530] {processor.py:838} WARNING - No viable dags retrieved from /Users/silvesterjk/Projects/Data Engineering/DEProject/venv/lib/python3.9/site-packages/airflow/example_dags/plugins/event_listener.py
[2023-05-25T14:06:41.282+0530] {processor.py:179} INFO - Processing /Users/silvesterjk/Projects/Data Engineering/DEProject/venv/lib/python3.9/site-packages/airflow/example_dags/plugins/event_listener.py took 0.912 seconds
[2023-05-25T14:08:52.505+0530] {processor.py:157} INFO - Started process (PID=24009) to work on /Users/silvesterjk/Projects/Data Engineering/DEProject/venv/lib/python3.9/site-packages/airflow/example_dags/plugins/event_listener.py
[2023-05-25T14:08:52.507+0530] {processor.py:826} INFO - Processing file /Users/silvesterjk/Projects/Data Engineering/DEProject/venv/lib/python3.9/site-packages/airflow/example_dags/plugins/event_listener.py for tasks to queue
[2023-05-25T14:08:52.508+0530] {logging_mixin.py:149} INFO - [2023-05-25T14:08:52.508+0530] {dagbag.py:541} INFO - Filling up the DagBag from /Users/silvesterjk/Projects/Data Engineering/DEProject/venv/lib/python3.9/site-packages/airflow/example_dags/plugins/event_listener.py
[2023-05-25T14:08:52.509+0530] {processor.py:838} WARNING - No viable dags retrieved from /Users/silvesterjk/Projects/Data Engineering/DEProject/venv/lib/python3.9/site-packages/airflow/example_dags/plugins/event_listener.py
[2023-05-25T14:08:53.278+0530] {processor.py:179} INFO - Processing /Users/silvesterjk/Projects/Data Engineering/DEProject/venv/lib/python3.9/site-packages/airflow/example_dags/plugins/event_listener.py took 0.774 seconds
[2023-05-25T14:10:57.489+0530] {processor.py:157} INFO - Started process (PID=24060) to work on /Users/silvesterjk/Projects/Data Engineering/DEProject/venv/lib/python3.9/site-packages/airflow/example_dags/plugins/event_listener.py
[2023-05-25T14:10:57.490+0530] {processor.py:826} INFO - Processing file /Users/silvesterjk/Projects/Data Engineering/DEProject/venv/lib/python3.9/site-packages/airflow/example_dags/plugins/event_listener.py for tasks to queue
[2023-05-25T14:10:57.491+0530] {logging_mixin.py:149} INFO - [2023-05-25T14:10:57.491+0530] {dagbag.py:541} INFO - Filling up the DagBag from /Users/silvesterjk/Projects/Data Engineering/DEProject/venv/lib/python3.9/site-packages/airflow/example_dags/plugins/event_listener.py
[2023-05-25T14:10:57.492+0530] {processor.py:838} WARNING - No viable dags retrieved from /Users/silvesterjk/Projects/Data Engineering/DEProject/venv/lib/python3.9/site-packages/airflow/example_dags/plugins/event_listener.py
[2023-05-25T14:10:58.486+0530] {processor.py:179} INFO - Processing /Users/silvesterjk/Projects/Data Engineering/DEProject/venv/lib/python3.9/site-packages/airflow/example_dags/plugins/event_listener.py took 0.999 seconds
