[2023-05-25T13:49:04.477+0530] {processor.py:157} INFO - Started process (PID=23342) to work on /Users/silvesterjk/Projects/Data Engineering/DEProject/venv/lib/python3.9/site-packages/airflow/example_dags/plugins/listener_plugin.py
[2023-05-25T13:49:04.477+0530] {processor.py:826} INFO - Processing file /Users/silvesterjk/Projects/Data Engineering/DEProject/venv/lib/python3.9/site-packages/airflow/example_dags/plugins/listener_plugin.py for tasks to queue
[2023-05-25T13:49:04.478+0530] {logging_mixin.py:149} INFO - [2023-05-25T13:49:04.478+0530] {dagbag.py:541} INFO - Filling up the DagBag from /Users/silvesterjk/Projects/Data Engineering/DEProject/venv/lib/python3.9/site-packages/airflow/example_dags/plugins/listener_plugin.py
[2023-05-25T13:49:04.484+0530] {processor.py:838} WARNING - No viable dags retrieved from /Users/silvesterjk/Projects/Data Engineering/DEProject/venv/lib/python3.9/site-packages/airflow/example_dags/plugins/listener_plugin.py
[2023-05-25T13:49:05.389+0530] {processor.py:179} INFO - Processing /Users/silvesterjk/Projects/Data Engineering/DEProject/venv/lib/python3.9/site-packages/airflow/example_dags/plugins/listener_plugin.py took 0.913 seconds
[2023-05-25T13:56:52.313+0530] {processor.py:157} INFO - Started process (PID=23527) to work on /Users/silvesterjk/Projects/Data Engineering/DEProject/venv/lib/python3.9/site-packages/airflow/example_dags/plugins/listener_plugin.py
[2023-05-25T13:56:52.316+0530] {processor.py:826} INFO - Processing file /Users/silvesterjk/Projects/Data Engineering/DEProject/venv/lib/python3.9/site-packages/airflow/example_dags/plugins/listener_plugin.py for tasks to queue
[2023-05-25T13:56:52.317+0530] {logging_mixin.py:149} INFO - [2023-05-25T13:56:52.316+0530] {dagbag.py:541} INFO - Filling up the DagBag from /Users/silvesterjk/Projects/Data Engineering/DEProject/venv/lib/python3.9/site-packages/airflow/example_dags/plugins/listener_plugin.py
[2023-05-25T13:56:52.320+0530] {processor.py:838} WARNING - No viable dags retrieved from /Users/silvesterjk/Projects/Data Engineering/DEProject/venv/lib/python3.9/site-packages/airflow/example_dags/plugins/listener_plugin.py
[2023-05-25T13:56:53.155+0530] {processor.py:179} INFO - Processing /Users/silvesterjk/Projects/Data Engineering/DEProject/venv/lib/python3.9/site-packages/airflow/example_dags/plugins/listener_plugin.py took 0.842 seconds
[2023-05-25T13:59:02.103+0530] {processor.py:157} INFO - Started process (PID=23652) to work on /Users/silvesterjk/Projects/Data Engineering/DEProject/venv/lib/python3.9/site-packages/airflow/example_dags/plugins/listener_plugin.py
[2023-05-25T13:59:02.104+0530] {processor.py:826} INFO - Processing file /Users/silvesterjk/Projects/Data Engineering/DEProject/venv/lib/python3.9/site-packages/airflow/example_dags/plugins/listener_plugin.py for tasks to queue
[2023-05-25T13:59:02.105+0530] {logging_mixin.py:149} INFO - [2023-05-25T13:59:02.105+0530] {dagbag.py:541} INFO - Filling up the DagBag from /Users/silvesterjk/Projects/Data Engineering/DEProject/venv/lib/python3.9/site-packages/airflow/example_dags/plugins/listener_plugin.py
[2023-05-25T13:59:02.114+0530] {processor.py:838} WARNING - No viable dags retrieved from /Users/silvesterjk/Projects/Data Engineering/DEProject/venv/lib/python3.9/site-packages/airflow/example_dags/plugins/listener_plugin.py
[2023-05-25T13:59:03.175+0530] {processor.py:179} INFO - Processing /Users/silvesterjk/Projects/Data Engineering/DEProject/venv/lib/python3.9/site-packages/airflow/example_dags/plugins/listener_plugin.py took 1.073 seconds
[2023-05-25T14:02:07.295+0530] {processor.py:157} INFO - Started process (PID=23762) to work on /Users/silvesterjk/Projects/Data Engineering/DEProject/venv/lib/python3.9/site-packages/airflow/example_dags/plugins/listener_plugin.py
[2023-05-25T14:02:07.298+0530] {processor.py:826} INFO - Processing file /Users/silvesterjk/Projects/Data Engineering/DEProject/venv/lib/python3.9/site-packages/airflow/example_dags/plugins/listener_plugin.py for tasks to queue
[2023-05-25T14:02:07.299+0530] {logging_mixin.py:149} INFO - [2023-05-25T14:02:07.299+0530] {dagbag.py:541} INFO - Filling up the DagBag from /Users/silvesterjk/Projects/Data Engineering/DEProject/venv/lib/python3.9/site-packages/airflow/example_dags/plugins/listener_plugin.py
[2023-05-25T14:02:07.304+0530] {processor.py:838} WARNING - No viable dags retrieved from /Users/silvesterjk/Projects/Data Engineering/DEProject/venv/lib/python3.9/site-packages/airflow/example_dags/plugins/listener_plugin.py
[2023-05-25T14:02:08.113+0530] {processor.py:179} INFO - Processing /Users/silvesterjk/Projects/Data Engineering/DEProject/venv/lib/python3.9/site-packages/airflow/example_dags/plugins/listener_plugin.py took 0.818 seconds
[2023-05-25T14:04:23.411+0530] {processor.py:157} INFO - Started process (PID=23836) to work on /Users/silvesterjk/Projects/Data Engineering/DEProject/venv/lib/python3.9/site-packages/airflow/example_dags/plugins/listener_plugin.py
[2023-05-25T14:04:23.412+0530] {processor.py:826} INFO - Processing file /Users/silvesterjk/Projects/Data Engineering/DEProject/venv/lib/python3.9/site-packages/airflow/example_dags/plugins/listener_plugin.py for tasks to queue
[2023-05-25T14:04:23.413+0530] {logging_mixin.py:149} INFO - [2023-05-25T14:04:23.413+0530] {dagbag.py:541} INFO - Filling up the DagBag from /Users/silvesterjk/Projects/Data Engineering/DEProject/venv/lib/python3.9/site-packages/airflow/example_dags/plugins/listener_plugin.py
[2023-05-25T14:04:23.419+0530] {processor.py:838} WARNING - No viable dags retrieved from /Users/silvesterjk/Projects/Data Engineering/DEProject/venv/lib/python3.9/site-packages/airflow/example_dags/plugins/listener_plugin.py
[2023-05-25T14:04:24.264+0530] {processor.py:179} INFO - Processing /Users/silvesterjk/Projects/Data Engineering/DEProject/venv/lib/python3.9/site-packages/airflow/example_dags/plugins/listener_plugin.py took 0.854 seconds
[2023-05-25T14:06:37.204+0530] {processor.py:157} INFO - Started process (PID=23912) to work on /Users/silvesterjk/Projects/Data Engineering/DEProject/venv/lib/python3.9/site-packages/airflow/example_dags/plugins/listener_plugin.py
[2023-05-25T14:06:37.207+0530] {processor.py:826} INFO - Processing file /Users/silvesterjk/Projects/Data Engineering/DEProject/venv/lib/python3.9/site-packages/airflow/example_dags/plugins/listener_plugin.py for tasks to queue
[2023-05-25T14:06:37.207+0530] {logging_mixin.py:149} INFO - [2023-05-25T14:06:37.207+0530] {dagbag.py:541} INFO - Filling up the DagBag from /Users/silvesterjk/Projects/Data Engineering/DEProject/venv/lib/python3.9/site-packages/airflow/example_dags/plugins/listener_plugin.py
[2023-05-25T14:06:37.213+0530] {processor.py:838} WARNING - No viable dags retrieved from /Users/silvesterjk/Projects/Data Engineering/DEProject/venv/lib/python3.9/site-packages/airflow/example_dags/plugins/listener_plugin.py
[2023-05-25T14:06:37.966+0530] {processor.py:179} INFO - Processing /Users/silvesterjk/Projects/Data Engineering/DEProject/venv/lib/python3.9/site-packages/airflow/example_dags/plugins/listener_plugin.py took 0.763 seconds
[2023-05-25T14:08:50.209+0530] {processor.py:157} INFO - Started process (PID=24006) to work on /Users/silvesterjk/Projects/Data Engineering/DEProject/venv/lib/python3.9/site-packages/airflow/example_dags/plugins/listener_plugin.py
[2023-05-25T14:08:50.212+0530] {processor.py:826} INFO - Processing file /Users/silvesterjk/Projects/Data Engineering/DEProject/venv/lib/python3.9/site-packages/airflow/example_dags/plugins/listener_plugin.py for tasks to queue
[2023-05-25T14:08:50.213+0530] {logging_mixin.py:149} INFO - [2023-05-25T14:08:50.212+0530] {dagbag.py:541} INFO - Filling up the DagBag from /Users/silvesterjk/Projects/Data Engineering/DEProject/venv/lib/python3.9/site-packages/airflow/example_dags/plugins/listener_plugin.py
[2023-05-25T14:08:50.217+0530] {processor.py:838} WARNING - No viable dags retrieved from /Users/silvesterjk/Projects/Data Engineering/DEProject/venv/lib/python3.9/site-packages/airflow/example_dags/plugins/listener_plugin.py
[2023-05-25T14:08:50.990+0530] {processor.py:179} INFO - Processing /Users/silvesterjk/Projects/Data Engineering/DEProject/venv/lib/python3.9/site-packages/airflow/example_dags/plugins/listener_plugin.py took 0.781 seconds
[2023-05-25T14:10:54.172+0530] {processor.py:157} INFO - Started process (PID=24059) to work on /Users/silvesterjk/Projects/Data Engineering/DEProject/venv/lib/python3.9/site-packages/airflow/example_dags/plugins/listener_plugin.py
[2023-05-25T14:10:54.173+0530] {processor.py:826} INFO - Processing file /Users/silvesterjk/Projects/Data Engineering/DEProject/venv/lib/python3.9/site-packages/airflow/example_dags/plugins/listener_plugin.py for tasks to queue
[2023-05-25T14:10:54.174+0530] {logging_mixin.py:149} INFO - [2023-05-25T14:10:54.174+0530] {dagbag.py:541} INFO - Filling up the DagBag from /Users/silvesterjk/Projects/Data Engineering/DEProject/venv/lib/python3.9/site-packages/airflow/example_dags/plugins/listener_plugin.py
[2023-05-25T14:10:54.178+0530] {processor.py:838} WARNING - No viable dags retrieved from /Users/silvesterjk/Projects/Data Engineering/DEProject/venv/lib/python3.9/site-packages/airflow/example_dags/plugins/listener_plugin.py
[2023-05-25T14:10:54.994+0530] {processor.py:179} INFO - Processing /Users/silvesterjk/Projects/Data Engineering/DEProject/venv/lib/python3.9/site-packages/airflow/example_dags/plugins/listener_plugin.py took 0.823 seconds
