[2023-05-25T13:49:00.643+0530] {processor.py:157} INFO - Started process (PID=23332) to work on /Users/silvesterjk/Projects/Data Engineering/DEProject/venv/lib/python3.9/site-packages/airflow/example_dags/plugins/workday.py
[2023-05-25T13:49:00.644+0530] {processor.py:826} INFO - Processing file /Users/silvesterjk/Projects/Data Engineering/DEProject/venv/lib/python3.9/site-packages/airflow/example_dags/plugins/workday.py for tasks to queue
[2023-05-25T13:49:00.644+0530] {logging_mixin.py:149} INFO - [2023-05-25T13:49:00.644+0530] {dagbag.py:541} INFO - Filling up the DagBag from /Users/silvesterjk/Projects/Data Engineering/DEProject/venv/lib/python3.9/site-packages/airflow/example_dags/plugins/workday.py
[2023-05-25T13:49:01.447+0530] {processor.py:838} WARNING - No viable dags retrieved from /Users/silvesterjk/Projects/Data Engineering/DEProject/venv/lib/python3.9/site-packages/airflow/example_dags/plugins/workday.py
[2023-05-25T13:49:02.244+0530] {processor.py:179} INFO - Processing /Users/silvesterjk/Projects/Data Engineering/DEProject/venv/lib/python3.9/site-packages/airflow/example_dags/plugins/workday.py took 1.602 seconds
[2023-05-25T13:56:48.637+0530] {processor.py:157} INFO - Started process (PID=23524) to work on /Users/silvesterjk/Projects/Data Engineering/DEProject/venv/lib/python3.9/site-packages/airflow/example_dags/plugins/workday.py
[2023-05-25T13:56:48.639+0530] {processor.py:826} INFO - Processing file /Users/silvesterjk/Projects/Data Engineering/DEProject/venv/lib/python3.9/site-packages/airflow/example_dags/plugins/workday.py for tasks to queue
[2023-05-25T13:56:48.640+0530] {logging_mixin.py:149} INFO - [2023-05-25T13:56:48.640+0530] {dagbag.py:541} INFO - Filling up the DagBag from /Users/silvesterjk/Projects/Data Engineering/DEProject/venv/lib/python3.9/site-packages/airflow/example_dags/plugins/workday.py
[2023-05-25T13:56:49.026+0530] {processor.py:838} WARNING - No viable dags retrieved from /Users/silvesterjk/Projects/Data Engineering/DEProject/venv/lib/python3.9/site-packages/airflow/example_dags/plugins/workday.py
[2023-05-25T13:56:49.797+0530] {processor.py:179} INFO - Processing /Users/silvesterjk/Projects/Data Engineering/DEProject/venv/lib/python3.9/site-packages/airflow/example_dags/plugins/workday.py took 1.161 seconds
[2023-05-25T13:58:54.590+0530] {processor.py:157} INFO - Started process (PID=23647) to work on /Users/silvesterjk/Projects/Data Engineering/DEProject/venv/lib/python3.9/site-packages/airflow/example_dags/plugins/workday.py
[2023-05-25T13:58:54.593+0530] {processor.py:826} INFO - Processing file /Users/silvesterjk/Projects/Data Engineering/DEProject/venv/lib/python3.9/site-packages/airflow/example_dags/plugins/workday.py for tasks to queue
[2023-05-25T13:58:54.593+0530] {logging_mixin.py:149} INFO - [2023-05-25T13:58:54.593+0530] {dagbag.py:541} INFO - Filling up the DagBag from /Users/silvesterjk/Projects/Data Engineering/DEProject/venv/lib/python3.9/site-packages/airflow/example_dags/plugins/workday.py
[2023-05-25T13:58:54.980+0530] {processor.py:838} WARNING - No viable dags retrieved from /Users/silvesterjk/Projects/Data Engineering/DEProject/venv/lib/python3.9/site-packages/airflow/example_dags/plugins/workday.py
[2023-05-25T13:58:57.712+0530] {processor.py:179} INFO - Processing /Users/silvesterjk/Projects/Data Engineering/DEProject/venv/lib/python3.9/site-packages/airflow/example_dags/plugins/workday.py took 3.123 seconds
[2023-05-25T14:02:03.450+0530] {processor.py:157} INFO - Started process (PID=23761) to work on /Users/silvesterjk/Projects/Data Engineering/DEProject/venv/lib/python3.9/site-packages/airflow/example_dags/plugins/workday.py
[2023-05-25T14:02:03.452+0530] {processor.py:826} INFO - Processing file /Users/silvesterjk/Projects/Data Engineering/DEProject/venv/lib/python3.9/site-packages/airflow/example_dags/plugins/workday.py for tasks to queue
[2023-05-25T14:02:03.453+0530] {logging_mixin.py:149} INFO - [2023-05-25T14:02:03.453+0530] {dagbag.py:541} INFO - Filling up the DagBag from /Users/silvesterjk/Projects/Data Engineering/DEProject/venv/lib/python3.9/site-packages/airflow/example_dags/plugins/workday.py
[2023-05-25T14:02:03.947+0530] {processor.py:838} WARNING - No viable dags retrieved from /Users/silvesterjk/Projects/Data Engineering/DEProject/venv/lib/python3.9/site-packages/airflow/example_dags/plugins/workday.py
[2023-05-25T14:02:04.766+0530] {processor.py:179} INFO - Processing /Users/silvesterjk/Projects/Data Engineering/DEProject/venv/lib/python3.9/site-packages/airflow/example_dags/plugins/workday.py took 1.318 seconds
[2023-05-25T14:04:19.526+0530] {processor.py:157} INFO - Started process (PID=23835) to work on /Users/silvesterjk/Projects/Data Engineering/DEProject/venv/lib/python3.9/site-packages/airflow/example_dags/plugins/workday.py
[2023-05-25T14:04:19.527+0530] {processor.py:826} INFO - Processing file /Users/silvesterjk/Projects/Data Engineering/DEProject/venv/lib/python3.9/site-packages/airflow/example_dags/plugins/workday.py for tasks to queue
[2023-05-25T14:04:19.528+0530] {logging_mixin.py:149} INFO - [2023-05-25T14:04:19.528+0530] {dagbag.py:541} INFO - Filling up the DagBag from /Users/silvesterjk/Projects/Data Engineering/DEProject/venv/lib/python3.9/site-packages/airflow/example_dags/plugins/workday.py
[2023-05-25T14:04:19.956+0530] {processor.py:838} WARNING - No viable dags retrieved from /Users/silvesterjk/Projects/Data Engineering/DEProject/venv/lib/python3.9/site-packages/airflow/example_dags/plugins/workday.py
[2023-05-25T14:04:20.852+0530] {processor.py:179} INFO - Processing /Users/silvesterjk/Projects/Data Engineering/DEProject/venv/lib/python3.9/site-packages/airflow/example_dags/plugins/workday.py took 1.328 seconds
[2023-05-25T14:06:33.432+0530] {processor.py:157} INFO - Started process (PID=23911) to work on /Users/silvesterjk/Projects/Data Engineering/DEProject/venv/lib/python3.9/site-packages/airflow/example_dags/plugins/workday.py
[2023-05-25T14:06:33.434+0530] {processor.py:826} INFO - Processing file /Users/silvesterjk/Projects/Data Engineering/DEProject/venv/lib/python3.9/site-packages/airflow/example_dags/plugins/workday.py for tasks to queue
[2023-05-25T14:06:33.435+0530] {logging_mixin.py:149} INFO - [2023-05-25T14:06:33.435+0530] {dagbag.py:541} INFO - Filling up the DagBag from /Users/silvesterjk/Projects/Data Engineering/DEProject/venv/lib/python3.9/site-packages/airflow/example_dags/plugins/workday.py
[2023-05-25T14:06:33.972+0530] {processor.py:838} WARNING - No viable dags retrieved from /Users/silvesterjk/Projects/Data Engineering/DEProject/venv/lib/python3.9/site-packages/airflow/example_dags/plugins/workday.py
[2023-05-25T14:06:34.749+0530] {processor.py:179} INFO - Processing /Users/silvesterjk/Projects/Data Engineering/DEProject/venv/lib/python3.9/site-packages/airflow/example_dags/plugins/workday.py took 1.318 seconds
[2023-05-25T14:08:46.497+0530] {processor.py:157} INFO - Started process (PID=24004) to work on /Users/silvesterjk/Projects/Data Engineering/DEProject/venv/lib/python3.9/site-packages/airflow/example_dags/plugins/workday.py
[2023-05-25T14:08:46.498+0530] {processor.py:826} INFO - Processing file /Users/silvesterjk/Projects/Data Engineering/DEProject/venv/lib/python3.9/site-packages/airflow/example_dags/plugins/workday.py for tasks to queue
[2023-05-25T14:08:46.499+0530] {logging_mixin.py:149} INFO - [2023-05-25T14:08:46.499+0530] {dagbag.py:541} INFO - Filling up the DagBag from /Users/silvesterjk/Projects/Data Engineering/DEProject/venv/lib/python3.9/site-packages/airflow/example_dags/plugins/workday.py
[2023-05-25T14:08:46.889+0530] {processor.py:838} WARNING - No viable dags retrieved from /Users/silvesterjk/Projects/Data Engineering/DEProject/venv/lib/python3.9/site-packages/airflow/example_dags/plugins/workday.py
[2023-05-25T14:08:47.694+0530] {processor.py:179} INFO - Processing /Users/silvesterjk/Projects/Data Engineering/DEProject/venv/lib/python3.9/site-packages/airflow/example_dags/plugins/workday.py took 1.198 seconds
[2023-05-25T14:10:50.199+0530] {processor.py:157} INFO - Started process (PID=24058) to work on /Users/silvesterjk/Projects/Data Engineering/DEProject/venv/lib/python3.9/site-packages/airflow/example_dags/plugins/workday.py
[2023-05-25T14:10:50.202+0530] {processor.py:826} INFO - Processing file /Users/silvesterjk/Projects/Data Engineering/DEProject/venv/lib/python3.9/site-packages/airflow/example_dags/plugins/workday.py for tasks to queue
[2023-05-25T14:10:50.203+0530] {logging_mixin.py:149} INFO - [2023-05-25T14:10:50.202+0530] {dagbag.py:541} INFO - Filling up the DagBag from /Users/silvesterjk/Projects/Data Engineering/DEProject/venv/lib/python3.9/site-packages/airflow/example_dags/plugins/workday.py
[2023-05-25T14:10:50.631+0530] {processor.py:838} WARNING - No viable dags retrieved from /Users/silvesterjk/Projects/Data Engineering/DEProject/venv/lib/python3.9/site-packages/airflow/example_dags/plugins/workday.py
[2023-05-25T14:10:51.564+0530] {processor.py:179} INFO - Processing /Users/silvesterjk/Projects/Data Engineering/DEProject/venv/lib/python3.9/site-packages/airflow/example_dags/plugins/workday.py took 1.367 seconds
