[2023-05-25T14:01:33.409+0530] {processor.py:157} INFO - Started process (PID=23746) to work on /Users/silvesterjk/Projects/Data Engineering/DEProject/venv/lib/python3.9/site-packages/airflow/example_dags/example_branch_operator_decorator.py
[2023-05-25T14:01:33.409+0530] {processor.py:826} INFO - Processing file /Users/silvesterjk/Projects/Data Engineering/DEProject/venv/lib/python3.9/site-packages/airflow/example_dags/example_branch_operator_decorator.py for tasks to queue
[2023-05-25T14:01:33.411+0530] {logging_mixin.py:149} INFO - [2023-05-25T14:01:33.411+0530] {dagbag.py:541} INFO - Filling up the DagBag from /Users/silvesterjk/Projects/Data Engineering/DEProject/venv/lib/python3.9/site-packages/airflow/example_dags/example_branch_operator_decorator.py
[2023-05-25T14:01:33.505+0530] {processor.py:836} INFO - DAG(s) dict_keys(['example_branch_python_operator_decorator']) retrieved from /Users/silvesterjk/Projects/Data Engineering/DEProject/venv/lib/python3.9/site-packages/airflow/example_dags/example_branch_operator_decorator.py
[2023-05-25T14:01:34.403+0530] {logging_mixin.py:149} INFO - [2023-05-25T14:01:34.403+0530] {dag.py:2726} INFO - Sync 1 DAGs
[2023-05-25T14:01:34.428+0530] {logging_mixin.py:149} INFO - [2023-05-25T14:01:34.428+0530] {dag.py:3486} INFO - Setting next_dagrun for example_branch_python_operator_decorator to 2023-05-24T00:00:00+00:00, run_after=2023-05-25T00:00:00+00:00
[2023-05-25T14:01:34.455+0530] {processor.py:179} INFO - Processing /Users/silvesterjk/Projects/Data Engineering/DEProject/venv/lib/python3.9/site-packages/airflow/example_dags/example_branch_operator_decorator.py took 1.048 seconds
[2023-05-25T14:06:06.211+0530] {processor.py:157} INFO - Started process (PID=23898) to work on /Users/silvesterjk/Projects/Data Engineering/DEProject/venv/lib/python3.9/site-packages/airflow/example_dags/example_branch_operator_decorator.py
[2023-05-25T14:06:06.214+0530] {processor.py:826} INFO - Processing file /Users/silvesterjk/Projects/Data Engineering/DEProject/venv/lib/python3.9/site-packages/airflow/example_dags/example_branch_operator_decorator.py for tasks to queue
[2023-05-25T14:06:06.214+0530] {logging_mixin.py:149} INFO - [2023-05-25T14:06:06.214+0530] {dagbag.py:541} INFO - Filling up the DagBag from /Users/silvesterjk/Projects/Data Engineering/DEProject/venv/lib/python3.9/site-packages/airflow/example_dags/example_branch_operator_decorator.py
[2023-05-25T14:06:06.278+0530] {processor.py:836} INFO - DAG(s) dict_keys(['example_branch_python_operator_decorator']) retrieved from /Users/silvesterjk/Projects/Data Engineering/DEProject/venv/lib/python3.9/site-packages/airflow/example_dags/example_branch_operator_decorator.py
[2023-05-25T14:06:07.135+0530] {logging_mixin.py:149} INFO - [2023-05-25T14:06:07.134+0530] {dag.py:2726} INFO - Sync 1 DAGs
[2023-05-25T14:06:07.162+0530] {logging_mixin.py:149} INFO - [2023-05-25T14:06:07.162+0530] {dag.py:3486} INFO - Setting next_dagrun for example_branch_python_operator_decorator to 2023-05-24T00:00:00+00:00, run_after=2023-05-25T00:00:00+00:00
[2023-05-25T14:06:07.184+0530] {processor.py:179} INFO - Processing /Users/silvesterjk/Projects/Data Engineering/DEProject/venv/lib/python3.9/site-packages/airflow/example_dags/example_branch_operator_decorator.py took 0.974 seconds
[2023-05-25T14:10:22.608+0530] {processor.py:157} INFO - Started process (PID=24046) to work on /Users/silvesterjk/Projects/Data Engineering/DEProject/venv/lib/python3.9/site-packages/airflow/example_dags/example_branch_operator_decorator.py
[2023-05-25T14:10:22.609+0530] {processor.py:826} INFO - Processing file /Users/silvesterjk/Projects/Data Engineering/DEProject/venv/lib/python3.9/site-packages/airflow/example_dags/example_branch_operator_decorator.py for tasks to queue
[2023-05-25T14:10:22.610+0530] {logging_mixin.py:149} INFO - [2023-05-25T14:10:22.609+0530] {dagbag.py:541} INFO - Filling up the DagBag from /Users/silvesterjk/Projects/Data Engineering/DEProject/venv/lib/python3.9/site-packages/airflow/example_dags/example_branch_operator_decorator.py
[2023-05-25T14:10:22.686+0530] {processor.py:836} INFO - DAG(s) dict_keys(['example_branch_python_operator_decorator']) retrieved from /Users/silvesterjk/Projects/Data Engineering/DEProject/venv/lib/python3.9/site-packages/airflow/example_dags/example_branch_operator_decorator.py
[2023-05-25T14:10:23.695+0530] {logging_mixin.py:149} INFO - [2023-05-25T14:10:23.695+0530] {dag.py:2726} INFO - Sync 1 DAGs
[2023-05-25T14:10:23.731+0530] {logging_mixin.py:149} INFO - [2023-05-25T14:10:23.730+0530] {dag.py:3486} INFO - Setting next_dagrun for example_branch_python_operator_decorator to 2023-05-24T00:00:00+00:00, run_after=2023-05-25T00:00:00+00:00
[2023-05-25T14:10:23.754+0530] {processor.py:179} INFO - Processing /Users/silvesterjk/Projects/Data Engineering/DEProject/venv/lib/python3.9/site-packages/airflow/example_dags/example_branch_operator_decorator.py took 1.148 seconds
