[2023-05-25T14:00:11.071+0530] {processor.py:157} INFO - Started process (PID=23690) to work on /Users/silvesterjk/Projects/Data Engineering/DEProject/venv/lib/python3.9/site-packages/airflow/example_dags/example_setup_teardown.py
[2023-05-25T14:00:11.071+0530] {processor.py:826} INFO - Processing file /Users/silvesterjk/Projects/Data Engineering/DEProject/venv/lib/python3.9/site-packages/airflow/example_dags/example_setup_teardown.py for tasks to queue
[2023-05-25T14:00:11.072+0530] {logging_mixin.py:149} INFO - [2023-05-25T14:00:11.072+0530] {dagbag.py:541} INFO - Filling up the DagBag from /Users/silvesterjk/Projects/Data Engineering/DEProject/venv/lib/python3.9/site-packages/airflow/example_dags/example_setup_teardown.py
[2023-05-25T14:00:11.080+0530] {processor.py:838} WARNING - No viable dags retrieved from /Users/silvesterjk/Projects/Data Engineering/DEProject/venv/lib/python3.9/site-packages/airflow/example_dags/example_setup_teardown.py
[2023-05-25T14:00:11.996+0530] {processor.py:179} INFO - Processing /Users/silvesterjk/Projects/Data Engineering/DEProject/venv/lib/python3.9/site-packages/airflow/example_dags/example_setup_teardown.py took 0.926 seconds
[2023-05-25T14:03:14.835+0530] {processor.py:157} INFO - Started process (PID=23788) to work on /Users/silvesterjk/Projects/Data Engineering/DEProject/venv/lib/python3.9/site-packages/airflow/example_dags/example_setup_teardown.py
[2023-05-25T14:03:14.837+0530] {processor.py:826} INFO - Processing file /Users/silvesterjk/Projects/Data Engineering/DEProject/venv/lib/python3.9/site-packages/airflow/example_dags/example_setup_teardown.py for tasks to queue
[2023-05-25T14:03:14.838+0530] {logging_mixin.py:149} INFO - [2023-05-25T14:03:14.838+0530] {dagbag.py:541} INFO - Filling up the DagBag from /Users/silvesterjk/Projects/Data Engineering/DEProject/venv/lib/python3.9/site-packages/airflow/example_dags/example_setup_teardown.py
[2023-05-25T14:03:14.845+0530] {processor.py:838} WARNING - No viable dags retrieved from /Users/silvesterjk/Projects/Data Engineering/DEProject/venv/lib/python3.9/site-packages/airflow/example_dags/example_setup_teardown.py
[2023-05-25T14:03:15.691+0530] {processor.py:179} INFO - Processing /Users/silvesterjk/Projects/Data Engineering/DEProject/venv/lib/python3.9/site-packages/airflow/example_dags/example_setup_teardown.py took 0.857 seconds
[2023-05-25T14:05:36.345+0530] {processor.py:157} INFO - Started process (PID=23873) to work on /Users/silvesterjk/Projects/Data Engineering/DEProject/venv/lib/python3.9/site-packages/airflow/example_dags/example_setup_teardown.py
[2023-05-25T14:05:36.347+0530] {processor.py:826} INFO - Processing file /Users/silvesterjk/Projects/Data Engineering/DEProject/venv/lib/python3.9/site-packages/airflow/example_dags/example_setup_teardown.py for tasks to queue
[2023-05-25T14:05:36.348+0530] {logging_mixin.py:149} INFO - [2023-05-25T14:05:36.348+0530] {dagbag.py:541} INFO - Filling up the DagBag from /Users/silvesterjk/Projects/Data Engineering/DEProject/venv/lib/python3.9/site-packages/airflow/example_dags/example_setup_teardown.py
[2023-05-25T14:05:36.356+0530] {processor.py:838} WARNING - No viable dags retrieved from /Users/silvesterjk/Projects/Data Engineering/DEProject/venv/lib/python3.9/site-packages/airflow/example_dags/example_setup_teardown.py
[2023-05-25T14:05:37.150+0530] {processor.py:179} INFO - Processing /Users/silvesterjk/Projects/Data Engineering/DEProject/venv/lib/python3.9/site-packages/airflow/example_dags/example_setup_teardown.py took 0.806 seconds
[2023-05-25T14:07:50.664+0530] {processor.py:157} INFO - Started process (PID=23982) to work on /Users/silvesterjk/Projects/Data Engineering/DEProject/venv/lib/python3.9/site-packages/airflow/example_dags/example_setup_teardown.py
[2023-05-25T14:07:50.667+0530] {processor.py:826} INFO - Processing file /Users/silvesterjk/Projects/Data Engineering/DEProject/venv/lib/python3.9/site-packages/airflow/example_dags/example_setup_teardown.py for tasks to queue
[2023-05-25T14:07:50.667+0530] {logging_mixin.py:149} INFO - [2023-05-25T14:07:50.667+0530] {dagbag.py:541} INFO - Filling up the DagBag from /Users/silvesterjk/Projects/Data Engineering/DEProject/venv/lib/python3.9/site-packages/airflow/example_dags/example_setup_teardown.py
[2023-05-25T14:07:50.671+0530] {processor.py:838} WARNING - No viable dags retrieved from /Users/silvesterjk/Projects/Data Engineering/DEProject/venv/lib/python3.9/site-packages/airflow/example_dags/example_setup_teardown.py
[2023-05-25T14:07:51.422+0530] {processor.py:179} INFO - Processing /Users/silvesterjk/Projects/Data Engineering/DEProject/venv/lib/python3.9/site-packages/airflow/example_dags/example_setup_teardown.py took 0.759 seconds
[2023-05-25T14:09:53.484+0530] {processor.py:157} INFO - Started process (PID=24036) to work on /Users/silvesterjk/Projects/Data Engineering/DEProject/venv/lib/python3.9/site-packages/airflow/example_dags/example_setup_teardown.py
[2023-05-25T14:09:53.486+0530] {processor.py:826} INFO - Processing file /Users/silvesterjk/Projects/Data Engineering/DEProject/venv/lib/python3.9/site-packages/airflow/example_dags/example_setup_teardown.py for tasks to queue
[2023-05-25T14:09:53.486+0530] {logging_mixin.py:149} INFO - [2023-05-25T14:09:53.486+0530] {dagbag.py:541} INFO - Filling up the DagBag from /Users/silvesterjk/Projects/Data Engineering/DEProject/venv/lib/python3.9/site-packages/airflow/example_dags/example_setup_teardown.py
[2023-05-25T14:09:53.494+0530] {processor.py:838} WARNING - No viable dags retrieved from /Users/silvesterjk/Projects/Data Engineering/DEProject/venv/lib/python3.9/site-packages/airflow/example_dags/example_setup_teardown.py
[2023-05-25T14:09:54.361+0530] {processor.py:179} INFO - Processing /Users/silvesterjk/Projects/Data Engineering/DEProject/venv/lib/python3.9/site-packages/airflow/example_dags/example_setup_teardown.py took 0.878 seconds
