[2023-05-25T14:00:18.148+0530] {processor.py:157} INFO - Started process (PID=23697) to work on /Users/silvesterjk/Projects/Data Engineering/DEProject/venv/lib/python3.9/site-packages/airflow/example_dags/example_sensor_decorator.py
[2023-05-25T14:00:18.149+0530] {processor.py:826} INFO - Processing file /Users/silvesterjk/Projects/Data Engineering/DEProject/venv/lib/python3.9/site-packages/airflow/example_dags/example_sensor_decorator.py for tasks to queue
[2023-05-25T14:00:18.149+0530] {logging_mixin.py:149} INFO - [2023-05-25T14:00:18.149+0530] {dagbag.py:541} INFO - Filling up the DagBag from /Users/silvesterjk/Projects/Data Engineering/DEProject/venv/lib/python3.9/site-packages/airflow/example_dags/example_sensor_decorator.py
[2023-05-25T14:00:18.213+0530] {processor.py:836} INFO - DAG(s) dict_keys(['example_sensor_decorator']) retrieved from /Users/silvesterjk/Projects/Data Engineering/DEProject/venv/lib/python3.9/site-packages/airflow/example_dags/example_sensor_decorator.py
[2023-05-25T14:00:19.101+0530] {logging_mixin.py:149} INFO - [2023-05-25T14:00:19.101+0530] {dag.py:2726} INFO - Sync 1 DAGs
[2023-05-25T14:00:19.125+0530] {logging_mixin.py:149} INFO - [2023-05-25T14:00:19.124+0530] {dag.py:3486} INFO - Setting next_dagrun for example_sensor_decorator to None, run_after=None
[2023-05-25T14:00:19.149+0530] {processor.py:179} INFO - Processing /Users/silvesterjk/Projects/Data Engineering/DEProject/venv/lib/python3.9/site-packages/airflow/example_dags/example_sensor_decorator.py took 1.002 seconds
[2023-05-25T14:03:21.521+0530] {processor.py:157} INFO - Started process (PID=23791) to work on /Users/silvesterjk/Projects/Data Engineering/DEProject/venv/lib/python3.9/site-packages/airflow/example_dags/example_sensor_decorator.py
[2023-05-25T14:03:21.523+0530] {processor.py:826} INFO - Processing file /Users/silvesterjk/Projects/Data Engineering/DEProject/venv/lib/python3.9/site-packages/airflow/example_dags/example_sensor_decorator.py for tasks to queue
[2023-05-25T14:03:21.523+0530] {logging_mixin.py:149} INFO - [2023-05-25T14:03:21.523+0530] {dagbag.py:541} INFO - Filling up the DagBag from /Users/silvesterjk/Projects/Data Engineering/DEProject/venv/lib/python3.9/site-packages/airflow/example_dags/example_sensor_decorator.py
[2023-05-25T14:03:21.583+0530] {processor.py:836} INFO - DAG(s) dict_keys(['example_sensor_decorator']) retrieved from /Users/silvesterjk/Projects/Data Engineering/DEProject/venv/lib/python3.9/site-packages/airflow/example_dags/example_sensor_decorator.py
[2023-05-25T14:03:22.409+0530] {logging_mixin.py:149} INFO - [2023-05-25T14:03:22.409+0530] {dag.py:2726} INFO - Sync 1 DAGs
[2023-05-25T14:03:22.430+0530] {logging_mixin.py:149} INFO - [2023-05-25T14:03:22.430+0530] {dag.py:3486} INFO - Setting next_dagrun for example_sensor_decorator to None, run_after=None
[2023-05-25T14:03:22.454+0530] {processor.py:179} INFO - Processing /Users/silvesterjk/Projects/Data Engineering/DEProject/venv/lib/python3.9/site-packages/airflow/example_dags/example_sensor_decorator.py took 0.934 seconds
[2023-05-25T14:05:42.050+0530] {processor.py:157} INFO - Started process (PID=23876) to work on /Users/silvesterjk/Projects/Data Engineering/DEProject/venv/lib/python3.9/site-packages/airflow/example_dags/example_sensor_decorator.py
[2023-05-25T14:05:42.052+0530] {processor.py:826} INFO - Processing file /Users/silvesterjk/Projects/Data Engineering/DEProject/venv/lib/python3.9/site-packages/airflow/example_dags/example_sensor_decorator.py for tasks to queue
[2023-05-25T14:05:42.052+0530] {logging_mixin.py:149} INFO - [2023-05-25T14:05:42.052+0530] {dagbag.py:541} INFO - Filling up the DagBag from /Users/silvesterjk/Projects/Data Engineering/DEProject/venv/lib/python3.9/site-packages/airflow/example_dags/example_sensor_decorator.py
[2023-05-25T14:05:42.108+0530] {processor.py:836} INFO - DAG(s) dict_keys(['example_sensor_decorator']) retrieved from /Users/silvesterjk/Projects/Data Engineering/DEProject/venv/lib/python3.9/site-packages/airflow/example_dags/example_sensor_decorator.py
[2023-05-25T14:05:42.968+0530] {logging_mixin.py:149} INFO - [2023-05-25T14:05:42.967+0530] {dag.py:2726} INFO - Sync 1 DAGs
[2023-05-25T14:05:42.995+0530] {logging_mixin.py:149} INFO - [2023-05-25T14:05:42.994+0530] {dag.py:3486} INFO - Setting next_dagrun for example_sensor_decorator to None, run_after=None
[2023-05-25T14:05:43.017+0530] {processor.py:179} INFO - Processing /Users/silvesterjk/Projects/Data Engineering/DEProject/venv/lib/python3.9/site-packages/airflow/example_dags/example_sensor_decorator.py took 0.967 seconds
[2023-05-25T14:07:57.892+0530] {processor.py:157} INFO - Started process (PID=23984) to work on /Users/silvesterjk/Projects/Data Engineering/DEProject/venv/lib/python3.9/site-packages/airflow/example_dags/example_sensor_decorator.py
[2023-05-25T14:07:57.894+0530] {processor.py:826} INFO - Processing file /Users/silvesterjk/Projects/Data Engineering/DEProject/venv/lib/python3.9/site-packages/airflow/example_dags/example_sensor_decorator.py for tasks to queue
[2023-05-25T14:07:57.895+0530] {logging_mixin.py:149} INFO - [2023-05-25T14:07:57.894+0530] {dagbag.py:541} INFO - Filling up the DagBag from /Users/silvesterjk/Projects/Data Engineering/DEProject/venv/lib/python3.9/site-packages/airflow/example_dags/example_sensor_decorator.py
[2023-05-25T14:07:57.967+0530] {processor.py:836} INFO - DAG(s) dict_keys(['example_sensor_decorator']) retrieved from /Users/silvesterjk/Projects/Data Engineering/DEProject/venv/lib/python3.9/site-packages/airflow/example_dags/example_sensor_decorator.py
[2023-05-25T14:07:58.798+0530] {logging_mixin.py:149} INFO - [2023-05-25T14:07:58.797+0530] {dag.py:2726} INFO - Sync 1 DAGs
[2023-05-25T14:07:58.820+0530] {logging_mixin.py:149} INFO - [2023-05-25T14:07:58.820+0530] {dag.py:3486} INFO - Setting next_dagrun for example_sensor_decorator to None, run_after=None
[2023-05-25T14:07:58.843+0530] {processor.py:179} INFO - Processing /Users/silvesterjk/Projects/Data Engineering/DEProject/venv/lib/python3.9/site-packages/airflow/example_dags/example_sensor_decorator.py took 0.952 seconds
[2023-05-25T14:10:00.916+0530] {processor.py:157} INFO - Started process (PID=24038) to work on /Users/silvesterjk/Projects/Data Engineering/DEProject/venv/lib/python3.9/site-packages/airflow/example_dags/example_sensor_decorator.py
[2023-05-25T14:10:00.918+0530] {processor.py:826} INFO - Processing file /Users/silvesterjk/Projects/Data Engineering/DEProject/venv/lib/python3.9/site-packages/airflow/example_dags/example_sensor_decorator.py for tasks to queue
[2023-05-25T14:10:00.918+0530] {logging_mixin.py:149} INFO - [2023-05-25T14:10:00.918+0530] {dagbag.py:541} INFO - Filling up the DagBag from /Users/silvesterjk/Projects/Data Engineering/DEProject/venv/lib/python3.9/site-packages/airflow/example_dags/example_sensor_decorator.py
[2023-05-25T14:10:01.021+0530] {processor.py:836} INFO - DAG(s) dict_keys(['example_sensor_decorator']) retrieved from /Users/silvesterjk/Projects/Data Engineering/DEProject/venv/lib/python3.9/site-packages/airflow/example_dags/example_sensor_decorator.py
[2023-05-25T14:10:02.088+0530] {logging_mixin.py:149} INFO - [2023-05-25T14:10:02.088+0530] {dag.py:2726} INFO - Sync 1 DAGs
[2023-05-25T14:10:02.110+0530] {logging_mixin.py:149} INFO - [2023-05-25T14:10:02.110+0530] {dag.py:3486} INFO - Setting next_dagrun for example_sensor_decorator to None, run_after=None
[2023-05-25T14:10:02.143+0530] {processor.py:179} INFO - Processing /Users/silvesterjk/Projects/Data Engineering/DEProject/venv/lib/python3.9/site-packages/airflow/example_dags/example_sensor_decorator.py took 1.228 seconds
