[2023-05-25T14:00:14.604+0530] {processor.py:157} INFO - Started process (PID=23693) to work on /Users/silvesterjk/Projects/Data Engineering/DEProject/venv/lib/python3.9/site-packages/airflow/example_dags/example_sensors.py
[2023-05-25T14:00:14.604+0530] {processor.py:826} INFO - Processing file /Users/silvesterjk/Projects/Data Engineering/DEProject/venv/lib/python3.9/site-packages/airflow/example_dags/example_sensors.py for tasks to queue
[2023-05-25T14:00:14.605+0530] {logging_mixin.py:149} INFO - [2023-05-25T14:00:14.605+0530] {dagbag.py:541} INFO - Filling up the DagBag from /Users/silvesterjk/Projects/Data Engineering/DEProject/venv/lib/python3.9/site-packages/airflow/example_dags/example_sensors.py
[2023-05-25T14:00:14.644+0530] {processor.py:836} INFO - DAG(s) dict_keys(['example_sensors']) retrieved from /Users/silvesterjk/Projects/Data Engineering/DEProject/venv/lib/python3.9/site-packages/airflow/example_dags/example_sensors.py
[2023-05-25T14:00:15.610+0530] {logging_mixin.py:149} INFO - [2023-05-25T14:00:15.610+0530] {dag.py:2726} INFO - Sync 1 DAGs
[2023-05-25T14:00:15.634+0530] {logging_mixin.py:149} INFO - [2023-05-25T14:00:15.634+0530] {dag.py:3486} INFO - Setting next_dagrun for example_sensors to None, run_after=None
[2023-05-25T14:00:15.659+0530] {processor.py:179} INFO - Processing /Users/silvesterjk/Projects/Data Engineering/DEProject/venv/lib/python3.9/site-packages/airflow/example_dags/example_sensors.py took 1.056 seconds
[2023-05-25T14:03:18.147+0530] {processor.py:157} INFO - Started process (PID=23790) to work on /Users/silvesterjk/Projects/Data Engineering/DEProject/venv/lib/python3.9/site-packages/airflow/example_dags/example_sensors.py
[2023-05-25T14:03:18.150+0530] {processor.py:826} INFO - Processing file /Users/silvesterjk/Projects/Data Engineering/DEProject/venv/lib/python3.9/site-packages/airflow/example_dags/example_sensors.py for tasks to queue
[2023-05-25T14:03:18.151+0530] {logging_mixin.py:149} INFO - [2023-05-25T14:03:18.151+0530] {dagbag.py:541} INFO - Filling up the DagBag from /Users/silvesterjk/Projects/Data Engineering/DEProject/venv/lib/python3.9/site-packages/airflow/example_dags/example_sensors.py
[2023-05-25T14:03:18.189+0530] {processor.py:836} INFO - DAG(s) dict_keys(['example_sensors']) retrieved from /Users/silvesterjk/Projects/Data Engineering/DEProject/venv/lib/python3.9/site-packages/airflow/example_dags/example_sensors.py
[2023-05-25T14:03:19.042+0530] {logging_mixin.py:149} INFO - [2023-05-25T14:03:19.042+0530] {dag.py:2726} INFO - Sync 1 DAGs
[2023-05-25T14:03:19.063+0530] {logging_mixin.py:149} INFO - [2023-05-25T14:03:19.063+0530] {dag.py:3486} INFO - Setting next_dagrun for example_sensors to None, run_after=None
[2023-05-25T14:03:19.087+0530] {processor.py:179} INFO - Processing /Users/silvesterjk/Projects/Data Engineering/DEProject/venv/lib/python3.9/site-packages/airflow/example_dags/example_sensors.py took 0.941 seconds
[2023-05-25T14:05:39.562+0530] {processor.py:157} INFO - Started process (PID=23875) to work on /Users/silvesterjk/Projects/Data Engineering/DEProject/venv/lib/python3.9/site-packages/airflow/example_dags/example_sensors.py
[2023-05-25T14:05:39.565+0530] {processor.py:826} INFO - Processing file /Users/silvesterjk/Projects/Data Engineering/DEProject/venv/lib/python3.9/site-packages/airflow/example_dags/example_sensors.py for tasks to queue
[2023-05-25T14:05:39.566+0530] {logging_mixin.py:149} INFO - [2023-05-25T14:05:39.565+0530] {dagbag.py:541} INFO - Filling up the DagBag from /Users/silvesterjk/Projects/Data Engineering/DEProject/venv/lib/python3.9/site-packages/airflow/example_dags/example_sensors.py
[2023-05-25T14:05:39.612+0530] {processor.py:836} INFO - DAG(s) dict_keys(['example_sensors']) retrieved from /Users/silvesterjk/Projects/Data Engineering/DEProject/venv/lib/python3.9/site-packages/airflow/example_dags/example_sensors.py
[2023-05-25T14:05:40.496+0530] {logging_mixin.py:149} INFO - [2023-05-25T14:05:40.496+0530] {dag.py:2726} INFO - Sync 1 DAGs
[2023-05-25T14:05:40.516+0530] {logging_mixin.py:149} INFO - [2023-05-25T14:05:40.515+0530] {dag.py:3486} INFO - Setting next_dagrun for example_sensors to None, run_after=None
[2023-05-25T14:05:40.541+0530] {processor.py:179} INFO - Processing /Users/silvesterjk/Projects/Data Engineering/DEProject/venv/lib/python3.9/site-packages/airflow/example_dags/example_sensors.py took 0.979 seconds
[2023-05-25T14:07:53.900+0530] {processor.py:157} INFO - Started process (PID=23983) to work on /Users/silvesterjk/Projects/Data Engineering/DEProject/venv/lib/python3.9/site-packages/airflow/example_dags/example_sensors.py
[2023-05-25T14:07:53.903+0530] {processor.py:826} INFO - Processing file /Users/silvesterjk/Projects/Data Engineering/DEProject/venv/lib/python3.9/site-packages/airflow/example_dags/example_sensors.py for tasks to queue
[2023-05-25T14:07:53.903+0530] {logging_mixin.py:149} INFO - [2023-05-25T14:07:53.903+0530] {dagbag.py:541} INFO - Filling up the DagBag from /Users/silvesterjk/Projects/Data Engineering/DEProject/venv/lib/python3.9/site-packages/airflow/example_dags/example_sensors.py
[2023-05-25T14:07:53.942+0530] {processor.py:836} INFO - DAG(s) dict_keys(['example_sensors']) retrieved from /Users/silvesterjk/Projects/Data Engineering/DEProject/venv/lib/python3.9/site-packages/airflow/example_dags/example_sensors.py
[2023-05-25T14:07:54.791+0530] {logging_mixin.py:149} INFO - [2023-05-25T14:07:54.791+0530] {dag.py:2726} INFO - Sync 1 DAGs
[2023-05-25T14:07:54.812+0530] {logging_mixin.py:149} INFO - [2023-05-25T14:07:54.811+0530] {dag.py:3486} INFO - Setting next_dagrun for example_sensors to None, run_after=None
[2023-05-25T14:07:54.836+0530] {processor.py:179} INFO - Processing /Users/silvesterjk/Projects/Data Engineering/DEProject/venv/lib/python3.9/site-packages/airflow/example_dags/example_sensors.py took 0.937 seconds
[2023-05-25T14:09:56.869+0530] {processor.py:157} INFO - Started process (PID=24037) to work on /Users/silvesterjk/Projects/Data Engineering/DEProject/venv/lib/python3.9/site-packages/airflow/example_dags/example_sensors.py
[2023-05-25T14:09:56.870+0530] {processor.py:826} INFO - Processing file /Users/silvesterjk/Projects/Data Engineering/DEProject/venv/lib/python3.9/site-packages/airflow/example_dags/example_sensors.py for tasks to queue
[2023-05-25T14:09:56.871+0530] {logging_mixin.py:149} INFO - [2023-05-25T14:09:56.871+0530] {dagbag.py:541} INFO - Filling up the DagBag from /Users/silvesterjk/Projects/Data Engineering/DEProject/venv/lib/python3.9/site-packages/airflow/example_dags/example_sensors.py
[2023-05-25T14:09:56.915+0530] {processor.py:836} INFO - DAG(s) dict_keys(['example_sensors']) retrieved from /Users/silvesterjk/Projects/Data Engineering/DEProject/venv/lib/python3.9/site-packages/airflow/example_dags/example_sensors.py
[2023-05-25T14:09:57.834+0530] {logging_mixin.py:149} INFO - [2023-05-25T14:09:57.834+0530] {dag.py:2726} INFO - Sync 1 DAGs
[2023-05-25T14:09:57.856+0530] {logging_mixin.py:149} INFO - [2023-05-25T14:09:57.855+0530] {dag.py:3486} INFO - Setting next_dagrun for example_sensors to None, run_after=None
[2023-05-25T14:09:57.884+0530] {processor.py:179} INFO - Processing /Users/silvesterjk/Projects/Data Engineering/DEProject/venv/lib/python3.9/site-packages/airflow/example_dags/example_sensors.py took 1.017 seconds
