[2023-05-25T13:49:39.609+0530] {processor.py:157} INFO - Started process (PID=23364) to work on /Users/silvesterjk/Projects/Data Engineering/DEProject/venv/lib/python3.9/site-packages/airflow/example_dags/example_trigger_target_dag.py
[2023-05-25T13:49:39.609+0530] {processor.py:826} INFO - Processing file /Users/silvesterjk/Projects/Data Engineering/DEProject/venv/lib/python3.9/site-packages/airflow/example_dags/example_trigger_target_dag.py for tasks to queue
[2023-05-25T13:49:39.610+0530] {logging_mixin.py:149} INFO - [2023-05-25T13:49:39.610+0530] {dagbag.py:541} INFO - Filling up the DagBag from /Users/silvesterjk/Projects/Data Engineering/DEProject/venv/lib/python3.9/site-packages/airflow/example_dags/example_trigger_target_dag.py
[2023-05-25T13:49:39.668+0530] {processor.py:836} INFO - DAG(s) dict_keys(['example_trigger_target_dag']) retrieved from /Users/silvesterjk/Projects/Data Engineering/DEProject/venv/lib/python3.9/site-packages/airflow/example_dags/example_trigger_target_dag.py
[2023-05-25T13:49:40.654+0530] {logging_mixin.py:149} INFO - [2023-05-25T13:49:40.654+0530] {manager.py:504} INFO - Created Permission View: can edit on DAG:example_trigger_target_dag
[2023-05-25T13:49:40.665+0530] {logging_mixin.py:149} INFO - [2023-05-25T13:49:40.665+0530] {manager.py:504} INFO - Created Permission View: can delete on DAG:example_trigger_target_dag
[2023-05-25T13:49:40.676+0530] {logging_mixin.py:149} INFO - [2023-05-25T13:49:40.676+0530] {manager.py:504} INFO - Created Permission View: can read on DAG:example_trigger_target_dag
[2023-05-25T13:49:40.677+0530] {logging_mixin.py:149} INFO - [2023-05-25T13:49:40.676+0530] {dag.py:2726} INFO - Sync 1 DAGs
[2023-05-25T13:49:40.693+0530] {logging_mixin.py:149} INFO - [2023-05-25T13:49:40.692+0530] {dag.py:2747} INFO - Creating ORM DAG for example_trigger_target_dag
[2023-05-25T13:49:40.702+0530] {logging_mixin.py:149} INFO - [2023-05-25T13:49:40.702+0530] {dag.py:3486} INFO - Setting next_dagrun for example_trigger_target_dag to None, run_after=None
[2023-05-25T13:49:40.728+0530] {processor.py:179} INFO - Processing /Users/silvesterjk/Projects/Data Engineering/DEProject/venv/lib/python3.9/site-packages/airflow/example_dags/example_trigger_target_dag.py took 1.120 seconds
[2023-05-25T13:57:20.408+0530] {processor.py:157} INFO - Started process (PID=23537) to work on /Users/silvesterjk/Projects/Data Engineering/DEProject/venv/lib/python3.9/site-packages/airflow/example_dags/example_trigger_target_dag.py
[2023-05-25T13:57:20.410+0530] {processor.py:826} INFO - Processing file /Users/silvesterjk/Projects/Data Engineering/DEProject/venv/lib/python3.9/site-packages/airflow/example_dags/example_trigger_target_dag.py for tasks to queue
[2023-05-25T13:57:20.411+0530] {logging_mixin.py:149} INFO - [2023-05-25T13:57:20.411+0530] {dagbag.py:541} INFO - Filling up the DagBag from /Users/silvesterjk/Projects/Data Engineering/DEProject/venv/lib/python3.9/site-packages/airflow/example_dags/example_trigger_target_dag.py
[2023-05-25T13:57:20.469+0530] {processor.py:836} INFO - DAG(s) dict_keys(['example_trigger_target_dag']) retrieved from /Users/silvesterjk/Projects/Data Engineering/DEProject/venv/lib/python3.9/site-packages/airflow/example_dags/example_trigger_target_dag.py
[2023-05-25T13:57:21.338+0530] {logging_mixin.py:149} INFO - [2023-05-25T13:57:21.338+0530] {dag.py:2726} INFO - Sync 1 DAGs
[2023-05-25T13:57:21.359+0530] {logging_mixin.py:149} INFO - [2023-05-25T13:57:21.359+0530] {dag.py:3486} INFO - Setting next_dagrun for example_trigger_target_dag to None, run_after=None
[2023-05-25T13:57:21.391+0530] {processor.py:179} INFO - Processing /Users/silvesterjk/Projects/Data Engineering/DEProject/venv/lib/python3.9/site-packages/airflow/example_dags/example_trigger_target_dag.py took 0.983 seconds
[2023-05-25T13:59:30.977+0530] {processor.py:157} INFO - Started process (PID=23665) to work on /Users/silvesterjk/Projects/Data Engineering/DEProject/venv/lib/python3.9/site-packages/airflow/example_dags/example_trigger_target_dag.py
[2023-05-25T13:59:30.979+0530] {processor.py:826} INFO - Processing file /Users/silvesterjk/Projects/Data Engineering/DEProject/venv/lib/python3.9/site-packages/airflow/example_dags/example_trigger_target_dag.py for tasks to queue
[2023-05-25T13:59:30.980+0530] {logging_mixin.py:149} INFO - [2023-05-25T13:59:30.980+0530] {dagbag.py:541} INFO - Filling up the DagBag from /Users/silvesterjk/Projects/Data Engineering/DEProject/venv/lib/python3.9/site-packages/airflow/example_dags/example_trigger_target_dag.py
[2023-05-25T13:59:31.187+0530] {processor.py:836} INFO - DAG(s) dict_keys(['example_trigger_target_dag']) retrieved from /Users/silvesterjk/Projects/Data Engineering/DEProject/venv/lib/python3.9/site-packages/airflow/example_dags/example_trigger_target_dag.py
[2023-05-25T13:59:32.182+0530] {logging_mixin.py:149} INFO - [2023-05-25T13:59:32.181+0530] {dag.py:2726} INFO - Sync 1 DAGs
[2023-05-25T13:59:32.203+0530] {logging_mixin.py:149} INFO - [2023-05-25T13:59:32.203+0530] {dag.py:3486} INFO - Setting next_dagrun for example_trigger_target_dag to None, run_after=None
[2023-05-25T13:59:32.228+0530] {processor.py:179} INFO - Processing /Users/silvesterjk/Projects/Data Engineering/DEProject/venv/lib/python3.9/site-packages/airflow/example_dags/example_trigger_target_dag.py took 1.252 seconds
[2023-05-25T14:02:36.049+0530] {processor.py:157} INFO - Started process (PID=23772) to work on /Users/silvesterjk/Projects/Data Engineering/DEProject/venv/lib/python3.9/site-packages/airflow/example_dags/example_trigger_target_dag.py
[2023-05-25T14:02:36.052+0530] {processor.py:826} INFO - Processing file /Users/silvesterjk/Projects/Data Engineering/DEProject/venv/lib/python3.9/site-packages/airflow/example_dags/example_trigger_target_dag.py for tasks to queue
[2023-05-25T14:02:36.053+0530] {logging_mixin.py:149} INFO - [2023-05-25T14:02:36.052+0530] {dagbag.py:541} INFO - Filling up the DagBag from /Users/silvesterjk/Projects/Data Engineering/DEProject/venv/lib/python3.9/site-packages/airflow/example_dags/example_trigger_target_dag.py
[2023-05-25T14:02:36.111+0530] {processor.py:836} INFO - DAG(s) dict_keys(['example_trigger_target_dag']) retrieved from /Users/silvesterjk/Projects/Data Engineering/DEProject/venv/lib/python3.9/site-packages/airflow/example_dags/example_trigger_target_dag.py
[2023-05-25T14:02:37.007+0530] {logging_mixin.py:149} INFO - [2023-05-25T14:02:37.006+0530] {dag.py:2726} INFO - Sync 1 DAGs
[2023-05-25T14:02:37.030+0530] {logging_mixin.py:149} INFO - [2023-05-25T14:02:37.030+0530] {dag.py:3486} INFO - Setting next_dagrun for example_trigger_target_dag to None, run_after=None
[2023-05-25T14:02:37.054+0530] {processor.py:179} INFO - Processing /Users/silvesterjk/Projects/Data Engineering/DEProject/venv/lib/python3.9/site-packages/airflow/example_dags/example_trigger_target_dag.py took 1.005 seconds
[2023-05-25T14:04:54.397+0530] {processor.py:157} INFO - Started process (PID=23852) to work on /Users/silvesterjk/Projects/Data Engineering/DEProject/venv/lib/python3.9/site-packages/airflow/example_dags/example_trigger_target_dag.py
[2023-05-25T14:04:54.399+0530] {processor.py:826} INFO - Processing file /Users/silvesterjk/Projects/Data Engineering/DEProject/venv/lib/python3.9/site-packages/airflow/example_dags/example_trigger_target_dag.py for tasks to queue
[2023-05-25T14:04:54.400+0530] {logging_mixin.py:149} INFO - [2023-05-25T14:04:54.400+0530] {dagbag.py:541} INFO - Filling up the DagBag from /Users/silvesterjk/Projects/Data Engineering/DEProject/venv/lib/python3.9/site-packages/airflow/example_dags/example_trigger_target_dag.py
[2023-05-25T14:04:54.466+0530] {processor.py:836} INFO - DAG(s) dict_keys(['example_trigger_target_dag']) retrieved from /Users/silvesterjk/Projects/Data Engineering/DEProject/venv/lib/python3.9/site-packages/airflow/example_dags/example_trigger_target_dag.py
[2023-05-25T14:04:55.320+0530] {logging_mixin.py:149} INFO - [2023-05-25T14:04:55.320+0530] {dag.py:2726} INFO - Sync 1 DAGs
[2023-05-25T14:04:55.341+0530] {logging_mixin.py:149} INFO - [2023-05-25T14:04:55.341+0530] {dag.py:3486} INFO - Setting next_dagrun for example_trigger_target_dag to None, run_after=None
[2023-05-25T14:04:55.364+0530] {processor.py:179} INFO - Processing /Users/silvesterjk/Projects/Data Engineering/DEProject/venv/lib/python3.9/site-packages/airflow/example_dags/example_trigger_target_dag.py took 0.968 seconds
[2023-05-25T14:07:13.706+0530] {processor.py:157} INFO - Started process (PID=23960) to work on /Users/silvesterjk/Projects/Data Engineering/DEProject/venv/lib/python3.9/site-packages/airflow/example_dags/example_trigger_target_dag.py
[2023-05-25T14:07:13.708+0530] {processor.py:826} INFO - Processing file /Users/silvesterjk/Projects/Data Engineering/DEProject/venv/lib/python3.9/site-packages/airflow/example_dags/example_trigger_target_dag.py for tasks to queue
[2023-05-25T14:07:13.709+0530] {logging_mixin.py:149} INFO - [2023-05-25T14:07:13.709+0530] {dagbag.py:541} INFO - Filling up the DagBag from /Users/silvesterjk/Projects/Data Engineering/DEProject/venv/lib/python3.9/site-packages/airflow/example_dags/example_trigger_target_dag.py
[2023-05-25T14:07:13.807+0530] {processor.py:836} INFO - DAG(s) dict_keys(['example_trigger_target_dag']) retrieved from /Users/silvesterjk/Projects/Data Engineering/DEProject/venv/lib/python3.9/site-packages/airflow/example_dags/example_trigger_target_dag.py
[2023-05-25T14:07:14.995+0530] {logging_mixin.py:149} INFO - [2023-05-25T14:07:14.995+0530] {dag.py:2726} INFO - Sync 1 DAGs
[2023-05-25T14:07:15.025+0530] {logging_mixin.py:149} INFO - [2023-05-25T14:07:15.025+0530] {dag.py:3486} INFO - Setting next_dagrun for example_trigger_target_dag to None, run_after=None
[2023-05-25T14:07:15.048+0530] {processor.py:179} INFO - Processing /Users/silvesterjk/Projects/Data Engineering/DEProject/venv/lib/python3.9/site-packages/airflow/example_dags/example_trigger_target_dag.py took 1.345 seconds
[2023-05-25T14:09:14.714+0530] {processor.py:157} INFO - Started process (PID=24020) to work on /Users/silvesterjk/Projects/Data Engineering/DEProject/venv/lib/python3.9/site-packages/airflow/example_dags/example_trigger_target_dag.py
[2023-05-25T14:09:14.718+0530] {processor.py:826} INFO - Processing file /Users/silvesterjk/Projects/Data Engineering/DEProject/venv/lib/python3.9/site-packages/airflow/example_dags/example_trigger_target_dag.py for tasks to queue
[2023-05-25T14:09:14.720+0530] {logging_mixin.py:149} INFO - [2023-05-25T14:09:14.720+0530] {dagbag.py:541} INFO - Filling up the DagBag from /Users/silvesterjk/Projects/Data Engineering/DEProject/venv/lib/python3.9/site-packages/airflow/example_dags/example_trigger_target_dag.py
[2023-05-25T14:09:14.819+0530] {processor.py:836} INFO - DAG(s) dict_keys(['example_trigger_target_dag']) retrieved from /Users/silvesterjk/Projects/Data Engineering/DEProject/venv/lib/python3.9/site-packages/airflow/example_dags/example_trigger_target_dag.py
[2023-05-25T14:09:15.758+0530] {logging_mixin.py:149} INFO - [2023-05-25T14:09:15.757+0530] {dag.py:2726} INFO - Sync 1 DAGs
[2023-05-25T14:09:15.779+0530] {logging_mixin.py:149} INFO - [2023-05-25T14:09:15.778+0530] {dag.py:3486} INFO - Setting next_dagrun for example_trigger_target_dag to None, run_after=None
[2023-05-25T14:09:15.803+0530] {processor.py:179} INFO - Processing /Users/silvesterjk/Projects/Data Engineering/DEProject/venv/lib/python3.9/site-packages/airflow/example_dags/example_trigger_target_dag.py took 1.090 seconds
