[2023-05-25T14:01:16.581+0530] {processor.py:157} INFO - Started process (PID=23739) to work on /Users/silvesterjk/Projects/Data Engineering/DEProject/venv/lib/python3.9/site-packages/airflow/example_dags/example_datasets.py
[2023-05-25T14:01:16.582+0530] {processor.py:826} INFO - Processing file /Users/silvesterjk/Projects/Data Engineering/DEProject/venv/lib/python3.9/site-packages/airflow/example_dags/example_datasets.py for tasks to queue
[2023-05-25T14:01:16.582+0530] {logging_mixin.py:149} INFO - [2023-05-25T14:01:16.582+0530] {dagbag.py:541} INFO - Filling up the DagBag from /Users/silvesterjk/Projects/Data Engineering/DEProject/venv/lib/python3.9/site-packages/airflow/example_dags/example_datasets.py
[2023-05-25T14:01:16.618+0530] {processor.py:836} INFO - DAG(s) dict_keys(['dataset_consumes_1', 'dataset_consumes_unknown_never_scheduled', 'dataset_consumes_1_never_scheduled', 'dataset_consumes_1_and_2', 'dataset_produces_1', 'dataset_produces_2']) retrieved from /Users/silvesterjk/Projects/Data Engineering/DEProject/venv/lib/python3.9/site-packages/airflow/example_dags/example_datasets.py
[2023-05-25T14:01:18.522+0530] {logging_mixin.py:149} INFO - [2023-05-25T14:01:18.522+0530] {dag.py:2726} INFO - Sync 6 DAGs
[2023-05-25T14:01:18.545+0530] {logging_mixin.py:149} INFO - [2023-05-25T14:01:18.545+0530] {dag.py:3486} INFO - Setting next_dagrun for dataset_consumes_1 to None, run_after=None
[2023-05-25T14:01:18.548+0530] {logging_mixin.py:149} INFO - [2023-05-25T14:01:18.548+0530] {dag.py:3486} INFO - Setting next_dagrun for dataset_consumes_1_and_2 to None, run_after=None
[2023-05-25T14:01:18.549+0530] {logging_mixin.py:149} INFO - [2023-05-25T14:01:18.549+0530] {dag.py:3486} INFO - Setting next_dagrun for dataset_consumes_1_never_scheduled to None, run_after=None
[2023-05-25T14:01:18.550+0530] {logging_mixin.py:149} INFO - [2023-05-25T14:01:18.550+0530] {dag.py:3486} INFO - Setting next_dagrun for dataset_consumes_unknown_never_scheduled to None, run_after=None
[2023-05-25T14:01:18.553+0530] {logging_mixin.py:149} INFO - [2023-05-25T14:01:18.553+0530] {dag.py:3486} INFO - Setting next_dagrun for dataset_produces_1 to 2023-05-24T00:00:00+00:00, run_after=2023-05-25T00:00:00+00:00
[2023-05-25T14:01:18.555+0530] {logging_mixin.py:149} INFO - [2023-05-25T14:01:18.554+0530] {dag.py:3486} INFO - Setting next_dagrun for dataset_produces_2 to None, run_after=None
[2023-05-25T14:01:18.593+0530] {processor.py:179} INFO - Processing /Users/silvesterjk/Projects/Data Engineering/DEProject/venv/lib/python3.9/site-packages/airflow/example_dags/example_datasets.py took 2.013 seconds
[2023-05-25T14:04:06.684+0530] {processor.py:157} INFO - Started process (PID=23825) to work on /Users/silvesterjk/Projects/Data Engineering/DEProject/venv/lib/python3.9/site-packages/airflow/example_dags/example_datasets.py
[2023-05-25T14:04:06.686+0530] {processor.py:826} INFO - Processing file /Users/silvesterjk/Projects/Data Engineering/DEProject/venv/lib/python3.9/site-packages/airflow/example_dags/example_datasets.py for tasks to queue
[2023-05-25T14:04:06.687+0530] {logging_mixin.py:149} INFO - [2023-05-25T14:04:06.686+0530] {dagbag.py:541} INFO - Filling up the DagBag from /Users/silvesterjk/Projects/Data Engineering/DEProject/venv/lib/python3.9/site-packages/airflow/example_dags/example_datasets.py
[2023-05-25T14:04:06.717+0530] {processor.py:836} INFO - DAG(s) dict_keys(['dataset_consumes_1', 'dataset_consumes_unknown_never_scheduled', 'dataset_consumes_1_and_2', 'dataset_consumes_1_never_scheduled', 'dataset_produces_2', 'dataset_produces_1']) retrieved from /Users/silvesterjk/Projects/Data Engineering/DEProject/venv/lib/python3.9/site-packages/airflow/example_dags/example_datasets.py
[2023-05-25T14:04:07.710+0530] {logging_mixin.py:149} INFO - [2023-05-25T14:04:07.710+0530] {dag.py:2726} INFO - Sync 6 DAGs
[2023-05-25T14:04:07.734+0530] {logging_mixin.py:149} INFO - [2023-05-25T14:04:07.734+0530] {dag.py:3486} INFO - Setting next_dagrun for dataset_consumes_1 to None, run_after=None
[2023-05-25T14:04:07.738+0530] {logging_mixin.py:149} INFO - [2023-05-25T14:04:07.737+0530] {dag.py:3486} INFO - Setting next_dagrun for dataset_consumes_1_and_2 to None, run_after=None
[2023-05-25T14:04:07.739+0530] {logging_mixin.py:149} INFO - [2023-05-25T14:04:07.739+0530] {dag.py:3486} INFO - Setting next_dagrun for dataset_consumes_1_never_scheduled to None, run_after=None
[2023-05-25T14:04:07.741+0530] {logging_mixin.py:149} INFO - [2023-05-25T14:04:07.741+0530] {dag.py:3486} INFO - Setting next_dagrun for dataset_consumes_unknown_never_scheduled to None, run_after=None
[2023-05-25T14:04:07.744+0530] {logging_mixin.py:149} INFO - [2023-05-25T14:04:07.744+0530] {dag.py:3486} INFO - Setting next_dagrun for dataset_produces_1 to 2023-05-24T00:00:00+00:00, run_after=2023-05-25T00:00:00+00:00
[2023-05-25T14:04:07.745+0530] {logging_mixin.py:149} INFO - [2023-05-25T14:04:07.745+0530] {dag.py:3486} INFO - Setting next_dagrun for dataset_produces_2 to None, run_after=None
[2023-05-25T14:04:07.780+0530] {processor.py:179} INFO - Processing /Users/silvesterjk/Projects/Data Engineering/DEProject/venv/lib/python3.9/site-packages/airflow/example_dags/example_datasets.py took 1.096 seconds
[2023-05-25T14:08:35.948+0530] {processor.py:157} INFO - Started process (PID=23999) to work on /Users/silvesterjk/Projects/Data Engineering/DEProject/venv/lib/python3.9/site-packages/airflow/example_dags/example_datasets.py
[2023-05-25T14:08:35.950+0530] {processor.py:826} INFO - Processing file /Users/silvesterjk/Projects/Data Engineering/DEProject/venv/lib/python3.9/site-packages/airflow/example_dags/example_datasets.py for tasks to queue
[2023-05-25T14:08:35.951+0530] {logging_mixin.py:149} INFO - [2023-05-25T14:08:35.951+0530] {dagbag.py:541} INFO - Filling up the DagBag from /Users/silvesterjk/Projects/Data Engineering/DEProject/venv/lib/python3.9/site-packages/airflow/example_dags/example_datasets.py
[2023-05-25T14:08:35.980+0530] {processor.py:836} INFO - DAG(s) dict_keys(['dataset_consumes_unknown_never_scheduled', 'dataset_produces_1', 'dataset_consumes_1_and_2', 'dataset_consumes_1_never_scheduled', 'dataset_produces_2', 'dataset_consumes_1']) retrieved from /Users/silvesterjk/Projects/Data Engineering/DEProject/venv/lib/python3.9/site-packages/airflow/example_dags/example_datasets.py
[2023-05-25T14:08:36.848+0530] {logging_mixin.py:149} INFO - [2023-05-25T14:08:36.848+0530] {dag.py:2726} INFO - Sync 6 DAGs
[2023-05-25T14:08:36.871+0530] {logging_mixin.py:149} INFO - [2023-05-25T14:08:36.871+0530] {dag.py:3486} INFO - Setting next_dagrun for dataset_consumes_1 to None, run_after=None
[2023-05-25T14:08:36.874+0530] {logging_mixin.py:149} INFO - [2023-05-25T14:08:36.874+0530] {dag.py:3486} INFO - Setting next_dagrun for dataset_consumes_1_and_2 to None, run_after=None
[2023-05-25T14:08:36.876+0530] {logging_mixin.py:149} INFO - [2023-05-25T14:08:36.876+0530] {dag.py:3486} INFO - Setting next_dagrun for dataset_consumes_1_never_scheduled to None, run_after=None
[2023-05-25T14:08:36.877+0530] {logging_mixin.py:149} INFO - [2023-05-25T14:08:36.877+0530] {dag.py:3486} INFO - Setting next_dagrun for dataset_consumes_unknown_never_scheduled to None, run_after=None
[2023-05-25T14:08:36.880+0530] {logging_mixin.py:149} INFO - [2023-05-25T14:08:36.880+0530] {dag.py:3486} INFO - Setting next_dagrun for dataset_produces_1 to 2023-05-24T00:00:00+00:00, run_after=2023-05-25T00:00:00+00:00
[2023-05-25T14:08:36.881+0530] {logging_mixin.py:149} INFO - [2023-05-25T14:08:36.881+0530] {dag.py:3486} INFO - Setting next_dagrun for dataset_produces_2 to None, run_after=None
[2023-05-25T14:08:36.915+0530] {processor.py:179} INFO - Processing /Users/silvesterjk/Projects/Data Engineering/DEProject/venv/lib/python3.9/site-packages/airflow/example_dags/example_datasets.py took 0.968 seconds
