[2023-05-25T14:00:50.812+0530] {processor.py:157} INFO - Started process (PID=23728) to work on /Users/silvesterjk/Projects/Data Engineering/DEProject/venv/lib/python3.9/site-packages/airflow/example_dags/example_nested_branch_dag.py
[2023-05-25T14:00:50.813+0530] {processor.py:826} INFO - Processing file /Users/silvesterjk/Projects/Data Engineering/DEProject/venv/lib/python3.9/site-packages/airflow/example_dags/example_nested_branch_dag.py for tasks to queue
[2023-05-25T14:00:50.814+0530] {logging_mixin.py:149} INFO - [2023-05-25T14:00:50.813+0530] {dagbag.py:541} INFO - Filling up the DagBag from /Users/silvesterjk/Projects/Data Engineering/DEProject/venv/lib/python3.9/site-packages/airflow/example_dags/example_nested_branch_dag.py
[2023-05-25T14:00:50.881+0530] {processor.py:836} INFO - DAG(s) dict_keys(['example_nested_branch_dag']) retrieved from /Users/silvesterjk/Projects/Data Engineering/DEProject/venv/lib/python3.9/site-packages/airflow/example_dags/example_nested_branch_dag.py
[2023-05-25T14:00:51.768+0530] {logging_mixin.py:149} INFO - [2023-05-25T14:00:51.768+0530] {dag.py:2726} INFO - Sync 1 DAGs
[2023-05-25T14:00:51.796+0530] {logging_mixin.py:149} INFO - [2023-05-25T14:00:51.795+0530] {dag.py:3486} INFO - Setting next_dagrun for example_nested_branch_dag to 2023-05-24T00:00:00+00:00, run_after=2023-05-25T00:00:00+00:00
[2023-05-25T14:00:51.821+0530] {processor.py:179} INFO - Processing /Users/silvesterjk/Projects/Data Engineering/DEProject/venv/lib/python3.9/site-packages/airflow/example_dags/example_nested_branch_dag.py took 1.010 seconds
[2023-05-25T14:03:41.934+0530] {processor.py:157} INFO - Started process (PID=23799) to work on /Users/silvesterjk/Projects/Data Engineering/DEProject/venv/lib/python3.9/site-packages/airflow/example_dags/example_nested_branch_dag.py
[2023-05-25T14:03:41.935+0530] {processor.py:826} INFO - Processing file /Users/silvesterjk/Projects/Data Engineering/DEProject/venv/lib/python3.9/site-packages/airflow/example_dags/example_nested_branch_dag.py for tasks to queue
[2023-05-25T14:03:41.936+0530] {logging_mixin.py:149} INFO - [2023-05-25T14:03:41.936+0530] {dagbag.py:541} INFO - Filling up the DagBag from /Users/silvesterjk/Projects/Data Engineering/DEProject/venv/lib/python3.9/site-packages/airflow/example_dags/example_nested_branch_dag.py
[2023-05-25T14:03:42.012+0530] {processor.py:836} INFO - DAG(s) dict_keys(['example_nested_branch_dag']) retrieved from /Users/silvesterjk/Projects/Data Engineering/DEProject/venv/lib/python3.9/site-packages/airflow/example_dags/example_nested_branch_dag.py
[2023-05-25T14:03:42.922+0530] {logging_mixin.py:149} INFO - [2023-05-25T14:03:42.922+0530] {dag.py:2726} INFO - Sync 1 DAGs
[2023-05-25T14:03:42.945+0530] {logging_mixin.py:149} INFO - [2023-05-25T14:03:42.945+0530] {dag.py:3486} INFO - Setting next_dagrun for example_nested_branch_dag to 2023-05-24T00:00:00+00:00, run_after=2023-05-25T00:00:00+00:00
[2023-05-25T14:03:42.967+0530] {processor.py:179} INFO - Processing /Users/silvesterjk/Projects/Data Engineering/DEProject/venv/lib/python3.9/site-packages/airflow/example_dags/example_nested_branch_dag.py took 1.034 seconds
[2023-05-25T14:08:14.635+0530] {processor.py:157} INFO - Started process (PID=23990) to work on /Users/silvesterjk/Projects/Data Engineering/DEProject/venv/lib/python3.9/site-packages/airflow/example_dags/example_nested_branch_dag.py
[2023-05-25T14:08:14.637+0530] {processor.py:826} INFO - Processing file /Users/silvesterjk/Projects/Data Engineering/DEProject/venv/lib/python3.9/site-packages/airflow/example_dags/example_nested_branch_dag.py for tasks to queue
[2023-05-25T14:08:14.638+0530] {logging_mixin.py:149} INFO - [2023-05-25T14:08:14.638+0530] {dagbag.py:541} INFO - Filling up the DagBag from /Users/silvesterjk/Projects/Data Engineering/DEProject/venv/lib/python3.9/site-packages/airflow/example_dags/example_nested_branch_dag.py
[2023-05-25T14:08:14.698+0530] {processor.py:836} INFO - DAG(s) dict_keys(['example_nested_branch_dag']) retrieved from /Users/silvesterjk/Projects/Data Engineering/DEProject/venv/lib/python3.9/site-packages/airflow/example_dags/example_nested_branch_dag.py
[2023-05-25T14:08:15.503+0530] {logging_mixin.py:149} INFO - [2023-05-25T14:08:15.503+0530] {dag.py:2726} INFO - Sync 1 DAGs
[2023-05-25T14:08:15.526+0530] {logging_mixin.py:149} INFO - [2023-05-25T14:08:15.526+0530] {dag.py:3486} INFO - Setting next_dagrun for example_nested_branch_dag to 2023-05-24T00:00:00+00:00, run_after=2023-05-25T00:00:00+00:00
[2023-05-25T14:08:15.549+0530] {processor.py:179} INFO - Processing /Users/silvesterjk/Projects/Data Engineering/DEProject/venv/lib/python3.9/site-packages/airflow/example_dags/example_nested_branch_dag.py took 0.915 seconds
