[2023-05-25T13:59:59.339+0530] {processor.py:157} INFO - Started process (PID=23686) to work on /Users/silvesterjk/Projects/Data Engineering/DEProject/venv/lib/python3.9/site-packages/airflow/example_dags/example_short_circuit_operator.py
[2023-05-25T13:59:59.339+0530] {processor.py:826} INFO - Processing file /Users/silvesterjk/Projects/Data Engineering/DEProject/venv/lib/python3.9/site-packages/airflow/example_dags/example_short_circuit_operator.py for tasks to queue
[2023-05-25T13:59:59.340+0530] {logging_mixin.py:149} INFO - [2023-05-25T13:59:59.340+0530] {dagbag.py:541} INFO - Filling up the DagBag from /Users/silvesterjk/Projects/Data Engineering/DEProject/venv/lib/python3.9/site-packages/airflow/example_dags/example_short_circuit_operator.py
[2023-05-25T13:59:59.383+0530] {processor.py:836} INFO - DAG(s) dict_keys(['example_short_circuit_operator']) retrieved from /Users/silvesterjk/Projects/Data Engineering/DEProject/venv/lib/python3.9/site-packages/airflow/example_dags/example_short_circuit_operator.py
[2023-05-25T14:00:00.580+0530] {logging_mixin.py:149} INFO - [2023-05-25T14:00:00.580+0530] {dag.py:2726} INFO - Sync 1 DAGs
[2023-05-25T14:00:00.613+0530] {logging_mixin.py:149} INFO - [2023-05-25T14:00:00.613+0530] {dag.py:3486} INFO - Setting next_dagrun for example_short_circuit_operator to 2023-05-24T08:30:00.612835+00:00, run_after=2023-05-25T08:30:00.612835+00:00
[2023-05-25T14:00:00.639+0530] {processor.py:179} INFO - Processing /Users/silvesterjk/Projects/Data Engineering/DEProject/venv/lib/python3.9/site-packages/airflow/example_dags/example_short_circuit_operator.py took 1.301 seconds
[2023-05-25T14:03:03.451+0530] {processor.py:157} INFO - Started process (PID=23785) to work on /Users/silvesterjk/Projects/Data Engineering/DEProject/venv/lib/python3.9/site-packages/airflow/example_dags/example_short_circuit_operator.py
[2023-05-25T14:03:03.452+0530] {processor.py:826} INFO - Processing file /Users/silvesterjk/Projects/Data Engineering/DEProject/venv/lib/python3.9/site-packages/airflow/example_dags/example_short_circuit_operator.py for tasks to queue
[2023-05-25T14:03:03.453+0530] {logging_mixin.py:149} INFO - [2023-05-25T14:03:03.453+0530] {dagbag.py:541} INFO - Filling up the DagBag from /Users/silvesterjk/Projects/Data Engineering/DEProject/venv/lib/python3.9/site-packages/airflow/example_dags/example_short_circuit_operator.py
[2023-05-25T14:03:03.496+0530] {processor.py:836} INFO - DAG(s) dict_keys(['example_short_circuit_operator']) retrieved from /Users/silvesterjk/Projects/Data Engineering/DEProject/venv/lib/python3.9/site-packages/airflow/example_dags/example_short_circuit_operator.py
[2023-05-25T14:03:04.441+0530] {logging_mixin.py:149} INFO - [2023-05-25T14:03:04.441+0530] {dag.py:2726} INFO - Sync 1 DAGs
[2023-05-25T14:03:04.463+0530] {logging_mixin.py:149} INFO - [2023-05-25T14:03:04.462+0530] {dag.py:3486} INFO - Setting next_dagrun for example_short_circuit_operator to 2023-05-24T08:33:04.462704+00:00, run_after=2023-05-25T08:33:04.462704+00:00
[2023-05-25T14:03:04.485+0530] {processor.py:179} INFO - Processing /Users/silvesterjk/Projects/Data Engineering/DEProject/venv/lib/python3.9/site-packages/airflow/example_dags/example_short_circuit_operator.py took 1.035 seconds
[2023-05-25T14:05:26.309+0530] {processor.py:157} INFO - Started process (PID=23868) to work on /Users/silvesterjk/Projects/Data Engineering/DEProject/venv/lib/python3.9/site-packages/airflow/example_dags/example_short_circuit_operator.py
[2023-05-25T14:05:26.312+0530] {processor.py:826} INFO - Processing file /Users/silvesterjk/Projects/Data Engineering/DEProject/venv/lib/python3.9/site-packages/airflow/example_dags/example_short_circuit_operator.py for tasks to queue
[2023-05-25T14:05:26.313+0530] {logging_mixin.py:149} INFO - [2023-05-25T14:05:26.312+0530] {dagbag.py:541} INFO - Filling up the DagBag from /Users/silvesterjk/Projects/Data Engineering/DEProject/venv/lib/python3.9/site-packages/airflow/example_dags/example_short_circuit_operator.py
[2023-05-25T14:05:26.353+0530] {processor.py:836} INFO - DAG(s) dict_keys(['example_short_circuit_operator']) retrieved from /Users/silvesterjk/Projects/Data Engineering/DEProject/venv/lib/python3.9/site-packages/airflow/example_dags/example_short_circuit_operator.py
[2023-05-25T14:05:27.227+0530] {logging_mixin.py:149} INFO - [2023-05-25T14:05:27.226+0530] {dag.py:2726} INFO - Sync 1 DAGs
[2023-05-25T14:05:27.250+0530] {logging_mixin.py:149} INFO - [2023-05-25T14:05:27.250+0530] {dag.py:3486} INFO - Setting next_dagrun for example_short_circuit_operator to 2023-05-24T08:35:27.250227+00:00, run_after=2023-05-25T08:35:27.250227+00:00
[2023-05-25T14:05:27.272+0530] {processor.py:179} INFO - Processing /Users/silvesterjk/Projects/Data Engineering/DEProject/venv/lib/python3.9/site-packages/airflow/example_dags/example_short_circuit_operator.py took 0.963 seconds
[2023-05-25T14:07:41.679+0530] {processor.py:157} INFO - Started process (PID=23976) to work on /Users/silvesterjk/Projects/Data Engineering/DEProject/venv/lib/python3.9/site-packages/airflow/example_dags/example_short_circuit_operator.py
[2023-05-25T14:07:41.682+0530] {processor.py:826} INFO - Processing file /Users/silvesterjk/Projects/Data Engineering/DEProject/venv/lib/python3.9/site-packages/airflow/example_dags/example_short_circuit_operator.py for tasks to queue
[2023-05-25T14:07:41.683+0530] {logging_mixin.py:149} INFO - [2023-05-25T14:07:41.682+0530] {dagbag.py:541} INFO - Filling up the DagBag from /Users/silvesterjk/Projects/Data Engineering/DEProject/venv/lib/python3.9/site-packages/airflow/example_dags/example_short_circuit_operator.py
[2023-05-25T14:07:41.720+0530] {processor.py:836} INFO - DAG(s) dict_keys(['example_short_circuit_operator']) retrieved from /Users/silvesterjk/Projects/Data Engineering/DEProject/venv/lib/python3.9/site-packages/airflow/example_dags/example_short_circuit_operator.py
[2023-05-25T14:07:42.544+0530] {logging_mixin.py:149} INFO - [2023-05-25T14:07:42.543+0530] {dag.py:2726} INFO - Sync 1 DAGs
[2023-05-25T14:07:42.566+0530] {logging_mixin.py:149} INFO - [2023-05-25T14:07:42.566+0530] {dag.py:3486} INFO - Setting next_dagrun for example_short_circuit_operator to 2023-05-24T08:37:42.566482+00:00, run_after=2023-05-25T08:37:42.566482+00:00
[2023-05-25T14:07:42.592+0530] {processor.py:179} INFO - Processing /Users/silvesterjk/Projects/Data Engineering/DEProject/venv/lib/python3.9/site-packages/airflow/example_dags/example_short_circuit_operator.py took 0.914 seconds
[2023-05-25T14:09:42.846+0530] {processor.py:157} INFO - Started process (PID=24030) to work on /Users/silvesterjk/Projects/Data Engineering/DEProject/venv/lib/python3.9/site-packages/airflow/example_dags/example_short_circuit_operator.py
[2023-05-25T14:09:42.848+0530] {processor.py:826} INFO - Processing file /Users/silvesterjk/Projects/Data Engineering/DEProject/venv/lib/python3.9/site-packages/airflow/example_dags/example_short_circuit_operator.py for tasks to queue
[2023-05-25T14:09:42.849+0530] {logging_mixin.py:149} INFO - [2023-05-25T14:09:42.849+0530] {dagbag.py:541} INFO - Filling up the DagBag from /Users/silvesterjk/Projects/Data Engineering/DEProject/venv/lib/python3.9/site-packages/airflow/example_dags/example_short_circuit_operator.py
[2023-05-25T14:09:42.887+0530] {processor.py:836} INFO - DAG(s) dict_keys(['example_short_circuit_operator']) retrieved from /Users/silvesterjk/Projects/Data Engineering/DEProject/venv/lib/python3.9/site-packages/airflow/example_dags/example_short_circuit_operator.py
[2023-05-25T14:09:43.733+0530] {logging_mixin.py:149} INFO - [2023-05-25T14:09:43.733+0530] {dag.py:2726} INFO - Sync 1 DAGs
[2023-05-25T14:09:43.756+0530] {logging_mixin.py:149} INFO - [2023-05-25T14:09:43.756+0530] {dag.py:3486} INFO - Setting next_dagrun for example_short_circuit_operator to 2023-05-24T08:39:43.755767+00:00, run_after=2023-05-25T08:39:43.755767+00:00
[2023-05-25T14:09:43.777+0530] {processor.py:179} INFO - Processing /Users/silvesterjk/Projects/Data Engineering/DEProject/venv/lib/python3.9/site-packages/airflow/example_dags/example_short_circuit_operator.py took 0.933 seconds
