[2023-05-25T13:49:30.871+0530] {processor.py:157} INFO - Started process (PID=23359) to work on /Users/silvesterjk/Projects/Data Engineering/DEProject/venv/lib/python3.9/site-packages/airflow/example_dags/example_xcomargs.py
[2023-05-25T13:49:30.872+0530] {processor.py:826} INFO - Processing file /Users/silvesterjk/Projects/Data Engineering/DEProject/venv/lib/python3.9/site-packages/airflow/example_dags/example_xcomargs.py for tasks to queue
[2023-05-25T13:49:30.872+0530] {logging_mixin.py:149} INFO - [2023-05-25T13:49:30.872+0530] {dagbag.py:541} INFO - Filling up the DagBag from /Users/silvesterjk/Projects/Data Engineering/DEProject/venv/lib/python3.9/site-packages/airflow/example_dags/example_xcomargs.py
[2023-05-25T13:49:30.939+0530] {processor.py:836} INFO - DAG(s) dict_keys(['example_xcom_args', 'example_xcom_args_with_operators']) retrieved from /Users/silvesterjk/Projects/Data Engineering/DEProject/venv/lib/python3.9/site-packages/airflow/example_dags/example_xcomargs.py
[2023-05-25T13:49:31.901+0530] {logging_mixin.py:149} INFO - [2023-05-25T13:49:31.901+0530] {manager.py:504} INFO - Created Permission View: can delete on DAG:example_xcom_args
[2023-05-25T13:49:31.911+0530] {logging_mixin.py:149} INFO - [2023-05-25T13:49:31.911+0530] {manager.py:504} INFO - Created Permission View: can edit on DAG:example_xcom_args
[2023-05-25T13:49:31.919+0530] {logging_mixin.py:149} INFO - [2023-05-25T13:49:31.918+0530] {manager.py:504} INFO - Created Permission View: can read on DAG:example_xcom_args
[2023-05-25T13:49:31.940+0530] {logging_mixin.py:149} INFO - [2023-05-25T13:49:31.940+0530] {manager.py:504} INFO - Created Permission View: can delete on DAG:example_xcom_args_with_operators
[2023-05-25T13:49:31.948+0530] {logging_mixin.py:149} INFO - [2023-05-25T13:49:31.948+0530] {manager.py:504} INFO - Created Permission View: can edit on DAG:example_xcom_args_with_operators
[2023-05-25T13:49:31.956+0530] {logging_mixin.py:149} INFO - [2023-05-25T13:49:31.956+0530] {manager.py:504} INFO - Created Permission View: can read on DAG:example_xcom_args_with_operators
[2023-05-25T13:49:31.956+0530] {logging_mixin.py:149} INFO - [2023-05-25T13:49:31.956+0530] {dag.py:2726} INFO - Sync 2 DAGs
[2023-05-25T13:49:31.969+0530] {logging_mixin.py:149} INFO - [2023-05-25T13:49:31.968+0530] {dag.py:2747} INFO - Creating ORM DAG for example_xcom_args_with_operators
[2023-05-25T13:49:31.969+0530] {logging_mixin.py:149} INFO - [2023-05-25T13:49:31.969+0530] {dag.py:2747} INFO - Creating ORM DAG for example_xcom_args
[2023-05-25T13:49:31.979+0530] {logging_mixin.py:149} INFO - [2023-05-25T13:49:31.978+0530] {dag.py:3486} INFO - Setting next_dagrun for example_xcom_args to None, run_after=None
[2023-05-25T13:49:31.979+0530] {logging_mixin.py:149} INFO - [2023-05-25T13:49:31.979+0530] {dag.py:3486} INFO - Setting next_dagrun for example_xcom_args_with_operators to None, run_after=None
[2023-05-25T13:49:32.001+0530] {processor.py:179} INFO - Processing /Users/silvesterjk/Projects/Data Engineering/DEProject/venv/lib/python3.9/site-packages/airflow/example_dags/example_xcomargs.py took 1.131 seconds
[2023-05-25T13:57:12.701+0530] {processor.py:157} INFO - Started process (PID=23534) to work on /Users/silvesterjk/Projects/Data Engineering/DEProject/venv/lib/python3.9/site-packages/airflow/example_dags/example_xcomargs.py
[2023-05-25T13:57:12.704+0530] {processor.py:826} INFO - Processing file /Users/silvesterjk/Projects/Data Engineering/DEProject/venv/lib/python3.9/site-packages/airflow/example_dags/example_xcomargs.py for tasks to queue
[2023-05-25T13:57:12.705+0530] {logging_mixin.py:149} INFO - [2023-05-25T13:57:12.705+0530] {dagbag.py:541} INFO - Filling up the DagBag from /Users/silvesterjk/Projects/Data Engineering/DEProject/venv/lib/python3.9/site-packages/airflow/example_dags/example_xcomargs.py
[2023-05-25T13:57:12.772+0530] {processor.py:836} INFO - DAG(s) dict_keys(['example_xcom_args_with_operators', 'example_xcom_args']) retrieved from /Users/silvesterjk/Projects/Data Engineering/DEProject/venv/lib/python3.9/site-packages/airflow/example_dags/example_xcomargs.py
[2023-05-25T13:57:13.812+0530] {logging_mixin.py:149} INFO - [2023-05-25T13:57:13.811+0530] {dag.py:2726} INFO - Sync 2 DAGs
[2023-05-25T13:57:13.834+0530] {logging_mixin.py:149} INFO - [2023-05-25T13:57:13.834+0530] {dag.py:3486} INFO - Setting next_dagrun for example_xcom_args to None, run_after=None
[2023-05-25T13:57:13.838+0530] {logging_mixin.py:149} INFO - [2023-05-25T13:57:13.838+0530] {dag.py:3486} INFO - Setting next_dagrun for example_xcom_args_with_operators to None, run_after=None
[2023-05-25T13:57:13.861+0530] {processor.py:179} INFO - Processing /Users/silvesterjk/Projects/Data Engineering/DEProject/venv/lib/python3.9/site-packages/airflow/example_dags/example_xcomargs.py took 1.160 seconds
[2023-05-25T13:59:24.503+0530] {processor.py:157} INFO - Started process (PID=23662) to work on /Users/silvesterjk/Projects/Data Engineering/DEProject/venv/lib/python3.9/site-packages/airflow/example_dags/example_xcomargs.py
[2023-05-25T13:59:24.505+0530] {processor.py:826} INFO - Processing file /Users/silvesterjk/Projects/Data Engineering/DEProject/venv/lib/python3.9/site-packages/airflow/example_dags/example_xcomargs.py for tasks to queue
[2023-05-25T13:59:24.506+0530] {logging_mixin.py:149} INFO - [2023-05-25T13:59:24.505+0530] {dagbag.py:541} INFO - Filling up the DagBag from /Users/silvesterjk/Projects/Data Engineering/DEProject/venv/lib/python3.9/site-packages/airflow/example_dags/example_xcomargs.py
[2023-05-25T13:59:24.579+0530] {processor.py:836} INFO - DAG(s) dict_keys(['example_xcom_args_with_operators', 'example_xcom_args']) retrieved from /Users/silvesterjk/Projects/Data Engineering/DEProject/venv/lib/python3.9/site-packages/airflow/example_dags/example_xcomargs.py
[2023-05-25T13:59:25.530+0530] {logging_mixin.py:149} INFO - [2023-05-25T13:59:25.529+0530] {dag.py:2726} INFO - Sync 2 DAGs
[2023-05-25T13:59:25.555+0530] {logging_mixin.py:149} INFO - [2023-05-25T13:59:25.555+0530] {dag.py:3486} INFO - Setting next_dagrun for example_xcom_args to None, run_after=None
[2023-05-25T13:59:25.560+0530] {logging_mixin.py:149} INFO - [2023-05-25T13:59:25.560+0530] {dag.py:3486} INFO - Setting next_dagrun for example_xcom_args_with_operators to None, run_after=None
[2023-05-25T13:59:25.584+0530] {processor.py:179} INFO - Processing /Users/silvesterjk/Projects/Data Engineering/DEProject/venv/lib/python3.9/site-packages/airflow/example_dags/example_xcomargs.py took 1.081 seconds
[2023-05-25T14:02:28.866+0530] {processor.py:157} INFO - Started process (PID=23769) to work on /Users/silvesterjk/Projects/Data Engineering/DEProject/venv/lib/python3.9/site-packages/airflow/example_dags/example_xcomargs.py
[2023-05-25T14:02:28.868+0530] {processor.py:826} INFO - Processing file /Users/silvesterjk/Projects/Data Engineering/DEProject/venv/lib/python3.9/site-packages/airflow/example_dags/example_xcomargs.py for tasks to queue
[2023-05-25T14:02:28.869+0530] {logging_mixin.py:149} INFO - [2023-05-25T14:02:28.869+0530] {dagbag.py:541} INFO - Filling up the DagBag from /Users/silvesterjk/Projects/Data Engineering/DEProject/venv/lib/python3.9/site-packages/airflow/example_dags/example_xcomargs.py
[2023-05-25T14:02:28.939+0530] {processor.py:836} INFO - DAG(s) dict_keys(['example_xcom_args_with_operators', 'example_xcom_args']) retrieved from /Users/silvesterjk/Projects/Data Engineering/DEProject/venv/lib/python3.9/site-packages/airflow/example_dags/example_xcomargs.py
[2023-05-25T14:02:29.817+0530] {logging_mixin.py:149} INFO - [2023-05-25T14:02:29.816+0530] {dag.py:2726} INFO - Sync 2 DAGs
[2023-05-25T14:02:29.838+0530] {logging_mixin.py:149} INFO - [2023-05-25T14:02:29.838+0530] {dag.py:3486} INFO - Setting next_dagrun for example_xcom_args to None, run_after=None
[2023-05-25T14:02:29.842+0530] {logging_mixin.py:149} INFO - [2023-05-25T14:02:29.841+0530] {dag.py:3486} INFO - Setting next_dagrun for example_xcom_args_with_operators to None, run_after=None
[2023-05-25T14:02:29.863+0530] {processor.py:179} INFO - Processing /Users/silvesterjk/Projects/Data Engineering/DEProject/venv/lib/python3.9/site-packages/airflow/example_dags/example_xcomargs.py took 0.998 seconds
[2023-05-25T14:04:47.469+0530] {processor.py:157} INFO - Started process (PID=23850) to work on /Users/silvesterjk/Projects/Data Engineering/DEProject/venv/lib/python3.9/site-packages/airflow/example_dags/example_xcomargs.py
[2023-05-25T14:04:47.470+0530] {processor.py:826} INFO - Processing file /Users/silvesterjk/Projects/Data Engineering/DEProject/venv/lib/python3.9/site-packages/airflow/example_dags/example_xcomargs.py for tasks to queue
[2023-05-25T14:04:47.471+0530] {logging_mixin.py:149} INFO - [2023-05-25T14:04:47.471+0530] {dagbag.py:541} INFO - Filling up the DagBag from /Users/silvesterjk/Projects/Data Engineering/DEProject/venv/lib/python3.9/site-packages/airflow/example_dags/example_xcomargs.py
[2023-05-25T14:04:47.539+0530] {processor.py:836} INFO - DAG(s) dict_keys(['example_xcom_args', 'example_xcom_args_with_operators']) retrieved from /Users/silvesterjk/Projects/Data Engineering/DEProject/venv/lib/python3.9/site-packages/airflow/example_dags/example_xcomargs.py
[2023-05-25T14:04:48.390+0530] {logging_mixin.py:149} INFO - [2023-05-25T14:04:48.390+0530] {dag.py:2726} INFO - Sync 2 DAGs
[2023-05-25T14:04:48.411+0530] {logging_mixin.py:149} INFO - [2023-05-25T14:04:48.411+0530] {dag.py:3486} INFO - Setting next_dagrun for example_xcom_args to None, run_after=None
[2023-05-25T14:04:48.415+0530] {logging_mixin.py:149} INFO - [2023-05-25T14:04:48.414+0530] {dag.py:3486} INFO - Setting next_dagrun for example_xcom_args_with_operators to None, run_after=None
[2023-05-25T14:04:48.437+0530] {processor.py:179} INFO - Processing /Users/silvesterjk/Projects/Data Engineering/DEProject/venv/lib/python3.9/site-packages/airflow/example_dags/example_xcomargs.py took 0.968 seconds
[2023-05-25T14:07:00.037+0530] {processor.py:157} INFO - Started process (PID=23922) to work on /Users/silvesterjk/Projects/Data Engineering/DEProject/venv/lib/python3.9/site-packages/airflow/example_dags/example_xcomargs.py
[2023-05-25T14:07:00.051+0530] {processor.py:826} INFO - Processing file /Users/silvesterjk/Projects/Data Engineering/DEProject/venv/lib/python3.9/site-packages/airflow/example_dags/example_xcomargs.py for tasks to queue
[2023-05-25T14:07:00.052+0530] {logging_mixin.py:149} INFO - [2023-05-25T14:07:00.052+0530] {dagbag.py:541} INFO - Filling up the DagBag from /Users/silvesterjk/Projects/Data Engineering/DEProject/venv/lib/python3.9/site-packages/airflow/example_dags/example_xcomargs.py
[2023-05-25T14:07:00.243+0530] {processor.py:836} INFO - DAG(s) dict_keys(['example_xcom_args_with_operators', 'example_xcom_args']) retrieved from /Users/silvesterjk/Projects/Data Engineering/DEProject/venv/lib/python3.9/site-packages/airflow/example_dags/example_xcomargs.py
[2023-05-25T14:07:03.273+0530] {logging_mixin.py:149} INFO - [2023-05-25T14:07:03.273+0530] {dag.py:2726} INFO - Sync 2 DAGs
[2023-05-25T14:07:03.332+0530] {logging_mixin.py:149} INFO - [2023-05-25T14:07:03.331+0530] {dag.py:3486} INFO - Setting next_dagrun for example_xcom_args to None, run_after=None
[2023-05-25T14:07:03.335+0530] {logging_mixin.py:149} INFO - [2023-05-25T14:07:03.335+0530] {dag.py:3486} INFO - Setting next_dagrun for example_xcom_args_with_operators to None, run_after=None
[2023-05-25T14:07:03.381+0530] {processor.py:179} INFO - Processing /Users/silvesterjk/Projects/Data Engineering/DEProject/venv/lib/python3.9/site-packages/airflow/example_dags/example_xcomargs.py took 3.345 seconds
[2023-05-25T14:09:07.798+0530] {processor.py:157} INFO - Started process (PID=24018) to work on /Users/silvesterjk/Projects/Data Engineering/DEProject/venv/lib/python3.9/site-packages/airflow/example_dags/example_xcomargs.py
[2023-05-25T14:09:07.800+0530] {processor.py:826} INFO - Processing file /Users/silvesterjk/Projects/Data Engineering/DEProject/venv/lib/python3.9/site-packages/airflow/example_dags/example_xcomargs.py for tasks to queue
[2023-05-25T14:09:07.801+0530] {logging_mixin.py:149} INFO - [2023-05-25T14:09:07.801+0530] {dagbag.py:541} INFO - Filling up the DagBag from /Users/silvesterjk/Projects/Data Engineering/DEProject/venv/lib/python3.9/site-packages/airflow/example_dags/example_xcomargs.py
[2023-05-25T14:09:07.861+0530] {processor.py:836} INFO - DAG(s) dict_keys(['example_xcom_args', 'example_xcom_args_with_operators']) retrieved from /Users/silvesterjk/Projects/Data Engineering/DEProject/venv/lib/python3.9/site-packages/airflow/example_dags/example_xcomargs.py
[2023-05-25T14:09:08.683+0530] {logging_mixin.py:149} INFO - [2023-05-25T14:09:08.683+0530] {dag.py:2726} INFO - Sync 2 DAGs
[2023-05-25T14:09:08.706+0530] {logging_mixin.py:149} INFO - [2023-05-25T14:09:08.706+0530] {dag.py:3486} INFO - Setting next_dagrun for example_xcom_args to None, run_after=None
[2023-05-25T14:09:08.709+0530] {logging_mixin.py:149} INFO - [2023-05-25T14:09:08.709+0530] {dag.py:3486} INFO - Setting next_dagrun for example_xcom_args_with_operators to None, run_after=None
[2023-05-25T14:09:08.728+0530] {processor.py:179} INFO - Processing /Users/silvesterjk/Projects/Data Engineering/DEProject/venv/lib/python3.9/site-packages/airflow/example_dags/example_xcomargs.py took 0.931 seconds
