[2023-05-25T14:00:57.994+0530] {processor.py:157} INFO - Started process (PID=23732) to work on /Users/silvesterjk/Projects/Data Engineering/DEProject/venv/lib/python3.9/site-packages/airflow/example_dags/example_latest_only_with_trigger.py
[2023-05-25T14:00:57.995+0530] {processor.py:826} INFO - Processing file /Users/silvesterjk/Projects/Data Engineering/DEProject/venv/lib/python3.9/site-packages/airflow/example_dags/example_latest_only_with_trigger.py for tasks to queue
[2023-05-25T14:00:57.996+0530] {logging_mixin.py:149} INFO - [2023-05-25T14:00:57.995+0530] {dagbag.py:541} INFO - Filling up the DagBag from /Users/silvesterjk/Projects/Data Engineering/DEProject/venv/lib/python3.9/site-packages/airflow/example_dags/example_latest_only_with_trigger.py
[2023-05-25T14:00:58.024+0530] {processor.py:836} INFO - DAG(s) dict_keys(['latest_only_with_trigger']) retrieved from /Users/silvesterjk/Projects/Data Engineering/DEProject/venv/lib/python3.9/site-packages/airflow/example_dags/example_latest_only_with_trigger.py
[2023-05-25T14:00:58.919+0530] {logging_mixin.py:149} INFO - [2023-05-25T14:00:58.918+0530] {dag.py:2726} INFO - Sync 1 DAGs
[2023-05-25T14:00:58.939+0530] {logging_mixin.py:149} INFO - [2023-05-25T14:00:58.939+0530] {dag.py:3486} INFO - Setting next_dagrun for latest_only_with_trigger to 2023-05-25T04:30:58.939094+00:00, run_after=2023-05-25T08:30:58.939094+00:00
[2023-05-25T14:00:58.962+0530] {processor.py:179} INFO - Processing /Users/silvesterjk/Projects/Data Engineering/DEProject/venv/lib/python3.9/site-packages/airflow/example_dags/example_latest_only_with_trigger.py took 0.969 seconds
[2023-05-25T14:03:48.258+0530] {processor.py:157} INFO - Started process (PID=23804) to work on /Users/silvesterjk/Projects/Data Engineering/DEProject/venv/lib/python3.9/site-packages/airflow/example_dags/example_latest_only_with_trigger.py
[2023-05-25T14:03:48.260+0530] {processor.py:826} INFO - Processing file /Users/silvesterjk/Projects/Data Engineering/DEProject/venv/lib/python3.9/site-packages/airflow/example_dags/example_latest_only_with_trigger.py for tasks to queue
[2023-05-25T14:03:48.261+0530] {logging_mixin.py:149} INFO - [2023-05-25T14:03:48.261+0530] {dagbag.py:541} INFO - Filling up the DagBag from /Users/silvesterjk/Projects/Data Engineering/DEProject/venv/lib/python3.9/site-packages/airflow/example_dags/example_latest_only_with_trigger.py
[2023-05-25T14:03:48.287+0530] {processor.py:836} INFO - DAG(s) dict_keys(['latest_only_with_trigger']) retrieved from /Users/silvesterjk/Projects/Data Engineering/DEProject/venv/lib/python3.9/site-packages/airflow/example_dags/example_latest_only_with_trigger.py
[2023-05-25T14:03:49.175+0530] {logging_mixin.py:149} INFO - [2023-05-25T14:03:49.175+0530] {dag.py:2726} INFO - Sync 1 DAGs
[2023-05-25T14:03:49.197+0530] {logging_mixin.py:149} INFO - [2023-05-25T14:03:49.197+0530] {dag.py:3486} INFO - Setting next_dagrun for latest_only_with_trigger to 2023-05-25T04:33:49.196914+00:00, run_after=2023-05-25T08:33:49.196914+00:00
[2023-05-25T14:03:49.222+0530] {processor.py:179} INFO - Processing /Users/silvesterjk/Projects/Data Engineering/DEProject/venv/lib/python3.9/site-packages/airflow/example_dags/example_latest_only_with_trigger.py took 0.965 seconds
[2023-05-25T14:08:20.306+0530] {processor.py:157} INFO - Started process (PID=23993) to work on /Users/silvesterjk/Projects/Data Engineering/DEProject/venv/lib/python3.9/site-packages/airflow/example_dags/example_latest_only_with_trigger.py
[2023-05-25T14:08:20.309+0530] {processor.py:826} INFO - Processing file /Users/silvesterjk/Projects/Data Engineering/DEProject/venv/lib/python3.9/site-packages/airflow/example_dags/example_latest_only_with_trigger.py for tasks to queue
[2023-05-25T14:08:20.310+0530] {logging_mixin.py:149} INFO - [2023-05-25T14:08:20.309+0530] {dagbag.py:541} INFO - Filling up the DagBag from /Users/silvesterjk/Projects/Data Engineering/DEProject/venv/lib/python3.9/site-packages/airflow/example_dags/example_latest_only_with_trigger.py
[2023-05-25T14:08:20.333+0530] {processor.py:836} INFO - DAG(s) dict_keys(['latest_only_with_trigger']) retrieved from /Users/silvesterjk/Projects/Data Engineering/DEProject/venv/lib/python3.9/site-packages/airflow/example_dags/example_latest_only_with_trigger.py
[2023-05-25T14:08:21.189+0530] {logging_mixin.py:149} INFO - [2023-05-25T14:08:21.188+0530] {dag.py:2726} INFO - Sync 1 DAGs
[2023-05-25T14:08:21.211+0530] {logging_mixin.py:149} INFO - [2023-05-25T14:08:21.211+0530] {dag.py:3486} INFO - Setting next_dagrun for latest_only_with_trigger to 2023-05-25T04:38:21.210868+00:00, run_after=2023-05-25T08:38:21.210868+00:00
[2023-05-25T14:08:21.235+0530] {processor.py:179} INFO - Processing /Users/silvesterjk/Projects/Data Engineering/DEProject/venv/lib/python3.9/site-packages/airflow/example_dags/example_latest_only_with_trigger.py took 0.929 seconds
