[2023-05-25T14:01:24.753+0530] {processor.py:157} INFO - Started process (PID=23743) to work on /Users/silvesterjk/Projects/Data Engineering/DEProject/venv/lib/python3.9/site-packages/airflow/example_dags/example_complex.py
[2023-05-25T14:01:24.753+0530] {processor.py:826} INFO - Processing file /Users/silvesterjk/Projects/Data Engineering/DEProject/venv/lib/python3.9/site-packages/airflow/example_dags/example_complex.py for tasks to queue
[2023-05-25T14:01:24.754+0530] {logging_mixin.py:149} INFO - [2023-05-25T14:01:24.754+0530] {dagbag.py:541} INFO - Filling up the DagBag from /Users/silvesterjk/Projects/Data Engineering/DEProject/venv/lib/python3.9/site-packages/airflow/example_dags/example_complex.py
[2023-05-25T14:01:24.772+0530] {logging_mixin.py:149} INFO - [2023-05-25T14:01:24.772+0530] {taskmixin.py:211} WARNING - Dependency <Task(BashOperator): create_entry_group>, delete_entry_group already registered for DAG: example_complex
[2023-05-25T14:01:24.773+0530] {logging_mixin.py:149} INFO - [2023-05-25T14:01:24.772+0530] {taskmixin.py:211} WARNING - Dependency <Task(BashOperator): delete_entry_group>, create_entry_group already registered for DAG: example_complex
[2023-05-25T14:01:24.773+0530] {logging_mixin.py:149} INFO - [2023-05-25T14:01:24.773+0530] {taskmixin.py:211} WARNING - Dependency <Task(BashOperator): create_entry_gcs>, delete_entry already registered for DAG: example_complex
[2023-05-25T14:01:24.773+0530] {logging_mixin.py:149} INFO - [2023-05-25T14:01:24.773+0530] {taskmixin.py:211} WARNING - Dependency <Task(BashOperator): delete_entry>, create_entry_gcs already registered for DAG: example_complex
[2023-05-25T14:01:24.774+0530] {logging_mixin.py:149} INFO - [2023-05-25T14:01:24.774+0530] {taskmixin.py:211} WARNING - Dependency <Task(BashOperator): create_tag>, delete_tag already registered for DAG: example_complex
[2023-05-25T14:01:24.775+0530] {logging_mixin.py:149} INFO - [2023-05-25T14:01:24.775+0530] {taskmixin.py:211} WARNING - Dependency <Task(BashOperator): delete_tag>, create_tag already registered for DAG: example_complex
[2023-05-25T14:01:24.796+0530] {processor.py:836} INFO - DAG(s) dict_keys(['example_complex']) retrieved from /Users/silvesterjk/Projects/Data Engineering/DEProject/venv/lib/python3.9/site-packages/airflow/example_dags/example_complex.py
[2023-05-25T14:01:26.594+0530] {logging_mixin.py:149} INFO - [2023-05-25T14:01:26.593+0530] {dag.py:2726} INFO - Sync 1 DAGs
[2023-05-25T14:01:26.680+0530] {logging_mixin.py:149} INFO - [2023-05-25T14:01:26.680+0530] {dag.py:3486} INFO - Setting next_dagrun for example_complex to None, run_after=None
[2023-05-25T14:01:26.785+0530] {processor.py:179} INFO - Processing /Users/silvesterjk/Projects/Data Engineering/DEProject/venv/lib/python3.9/site-packages/airflow/example_dags/example_complex.py took 2.033 seconds
[2023-05-25T14:05:59.518+0530] {processor.py:157} INFO - Started process (PID=23895) to work on /Users/silvesterjk/Projects/Data Engineering/DEProject/venv/lib/python3.9/site-packages/airflow/example_dags/example_complex.py
[2023-05-25T14:05:59.519+0530] {processor.py:826} INFO - Processing file /Users/silvesterjk/Projects/Data Engineering/DEProject/venv/lib/python3.9/site-packages/airflow/example_dags/example_complex.py for tasks to queue
[2023-05-25T14:05:59.520+0530] {logging_mixin.py:149} INFO - [2023-05-25T14:05:59.520+0530] {dagbag.py:541} INFO - Filling up the DagBag from /Users/silvesterjk/Projects/Data Engineering/DEProject/venv/lib/python3.9/site-packages/airflow/example_dags/example_complex.py
[2023-05-25T14:05:59.535+0530] {logging_mixin.py:149} INFO - [2023-05-25T14:05:59.534+0530] {taskmixin.py:211} WARNING - Dependency <Task(BashOperator): create_entry_group>, delete_entry_group already registered for DAG: example_complex
[2023-05-25T14:05:59.535+0530] {logging_mixin.py:149} INFO - [2023-05-25T14:05:59.535+0530] {taskmixin.py:211} WARNING - Dependency <Task(BashOperator): delete_entry_group>, create_entry_group already registered for DAG: example_complex
[2023-05-25T14:05:59.535+0530] {logging_mixin.py:149} INFO - [2023-05-25T14:05:59.535+0530] {taskmixin.py:211} WARNING - Dependency <Task(BashOperator): create_entry_gcs>, delete_entry already registered for DAG: example_complex
[2023-05-25T14:05:59.536+0530] {logging_mixin.py:149} INFO - [2023-05-25T14:05:59.535+0530] {taskmixin.py:211} WARNING - Dependency <Task(BashOperator): delete_entry>, create_entry_gcs already registered for DAG: example_complex
[2023-05-25T14:05:59.536+0530] {logging_mixin.py:149} INFO - [2023-05-25T14:05:59.536+0530] {taskmixin.py:211} WARNING - Dependency <Task(BashOperator): create_tag>, delete_tag already registered for DAG: example_complex
[2023-05-25T14:05:59.536+0530] {logging_mixin.py:149} INFO - [2023-05-25T14:05:59.536+0530] {taskmixin.py:211} WARNING - Dependency <Task(BashOperator): delete_tag>, create_tag already registered for DAG: example_complex
[2023-05-25T14:05:59.555+0530] {processor.py:836} INFO - DAG(s) dict_keys(['example_complex']) retrieved from /Users/silvesterjk/Projects/Data Engineering/DEProject/venv/lib/python3.9/site-packages/airflow/example_dags/example_complex.py
[2023-05-25T14:06:00.386+0530] {logging_mixin.py:149} INFO - [2023-05-25T14:06:00.385+0530] {dag.py:2726} INFO - Sync 1 DAGs
[2023-05-25T14:06:00.406+0530] {logging_mixin.py:149} INFO - [2023-05-25T14:06:00.405+0530] {dag.py:3486} INFO - Setting next_dagrun for example_complex to None, run_after=None
[2023-05-25T14:06:00.430+0530] {processor.py:179} INFO - Processing /Users/silvesterjk/Projects/Data Engineering/DEProject/venv/lib/python3.9/site-packages/airflow/example_dags/example_complex.py took 0.913 seconds
[2023-05-25T14:10:14.896+0530] {processor.py:157} INFO - Started process (PID=24043) to work on /Users/silvesterjk/Projects/Data Engineering/DEProject/venv/lib/python3.9/site-packages/airflow/example_dags/example_complex.py
[2023-05-25T14:10:14.897+0530] {processor.py:826} INFO - Processing file /Users/silvesterjk/Projects/Data Engineering/DEProject/venv/lib/python3.9/site-packages/airflow/example_dags/example_complex.py for tasks to queue
[2023-05-25T14:10:14.898+0530] {logging_mixin.py:149} INFO - [2023-05-25T14:10:14.898+0530] {dagbag.py:541} INFO - Filling up the DagBag from /Users/silvesterjk/Projects/Data Engineering/DEProject/venv/lib/python3.9/site-packages/airflow/example_dags/example_complex.py
[2023-05-25T14:10:14.912+0530] {logging_mixin.py:149} INFO - [2023-05-25T14:10:14.912+0530] {taskmixin.py:211} WARNING - Dependency <Task(BashOperator): create_entry_group>, delete_entry_group already registered for DAG: example_complex
[2023-05-25T14:10:14.912+0530] {logging_mixin.py:149} INFO - [2023-05-25T14:10:14.912+0530] {taskmixin.py:211} WARNING - Dependency <Task(BashOperator): delete_entry_group>, create_entry_group already registered for DAG: example_complex
[2023-05-25T14:10:14.912+0530] {logging_mixin.py:149} INFO - [2023-05-25T14:10:14.912+0530] {taskmixin.py:211} WARNING - Dependency <Task(BashOperator): create_entry_gcs>, delete_entry already registered for DAG: example_complex
[2023-05-25T14:10:14.913+0530] {logging_mixin.py:149} INFO - [2023-05-25T14:10:14.913+0530] {taskmixin.py:211} WARNING - Dependency <Task(BashOperator): delete_entry>, create_entry_gcs already registered for DAG: example_complex
[2023-05-25T14:10:14.913+0530] {logging_mixin.py:149} INFO - [2023-05-25T14:10:14.913+0530] {taskmixin.py:211} WARNING - Dependency <Task(BashOperator): create_tag>, delete_tag already registered for DAG: example_complex
[2023-05-25T14:10:14.913+0530] {logging_mixin.py:149} INFO - [2023-05-25T14:10:14.913+0530] {taskmixin.py:211} WARNING - Dependency <Task(BashOperator): delete_tag>, create_tag already registered for DAG: example_complex
[2023-05-25T14:10:14.932+0530] {processor.py:836} INFO - DAG(s) dict_keys(['example_complex']) retrieved from /Users/silvesterjk/Projects/Data Engineering/DEProject/venv/lib/python3.9/site-packages/airflow/example_dags/example_complex.py
[2023-05-25T14:10:15.918+0530] {logging_mixin.py:149} INFO - [2023-05-25T14:10:15.917+0530] {dag.py:2726} INFO - Sync 1 DAGs
[2023-05-25T14:10:15.946+0530] {logging_mixin.py:149} INFO - [2023-05-25T14:10:15.946+0530] {dag.py:3486} INFO - Setting next_dagrun for example_complex to None, run_after=None
[2023-05-25T14:10:15.974+0530] {processor.py:179} INFO - Processing /Users/silvesterjk/Projects/Data Engineering/DEProject/venv/lib/python3.9/site-packages/airflow/example_dags/example_complex.py took 1.079 seconds
