[2023-05-25T14:01:40.686+0530] {processor.py:157} INFO - Started process (PID=23748) to work on /Users/silvesterjk/Projects/Data Engineering/DEProject/venv/lib/python3.9/site-packages/airflow/example_dags/example_branch_labels.py
[2023-05-25T14:01:40.687+0530] {processor.py:826} INFO - Processing file /Users/silvesterjk/Projects/Data Engineering/DEProject/venv/lib/python3.9/site-packages/airflow/example_dags/example_branch_labels.py for tasks to queue
[2023-05-25T14:01:40.687+0530] {logging_mixin.py:149} INFO - [2023-05-25T14:01:40.687+0530] {dagbag.py:541} INFO - Filling up the DagBag from /Users/silvesterjk/Projects/Data Engineering/DEProject/venv/lib/python3.9/site-packages/airflow/example_dags/example_branch_labels.py
[2023-05-25T14:01:40.713+0530] {processor.py:836} INFO - DAG(s) dict_keys(['example_branch_labels']) retrieved from /Users/silvesterjk/Projects/Data Engineering/DEProject/venv/lib/python3.9/site-packages/airflow/example_dags/example_branch_labels.py
[2023-05-25T14:01:41.700+0530] {logging_mixin.py:149} INFO - [2023-05-25T14:01:41.700+0530] {dag.py:2726} INFO - Sync 1 DAGs
[2023-05-25T14:01:41.721+0530] {logging_mixin.py:149} INFO - [2023-05-25T14:01:41.721+0530] {dag.py:3486} INFO - Setting next_dagrun for example_branch_labels to 2023-05-24T00:00:00+00:00, run_after=2023-05-25T00:00:00+00:00
[2023-05-25T14:01:41.744+0530] {processor.py:179} INFO - Processing /Users/silvesterjk/Projects/Data Engineering/DEProject/venv/lib/python3.9/site-packages/airflow/example_dags/example_branch_labels.py took 1.059 seconds
[2023-05-25T14:06:12.957+0530] {processor.py:157} INFO - Started process (PID=23900) to work on /Users/silvesterjk/Projects/Data Engineering/DEProject/venv/lib/python3.9/site-packages/airflow/example_dags/example_branch_labels.py
[2023-05-25T14:06:12.959+0530] {processor.py:826} INFO - Processing file /Users/silvesterjk/Projects/Data Engineering/DEProject/venv/lib/python3.9/site-packages/airflow/example_dags/example_branch_labels.py for tasks to queue
[2023-05-25T14:06:12.960+0530] {logging_mixin.py:149} INFO - [2023-05-25T14:06:12.960+0530] {dagbag.py:541} INFO - Filling up the DagBag from /Users/silvesterjk/Projects/Data Engineering/DEProject/venv/lib/python3.9/site-packages/airflow/example_dags/example_branch_labels.py
[2023-05-25T14:06:12.984+0530] {processor.py:836} INFO - DAG(s) dict_keys(['example_branch_labels']) retrieved from /Users/silvesterjk/Projects/Data Engineering/DEProject/venv/lib/python3.9/site-packages/airflow/example_dags/example_branch_labels.py
[2023-05-25T14:06:13.811+0530] {logging_mixin.py:149} INFO - [2023-05-25T14:06:13.810+0530] {dag.py:2726} INFO - Sync 1 DAGs
[2023-05-25T14:06:13.833+0530] {logging_mixin.py:149} INFO - [2023-05-25T14:06:13.832+0530] {dag.py:3486} INFO - Setting next_dagrun for example_branch_labels to 2023-05-24T00:00:00+00:00, run_after=2023-05-25T00:00:00+00:00
[2023-05-25T14:06:13.857+0530] {processor.py:179} INFO - Processing /Users/silvesterjk/Projects/Data Engineering/DEProject/venv/lib/python3.9/site-packages/airflow/example_dags/example_branch_labels.py took 0.901 seconds
[2023-05-25T14:10:30.858+0530] {processor.py:157} INFO - Started process (PID=24048) to work on /Users/silvesterjk/Projects/Data Engineering/DEProject/venv/lib/python3.9/site-packages/airflow/example_dags/example_branch_labels.py
[2023-05-25T14:10:30.861+0530] {processor.py:826} INFO - Processing file /Users/silvesterjk/Projects/Data Engineering/DEProject/venv/lib/python3.9/site-packages/airflow/example_dags/example_branch_labels.py for tasks to queue
[2023-05-25T14:10:30.862+0530] {logging_mixin.py:149} INFO - [2023-05-25T14:10:30.861+0530] {dagbag.py:541} INFO - Filling up the DagBag from /Users/silvesterjk/Projects/Data Engineering/DEProject/venv/lib/python3.9/site-packages/airflow/example_dags/example_branch_labels.py
[2023-05-25T14:10:30.889+0530] {processor.py:836} INFO - DAG(s) dict_keys(['example_branch_labels']) retrieved from /Users/silvesterjk/Projects/Data Engineering/DEProject/venv/lib/python3.9/site-packages/airflow/example_dags/example_branch_labels.py
[2023-05-25T14:10:31.770+0530] {logging_mixin.py:149} INFO - [2023-05-25T14:10:31.769+0530] {dag.py:2726} INFO - Sync 1 DAGs
[2023-05-25T14:10:31.793+0530] {logging_mixin.py:149} INFO - [2023-05-25T14:10:31.793+0530] {dag.py:3486} INFO - Setting next_dagrun for example_branch_labels to 2023-05-24T00:00:00+00:00, run_after=2023-05-25T00:00:00+00:00
[2023-05-25T14:10:31.823+0530] {processor.py:179} INFO - Processing /Users/silvesterjk/Projects/Data Engineering/DEProject/venv/lib/python3.9/site-packages/airflow/example_dags/example_branch_labels.py took 0.966 seconds
