[2023-05-25T13:49:50.323+0530] {processor.py:157} INFO - Started process (PID=23372) to work on /Users/silvesterjk/Projects/Data Engineering/DEProject/venv/lib/python3.9/site-packages/airflow/example_dags/example_task_group_decorator.py
[2023-05-25T13:49:50.323+0530] {processor.py:826} INFO - Processing file /Users/silvesterjk/Projects/Data Engineering/DEProject/venv/lib/python3.9/site-packages/airflow/example_dags/example_task_group_decorator.py for tasks to queue
[2023-05-25T13:49:50.324+0530] {logging_mixin.py:149} INFO - [2023-05-25T13:49:50.324+0530] {dagbag.py:541} INFO - Filling up the DagBag from /Users/silvesterjk/Projects/Data Engineering/DEProject/venv/lib/python3.9/site-packages/airflow/example_dags/example_task_group_decorator.py
[2023-05-25T13:49:50.389+0530] {processor.py:836} INFO - DAG(s) dict_keys(['example_task_group_decorator']) retrieved from /Users/silvesterjk/Projects/Data Engineering/DEProject/venv/lib/python3.9/site-packages/airflow/example_dags/example_task_group_decorator.py
[2023-05-25T13:49:51.324+0530] {logging_mixin.py:149} INFO - [2023-05-25T13:49:51.323+0530] {manager.py:504} INFO - Created Permission View: can delete on DAG:example_task_group_decorator
[2023-05-25T13:49:51.334+0530] {logging_mixin.py:149} INFO - [2023-05-25T13:49:51.334+0530] {manager.py:504} INFO - Created Permission View: can read on DAG:example_task_group_decorator
[2023-05-25T13:49:51.342+0530] {logging_mixin.py:149} INFO - [2023-05-25T13:49:51.342+0530] {manager.py:504} INFO - Created Permission View: can edit on DAG:example_task_group_decorator
[2023-05-25T13:49:51.343+0530] {logging_mixin.py:149} INFO - [2023-05-25T13:49:51.342+0530] {dag.py:2726} INFO - Sync 1 DAGs
[2023-05-25T13:49:51.360+0530] {logging_mixin.py:149} INFO - [2023-05-25T13:49:51.360+0530] {dag.py:2747} INFO - Creating ORM DAG for example_task_group_decorator
[2023-05-25T13:49:51.370+0530] {logging_mixin.py:149} INFO - [2023-05-25T13:49:51.370+0530] {dag.py:3486} INFO - Setting next_dagrun for example_task_group_decorator to 2023-05-24T08:19:51.370394+00:00, run_after=2023-05-25T08:19:51.370394+00:00
[2023-05-25T13:49:51.392+0530] {processor.py:179} INFO - Processing /Users/silvesterjk/Projects/Data Engineering/DEProject/venv/lib/python3.9/site-packages/airflow/example_dags/example_task_group_decorator.py took 1.070 seconds
[2023-05-25T13:57:30.999+0530] {processor.py:157} INFO - Started process (PID=23540) to work on /Users/silvesterjk/Projects/Data Engineering/DEProject/venv/lib/python3.9/site-packages/airflow/example_dags/example_task_group_decorator.py
[2023-05-25T13:57:31.002+0530] {processor.py:826} INFO - Processing file /Users/silvesterjk/Projects/Data Engineering/DEProject/venv/lib/python3.9/site-packages/airflow/example_dags/example_task_group_decorator.py for tasks to queue
[2023-05-25T13:57:31.003+0530] {logging_mixin.py:149} INFO - [2023-05-25T13:57:31.003+0530] {dagbag.py:541} INFO - Filling up the DagBag from /Users/silvesterjk/Projects/Data Engineering/DEProject/venv/lib/python3.9/site-packages/airflow/example_dags/example_task_group_decorator.py
[2023-05-25T13:57:31.067+0530] {processor.py:836} INFO - DAG(s) dict_keys(['example_task_group_decorator']) retrieved from /Users/silvesterjk/Projects/Data Engineering/DEProject/venv/lib/python3.9/site-packages/airflow/example_dags/example_task_group_decorator.py
[2023-05-25T13:57:31.999+0530] {logging_mixin.py:149} INFO - [2023-05-25T13:57:31.999+0530] {dag.py:2726} INFO - Sync 1 DAGs
[2023-05-25T13:57:32.022+0530] {logging_mixin.py:149} INFO - [2023-05-25T13:57:32.022+0530] {dag.py:3486} INFO - Setting next_dagrun for example_task_group_decorator to 2023-05-24T08:27:32.022238+00:00, run_after=2023-05-25T08:27:32.022238+00:00
[2023-05-25T13:57:32.045+0530] {processor.py:179} INFO - Processing /Users/silvesterjk/Projects/Data Engineering/DEProject/venv/lib/python3.9/site-packages/airflow/example_dags/example_task_group_decorator.py took 1.047 seconds
[2023-05-25T13:59:41.955+0530] {processor.py:157} INFO - Started process (PID=23675) to work on /Users/silvesterjk/Projects/Data Engineering/DEProject/venv/lib/python3.9/site-packages/airflow/example_dags/example_task_group_decorator.py
[2023-05-25T13:59:41.956+0530] {processor.py:826} INFO - Processing file /Users/silvesterjk/Projects/Data Engineering/DEProject/venv/lib/python3.9/site-packages/airflow/example_dags/example_task_group_decorator.py for tasks to queue
[2023-05-25T13:59:41.957+0530] {logging_mixin.py:149} INFO - [2023-05-25T13:59:41.957+0530] {dagbag.py:541} INFO - Filling up the DagBag from /Users/silvesterjk/Projects/Data Engineering/DEProject/venv/lib/python3.9/site-packages/airflow/example_dags/example_task_group_decorator.py
[2023-05-25T13:59:42.026+0530] {processor.py:836} INFO - DAG(s) dict_keys(['example_task_group_decorator']) retrieved from /Users/silvesterjk/Projects/Data Engineering/DEProject/venv/lib/python3.9/site-packages/airflow/example_dags/example_task_group_decorator.py
[2023-05-25T13:59:42.893+0530] {logging_mixin.py:149} INFO - [2023-05-25T13:59:42.893+0530] {dag.py:2726} INFO - Sync 1 DAGs
[2023-05-25T13:59:42.915+0530] {logging_mixin.py:149} INFO - [2023-05-25T13:59:42.915+0530] {dag.py:3486} INFO - Setting next_dagrun for example_task_group_decorator to 2023-05-24T08:29:42.914989+00:00, run_after=2023-05-25T08:29:42.914989+00:00
[2023-05-25T13:59:42.937+0530] {processor.py:179} INFO - Processing /Users/silvesterjk/Projects/Data Engineering/DEProject/venv/lib/python3.9/site-packages/airflow/example_dags/example_task_group_decorator.py took 0.983 seconds
[2023-05-25T14:02:46.298+0530] {processor.py:157} INFO - Started process (PID=23777) to work on /Users/silvesterjk/Projects/Data Engineering/DEProject/venv/lib/python3.9/site-packages/airflow/example_dags/example_task_group_decorator.py
[2023-05-25T14:02:46.301+0530] {processor.py:826} INFO - Processing file /Users/silvesterjk/Projects/Data Engineering/DEProject/venv/lib/python3.9/site-packages/airflow/example_dags/example_task_group_decorator.py for tasks to queue
[2023-05-25T14:02:46.302+0530] {logging_mixin.py:149} INFO - [2023-05-25T14:02:46.302+0530] {dagbag.py:541} INFO - Filling up the DagBag from /Users/silvesterjk/Projects/Data Engineering/DEProject/venv/lib/python3.9/site-packages/airflow/example_dags/example_task_group_decorator.py
[2023-05-25T14:02:46.372+0530] {processor.py:836} INFO - DAG(s) dict_keys(['example_task_group_decorator']) retrieved from /Users/silvesterjk/Projects/Data Engineering/DEProject/venv/lib/python3.9/site-packages/airflow/example_dags/example_task_group_decorator.py
[2023-05-25T14:02:47.293+0530] {logging_mixin.py:149} INFO - [2023-05-25T14:02:47.292+0530] {dag.py:2726} INFO - Sync 1 DAGs
[2023-05-25T14:02:47.318+0530] {logging_mixin.py:149} INFO - [2023-05-25T14:02:47.317+0530] {dag.py:3486} INFO - Setting next_dagrun for example_task_group_decorator to 2023-05-24T08:32:47.317568+00:00, run_after=2023-05-25T08:32:47.317568+00:00
[2023-05-25T14:02:47.346+0530] {processor.py:179} INFO - Processing /Users/silvesterjk/Projects/Data Engineering/DEProject/venv/lib/python3.9/site-packages/airflow/example_dags/example_task_group_decorator.py took 1.049 seconds
[2023-05-25T14:05:05.236+0530] {processor.py:157} INFO - Started process (PID=23856) to work on /Users/silvesterjk/Projects/Data Engineering/DEProject/venv/lib/python3.9/site-packages/airflow/example_dags/example_task_group_decorator.py
[2023-05-25T14:05:05.239+0530] {processor.py:826} INFO - Processing file /Users/silvesterjk/Projects/Data Engineering/DEProject/venv/lib/python3.9/site-packages/airflow/example_dags/example_task_group_decorator.py for tasks to queue
[2023-05-25T14:05:05.242+0530] {logging_mixin.py:149} INFO - [2023-05-25T14:05:05.242+0530] {dagbag.py:541} INFO - Filling up the DagBag from /Users/silvesterjk/Projects/Data Engineering/DEProject/venv/lib/python3.9/site-packages/airflow/example_dags/example_task_group_decorator.py
[2023-05-25T14:05:05.362+0530] {processor.py:836} INFO - DAG(s) dict_keys(['example_task_group_decorator']) retrieved from /Users/silvesterjk/Projects/Data Engineering/DEProject/venv/lib/python3.9/site-packages/airflow/example_dags/example_task_group_decorator.py
[2023-05-25T14:05:08.058+0530] {logging_mixin.py:149} INFO - [2023-05-25T14:05:08.057+0530] {dag.py:2726} INFO - Sync 1 DAGs
[2023-05-25T14:05:08.092+0530] {logging_mixin.py:149} INFO - [2023-05-25T14:05:08.092+0530] {dag.py:3486} INFO - Setting next_dagrun for example_task_group_decorator to 2023-05-24T08:35:08.092082+00:00, run_after=2023-05-25T08:35:08.092082+00:00
[2023-05-25T14:05:08.127+0530] {processor.py:179} INFO - Processing /Users/silvesterjk/Projects/Data Engineering/DEProject/venv/lib/python3.9/site-packages/airflow/example_dags/example_task_group_decorator.py took 2.892 seconds
[2023-05-25T14:07:24.427+0530] {processor.py:157} INFO - Started process (PID=23969) to work on /Users/silvesterjk/Projects/Data Engineering/DEProject/venv/lib/python3.9/site-packages/airflow/example_dags/example_task_group_decorator.py
[2023-05-25T14:07:24.429+0530] {processor.py:826} INFO - Processing file /Users/silvesterjk/Projects/Data Engineering/DEProject/venv/lib/python3.9/site-packages/airflow/example_dags/example_task_group_decorator.py for tasks to queue
[2023-05-25T14:07:24.430+0530] {logging_mixin.py:149} INFO - [2023-05-25T14:07:24.430+0530] {dagbag.py:541} INFO - Filling up the DagBag from /Users/silvesterjk/Projects/Data Engineering/DEProject/venv/lib/python3.9/site-packages/airflow/example_dags/example_task_group_decorator.py
[2023-05-25T14:07:24.499+0530] {processor.py:836} INFO - DAG(s) dict_keys(['example_task_group_decorator']) retrieved from /Users/silvesterjk/Projects/Data Engineering/DEProject/venv/lib/python3.9/site-packages/airflow/example_dags/example_task_group_decorator.py
[2023-05-25T14:07:25.451+0530] {logging_mixin.py:149} INFO - [2023-05-25T14:07:25.451+0530] {dag.py:2726} INFO - Sync 1 DAGs
[2023-05-25T14:07:25.480+0530] {logging_mixin.py:149} INFO - [2023-05-25T14:07:25.479+0530] {dag.py:3486} INFO - Setting next_dagrun for example_task_group_decorator to 2023-05-24T08:37:25.479718+00:00, run_after=2023-05-25T08:37:25.479718+00:00
[2023-05-25T14:07:25.501+0530] {processor.py:179} INFO - Processing /Users/silvesterjk/Projects/Data Engineering/DEProject/venv/lib/python3.9/site-packages/airflow/example_dags/example_task_group_decorator.py took 1.075 seconds
[2023-05-25T14:09:25.738+0530] {processor.py:157} INFO - Started process (PID=24024) to work on /Users/silvesterjk/Projects/Data Engineering/DEProject/venv/lib/python3.9/site-packages/airflow/example_dags/example_task_group_decorator.py
[2023-05-25T14:09:25.741+0530] {processor.py:826} INFO - Processing file /Users/silvesterjk/Projects/Data Engineering/DEProject/venv/lib/python3.9/site-packages/airflow/example_dags/example_task_group_decorator.py for tasks to queue
[2023-05-25T14:09:25.743+0530] {logging_mixin.py:149} INFO - [2023-05-25T14:09:25.743+0530] {dagbag.py:541} INFO - Filling up the DagBag from /Users/silvesterjk/Projects/Data Engineering/DEProject/venv/lib/python3.9/site-packages/airflow/example_dags/example_task_group_decorator.py
[2023-05-25T14:09:25.809+0530] {processor.py:836} INFO - DAG(s) dict_keys(['example_task_group_decorator']) retrieved from /Users/silvesterjk/Projects/Data Engineering/DEProject/venv/lib/python3.9/site-packages/airflow/example_dags/example_task_group_decorator.py
[2023-05-25T14:09:26.678+0530] {logging_mixin.py:149} INFO - [2023-05-25T14:09:26.678+0530] {dag.py:2726} INFO - Sync 1 DAGs
[2023-05-25T14:09:26.702+0530] {logging_mixin.py:149} INFO - [2023-05-25T14:09:26.702+0530] {dag.py:3486} INFO - Setting next_dagrun for example_task_group_decorator to 2023-05-24T08:39:26.701832+00:00, run_after=2023-05-25T08:39:26.701832+00:00
[2023-05-25T14:09:26.730+0530] {processor.py:179} INFO - Processing /Users/silvesterjk/Projects/Data Engineering/DEProject/venv/lib/python3.9/site-packages/airflow/example_dags/example_task_group_decorator.py took 0.994 seconds
