[2023-05-25T14:00:20.990+0530] {processor.py:157} INFO - Started process (PID=23698) to work on /Users/silvesterjk/Projects/Data Engineering/DEProject/venv/lib/python3.9/site-packages/airflow/example_dags/example_python_operator.py
[2023-05-25T14:00:20.990+0530] {processor.py:826} INFO - Processing file /Users/silvesterjk/Projects/Data Engineering/DEProject/venv/lib/python3.9/site-packages/airflow/example_dags/example_python_operator.py for tasks to queue
[2023-05-25T14:00:20.991+0530] {logging_mixin.py:149} INFO - [2023-05-25T14:00:20.991+0530] {dagbag.py:541} INFO - Filling up the DagBag from /Users/silvesterjk/Projects/Data Engineering/DEProject/venv/lib/python3.9/site-packages/airflow/example_dags/example_python_operator.py
[2023-05-25T14:00:21.050+0530] {logging_mixin.py:149} INFO - [2023-05-25T14:00:21.050+0530] {taskmixin.py:211} WARNING - Dependency <Task(_PythonDecoratedOperator): print_the_context>, log_sql_query already registered for DAG: example_python_operator
[2023-05-25T14:00:21.050+0530] {logging_mixin.py:149} INFO - [2023-05-25T14:00:21.050+0530] {taskmixin.py:211} WARNING - Dependency <Task(_PythonDecoratedOperator): log_sql_query>, print_the_context already registered for DAG: example_python_operator
[2023-05-25T14:00:21.051+0530] {logging_mixin.py:149} INFO - [2023-05-25T14:00:21.051+0530] {taskmixin.py:211} WARNING - Dependency <Task(_PythonDecoratedOperator): print_the_context>, log_sql_query already registered for DAG: example_python_operator
[2023-05-25T14:00:21.051+0530] {logging_mixin.py:149} INFO - [2023-05-25T14:00:21.051+0530] {taskmixin.py:211} WARNING - Dependency <Task(_PythonDecoratedOperator): log_sql_query>, print_the_context already registered for DAG: example_python_operator
[2023-05-25T14:00:21.052+0530] {logging_mixin.py:149} INFO - [2023-05-25T14:00:21.052+0530] {taskmixin.py:211} WARNING - Dependency <Task(_PythonDecoratedOperator): print_the_context>, log_sql_query already registered for DAG: example_python_operator
[2023-05-25T14:00:21.052+0530] {logging_mixin.py:149} INFO - [2023-05-25T14:00:21.052+0530] {taskmixin.py:211} WARNING - Dependency <Task(_PythonDecoratedOperator): log_sql_query>, print_the_context already registered for DAG: example_python_operator
[2023-05-25T14:00:21.053+0530] {logging_mixin.py:149} INFO - [2023-05-25T14:00:21.053+0530] {taskmixin.py:211} WARNING - Dependency <Task(_PythonDecoratedOperator): print_the_context>, log_sql_query already registered for DAG: example_python_operator
[2023-05-25T14:00:21.053+0530] {logging_mixin.py:149} INFO - [2023-05-25T14:00:21.053+0530] {taskmixin.py:211} WARNING - Dependency <Task(_PythonDecoratedOperator): log_sql_query>, print_the_context already registered for DAG: example_python_operator
[2023-05-25T14:00:21.062+0530] {processor.py:836} INFO - DAG(s) dict_keys(['example_python_operator']) retrieved from /Users/silvesterjk/Projects/Data Engineering/DEProject/venv/lib/python3.9/site-packages/airflow/example_dags/example_python_operator.py
[2023-05-25T14:00:23.030+0530] {logging_mixin.py:149} INFO - [2023-05-25T14:00:23.029+0530] {dag.py:2726} INFO - Sync 1 DAGs
[2023-05-25T14:00:23.116+0530] {logging_mixin.py:149} INFO - [2023-05-25T14:00:23.116+0530] {dag.py:3486} INFO - Setting next_dagrun for example_python_operator to None, run_after=None
[2023-05-25T14:00:23.165+0530] {processor.py:179} INFO - Processing /Users/silvesterjk/Projects/Data Engineering/DEProject/venv/lib/python3.9/site-packages/airflow/example_dags/example_python_operator.py took 2.176 seconds
[2023-05-25T14:03:24.994+0530] {processor.py:157} INFO - Started process (PID=23792) to work on /Users/silvesterjk/Projects/Data Engineering/DEProject/venv/lib/python3.9/site-packages/airflow/example_dags/example_python_operator.py
[2023-05-25T14:03:24.996+0530] {processor.py:826} INFO - Processing file /Users/silvesterjk/Projects/Data Engineering/DEProject/venv/lib/python3.9/site-packages/airflow/example_dags/example_python_operator.py for tasks to queue
[2023-05-25T14:03:24.997+0530] {logging_mixin.py:149} INFO - [2023-05-25T14:03:24.997+0530] {dagbag.py:541} INFO - Filling up the DagBag from /Users/silvesterjk/Projects/Data Engineering/DEProject/venv/lib/python3.9/site-packages/airflow/example_dags/example_python_operator.py
[2023-05-25T14:03:25.065+0530] {logging_mixin.py:149} INFO - [2023-05-25T14:03:25.064+0530] {taskmixin.py:211} WARNING - Dependency <Task(_PythonDecoratedOperator): print_the_context>, log_sql_query already registered for DAG: example_python_operator
[2023-05-25T14:03:25.065+0530] {logging_mixin.py:149} INFO - [2023-05-25T14:03:25.065+0530] {taskmixin.py:211} WARNING - Dependency <Task(_PythonDecoratedOperator): log_sql_query>, print_the_context already registered for DAG: example_python_operator
[2023-05-25T14:03:25.067+0530] {logging_mixin.py:149} INFO - [2023-05-25T14:03:25.067+0530] {taskmixin.py:211} WARNING - Dependency <Task(_PythonDecoratedOperator): print_the_context>, log_sql_query already registered for DAG: example_python_operator
[2023-05-25T14:03:25.068+0530] {logging_mixin.py:149} INFO - [2023-05-25T14:03:25.068+0530] {taskmixin.py:211} WARNING - Dependency <Task(_PythonDecoratedOperator): log_sql_query>, print_the_context already registered for DAG: example_python_operator
[2023-05-25T14:03:25.069+0530] {logging_mixin.py:149} INFO - [2023-05-25T14:03:25.069+0530] {taskmixin.py:211} WARNING - Dependency <Task(_PythonDecoratedOperator): print_the_context>, log_sql_query already registered for DAG: example_python_operator
[2023-05-25T14:03:25.069+0530] {logging_mixin.py:149} INFO - [2023-05-25T14:03:25.069+0530] {taskmixin.py:211} WARNING - Dependency <Task(_PythonDecoratedOperator): log_sql_query>, print_the_context already registered for DAG: example_python_operator
[2023-05-25T14:03:25.070+0530] {logging_mixin.py:149} INFO - [2023-05-25T14:03:25.070+0530] {taskmixin.py:211} WARNING - Dependency <Task(_PythonDecoratedOperator): print_the_context>, log_sql_query already registered for DAG: example_python_operator
[2023-05-25T14:03:25.070+0530] {logging_mixin.py:149} INFO - [2023-05-25T14:03:25.070+0530] {taskmixin.py:211} WARNING - Dependency <Task(_PythonDecoratedOperator): log_sql_query>, print_the_context already registered for DAG: example_python_operator
[2023-05-25T14:03:25.084+0530] {processor.py:836} INFO - DAG(s) dict_keys(['example_python_operator']) retrieved from /Users/silvesterjk/Projects/Data Engineering/DEProject/venv/lib/python3.9/site-packages/airflow/example_dags/example_python_operator.py
[2023-05-25T14:03:26.026+0530] {logging_mixin.py:149} INFO - [2023-05-25T14:03:26.026+0530] {dag.py:2726} INFO - Sync 1 DAGs
[2023-05-25T14:03:26.046+0530] {logging_mixin.py:149} INFO - [2023-05-25T14:03:26.046+0530] {dag.py:3486} INFO - Setting next_dagrun for example_python_operator to None, run_after=None
[2023-05-25T14:03:26.076+0530] {processor.py:179} INFO - Processing /Users/silvesterjk/Projects/Data Engineering/DEProject/venv/lib/python3.9/site-packages/airflow/example_dags/example_python_operator.py took 1.083 seconds
[2023-05-25T14:05:45.637+0530] {processor.py:157} INFO - Started process (PID=23877) to work on /Users/silvesterjk/Projects/Data Engineering/DEProject/venv/lib/python3.9/site-packages/airflow/example_dags/example_python_operator.py
[2023-05-25T14:05:45.639+0530] {processor.py:826} INFO - Processing file /Users/silvesterjk/Projects/Data Engineering/DEProject/venv/lib/python3.9/site-packages/airflow/example_dags/example_python_operator.py for tasks to queue
[2023-05-25T14:05:45.640+0530] {logging_mixin.py:149} INFO - [2023-05-25T14:05:45.640+0530] {dagbag.py:541} INFO - Filling up the DagBag from /Users/silvesterjk/Projects/Data Engineering/DEProject/venv/lib/python3.9/site-packages/airflow/example_dags/example_python_operator.py
[2023-05-25T14:05:45.696+0530] {logging_mixin.py:149} INFO - [2023-05-25T14:05:45.696+0530] {taskmixin.py:211} WARNING - Dependency <Task(_PythonDecoratedOperator): print_the_context>, log_sql_query already registered for DAG: example_python_operator
[2023-05-25T14:05:45.696+0530] {logging_mixin.py:149} INFO - [2023-05-25T14:05:45.696+0530] {taskmixin.py:211} WARNING - Dependency <Task(_PythonDecoratedOperator): log_sql_query>, print_the_context already registered for DAG: example_python_operator
[2023-05-25T14:05:45.697+0530] {logging_mixin.py:149} INFO - [2023-05-25T14:05:45.697+0530] {taskmixin.py:211} WARNING - Dependency <Task(_PythonDecoratedOperator): print_the_context>, log_sql_query already registered for DAG: example_python_operator
[2023-05-25T14:05:45.697+0530] {logging_mixin.py:149} INFO - [2023-05-25T14:05:45.697+0530] {taskmixin.py:211} WARNING - Dependency <Task(_PythonDecoratedOperator): log_sql_query>, print_the_context already registered for DAG: example_python_operator
[2023-05-25T14:05:45.698+0530] {logging_mixin.py:149} INFO - [2023-05-25T14:05:45.698+0530] {taskmixin.py:211} WARNING - Dependency <Task(_PythonDecoratedOperator): print_the_context>, log_sql_query already registered for DAG: example_python_operator
[2023-05-25T14:05:45.698+0530] {logging_mixin.py:149} INFO - [2023-05-25T14:05:45.698+0530] {taskmixin.py:211} WARNING - Dependency <Task(_PythonDecoratedOperator): log_sql_query>, print_the_context already registered for DAG: example_python_operator
[2023-05-25T14:05:45.699+0530] {logging_mixin.py:149} INFO - [2023-05-25T14:05:45.699+0530] {taskmixin.py:211} WARNING - Dependency <Task(_PythonDecoratedOperator): print_the_context>, log_sql_query already registered for DAG: example_python_operator
[2023-05-25T14:05:45.699+0530] {logging_mixin.py:149} INFO - [2023-05-25T14:05:45.699+0530] {taskmixin.py:211} WARNING - Dependency <Task(_PythonDecoratedOperator): log_sql_query>, print_the_context already registered for DAG: example_python_operator
[2023-05-25T14:05:45.709+0530] {processor.py:836} INFO - DAG(s) dict_keys(['example_python_operator']) retrieved from /Users/silvesterjk/Projects/Data Engineering/DEProject/venv/lib/python3.9/site-packages/airflow/example_dags/example_python_operator.py
[2023-05-25T14:05:46.651+0530] {logging_mixin.py:149} INFO - [2023-05-25T14:05:46.651+0530] {dag.py:2726} INFO - Sync 1 DAGs
[2023-05-25T14:05:46.672+0530] {logging_mixin.py:149} INFO - [2023-05-25T14:05:46.672+0530] {dag.py:3486} INFO - Setting next_dagrun for example_python_operator to None, run_after=None
[2023-05-25T14:05:46.697+0530] {processor.py:179} INFO - Processing /Users/silvesterjk/Projects/Data Engineering/DEProject/venv/lib/python3.9/site-packages/airflow/example_dags/example_python_operator.py took 1.061 seconds
[2023-05-25T14:08:01.254+0530] {processor.py:157} INFO - Started process (PID=23985) to work on /Users/silvesterjk/Projects/Data Engineering/DEProject/venv/lib/python3.9/site-packages/airflow/example_dags/example_python_operator.py
[2023-05-25T14:08:01.256+0530] {processor.py:826} INFO - Processing file /Users/silvesterjk/Projects/Data Engineering/DEProject/venv/lib/python3.9/site-packages/airflow/example_dags/example_python_operator.py for tasks to queue
[2023-05-25T14:08:01.257+0530] {logging_mixin.py:149} INFO - [2023-05-25T14:08:01.257+0530] {dagbag.py:541} INFO - Filling up the DagBag from /Users/silvesterjk/Projects/Data Engineering/DEProject/venv/lib/python3.9/site-packages/airflow/example_dags/example_python_operator.py
[2023-05-25T14:08:01.309+0530] {logging_mixin.py:149} INFO - [2023-05-25T14:08:01.308+0530] {taskmixin.py:211} WARNING - Dependency <Task(_PythonDecoratedOperator): print_the_context>, log_sql_query already registered for DAG: example_python_operator
[2023-05-25T14:08:01.309+0530] {logging_mixin.py:149} INFO - [2023-05-25T14:08:01.309+0530] {taskmixin.py:211} WARNING - Dependency <Task(_PythonDecoratedOperator): log_sql_query>, print_the_context already registered for DAG: example_python_operator
[2023-05-25T14:08:01.310+0530] {logging_mixin.py:149} INFO - [2023-05-25T14:08:01.309+0530] {taskmixin.py:211} WARNING - Dependency <Task(_PythonDecoratedOperator): print_the_context>, log_sql_query already registered for DAG: example_python_operator
[2023-05-25T14:08:01.310+0530] {logging_mixin.py:149} INFO - [2023-05-25T14:08:01.310+0530] {taskmixin.py:211} WARNING - Dependency <Task(_PythonDecoratedOperator): log_sql_query>, print_the_context already registered for DAG: example_python_operator
[2023-05-25T14:08:01.311+0530] {logging_mixin.py:149} INFO - [2023-05-25T14:08:01.310+0530] {taskmixin.py:211} WARNING - Dependency <Task(_PythonDecoratedOperator): print_the_context>, log_sql_query already registered for DAG: example_python_operator
[2023-05-25T14:08:01.311+0530] {logging_mixin.py:149} INFO - [2023-05-25T14:08:01.311+0530] {taskmixin.py:211} WARNING - Dependency <Task(_PythonDecoratedOperator): log_sql_query>, print_the_context already registered for DAG: example_python_operator
[2023-05-25T14:08:01.312+0530] {logging_mixin.py:149} INFO - [2023-05-25T14:08:01.311+0530] {taskmixin.py:211} WARNING - Dependency <Task(_PythonDecoratedOperator): print_the_context>, log_sql_query already registered for DAG: example_python_operator
[2023-05-25T14:08:01.312+0530] {logging_mixin.py:149} INFO - [2023-05-25T14:08:01.312+0530] {taskmixin.py:211} WARNING - Dependency <Task(_PythonDecoratedOperator): log_sql_query>, print_the_context already registered for DAG: example_python_operator
[2023-05-25T14:08:01.320+0530] {processor.py:836} INFO - DAG(s) dict_keys(['example_python_operator']) retrieved from /Users/silvesterjk/Projects/Data Engineering/DEProject/venv/lib/python3.9/site-packages/airflow/example_dags/example_python_operator.py
[2023-05-25T14:08:02.162+0530] {logging_mixin.py:149} INFO - [2023-05-25T14:08:02.162+0530] {dag.py:2726} INFO - Sync 1 DAGs
[2023-05-25T14:08:02.184+0530] {logging_mixin.py:149} INFO - [2023-05-25T14:08:02.184+0530] {dag.py:3486} INFO - Setting next_dagrun for example_python_operator to None, run_after=None
[2023-05-25T14:08:02.207+0530] {processor.py:179} INFO - Processing /Users/silvesterjk/Projects/Data Engineering/DEProject/venv/lib/python3.9/site-packages/airflow/example_dags/example_python_operator.py took 0.954 seconds
[2023-05-25T14:10:04.801+0530] {processor.py:157} INFO - Started process (PID=24040) to work on /Users/silvesterjk/Projects/Data Engineering/DEProject/venv/lib/python3.9/site-packages/airflow/example_dags/example_python_operator.py
[2023-05-25T14:10:04.802+0530] {processor.py:826} INFO - Processing file /Users/silvesterjk/Projects/Data Engineering/DEProject/venv/lib/python3.9/site-packages/airflow/example_dags/example_python_operator.py for tasks to queue
[2023-05-25T14:10:04.803+0530] {logging_mixin.py:149} INFO - [2023-05-25T14:10:04.802+0530] {dagbag.py:541} INFO - Filling up the DagBag from /Users/silvesterjk/Projects/Data Engineering/DEProject/venv/lib/python3.9/site-packages/airflow/example_dags/example_python_operator.py
[2023-05-25T14:10:04.875+0530] {logging_mixin.py:149} INFO - [2023-05-25T14:10:04.875+0530] {taskmixin.py:211} WARNING - Dependency <Task(_PythonDecoratedOperator): print_the_context>, log_sql_query already registered for DAG: example_python_operator
[2023-05-25T14:10:04.876+0530] {logging_mixin.py:149} INFO - [2023-05-25T14:10:04.875+0530] {taskmixin.py:211} WARNING - Dependency <Task(_PythonDecoratedOperator): log_sql_query>, print_the_context already registered for DAG: example_python_operator
[2023-05-25T14:10:04.877+0530] {logging_mixin.py:149} INFO - [2023-05-25T14:10:04.876+0530] {taskmixin.py:211} WARNING - Dependency <Task(_PythonDecoratedOperator): print_the_context>, log_sql_query already registered for DAG: example_python_operator
[2023-05-25T14:10:04.877+0530] {logging_mixin.py:149} INFO - [2023-05-25T14:10:04.877+0530] {taskmixin.py:211} WARNING - Dependency <Task(_PythonDecoratedOperator): log_sql_query>, print_the_context already registered for DAG: example_python_operator
[2023-05-25T14:10:04.878+0530] {logging_mixin.py:149} INFO - [2023-05-25T14:10:04.878+0530] {taskmixin.py:211} WARNING - Dependency <Task(_PythonDecoratedOperator): print_the_context>, log_sql_query already registered for DAG: example_python_operator
[2023-05-25T14:10:04.879+0530] {logging_mixin.py:149} INFO - [2023-05-25T14:10:04.879+0530] {taskmixin.py:211} WARNING - Dependency <Task(_PythonDecoratedOperator): log_sql_query>, print_the_context already registered for DAG: example_python_operator
[2023-05-25T14:10:04.879+0530] {logging_mixin.py:149} INFO - [2023-05-25T14:10:04.879+0530] {taskmixin.py:211} WARNING - Dependency <Task(_PythonDecoratedOperator): print_the_context>, log_sql_query already registered for DAG: example_python_operator
[2023-05-25T14:10:04.880+0530] {logging_mixin.py:149} INFO - [2023-05-25T14:10:04.880+0530] {taskmixin.py:211} WARNING - Dependency <Task(_PythonDecoratedOperator): log_sql_query>, print_the_context already registered for DAG: example_python_operator
[2023-05-25T14:10:04.889+0530] {processor.py:836} INFO - DAG(s) dict_keys(['example_python_operator']) retrieved from /Users/silvesterjk/Projects/Data Engineering/DEProject/venv/lib/python3.9/site-packages/airflow/example_dags/example_python_operator.py
[2023-05-25T14:10:05.864+0530] {logging_mixin.py:149} INFO - [2023-05-25T14:10:05.864+0530] {dag.py:2726} INFO - Sync 1 DAGs
[2023-05-25T14:10:05.885+0530] {logging_mixin.py:149} INFO - [2023-05-25T14:10:05.885+0530] {dag.py:3486} INFO - Setting next_dagrun for example_python_operator to None, run_after=None
[2023-05-25T14:10:05.912+0530] {processor.py:179} INFO - Processing /Users/silvesterjk/Projects/Data Engineering/DEProject/venv/lib/python3.9/site-packages/airflow/example_dags/example_python_operator.py took 1.112 seconds
