[2023-05-25T13:59:55.703+0530] {processor.py:157} INFO - Started process (PID=23684) to work on /Users/silvesterjk/Projects/Data Engineering/DEProject/venv/lib/python3.9/site-packages/airflow/example_dags/example_skip_dag.py
[2023-05-25T13:59:55.704+0530] {processor.py:826} INFO - Processing file /Users/silvesterjk/Projects/Data Engineering/DEProject/venv/lib/python3.9/site-packages/airflow/example_dags/example_skip_dag.py for tasks to queue
[2023-05-25T13:59:55.704+0530] {logging_mixin.py:149} INFO - [2023-05-25T13:59:55.704+0530] {dagbag.py:541} INFO - Filling up the DagBag from /Users/silvesterjk/Projects/Data Engineering/DEProject/venv/lib/python3.9/site-packages/airflow/example_dags/example_skip_dag.py
[2023-05-25T13:59:55.730+0530] {processor.py:836} INFO - DAG(s) dict_keys(['example_skip_dag']) retrieved from /Users/silvesterjk/Projects/Data Engineering/DEProject/venv/lib/python3.9/site-packages/airflow/example_dags/example_skip_dag.py
[2023-05-25T13:59:56.660+0530] {logging_mixin.py:149} INFO - [2023-05-25T13:59:56.660+0530] {dag.py:2726} INFO - Sync 1 DAGs
[2023-05-25T13:59:56.680+0530] {logging_mixin.py:149} INFO - [2023-05-25T13:59:56.680+0530] {dag.py:3486} INFO - Setting next_dagrun for example_skip_dag to 2023-05-24T08:29:56.680666+00:00, run_after=2023-05-25T08:29:56.680666+00:00
[2023-05-25T13:59:56.706+0530] {processor.py:179} INFO - Processing /Users/silvesterjk/Projects/Data Engineering/DEProject/venv/lib/python3.9/site-packages/airflow/example_dags/example_skip_dag.py took 1.004 seconds
[2023-05-25T14:03:00.611+0530] {processor.py:157} INFO - Started process (PID=23783) to work on /Users/silvesterjk/Projects/Data Engineering/DEProject/venv/lib/python3.9/site-packages/airflow/example_dags/example_skip_dag.py
[2023-05-25T14:03:00.612+0530] {processor.py:826} INFO - Processing file /Users/silvesterjk/Projects/Data Engineering/DEProject/venv/lib/python3.9/site-packages/airflow/example_dags/example_skip_dag.py for tasks to queue
[2023-05-25T14:03:00.613+0530] {logging_mixin.py:149} INFO - [2023-05-25T14:03:00.613+0530] {dagbag.py:541} INFO - Filling up the DagBag from /Users/silvesterjk/Projects/Data Engineering/DEProject/venv/lib/python3.9/site-packages/airflow/example_dags/example_skip_dag.py
[2023-05-25T14:03:00.634+0530] {processor.py:836} INFO - DAG(s) dict_keys(['example_skip_dag']) retrieved from /Users/silvesterjk/Projects/Data Engineering/DEProject/venv/lib/python3.9/site-packages/airflow/example_dags/example_skip_dag.py
[2023-05-25T14:03:01.620+0530] {logging_mixin.py:149} INFO - [2023-05-25T14:03:01.620+0530] {dag.py:2726} INFO - Sync 1 DAGs
[2023-05-25T14:03:01.639+0530] {logging_mixin.py:149} INFO - [2023-05-25T14:03:01.639+0530] {dag.py:3486} INFO - Setting next_dagrun for example_skip_dag to 2023-05-24T08:33:01.639303+00:00, run_after=2023-05-25T08:33:01.639303+00:00
[2023-05-25T14:03:01.661+0530] {processor.py:179} INFO - Processing /Users/silvesterjk/Projects/Data Engineering/DEProject/venv/lib/python3.9/site-packages/airflow/example_dags/example_skip_dag.py took 1.051 seconds
[2023-05-25T14:05:22.716+0530] {processor.py:157} INFO - Started process (PID=23866) to work on /Users/silvesterjk/Projects/Data Engineering/DEProject/venv/lib/python3.9/site-packages/airflow/example_dags/example_skip_dag.py
[2023-05-25T14:05:22.717+0530] {processor.py:826} INFO - Processing file /Users/silvesterjk/Projects/Data Engineering/DEProject/venv/lib/python3.9/site-packages/airflow/example_dags/example_skip_dag.py for tasks to queue
[2023-05-25T14:05:22.718+0530] {logging_mixin.py:149} INFO - [2023-05-25T14:05:22.717+0530] {dagbag.py:541} INFO - Filling up the DagBag from /Users/silvesterjk/Projects/Data Engineering/DEProject/venv/lib/python3.9/site-packages/airflow/example_dags/example_skip_dag.py
[2023-05-25T14:05:22.739+0530] {processor.py:836} INFO - DAG(s) dict_keys(['example_skip_dag']) retrieved from /Users/silvesterjk/Projects/Data Engineering/DEProject/venv/lib/python3.9/site-packages/airflow/example_dags/example_skip_dag.py
[2023-05-25T14:05:23.803+0530] {logging_mixin.py:149} INFO - [2023-05-25T14:05:23.802+0530] {dag.py:2726} INFO - Sync 1 DAGs
[2023-05-25T14:05:23.827+0530] {logging_mixin.py:149} INFO - [2023-05-25T14:05:23.827+0530] {dag.py:3486} INFO - Setting next_dagrun for example_skip_dag to 2023-05-24T08:35:23.827076+00:00, run_after=2023-05-25T08:35:23.827076+00:00
[2023-05-25T14:05:23.849+0530] {processor.py:179} INFO - Processing /Users/silvesterjk/Projects/Data Engineering/DEProject/venv/lib/python3.9/site-packages/airflow/example_dags/example_skip_dag.py took 1.134 seconds
[2023-05-25T14:07:38.190+0530] {processor.py:157} INFO - Started process (PID=23975) to work on /Users/silvesterjk/Projects/Data Engineering/DEProject/venv/lib/python3.9/site-packages/airflow/example_dags/example_skip_dag.py
[2023-05-25T14:07:38.193+0530] {processor.py:826} INFO - Processing file /Users/silvesterjk/Projects/Data Engineering/DEProject/venv/lib/python3.9/site-packages/airflow/example_dags/example_skip_dag.py for tasks to queue
[2023-05-25T14:07:38.193+0530] {logging_mixin.py:149} INFO - [2023-05-25T14:07:38.193+0530] {dagbag.py:541} INFO - Filling up the DagBag from /Users/silvesterjk/Projects/Data Engineering/DEProject/venv/lib/python3.9/site-packages/airflow/example_dags/example_skip_dag.py
[2023-05-25T14:07:38.222+0530] {processor.py:836} INFO - DAG(s) dict_keys(['example_skip_dag']) retrieved from /Users/silvesterjk/Projects/Data Engineering/DEProject/venv/lib/python3.9/site-packages/airflow/example_dags/example_skip_dag.py
[2023-05-25T14:07:39.239+0530] {logging_mixin.py:149} INFO - [2023-05-25T14:07:39.239+0530] {dag.py:2726} INFO - Sync 1 DAGs
[2023-05-25T14:07:39.260+0530] {logging_mixin.py:149} INFO - [2023-05-25T14:07:39.259+0530] {dag.py:3486} INFO - Setting next_dagrun for example_skip_dag to 2023-05-24T08:37:39.259749+00:00, run_after=2023-05-25T08:37:39.259749+00:00
[2023-05-25T14:07:39.284+0530] {processor.py:179} INFO - Processing /Users/silvesterjk/Projects/Data Engineering/DEProject/venv/lib/python3.9/site-packages/airflow/example_dags/example_skip_dag.py took 1.095 seconds
[2023-05-25T14:09:39.493+0530] {processor.py:157} INFO - Started process (PID=24029) to work on /Users/silvesterjk/Projects/Data Engineering/DEProject/venv/lib/python3.9/site-packages/airflow/example_dags/example_skip_dag.py
[2023-05-25T14:09:39.494+0530] {processor.py:826} INFO - Processing file /Users/silvesterjk/Projects/Data Engineering/DEProject/venv/lib/python3.9/site-packages/airflow/example_dags/example_skip_dag.py for tasks to queue
[2023-05-25T14:09:39.495+0530] {logging_mixin.py:149} INFO - [2023-05-25T14:09:39.495+0530] {dagbag.py:541} INFO - Filling up the DagBag from /Users/silvesterjk/Projects/Data Engineering/DEProject/venv/lib/python3.9/site-packages/airflow/example_dags/example_skip_dag.py
[2023-05-25T14:09:39.518+0530] {processor.py:836} INFO - DAG(s) dict_keys(['example_skip_dag']) retrieved from /Users/silvesterjk/Projects/Data Engineering/DEProject/venv/lib/python3.9/site-packages/airflow/example_dags/example_skip_dag.py
[2023-05-25T14:09:40.335+0530] {logging_mixin.py:149} INFO - [2023-05-25T14:09:40.335+0530] {dag.py:2726} INFO - Sync 1 DAGs
[2023-05-25T14:09:40.355+0530] {logging_mixin.py:149} INFO - [2023-05-25T14:09:40.355+0530] {dag.py:3486} INFO - Setting next_dagrun for example_skip_dag to 2023-05-24T08:39:40.355578+00:00, run_after=2023-05-25T08:39:40.355578+00:00
[2023-05-25T14:09:40.381+0530] {processor.py:179} INFO - Processing /Users/silvesterjk/Projects/Data Engineering/DEProject/venv/lib/python3.9/site-packages/airflow/example_dags/example_skip_dag.py took 0.888 seconds
