[2023-05-25T14:00:43.584+0530] {processor.py:157} INFO - Started process (PID=23721) to work on /Users/silvesterjk/Projects/Data Engineering/DEProject/venv/lib/python3.9/site-packages/airflow/example_dags/example_params_ui_tutorial.py
[2023-05-25T14:00:43.584+0530] {processor.py:826} INFO - Processing file /Users/silvesterjk/Projects/Data Engineering/DEProject/venv/lib/python3.9/site-packages/airflow/example_dags/example_params_ui_tutorial.py for tasks to queue
[2023-05-25T14:00:43.585+0530] {logging_mixin.py:149} INFO - [2023-05-25T14:00:43.585+0530] {dagbag.py:541} INFO - Filling up the DagBag from /Users/silvesterjk/Projects/Data Engineering/DEProject/venv/lib/python3.9/site-packages/airflow/example_dags/example_params_ui_tutorial.py
[2023-05-25T14:00:43.744+0530] {processor.py:836} INFO - DAG(s) dict_keys(['example_params_ui_tutorial']) retrieved from /Users/silvesterjk/Projects/Data Engineering/DEProject/venv/lib/python3.9/site-packages/airflow/example_dags/example_params_ui_tutorial.py
[2023-05-25T14:00:44.609+0530] {logging_mixin.py:149} INFO - [2023-05-25T14:00:44.608+0530] {dag.py:2726} INFO - Sync 1 DAGs
[2023-05-25T14:00:44.637+0530] {logging_mixin.py:149} INFO - [2023-05-25T14:00:44.637+0530] {dag.py:3486} INFO - Setting next_dagrun for example_params_ui_tutorial to None, run_after=None
[2023-05-25T14:00:44.694+0530] {processor.py:179} INFO - Processing /Users/silvesterjk/Projects/Data Engineering/DEProject/venv/lib/python3.9/site-packages/airflow/example_dags/example_params_ui_tutorial.py took 1.111 seconds
[2023-05-25T14:03:32.618+0530] {processor.py:157} INFO - Started process (PID=23795) to work on /Users/silvesterjk/Projects/Data Engineering/DEProject/venv/lib/python3.9/site-packages/airflow/example_dags/example_params_ui_tutorial.py
[2023-05-25T14:03:32.619+0530] {processor.py:826} INFO - Processing file /Users/silvesterjk/Projects/Data Engineering/DEProject/venv/lib/python3.9/site-packages/airflow/example_dags/example_params_ui_tutorial.py for tasks to queue
[2023-05-25T14:03:32.620+0530] {logging_mixin.py:149} INFO - [2023-05-25T14:03:32.620+0530] {dagbag.py:541} INFO - Filling up the DagBag from /Users/silvesterjk/Projects/Data Engineering/DEProject/venv/lib/python3.9/site-packages/airflow/example_dags/example_params_ui_tutorial.py
[2023-05-25T14:03:32.776+0530] {processor.py:836} INFO - DAG(s) dict_keys(['example_params_ui_tutorial']) retrieved from /Users/silvesterjk/Projects/Data Engineering/DEProject/venv/lib/python3.9/site-packages/airflow/example_dags/example_params_ui_tutorial.py
[2023-05-25T14:03:33.971+0530] {logging_mixin.py:149} INFO - [2023-05-25T14:03:33.971+0530] {dag.py:2726} INFO - Sync 1 DAGs
[2023-05-25T14:03:34.020+0530] {logging_mixin.py:149} INFO - [2023-05-25T14:03:34.020+0530] {dag.py:3486} INFO - Setting next_dagrun for example_params_ui_tutorial to None, run_after=None
[2023-05-25T14:03:34.119+0530] {processor.py:179} INFO - Processing /Users/silvesterjk/Projects/Data Engineering/DEProject/venv/lib/python3.9/site-packages/airflow/example_dags/example_params_ui_tutorial.py took 1.502 seconds
[2023-05-25T14:05:52.572+0530] {processor.py:157} INFO - Started process (PID=23892) to work on /Users/silvesterjk/Projects/Data Engineering/DEProject/venv/lib/python3.9/site-packages/airflow/example_dags/example_params_ui_tutorial.py
[2023-05-25T14:05:52.573+0530] {processor.py:826} INFO - Processing file /Users/silvesterjk/Projects/Data Engineering/DEProject/venv/lib/python3.9/site-packages/airflow/example_dags/example_params_ui_tutorial.py for tasks to queue
[2023-05-25T14:05:52.574+0530] {logging_mixin.py:149} INFO - [2023-05-25T14:05:52.574+0530] {dagbag.py:541} INFO - Filling up the DagBag from /Users/silvesterjk/Projects/Data Engineering/DEProject/venv/lib/python3.9/site-packages/airflow/example_dags/example_params_ui_tutorial.py
[2023-05-25T14:05:52.735+0530] {processor.py:836} INFO - DAG(s) dict_keys(['example_params_ui_tutorial']) retrieved from /Users/silvesterjk/Projects/Data Engineering/DEProject/venv/lib/python3.9/site-packages/airflow/example_dags/example_params_ui_tutorial.py
[2023-05-25T14:05:53.636+0530] {logging_mixin.py:149} INFO - [2023-05-25T14:05:53.636+0530] {dag.py:2726} INFO - Sync 1 DAGs
[2023-05-25T14:05:53.656+0530] {logging_mixin.py:149} INFO - [2023-05-25T14:05:53.656+0530] {dag.py:3486} INFO - Setting next_dagrun for example_params_ui_tutorial to None, run_after=None
[2023-05-25T14:05:53.681+0530] {processor.py:179} INFO - Processing /Users/silvesterjk/Projects/Data Engineering/DEProject/venv/lib/python3.9/site-packages/airflow/example_dags/example_params_ui_tutorial.py took 1.111 seconds
[2023-05-25T14:08:07.886+0530] {processor.py:157} INFO - Started process (PID=23988) to work on /Users/silvesterjk/Projects/Data Engineering/DEProject/venv/lib/python3.9/site-packages/airflow/example_dags/example_params_ui_tutorial.py
[2023-05-25T14:08:07.888+0530] {processor.py:826} INFO - Processing file /Users/silvesterjk/Projects/Data Engineering/DEProject/venv/lib/python3.9/site-packages/airflow/example_dags/example_params_ui_tutorial.py for tasks to queue
[2023-05-25T14:08:07.889+0530] {logging_mixin.py:149} INFO - [2023-05-25T14:08:07.889+0530] {dagbag.py:541} INFO - Filling up the DagBag from /Users/silvesterjk/Projects/Data Engineering/DEProject/venv/lib/python3.9/site-packages/airflow/example_dags/example_params_ui_tutorial.py
[2023-05-25T14:08:08.040+0530] {processor.py:836} INFO - DAG(s) dict_keys(['example_params_ui_tutorial']) retrieved from /Users/silvesterjk/Projects/Data Engineering/DEProject/venv/lib/python3.9/site-packages/airflow/example_dags/example_params_ui_tutorial.py
[2023-05-25T14:08:08.858+0530] {logging_mixin.py:149} INFO - [2023-05-25T14:08:08.857+0530] {dag.py:2726} INFO - Sync 1 DAGs
[2023-05-25T14:08:08.877+0530] {logging_mixin.py:149} INFO - [2023-05-25T14:08:08.877+0530] {dag.py:3486} INFO - Setting next_dagrun for example_params_ui_tutorial to None, run_after=None
[2023-05-25T14:08:08.902+0530] {processor.py:179} INFO - Processing /Users/silvesterjk/Projects/Data Engineering/DEProject/venv/lib/python3.9/site-packages/airflow/example_dags/example_params_ui_tutorial.py took 1.017 seconds
