[2023-05-25T13:57:37.901+0530] {processor.py:157} INFO - Started process (PID=23543) to work on /Users/silvesterjk/Projects/Data Engineering/DEProject/venv/lib/python3.9/site-packages/airflow/example_dags/example_subdag_operator.py
[2023-05-25T13:57:37.902+0530] {processor.py:826} INFO - Processing file /Users/silvesterjk/Projects/Data Engineering/DEProject/venv/lib/python3.9/site-packages/airflow/example_dags/example_subdag_operator.py for tasks to queue
[2023-05-25T13:57:37.903+0530] {logging_mixin.py:149} INFO - [2023-05-25T13:57:37.903+0530] {dagbag.py:541} INFO - Filling up the DagBag from /Users/silvesterjk/Projects/Data Engineering/DEProject/venv/lib/python3.9/site-packages/airflow/example_dags/example_subdag_operator.py
[2023-05-25T13:57:38.699+0530] {processor.py:836} INFO - DAG(s) dict_keys(['example_subdag_operator.section-1', 'example_subdag_operator.section-2', 'example_subdag_operator']) retrieved from /Users/silvesterjk/Projects/Data Engineering/DEProject/venv/lib/python3.9/site-packages/airflow/example_dags/example_subdag_operator.py
[2023-05-25T13:57:38.795+0530] {logging_mixin.py:149} INFO - [2023-05-25T13:57:38.795+0530] {dag.py:2726} INFO - Sync 3 DAGs
[2023-05-25T13:57:38.817+0530] {logging_mixin.py:149} INFO - [2023-05-25T13:57:38.816+0530] {dag.py:3486} INFO - Setting next_dagrun for example_subdag_operator to 2022-01-01T00:00:00+00:00, run_after=2022-01-01T00:00:00+00:00
[2023-05-25T13:57:38.820+0530] {logging_mixin.py:149} INFO - [2023-05-25T13:57:38.820+0530] {dag.py:3486} INFO - Setting next_dagrun for example_subdag_operator.section-1 to None, run_after=None
[2023-05-25T13:57:38.822+0530] {logging_mixin.py:149} INFO - [2023-05-25T13:57:38.821+0530] {dag.py:3486} INFO - Setting next_dagrun for example_subdag_operator.section-2 to None, run_after=None
[2023-05-25T13:57:38.830+0530] {logging_mixin.py:149} INFO - [2023-05-25T13:57:38.830+0530] {dag.py:2726} INFO - Sync 2 DAGs
[2023-05-25T13:57:38.835+0530] {logging_mixin.py:149} INFO - [2023-05-25T13:57:38.835+0530] {dag.py:3486} INFO - Setting next_dagrun for example_subdag_operator.section-1 to None, run_after=None
[2023-05-25T13:57:38.835+0530] {logging_mixin.py:149} INFO - [2023-05-25T13:57:38.835+0530] {dag.py:3486} INFO - Setting next_dagrun for example_subdag_operator.section-2 to None, run_after=None
[2023-05-25T13:57:38.852+0530] {processor.py:179} INFO - Processing /Users/silvesterjk/Projects/Data Engineering/DEProject/venv/lib/python3.9/site-packages/airflow/example_dags/example_subdag_operator.py took 0.953 seconds
[2023-05-25T13:59:48.597+0530] {processor.py:157} INFO - Started process (PID=23681) to work on /Users/silvesterjk/Projects/Data Engineering/DEProject/venv/lib/python3.9/site-packages/airflow/example_dags/example_subdag_operator.py
[2023-05-25T13:59:48.600+0530] {processor.py:826} INFO - Processing file /Users/silvesterjk/Projects/Data Engineering/DEProject/venv/lib/python3.9/site-packages/airflow/example_dags/example_subdag_operator.py for tasks to queue
[2023-05-25T13:59:48.600+0530] {logging_mixin.py:149} INFO - [2023-05-25T13:59:48.600+0530] {dagbag.py:541} INFO - Filling up the DagBag from /Users/silvesterjk/Projects/Data Engineering/DEProject/venv/lib/python3.9/site-packages/airflow/example_dags/example_subdag_operator.py
[2023-05-25T13:59:49.415+0530] {processor.py:836} INFO - DAG(s) dict_keys(['example_subdag_operator.section-1', 'example_subdag_operator.section-2', 'example_subdag_operator']) retrieved from /Users/silvesterjk/Projects/Data Engineering/DEProject/venv/lib/python3.9/site-packages/airflow/example_dags/example_subdag_operator.py
[2023-05-25T13:59:49.520+0530] {logging_mixin.py:149} INFO - [2023-05-25T13:59:49.519+0530] {dag.py:2726} INFO - Sync 3 DAGs
[2023-05-25T13:59:49.543+0530] {logging_mixin.py:149} INFO - [2023-05-25T13:59:49.542+0530] {dag.py:3486} INFO - Setting next_dagrun for example_subdag_operator to 2022-01-01T00:00:00+00:00, run_after=2022-01-01T00:00:00+00:00
[2023-05-25T13:59:49.546+0530] {logging_mixin.py:149} INFO - [2023-05-25T13:59:49.546+0530] {dag.py:3486} INFO - Setting next_dagrun for example_subdag_operator.section-1 to None, run_after=None
[2023-05-25T13:59:49.547+0530] {logging_mixin.py:149} INFO - [2023-05-25T13:59:49.547+0530] {dag.py:3486} INFO - Setting next_dagrun for example_subdag_operator.section-2 to None, run_after=None
[2023-05-25T13:59:49.554+0530] {logging_mixin.py:149} INFO - [2023-05-25T13:59:49.554+0530] {dag.py:2726} INFO - Sync 2 DAGs
[2023-05-25T13:59:49.560+0530] {logging_mixin.py:149} INFO - [2023-05-25T13:59:49.560+0530] {dag.py:3486} INFO - Setting next_dagrun for example_subdag_operator.section-1 to None, run_after=None
[2023-05-25T13:59:49.560+0530] {logging_mixin.py:149} INFO - [2023-05-25T13:59:49.560+0530] {dag.py:3486} INFO - Setting next_dagrun for example_subdag_operator.section-2 to None, run_after=None
[2023-05-25T13:59:49.576+0530] {processor.py:179} INFO - Processing /Users/silvesterjk/Projects/Data Engineering/DEProject/venv/lib/python3.9/site-packages/airflow/example_dags/example_subdag_operator.py took 0.980 seconds
[2023-05-25T14:02:53.879+0530] {processor.py:157} INFO - Started process (PID=23781) to work on /Users/silvesterjk/Projects/Data Engineering/DEProject/venv/lib/python3.9/site-packages/airflow/example_dags/example_subdag_operator.py
[2023-05-25T14:02:53.881+0530] {processor.py:826} INFO - Processing file /Users/silvesterjk/Projects/Data Engineering/DEProject/venv/lib/python3.9/site-packages/airflow/example_dags/example_subdag_operator.py for tasks to queue
[2023-05-25T14:02:53.882+0530] {logging_mixin.py:149} INFO - [2023-05-25T14:02:53.882+0530] {dagbag.py:541} INFO - Filling up the DagBag from /Users/silvesterjk/Projects/Data Engineering/DEProject/venv/lib/python3.9/site-packages/airflow/example_dags/example_subdag_operator.py
[2023-05-25T14:02:54.685+0530] {processor.py:836} INFO - DAG(s) dict_keys(['example_subdag_operator.section-1', 'example_subdag_operator.section-2', 'example_subdag_operator']) retrieved from /Users/silvesterjk/Projects/Data Engineering/DEProject/venv/lib/python3.9/site-packages/airflow/example_dags/example_subdag_operator.py
[2023-05-25T14:02:54.776+0530] {logging_mixin.py:149} INFO - [2023-05-25T14:02:54.775+0530] {dag.py:2726} INFO - Sync 3 DAGs
[2023-05-25T14:02:54.796+0530] {logging_mixin.py:149} INFO - [2023-05-25T14:02:54.796+0530] {dag.py:3486} INFO - Setting next_dagrun for example_subdag_operator to 2022-01-01T00:00:00+00:00, run_after=2022-01-01T00:00:00+00:00
[2023-05-25T14:02:54.799+0530] {logging_mixin.py:149} INFO - [2023-05-25T14:02:54.799+0530] {dag.py:3486} INFO - Setting next_dagrun for example_subdag_operator.section-1 to None, run_after=None
[2023-05-25T14:02:54.800+0530] {logging_mixin.py:149} INFO - [2023-05-25T14:02:54.800+0530] {dag.py:3486} INFO - Setting next_dagrun for example_subdag_operator.section-2 to None, run_after=None
[2023-05-25T14:02:54.808+0530] {logging_mixin.py:149} INFO - [2023-05-25T14:02:54.808+0530] {dag.py:2726} INFO - Sync 2 DAGs
[2023-05-25T14:02:54.812+0530] {logging_mixin.py:149} INFO - [2023-05-25T14:02:54.812+0530] {dag.py:3486} INFO - Setting next_dagrun for example_subdag_operator.section-1 to None, run_after=None
[2023-05-25T14:02:54.813+0530] {logging_mixin.py:149} INFO - [2023-05-25T14:02:54.813+0530] {dag.py:3486} INFO - Setting next_dagrun for example_subdag_operator.section-2 to None, run_after=None
[2023-05-25T14:02:54.829+0530] {processor.py:179} INFO - Processing /Users/silvesterjk/Projects/Data Engineering/DEProject/venv/lib/python3.9/site-packages/airflow/example_dags/example_subdag_operator.py took 0.951 seconds
[2023-05-25T14:05:14.813+0530] {processor.py:157} INFO - Started process (PID=23860) to work on /Users/silvesterjk/Projects/Data Engineering/DEProject/venv/lib/python3.9/site-packages/airflow/example_dags/example_subdag_operator.py
[2023-05-25T14:05:14.815+0530] {processor.py:826} INFO - Processing file /Users/silvesterjk/Projects/Data Engineering/DEProject/venv/lib/python3.9/site-packages/airflow/example_dags/example_subdag_operator.py for tasks to queue
[2023-05-25T14:05:14.816+0530] {logging_mixin.py:149} INFO - [2023-05-25T14:05:14.816+0530] {dagbag.py:541} INFO - Filling up the DagBag from /Users/silvesterjk/Projects/Data Engineering/DEProject/venv/lib/python3.9/site-packages/airflow/example_dags/example_subdag_operator.py
[2023-05-25T14:05:15.734+0530] {processor.py:836} INFO - DAG(s) dict_keys(['example_subdag_operator.section-1', 'example_subdag_operator.section-2', 'example_subdag_operator']) retrieved from /Users/silvesterjk/Projects/Data Engineering/DEProject/venv/lib/python3.9/site-packages/airflow/example_dags/example_subdag_operator.py
[2023-05-25T14:05:15.835+0530] {logging_mixin.py:149} INFO - [2023-05-25T14:05:15.834+0530] {dag.py:2726} INFO - Sync 3 DAGs
[2023-05-25T14:05:15.857+0530] {logging_mixin.py:149} INFO - [2023-05-25T14:05:15.857+0530] {dag.py:3486} INFO - Setting next_dagrun for example_subdag_operator to 2022-01-01T00:00:00+00:00, run_after=2022-01-01T00:00:00+00:00
[2023-05-25T14:05:15.860+0530] {logging_mixin.py:149} INFO - [2023-05-25T14:05:15.860+0530] {dag.py:3486} INFO - Setting next_dagrun for example_subdag_operator.section-1 to None, run_after=None
[2023-05-25T14:05:15.862+0530] {logging_mixin.py:149} INFO - [2023-05-25T14:05:15.861+0530] {dag.py:3486} INFO - Setting next_dagrun for example_subdag_operator.section-2 to None, run_after=None
[2023-05-25T14:05:15.870+0530] {logging_mixin.py:149} INFO - [2023-05-25T14:05:15.870+0530] {dag.py:2726} INFO - Sync 2 DAGs
[2023-05-25T14:05:15.875+0530] {logging_mixin.py:149} INFO - [2023-05-25T14:05:15.875+0530] {dag.py:3486} INFO - Setting next_dagrun for example_subdag_operator.section-1 to None, run_after=None
[2023-05-25T14:05:15.875+0530] {logging_mixin.py:149} INFO - [2023-05-25T14:05:15.875+0530] {dag.py:3486} INFO - Setting next_dagrun for example_subdag_operator.section-2 to None, run_after=None
[2023-05-25T14:05:15.891+0530] {processor.py:179} INFO - Processing /Users/silvesterjk/Projects/Data Engineering/DEProject/venv/lib/python3.9/site-packages/airflow/example_dags/example_subdag_operator.py took 1.081 seconds
[2023-05-25T14:07:31.740+0530] {processor.py:157} INFO - Started process (PID=23971) to work on /Users/silvesterjk/Projects/Data Engineering/DEProject/venv/lib/python3.9/site-packages/airflow/example_dags/example_subdag_operator.py
[2023-05-25T14:07:31.743+0530] {processor.py:826} INFO - Processing file /Users/silvesterjk/Projects/Data Engineering/DEProject/venv/lib/python3.9/site-packages/airflow/example_dags/example_subdag_operator.py for tasks to queue
[2023-05-25T14:07:31.743+0530] {logging_mixin.py:149} INFO - [2023-05-25T14:07:31.743+0530] {dagbag.py:541} INFO - Filling up the DagBag from /Users/silvesterjk/Projects/Data Engineering/DEProject/venv/lib/python3.9/site-packages/airflow/example_dags/example_subdag_operator.py
[2023-05-25T14:07:32.549+0530] {processor.py:836} INFO - DAG(s) dict_keys(['example_subdag_operator.section-1', 'example_subdag_operator.section-2', 'example_subdag_operator']) retrieved from /Users/silvesterjk/Projects/Data Engineering/DEProject/venv/lib/python3.9/site-packages/airflow/example_dags/example_subdag_operator.py
[2023-05-25T14:07:32.652+0530] {logging_mixin.py:149} INFO - [2023-05-25T14:07:32.652+0530] {dag.py:2726} INFO - Sync 3 DAGs
[2023-05-25T14:07:32.672+0530] {logging_mixin.py:149} INFO - [2023-05-25T14:07:32.672+0530] {dag.py:3486} INFO - Setting next_dagrun for example_subdag_operator to 2022-01-01T00:00:00+00:00, run_after=2022-01-01T00:00:00+00:00
[2023-05-25T14:07:32.676+0530] {logging_mixin.py:149} INFO - [2023-05-25T14:07:32.676+0530] {dag.py:3486} INFO - Setting next_dagrun for example_subdag_operator.section-1 to None, run_after=None
[2023-05-25T14:07:32.677+0530] {logging_mixin.py:149} INFO - [2023-05-25T14:07:32.677+0530] {dag.py:3486} INFO - Setting next_dagrun for example_subdag_operator.section-2 to None, run_after=None
[2023-05-25T14:07:32.684+0530] {logging_mixin.py:149} INFO - [2023-05-25T14:07:32.684+0530] {dag.py:2726} INFO - Sync 2 DAGs
[2023-05-25T14:07:32.689+0530] {logging_mixin.py:149} INFO - [2023-05-25T14:07:32.689+0530] {dag.py:3486} INFO - Setting next_dagrun for example_subdag_operator.section-1 to None, run_after=None
[2023-05-25T14:07:32.689+0530] {logging_mixin.py:149} INFO - [2023-05-25T14:07:32.689+0530] {dag.py:3486} INFO - Setting next_dagrun for example_subdag_operator.section-2 to None, run_after=None
[2023-05-25T14:07:32.705+0530] {processor.py:179} INFO - Processing /Users/silvesterjk/Projects/Data Engineering/DEProject/venv/lib/python3.9/site-packages/airflow/example_dags/example_subdag_operator.py took 0.967 seconds
[2023-05-25T14:09:32.504+0530] {processor.py:157} INFO - Started process (PID=24026) to work on /Users/silvesterjk/Projects/Data Engineering/DEProject/venv/lib/python3.9/site-packages/airflow/example_dags/example_subdag_operator.py
[2023-05-25T14:09:32.507+0530] {processor.py:826} INFO - Processing file /Users/silvesterjk/Projects/Data Engineering/DEProject/venv/lib/python3.9/site-packages/airflow/example_dags/example_subdag_operator.py for tasks to queue
[2023-05-25T14:09:32.508+0530] {logging_mixin.py:149} INFO - [2023-05-25T14:09:32.507+0530] {dagbag.py:541} INFO - Filling up the DagBag from /Users/silvesterjk/Projects/Data Engineering/DEProject/venv/lib/python3.9/site-packages/airflow/example_dags/example_subdag_operator.py
[2023-05-25T14:09:33.366+0530] {processor.py:836} INFO - DAG(s) dict_keys(['example_subdag_operator.section-1', 'example_subdag_operator.section-2', 'example_subdag_operator']) retrieved from /Users/silvesterjk/Projects/Data Engineering/DEProject/venv/lib/python3.9/site-packages/airflow/example_dags/example_subdag_operator.py
[2023-05-25T14:09:33.481+0530] {logging_mixin.py:149} INFO - [2023-05-25T14:09:33.480+0530] {dag.py:2726} INFO - Sync 3 DAGs
[2023-05-25T14:09:33.503+0530] {logging_mixin.py:149} INFO - [2023-05-25T14:09:33.503+0530] {dag.py:3486} INFO - Setting next_dagrun for example_subdag_operator to 2022-01-01T00:00:00+00:00, run_after=2022-01-01T00:00:00+00:00
[2023-05-25T14:09:33.506+0530] {logging_mixin.py:149} INFO - [2023-05-25T14:09:33.506+0530] {dag.py:3486} INFO - Setting next_dagrun for example_subdag_operator.section-1 to None, run_after=None
[2023-05-25T14:09:33.507+0530] {logging_mixin.py:149} INFO - [2023-05-25T14:09:33.507+0530] {dag.py:3486} INFO - Setting next_dagrun for example_subdag_operator.section-2 to None, run_after=None
[2023-05-25T14:09:33.515+0530] {logging_mixin.py:149} INFO - [2023-05-25T14:09:33.515+0530] {dag.py:2726} INFO - Sync 2 DAGs
[2023-05-25T14:09:33.520+0530] {logging_mixin.py:149} INFO - [2023-05-25T14:09:33.519+0530] {dag.py:3486} INFO - Setting next_dagrun for example_subdag_operator.section-1 to None, run_after=None
[2023-05-25T14:09:33.520+0530] {logging_mixin.py:149} INFO - [2023-05-25T14:09:33.520+0530] {dag.py:3486} INFO - Setting next_dagrun for example_subdag_operator.section-2 to None, run_after=None
[2023-05-25T14:09:33.536+0530] {processor.py:179} INFO - Processing /Users/silvesterjk/Projects/Data Engineering/DEProject/venv/lib/python3.9/site-packages/airflow/example_dags/example_subdag_operator.py took 1.034 seconds
