[2023-05-25T14:01:29.808+0530] {processor.py:157} INFO - Started process (PID=23744) to work on /Users/silvesterjk/Projects/Data Engineering/DEProject/venv/lib/python3.9/site-packages/airflow/example_dags/example_branch_python_dop_operator_3.py
[2023-05-25T14:01:29.809+0530] {processor.py:826} INFO - Processing file /Users/silvesterjk/Projects/Data Engineering/DEProject/venv/lib/python3.9/site-packages/airflow/example_dags/example_branch_python_dop_operator_3.py for tasks to queue
[2023-05-25T14:01:29.809+0530] {logging_mixin.py:149} INFO - [2023-05-25T14:01:29.809+0530] {dagbag.py:541} INFO - Filling up the DagBag from /Users/silvesterjk/Projects/Data Engineering/DEProject/venv/lib/python3.9/site-packages/airflow/example_dags/example_branch_python_dop_operator_3.py
[2023-05-25T14:01:29.884+0530] {processor.py:836} INFO - DAG(s) dict_keys(['example_branch_dop_operator_v3']) retrieved from /Users/silvesterjk/Projects/Data Engineering/DEProject/venv/lib/python3.9/site-packages/airflow/example_dags/example_branch_python_dop_operator_3.py
[2023-05-25T14:01:30.802+0530] {logging_mixin.py:149} INFO - [2023-05-25T14:01:30.802+0530] {dag.py:2726} INFO - Sync 1 DAGs
[2023-05-25T14:01:30.829+0530] {logging_mixin.py:149} INFO - [2023-05-25T14:01:30.829+0530] {dag.py:3486} INFO - Setting next_dagrun for example_branch_dop_operator_v3 to 2023-05-25T08:30:00+00:00, run_after=2023-05-25T08:31:00+00:00
[2023-05-25T14:01:30.852+0530] {processor.py:179} INFO - Processing /Users/silvesterjk/Projects/Data Engineering/DEProject/venv/lib/python3.9/site-packages/airflow/example_dags/example_branch_python_dop_operator_3.py took 1.046 seconds
[2023-05-25T14:06:02.845+0530] {processor.py:157} INFO - Started process (PID=23897) to work on /Users/silvesterjk/Projects/Data Engineering/DEProject/venv/lib/python3.9/site-packages/airflow/example_dags/example_branch_python_dop_operator_3.py
[2023-05-25T14:06:02.847+0530] {processor.py:826} INFO - Processing file /Users/silvesterjk/Projects/Data Engineering/DEProject/venv/lib/python3.9/site-packages/airflow/example_dags/example_branch_python_dop_operator_3.py for tasks to queue
[2023-05-25T14:06:02.848+0530] {logging_mixin.py:149} INFO - [2023-05-25T14:06:02.848+0530] {dagbag.py:541} INFO - Filling up the DagBag from /Users/silvesterjk/Projects/Data Engineering/DEProject/venv/lib/python3.9/site-packages/airflow/example_dags/example_branch_python_dop_operator_3.py
[2023-05-25T14:06:02.910+0530] {processor.py:836} INFO - DAG(s) dict_keys(['example_branch_dop_operator_v3']) retrieved from /Users/silvesterjk/Projects/Data Engineering/DEProject/venv/lib/python3.9/site-packages/airflow/example_dags/example_branch_python_dop_operator_3.py
[2023-05-25T14:06:03.729+0530] {logging_mixin.py:149} INFO - [2023-05-25T14:06:03.728+0530] {dag.py:2726} INFO - Sync 1 DAGs
[2023-05-25T14:06:03.756+0530] {logging_mixin.py:149} INFO - [2023-05-25T14:06:03.756+0530] {dag.py:3486} INFO - Setting next_dagrun for example_branch_dop_operator_v3 to 2023-05-25T08:35:00+00:00, run_after=2023-05-25T08:36:00+00:00
[2023-05-25T14:06:03.779+0530] {processor.py:179} INFO - Processing /Users/silvesterjk/Projects/Data Engineering/DEProject/venv/lib/python3.9/site-packages/airflow/example_dags/example_branch_python_dop_operator_3.py took 0.935 seconds
[2023-05-25T14:10:18.674+0530] {processor.py:157} INFO - Started process (PID=24045) to work on /Users/silvesterjk/Projects/Data Engineering/DEProject/venv/lib/python3.9/site-packages/airflow/example_dags/example_branch_python_dop_operator_3.py
[2023-05-25T14:10:18.675+0530] {processor.py:826} INFO - Processing file /Users/silvesterjk/Projects/Data Engineering/DEProject/venv/lib/python3.9/site-packages/airflow/example_dags/example_branch_python_dop_operator_3.py for tasks to queue
[2023-05-25T14:10:18.676+0530] {logging_mixin.py:149} INFO - [2023-05-25T14:10:18.676+0530] {dagbag.py:541} INFO - Filling up the DagBag from /Users/silvesterjk/Projects/Data Engineering/DEProject/venv/lib/python3.9/site-packages/airflow/example_dags/example_branch_python_dop_operator_3.py
[2023-05-25T14:10:18.738+0530] {processor.py:836} INFO - DAG(s) dict_keys(['example_branch_dop_operator_v3']) retrieved from /Users/silvesterjk/Projects/Data Engineering/DEProject/venv/lib/python3.9/site-packages/airflow/example_dags/example_branch_python_dop_operator_3.py
[2023-05-25T14:10:19.806+0530] {logging_mixin.py:149} INFO - [2023-05-25T14:10:19.806+0530] {dag.py:2726} INFO - Sync 1 DAGs
[2023-05-25T14:10:19.844+0530] {logging_mixin.py:149} INFO - [2023-05-25T14:10:19.844+0530] {dag.py:3486} INFO - Setting next_dagrun for example_branch_dop_operator_v3 to 2023-05-25T08:39:00+00:00, run_after=2023-05-25T08:40:00+00:00
[2023-05-25T14:10:19.867+0530] {processor.py:179} INFO - Processing /Users/silvesterjk/Projects/Data Engineering/DEProject/venv/lib/python3.9/site-packages/airflow/example_dags/example_branch_python_dop_operator_3.py took 1.195 seconds
