[2023-05-25T14:01:37.031+0530] {processor.py:157} INFO - Started process (PID=23747) to work on /Users/silvesterjk/Projects/Data Engineering/DEProject/venv/lib/python3.9/site-packages/airflow/example_dags/example_branch_operator.py
[2023-05-25T14:01:37.032+0530] {processor.py:826} INFO - Processing file /Users/silvesterjk/Projects/Data Engineering/DEProject/venv/lib/python3.9/site-packages/airflow/example_dags/example_branch_operator.py for tasks to queue
[2023-05-25T14:01:37.033+0530] {logging_mixin.py:149} INFO - [2023-05-25T14:01:37.033+0530] {dagbag.py:541} INFO - Filling up the DagBag from /Users/silvesterjk/Projects/Data Engineering/DEProject/venv/lib/python3.9/site-packages/airflow/example_dags/example_branch_operator.py
[2023-05-25T14:01:37.074+0530] {processor.py:836} INFO - DAG(s) dict_keys(['example_branch_operator']) retrieved from /Users/silvesterjk/Projects/Data Engineering/DEProject/venv/lib/python3.9/site-packages/airflow/example_dags/example_branch_operator.py
[2023-05-25T14:01:38.025+0530] {logging_mixin.py:149} INFO - [2023-05-25T14:01:38.024+0530] {dag.py:2726} INFO - Sync 1 DAGs
[2023-05-25T14:01:38.051+0530] {logging_mixin.py:149} INFO - [2023-05-25T14:01:38.051+0530] {dag.py:3486} INFO - Setting next_dagrun for example_branch_operator to 2023-05-24T00:00:00+00:00, run_after=2023-05-25T00:00:00+00:00
[2023-05-25T14:01:38.081+0530] {processor.py:179} INFO - Processing /Users/silvesterjk/Projects/Data Engineering/DEProject/venv/lib/python3.9/site-packages/airflow/example_dags/example_branch_operator.py took 1.051 seconds
[2023-05-25T14:06:09.634+0530] {processor.py:157} INFO - Started process (PID=23899) to work on /Users/silvesterjk/Projects/Data Engineering/DEProject/venv/lib/python3.9/site-packages/airflow/example_dags/example_branch_operator.py
[2023-05-25T14:06:09.637+0530] {processor.py:826} INFO - Processing file /Users/silvesterjk/Projects/Data Engineering/DEProject/venv/lib/python3.9/site-packages/airflow/example_dags/example_branch_operator.py for tasks to queue
[2023-05-25T14:06:09.638+0530] {logging_mixin.py:149} INFO - [2023-05-25T14:06:09.638+0530] {dagbag.py:541} INFO - Filling up the DagBag from /Users/silvesterjk/Projects/Data Engineering/DEProject/venv/lib/python3.9/site-packages/airflow/example_dags/example_branch_operator.py
[2023-05-25T14:06:09.679+0530] {processor.py:836} INFO - DAG(s) dict_keys(['example_branch_operator']) retrieved from /Users/silvesterjk/Projects/Data Engineering/DEProject/venv/lib/python3.9/site-packages/airflow/example_dags/example_branch_operator.py
[2023-05-25T14:06:10.510+0530] {logging_mixin.py:149} INFO - [2023-05-25T14:06:10.509+0530] {dag.py:2726} INFO - Sync 1 DAGs
[2023-05-25T14:06:10.533+0530] {logging_mixin.py:149} INFO - [2023-05-25T14:06:10.532+0530] {dag.py:3486} INFO - Setting next_dagrun for example_branch_operator to 2023-05-24T00:00:00+00:00, run_after=2023-05-25T00:00:00+00:00
[2023-05-25T14:06:10.560+0530] {processor.py:179} INFO - Processing /Users/silvesterjk/Projects/Data Engineering/DEProject/venv/lib/python3.9/site-packages/airflow/example_dags/example_branch_operator.py took 0.926 seconds
[2023-05-25T14:10:26.437+0530] {processor.py:157} INFO - Started process (PID=24047) to work on /Users/silvesterjk/Projects/Data Engineering/DEProject/venv/lib/python3.9/site-packages/airflow/example_dags/example_branch_operator.py
[2023-05-25T14:10:26.440+0530] {processor.py:826} INFO - Processing file /Users/silvesterjk/Projects/Data Engineering/DEProject/venv/lib/python3.9/site-packages/airflow/example_dags/example_branch_operator.py for tasks to queue
[2023-05-25T14:10:26.440+0530] {logging_mixin.py:149} INFO - [2023-05-25T14:10:26.440+0530] {dagbag.py:541} INFO - Filling up the DagBag from /Users/silvesterjk/Projects/Data Engineering/DEProject/venv/lib/python3.9/site-packages/airflow/example_dags/example_branch_operator.py
[2023-05-25T14:10:26.496+0530] {processor.py:836} INFO - DAG(s) dict_keys(['example_branch_operator']) retrieved from /Users/silvesterjk/Projects/Data Engineering/DEProject/venv/lib/python3.9/site-packages/airflow/example_dags/example_branch_operator.py
[2023-05-25T14:10:27.960+0530] {logging_mixin.py:149} INFO - [2023-05-25T14:10:27.959+0530] {dag.py:2726} INFO - Sync 1 DAGs
[2023-05-25T14:10:28.026+0530] {logging_mixin.py:149} INFO - [2023-05-25T14:10:28.026+0530] {dag.py:3486} INFO - Setting next_dagrun for example_branch_operator to 2023-05-24T00:00:00+00:00, run_after=2023-05-25T00:00:00+00:00
[2023-05-25T14:10:28.052+0530] {processor.py:179} INFO - Processing /Users/silvesterjk/Projects/Data Engineering/DEProject/venv/lib/python3.9/site-packages/airflow/example_dags/example_branch_operator.py took 1.615 seconds
