[2023-05-25T14:00:03.412+0530] {processor.py:157} INFO - Started process (PID=23688) to work on /Users/silvesterjk/Projects/Data Engineering/DEProject/venv/lib/python3.9/site-packages/airflow/example_dags/example_short_circuit_decorator.py
[2023-05-25T14:00:03.412+0530] {processor.py:826} INFO - Processing file /Users/silvesterjk/Projects/Data Engineering/DEProject/venv/lib/python3.9/site-packages/airflow/example_dags/example_short_circuit_decorator.py for tasks to queue
[2023-05-25T14:00:03.413+0530] {logging_mixin.py:149} INFO - [2023-05-25T14:00:03.413+0530] {dagbag.py:541} INFO - Filling up the DagBag from /Users/silvesterjk/Projects/Data Engineering/DEProject/venv/lib/python3.9/site-packages/airflow/example_dags/example_short_circuit_decorator.py
[2023-05-25T14:00:03.487+0530] {processor.py:836} INFO - DAG(s) dict_keys(['example_short_circuit_decorator']) retrieved from /Users/silvesterjk/Projects/Data Engineering/DEProject/venv/lib/python3.9/site-packages/airflow/example_dags/example_short_circuit_decorator.py
[2023-05-25T14:00:04.365+0530] {logging_mixin.py:149} INFO - [2023-05-25T14:00:04.365+0530] {dag.py:2726} INFO - Sync 1 DAGs
[2023-05-25T14:00:04.386+0530] {logging_mixin.py:149} INFO - [2023-05-25T14:00:04.386+0530] {dag.py:3486} INFO - Setting next_dagrun for example_short_circuit_decorator to 2023-05-24T08:30:04.386495+00:00, run_after=2023-05-25T08:30:04.386495+00:00
[2023-05-25T14:00:04.410+0530] {processor.py:179} INFO - Processing /Users/silvesterjk/Projects/Data Engineering/DEProject/venv/lib/python3.9/site-packages/airflow/example_dags/example_short_circuit_decorator.py took 0.999 seconds
[2023-05-25T14:03:06.992+0530] {processor.py:157} INFO - Started process (PID=23786) to work on /Users/silvesterjk/Projects/Data Engineering/DEProject/venv/lib/python3.9/site-packages/airflow/example_dags/example_short_circuit_decorator.py
[2023-05-25T14:03:06.994+0530] {processor.py:826} INFO - Processing file /Users/silvesterjk/Projects/Data Engineering/DEProject/venv/lib/python3.9/site-packages/airflow/example_dags/example_short_circuit_decorator.py for tasks to queue
[2023-05-25T14:03:06.994+0530] {logging_mixin.py:149} INFO - [2023-05-25T14:03:06.994+0530] {dagbag.py:541} INFO - Filling up the DagBag from /Users/silvesterjk/Projects/Data Engineering/DEProject/venv/lib/python3.9/site-packages/airflow/example_dags/example_short_circuit_decorator.py
[2023-05-25T14:03:07.094+0530] {processor.py:836} INFO - DAG(s) dict_keys(['example_short_circuit_decorator']) retrieved from /Users/silvesterjk/Projects/Data Engineering/DEProject/venv/lib/python3.9/site-packages/airflow/example_dags/example_short_circuit_decorator.py
[2023-05-25T14:03:08.330+0530] {logging_mixin.py:149} INFO - [2023-05-25T14:03:08.329+0530] {dag.py:2726} INFO - Sync 1 DAGs
[2023-05-25T14:03:08.359+0530] {logging_mixin.py:149} INFO - [2023-05-25T14:03:08.359+0530] {dag.py:3486} INFO - Setting next_dagrun for example_short_circuit_decorator to 2023-05-24T08:33:08.358899+00:00, run_after=2023-05-25T08:33:08.358899+00:00
[2023-05-25T14:03:08.390+0530] {processor.py:179} INFO - Processing /Users/silvesterjk/Projects/Data Engineering/DEProject/venv/lib/python3.9/site-packages/airflow/example_dags/example_short_circuit_decorator.py took 1.399 seconds
[2023-05-25T14:05:29.670+0530] {processor.py:157} INFO - Started process (PID=23870) to work on /Users/silvesterjk/Projects/Data Engineering/DEProject/venv/lib/python3.9/site-packages/airflow/example_dags/example_short_circuit_decorator.py
[2023-05-25T14:05:29.672+0530] {processor.py:826} INFO - Processing file /Users/silvesterjk/Projects/Data Engineering/DEProject/venv/lib/python3.9/site-packages/airflow/example_dags/example_short_circuit_decorator.py for tasks to queue
[2023-05-25T14:05:29.673+0530] {logging_mixin.py:149} INFO - [2023-05-25T14:05:29.673+0530] {dagbag.py:541} INFO - Filling up the DagBag from /Users/silvesterjk/Projects/Data Engineering/DEProject/venv/lib/python3.9/site-packages/airflow/example_dags/example_short_circuit_decorator.py
[2023-05-25T14:05:29.734+0530] {processor.py:836} INFO - DAG(s) dict_keys(['example_short_circuit_decorator']) retrieved from /Users/silvesterjk/Projects/Data Engineering/DEProject/venv/lib/python3.9/site-packages/airflow/example_dags/example_short_circuit_decorator.py
[2023-05-25T14:05:30.543+0530] {logging_mixin.py:149} INFO - [2023-05-25T14:05:30.543+0530] {dag.py:2726} INFO - Sync 1 DAGs
[2023-05-25T14:05:30.567+0530] {logging_mixin.py:149} INFO - [2023-05-25T14:05:30.566+0530] {dag.py:3486} INFO - Setting next_dagrun for example_short_circuit_decorator to 2023-05-24T08:35:30.566372+00:00, run_after=2023-05-25T08:35:30.566372+00:00
[2023-05-25T14:05:30.590+0530] {processor.py:179} INFO - Processing /Users/silvesterjk/Projects/Data Engineering/DEProject/venv/lib/python3.9/site-packages/airflow/example_dags/example_short_circuit_decorator.py took 0.920 seconds
[2023-05-25T14:07:45.000+0530] {processor.py:157} INFO - Started process (PID=23977) to work on /Users/silvesterjk/Projects/Data Engineering/DEProject/venv/lib/python3.9/site-packages/airflow/example_dags/example_short_circuit_decorator.py
[2023-05-25T14:07:45.002+0530] {processor.py:826} INFO - Processing file /Users/silvesterjk/Projects/Data Engineering/DEProject/venv/lib/python3.9/site-packages/airflow/example_dags/example_short_circuit_decorator.py for tasks to queue
[2023-05-25T14:07:45.003+0530] {logging_mixin.py:149} INFO - [2023-05-25T14:07:45.003+0530] {dagbag.py:541} INFO - Filling up the DagBag from /Users/silvesterjk/Projects/Data Engineering/DEProject/venv/lib/python3.9/site-packages/airflow/example_dags/example_short_circuit_decorator.py
[2023-05-25T14:07:45.062+0530] {processor.py:836} INFO - DAG(s) dict_keys(['example_short_circuit_decorator']) retrieved from /Users/silvesterjk/Projects/Data Engineering/DEProject/venv/lib/python3.9/site-packages/airflow/example_dags/example_short_circuit_decorator.py
[2023-05-25T14:07:45.878+0530] {logging_mixin.py:149} INFO - [2023-05-25T14:07:45.877+0530] {dag.py:2726} INFO - Sync 1 DAGs
[2023-05-25T14:07:45.899+0530] {logging_mixin.py:149} INFO - [2023-05-25T14:07:45.899+0530] {dag.py:3486} INFO - Setting next_dagrun for example_short_circuit_decorator to 2023-05-24T08:37:45.898874+00:00, run_after=2023-05-25T08:37:45.898874+00:00
[2023-05-25T14:07:45.922+0530] {processor.py:179} INFO - Processing /Users/silvesterjk/Projects/Data Engineering/DEProject/venv/lib/python3.9/site-packages/airflow/example_dags/example_short_circuit_decorator.py took 0.924 seconds
[2023-05-25T14:09:46.331+0530] {processor.py:157} INFO - Started process (PID=24033) to work on /Users/silvesterjk/Projects/Data Engineering/DEProject/venv/lib/python3.9/site-packages/airflow/example_dags/example_short_circuit_decorator.py
[2023-05-25T14:09:46.332+0530] {processor.py:826} INFO - Processing file /Users/silvesterjk/Projects/Data Engineering/DEProject/venv/lib/python3.9/site-packages/airflow/example_dags/example_short_circuit_decorator.py for tasks to queue
[2023-05-25T14:09:46.333+0530] {logging_mixin.py:149} INFO - [2023-05-25T14:09:46.333+0530] {dagbag.py:541} INFO - Filling up the DagBag from /Users/silvesterjk/Projects/Data Engineering/DEProject/venv/lib/python3.9/site-packages/airflow/example_dags/example_short_circuit_decorator.py
[2023-05-25T14:09:46.399+0530] {processor.py:836} INFO - DAG(s) dict_keys(['example_short_circuit_decorator']) retrieved from /Users/silvesterjk/Projects/Data Engineering/DEProject/venv/lib/python3.9/site-packages/airflow/example_dags/example_short_circuit_decorator.py
[2023-05-25T14:09:47.314+0530] {logging_mixin.py:149} INFO - [2023-05-25T14:09:47.314+0530] {dag.py:2726} INFO - Sync 1 DAGs
[2023-05-25T14:09:47.337+0530] {logging_mixin.py:149} INFO - [2023-05-25T14:09:47.337+0530] {dag.py:3486} INFO - Setting next_dagrun for example_short_circuit_decorator to 2023-05-24T08:39:47.337302+00:00, run_after=2023-05-25T08:39:47.337302+00:00
[2023-05-25T14:09:47.360+0530] {processor.py:179} INFO - Processing /Users/silvesterjk/Projects/Data Engineering/DEProject/venv/lib/python3.9/site-packages/airflow/example_dags/example_short_circuit_decorator.py took 1.030 seconds
