[2023-05-25T13:49:46.788+0530] {processor.py:157} INFO - Started process (PID=23370) to work on /Users/silvesterjk/Projects/Data Engineering/DEProject/venv/lib/python3.9/site-packages/airflow/example_dags/example_time_delta_sensor_async.py
[2023-05-25T13:49:46.789+0530] {processor.py:826} INFO - Processing file /Users/silvesterjk/Projects/Data Engineering/DEProject/venv/lib/python3.9/site-packages/airflow/example_dags/example_time_delta_sensor_async.py for tasks to queue
[2023-05-25T13:49:46.790+0530] {logging_mixin.py:149} INFO - [2023-05-25T13:49:46.790+0530] {dagbag.py:541} INFO - Filling up the DagBag from /Users/silvesterjk/Projects/Data Engineering/DEProject/venv/lib/python3.9/site-packages/airflow/example_dags/example_time_delta_sensor_async.py
[2023-05-25T13:49:46.815+0530] {processor.py:836} INFO - DAG(s) dict_keys(['example_time_delta_sensor_async']) retrieved from /Users/silvesterjk/Projects/Data Engineering/DEProject/venv/lib/python3.9/site-packages/airflow/example_dags/example_time_delta_sensor_async.py
[2023-05-25T13:49:47.748+0530] {logging_mixin.py:149} INFO - [2023-05-25T13:49:47.748+0530] {manager.py:504} INFO - Created Permission View: can delete on DAG:example_time_delta_sensor_async
[2023-05-25T13:49:47.758+0530] {logging_mixin.py:149} INFO - [2023-05-25T13:49:47.758+0530] {manager.py:504} INFO - Created Permission View: can read on DAG:example_time_delta_sensor_async
[2023-05-25T13:49:47.767+0530] {logging_mixin.py:149} INFO - [2023-05-25T13:49:47.767+0530] {manager.py:504} INFO - Created Permission View: can edit on DAG:example_time_delta_sensor_async
[2023-05-25T13:49:47.768+0530] {logging_mixin.py:149} INFO - [2023-05-25T13:49:47.767+0530] {dag.py:2726} INFO - Sync 1 DAGs
[2023-05-25T13:49:47.781+0530] {logging_mixin.py:149} INFO - [2023-05-25T13:49:47.781+0530] {dag.py:2747} INFO - Creating ORM DAG for example_time_delta_sensor_async
[2023-05-25T13:49:47.793+0530] {logging_mixin.py:149} INFO - [2023-05-25T13:49:47.793+0530] {dag.py:3486} INFO - Setting next_dagrun for example_time_delta_sensor_async to None, run_after=None
[2023-05-25T13:49:47.816+0530] {processor.py:179} INFO - Processing /Users/silvesterjk/Projects/Data Engineering/DEProject/venv/lib/python3.9/site-packages/airflow/example_dags/example_time_delta_sensor_async.py took 1.029 seconds
[2023-05-25T13:57:27.458+0530] {processor.py:157} INFO - Started process (PID=23539) to work on /Users/silvesterjk/Projects/Data Engineering/DEProject/venv/lib/python3.9/site-packages/airflow/example_dags/example_time_delta_sensor_async.py
[2023-05-25T13:57:27.460+0530] {processor.py:826} INFO - Processing file /Users/silvesterjk/Projects/Data Engineering/DEProject/venv/lib/python3.9/site-packages/airflow/example_dags/example_time_delta_sensor_async.py for tasks to queue
[2023-05-25T13:57:27.460+0530] {logging_mixin.py:149} INFO - [2023-05-25T13:57:27.460+0530] {dagbag.py:541} INFO - Filling up the DagBag from /Users/silvesterjk/Projects/Data Engineering/DEProject/venv/lib/python3.9/site-packages/airflow/example_dags/example_time_delta_sensor_async.py
[2023-05-25T13:57:27.481+0530] {processor.py:836} INFO - DAG(s) dict_keys(['example_time_delta_sensor_async']) retrieved from /Users/silvesterjk/Projects/Data Engineering/DEProject/venv/lib/python3.9/site-packages/airflow/example_dags/example_time_delta_sensor_async.py
[2023-05-25T13:57:28.399+0530] {logging_mixin.py:149} INFO - [2023-05-25T13:57:28.398+0530] {dag.py:2726} INFO - Sync 1 DAGs
[2023-05-25T13:57:28.419+0530] {logging_mixin.py:149} INFO - [2023-05-25T13:57:28.419+0530] {dag.py:3486} INFO - Setting next_dagrun for example_time_delta_sensor_async to None, run_after=None
[2023-05-25T13:57:28.445+0530] {processor.py:179} INFO - Processing /Users/silvesterjk/Projects/Data Engineering/DEProject/venv/lib/python3.9/site-packages/airflow/example_dags/example_time_delta_sensor_async.py took 0.988 seconds
[2023-05-25T13:59:38.310+0530] {processor.py:157} INFO - Started process (PID=23672) to work on /Users/silvesterjk/Projects/Data Engineering/DEProject/venv/lib/python3.9/site-packages/airflow/example_dags/example_time_delta_sensor_async.py
[2023-05-25T13:59:38.312+0530] {processor.py:826} INFO - Processing file /Users/silvesterjk/Projects/Data Engineering/DEProject/venv/lib/python3.9/site-packages/airflow/example_dags/example_time_delta_sensor_async.py for tasks to queue
[2023-05-25T13:59:38.313+0530] {logging_mixin.py:149} INFO - [2023-05-25T13:59:38.313+0530] {dagbag.py:541} INFO - Filling up the DagBag from /Users/silvesterjk/Projects/Data Engineering/DEProject/venv/lib/python3.9/site-packages/airflow/example_dags/example_time_delta_sensor_async.py
[2023-05-25T13:59:38.336+0530] {processor.py:836} INFO - DAG(s) dict_keys(['example_time_delta_sensor_async']) retrieved from /Users/silvesterjk/Projects/Data Engineering/DEProject/venv/lib/python3.9/site-packages/airflow/example_dags/example_time_delta_sensor_async.py
[2023-05-25T13:59:39.297+0530] {logging_mixin.py:149} INFO - [2023-05-25T13:59:39.295+0530] {dag.py:2726} INFO - Sync 1 DAGs
[2023-05-25T13:59:39.319+0530] {logging_mixin.py:149} INFO - [2023-05-25T13:59:39.319+0530] {dag.py:3486} INFO - Setting next_dagrun for example_time_delta_sensor_async to None, run_after=None
[2023-05-25T13:59:39.348+0530] {processor.py:179} INFO - Processing /Users/silvesterjk/Projects/Data Engineering/DEProject/venv/lib/python3.9/site-packages/airflow/example_dags/example_time_delta_sensor_async.py took 1.039 seconds
[2023-05-25T14:02:43.167+0530] {processor.py:157} INFO - Started process (PID=23774) to work on /Users/silvesterjk/Projects/Data Engineering/DEProject/venv/lib/python3.9/site-packages/airflow/example_dags/example_time_delta_sensor_async.py
[2023-05-25T14:02:43.169+0530] {processor.py:826} INFO - Processing file /Users/silvesterjk/Projects/Data Engineering/DEProject/venv/lib/python3.9/site-packages/airflow/example_dags/example_time_delta_sensor_async.py for tasks to queue
[2023-05-25T14:02:43.170+0530] {logging_mixin.py:149} INFO - [2023-05-25T14:02:43.169+0530] {dagbag.py:541} INFO - Filling up the DagBag from /Users/silvesterjk/Projects/Data Engineering/DEProject/venv/lib/python3.9/site-packages/airflow/example_dags/example_time_delta_sensor_async.py
[2023-05-25T14:02:43.197+0530] {processor.py:836} INFO - DAG(s) dict_keys(['example_time_delta_sensor_async']) retrieved from /Users/silvesterjk/Projects/Data Engineering/DEProject/venv/lib/python3.9/site-packages/airflow/example_dags/example_time_delta_sensor_async.py
[2023-05-25T14:02:44.372+0530] {logging_mixin.py:149} INFO - [2023-05-25T14:02:44.371+0530] {dag.py:2726} INFO - Sync 1 DAGs
[2023-05-25T14:02:44.393+0530] {logging_mixin.py:149} INFO - [2023-05-25T14:02:44.392+0530] {dag.py:3486} INFO - Setting next_dagrun for example_time_delta_sensor_async to None, run_after=None
[2023-05-25T14:02:44.417+0530] {processor.py:179} INFO - Processing /Users/silvesterjk/Projects/Data Engineering/DEProject/venv/lib/python3.9/site-packages/airflow/example_dags/example_time_delta_sensor_async.py took 1.251 seconds
[2023-05-25T14:05:01.201+0530] {processor.py:157} INFO - Started process (PID=23854) to work on /Users/silvesterjk/Projects/Data Engineering/DEProject/venv/lib/python3.9/site-packages/airflow/example_dags/example_time_delta_sensor_async.py
[2023-05-25T14:05:01.203+0530] {processor.py:826} INFO - Processing file /Users/silvesterjk/Projects/Data Engineering/DEProject/venv/lib/python3.9/site-packages/airflow/example_dags/example_time_delta_sensor_async.py for tasks to queue
[2023-05-25T14:05:01.204+0530] {logging_mixin.py:149} INFO - [2023-05-25T14:05:01.204+0530] {dagbag.py:541} INFO - Filling up the DagBag from /Users/silvesterjk/Projects/Data Engineering/DEProject/venv/lib/python3.9/site-packages/airflow/example_dags/example_time_delta_sensor_async.py
[2023-05-25T14:05:01.229+0530] {processor.py:836} INFO - DAG(s) dict_keys(['example_time_delta_sensor_async']) retrieved from /Users/silvesterjk/Projects/Data Engineering/DEProject/venv/lib/python3.9/site-packages/airflow/example_dags/example_time_delta_sensor_async.py
[2023-05-25T14:05:02.193+0530] {logging_mixin.py:149} INFO - [2023-05-25T14:05:02.193+0530] {dag.py:2726} INFO - Sync 1 DAGs
[2023-05-25T14:05:02.217+0530] {logging_mixin.py:149} INFO - [2023-05-25T14:05:02.217+0530] {dag.py:3486} INFO - Setting next_dagrun for example_time_delta_sensor_async to None, run_after=None
[2023-05-25T14:05:02.243+0530] {processor.py:179} INFO - Processing /Users/silvesterjk/Projects/Data Engineering/DEProject/venv/lib/python3.9/site-packages/airflow/example_dags/example_time_delta_sensor_async.py took 1.043 seconds
[2023-05-25T14:07:20.530+0530] {processor.py:157} INFO - Started process (PID=23968) to work on /Users/silvesterjk/Projects/Data Engineering/DEProject/venv/lib/python3.9/site-packages/airflow/example_dags/example_time_delta_sensor_async.py
[2023-05-25T14:07:20.532+0530] {processor.py:826} INFO - Processing file /Users/silvesterjk/Projects/Data Engineering/DEProject/venv/lib/python3.9/site-packages/airflow/example_dags/example_time_delta_sensor_async.py for tasks to queue
[2023-05-25T14:07:20.533+0530] {logging_mixin.py:149} INFO - [2023-05-25T14:07:20.533+0530] {dagbag.py:541} INFO - Filling up the DagBag from /Users/silvesterjk/Projects/Data Engineering/DEProject/venv/lib/python3.9/site-packages/airflow/example_dags/example_time_delta_sensor_async.py
[2023-05-25T14:07:20.572+0530] {processor.py:836} INFO - DAG(s) dict_keys(['example_time_delta_sensor_async']) retrieved from /Users/silvesterjk/Projects/Data Engineering/DEProject/venv/lib/python3.9/site-packages/airflow/example_dags/example_time_delta_sensor_async.py
[2023-05-25T14:07:21.669+0530] {logging_mixin.py:149} INFO - [2023-05-25T14:07:21.668+0530] {dag.py:2726} INFO - Sync 1 DAGs
[2023-05-25T14:07:21.695+0530] {logging_mixin.py:149} INFO - [2023-05-25T14:07:21.694+0530] {dag.py:3486} INFO - Setting next_dagrun for example_time_delta_sensor_async to None, run_after=None
[2023-05-25T14:07:21.724+0530] {processor.py:179} INFO - Processing /Users/silvesterjk/Projects/Data Engineering/DEProject/venv/lib/python3.9/site-packages/airflow/example_dags/example_time_delta_sensor_async.py took 1.195 seconds
[2023-05-25T14:09:22.317+0530] {processor.py:157} INFO - Started process (PID=24023) to work on /Users/silvesterjk/Projects/Data Engineering/DEProject/venv/lib/python3.9/site-packages/airflow/example_dags/example_time_delta_sensor_async.py
[2023-05-25T14:09:22.319+0530] {processor.py:826} INFO - Processing file /Users/silvesterjk/Projects/Data Engineering/DEProject/venv/lib/python3.9/site-packages/airflow/example_dags/example_time_delta_sensor_async.py for tasks to queue
[2023-05-25T14:09:22.320+0530] {logging_mixin.py:149} INFO - [2023-05-25T14:09:22.320+0530] {dagbag.py:541} INFO - Filling up the DagBag from /Users/silvesterjk/Projects/Data Engineering/DEProject/venv/lib/python3.9/site-packages/airflow/example_dags/example_time_delta_sensor_async.py
[2023-05-25T14:09:22.344+0530] {processor.py:836} INFO - DAG(s) dict_keys(['example_time_delta_sensor_async']) retrieved from /Users/silvesterjk/Projects/Data Engineering/DEProject/venv/lib/python3.9/site-packages/airflow/example_dags/example_time_delta_sensor_async.py
[2023-05-25T14:09:23.205+0530] {logging_mixin.py:149} INFO - [2023-05-25T14:09:23.205+0530] {dag.py:2726} INFO - Sync 1 DAGs
[2023-05-25T14:09:23.225+0530] {logging_mixin.py:149} INFO - [2023-05-25T14:09:23.225+0530] {dag.py:3486} INFO - Setting next_dagrun for example_time_delta_sensor_async to None, run_after=None
[2023-05-25T14:09:23.249+0530] {processor.py:179} INFO - Processing /Users/silvesterjk/Projects/Data Engineering/DEProject/venv/lib/python3.9/site-packages/airflow/example_dags/example_time_delta_sensor_async.py took 0.933 seconds
