[2023-05-25T14:01:12.838+0530] {processor.py:157} INFO - Started process (PID=23737) to work on /Users/silvesterjk/Projects/Data Engineering/DEProject/venv/lib/python3.9/site-packages/airflow/example_dags/example_dynamic_task_mapping.py
[2023-05-25T14:01:12.839+0530] {processor.py:826} INFO - Processing file /Users/silvesterjk/Projects/Data Engineering/DEProject/venv/lib/python3.9/site-packages/airflow/example_dags/example_dynamic_task_mapping.py for tasks to queue
[2023-05-25T14:01:12.840+0530] {logging_mixin.py:149} INFO - [2023-05-25T14:01:12.840+0530] {dagbag.py:541} INFO - Filling up the DagBag from /Users/silvesterjk/Projects/Data Engineering/DEProject/venv/lib/python3.9/site-packages/airflow/example_dags/example_dynamic_task_mapping.py
[2023-05-25T14:01:12.925+0530] {processor.py:836} INFO - DAG(s) dict_keys(['example_dynamic_task_mapping']) retrieved from /Users/silvesterjk/Projects/Data Engineering/DEProject/venv/lib/python3.9/site-packages/airflow/example_dags/example_dynamic_task_mapping.py
[2023-05-25T14:01:14.025+0530] {logging_mixin.py:149} INFO - [2023-05-25T14:01:14.025+0530] {dag.py:2726} INFO - Sync 1 DAGs
[2023-05-25T14:01:14.047+0530] {logging_mixin.py:149} INFO - [2023-05-25T14:01:14.047+0530] {dag.py:3486} INFO - Setting next_dagrun for example_dynamic_task_mapping to 2022-03-04T00:00:00+00:00, run_after=2022-03-05T00:00:00+00:00
[2023-05-25T14:01:14.070+0530] {processor.py:179} INFO - Processing /Users/silvesterjk/Projects/Data Engineering/DEProject/venv/lib/python3.9/site-packages/airflow/example_dags/example_dynamic_task_mapping.py took 1.233 seconds
[2023-05-25T14:04:03.179+0530] {processor.py:157} INFO - Started process (PID=23824) to work on /Users/silvesterjk/Projects/Data Engineering/DEProject/venv/lib/python3.9/site-packages/airflow/example_dags/example_dynamic_task_mapping.py
[2023-05-25T14:04:03.181+0530] {processor.py:826} INFO - Processing file /Users/silvesterjk/Projects/Data Engineering/DEProject/venv/lib/python3.9/site-packages/airflow/example_dags/example_dynamic_task_mapping.py for tasks to queue
[2023-05-25T14:04:03.182+0530] {logging_mixin.py:149} INFO - [2023-05-25T14:04:03.181+0530] {dagbag.py:541} INFO - Filling up the DagBag from /Users/silvesterjk/Projects/Data Engineering/DEProject/venv/lib/python3.9/site-packages/airflow/example_dags/example_dynamic_task_mapping.py
[2023-05-25T14:04:03.259+0530] {processor.py:836} INFO - DAG(s) dict_keys(['example_dynamic_task_mapping']) retrieved from /Users/silvesterjk/Projects/Data Engineering/DEProject/venv/lib/python3.9/site-packages/airflow/example_dags/example_dynamic_task_mapping.py
[2023-05-25T14:04:04.137+0530] {logging_mixin.py:149} INFO - [2023-05-25T14:04:04.137+0530] {dag.py:2726} INFO - Sync 1 DAGs
[2023-05-25T14:04:04.163+0530] {logging_mixin.py:149} INFO - [2023-05-25T14:04:04.163+0530] {dag.py:3486} INFO - Setting next_dagrun for example_dynamic_task_mapping to 2022-03-04T00:00:00+00:00, run_after=2022-03-05T00:00:00+00:00
[2023-05-25T14:04:04.185+0530] {processor.py:179} INFO - Processing /Users/silvesterjk/Projects/Data Engineering/DEProject/venv/lib/python3.9/site-packages/airflow/example_dags/example_dynamic_task_mapping.py took 1.007 seconds
[2023-05-25T14:08:32.639+0530] {processor.py:157} INFO - Started process (PID=23998) to work on /Users/silvesterjk/Projects/Data Engineering/DEProject/venv/lib/python3.9/site-packages/airflow/example_dags/example_dynamic_task_mapping.py
[2023-05-25T14:08:32.641+0530] {processor.py:826} INFO - Processing file /Users/silvesterjk/Projects/Data Engineering/DEProject/venv/lib/python3.9/site-packages/airflow/example_dags/example_dynamic_task_mapping.py for tasks to queue
[2023-05-25T14:08:32.641+0530] {logging_mixin.py:149} INFO - [2023-05-25T14:08:32.641+0530] {dagbag.py:541} INFO - Filling up the DagBag from /Users/silvesterjk/Projects/Data Engineering/DEProject/venv/lib/python3.9/site-packages/airflow/example_dags/example_dynamic_task_mapping.py
[2023-05-25T14:08:32.704+0530] {processor.py:836} INFO - DAG(s) dict_keys(['example_dynamic_task_mapping']) retrieved from /Users/silvesterjk/Projects/Data Engineering/DEProject/venv/lib/python3.9/site-packages/airflow/example_dags/example_dynamic_task_mapping.py
[2023-05-25T14:08:33.512+0530] {logging_mixin.py:149} INFO - [2023-05-25T14:08:33.512+0530] {dag.py:2726} INFO - Sync 1 DAGs
[2023-05-25T14:08:33.533+0530] {logging_mixin.py:149} INFO - [2023-05-25T14:08:33.533+0530] {dag.py:3486} INFO - Setting next_dagrun for example_dynamic_task_mapping to 2022-03-04T00:00:00+00:00, run_after=2022-03-05T00:00:00+00:00
[2023-05-25T14:08:33.558+0530] {processor.py:179} INFO - Processing /Users/silvesterjk/Projects/Data Engineering/DEProject/venv/lib/python3.9/site-packages/airflow/example_dags/example_dynamic_task_mapping.py took 0.919 seconds
