[2023-05-25T14:01:21.082+0530] {processor.py:157} INFO - Started process (PID=23741) to work on /Users/silvesterjk/Projects/Data Engineering/DEProject/venv/lib/python3.9/site-packages/airflow/example_dags/example_dag_decorator.py
[2023-05-25T14:01:21.083+0530] {processor.py:826} INFO - Processing file /Users/silvesterjk/Projects/Data Engineering/DEProject/venv/lib/python3.9/site-packages/airflow/example_dags/example_dag_decorator.py for tasks to queue
[2023-05-25T14:01:21.083+0530] {logging_mixin.py:149} INFO - [2023-05-25T14:01:21.083+0530] {dagbag.py:541} INFO - Filling up the DagBag from /Users/silvesterjk/Projects/Data Engineering/DEProject/venv/lib/python3.9/site-packages/airflow/example_dags/example_dag_decorator.py
[2023-05-25T14:01:21.316+0530] {logging_mixin.py:149} INFO - [2023-05-25T14:01:21.315+0530] {taskmixin.py:211} WARNING - Dependency <Task(_PythonDecoratedOperator): prepare_email>, send_email already registered for DAG: example_dag_decorator
[2023-05-25T14:01:21.316+0530] {logging_mixin.py:149} INFO - [2023-05-25T14:01:21.316+0530] {taskmixin.py:211} WARNING - Dependency <Task(EmailOperator): send_email>, prepare_email already registered for DAG: example_dag_decorator
[2023-05-25T14:01:21.361+0530] {processor.py:836} INFO - DAG(s) dict_keys(['example_dag_decorator']) retrieved from /Users/silvesterjk/Projects/Data Engineering/DEProject/venv/lib/python3.9/site-packages/airflow/example_dags/example_dag_decorator.py
[2023-05-25T14:01:22.091+0530] {logging_mixin.py:149} INFO - [2023-05-25T14:01:22.091+0530] {dag.py:2726} INFO - Sync 1 DAGs
[2023-05-25T14:01:22.115+0530] {logging_mixin.py:149} INFO - [2023-05-25T14:01:22.114+0530] {dag.py:3486} INFO - Setting next_dagrun for example_dag_decorator to None, run_after=None
[2023-05-25T14:01:22.140+0530] {processor.py:179} INFO - Processing /Users/silvesterjk/Projects/Data Engineering/DEProject/venv/lib/python3.9/site-packages/airflow/example_dags/example_dag_decorator.py took 1.058 seconds
[2023-05-25T14:05:56.101+0530] {processor.py:157} INFO - Started process (PID=23894) to work on /Users/silvesterjk/Projects/Data Engineering/DEProject/venv/lib/python3.9/site-packages/airflow/example_dags/example_dag_decorator.py
[2023-05-25T14:05:56.104+0530] {processor.py:826} INFO - Processing file /Users/silvesterjk/Projects/Data Engineering/DEProject/venv/lib/python3.9/site-packages/airflow/example_dags/example_dag_decorator.py for tasks to queue
[2023-05-25T14:05:56.105+0530] {logging_mixin.py:149} INFO - [2023-05-25T14:05:56.105+0530] {dagbag.py:541} INFO - Filling up the DagBag from /Users/silvesterjk/Projects/Data Engineering/DEProject/venv/lib/python3.9/site-packages/airflow/example_dags/example_dag_decorator.py
[2023-05-25T14:05:56.334+0530] {logging_mixin.py:149} INFO - [2023-05-25T14:05:56.333+0530] {taskmixin.py:211} WARNING - Dependency <Task(_PythonDecoratedOperator): prepare_email>, send_email already registered for DAG: example_dag_decorator
[2023-05-25T14:05:56.334+0530] {logging_mixin.py:149} INFO - [2023-05-25T14:05:56.334+0530] {taskmixin.py:211} WARNING - Dependency <Task(EmailOperator): send_email>, prepare_email already registered for DAG: example_dag_decorator
[2023-05-25T14:05:56.369+0530] {processor.py:836} INFO - DAG(s) dict_keys(['example_dag_decorator']) retrieved from /Users/silvesterjk/Projects/Data Engineering/DEProject/venv/lib/python3.9/site-packages/airflow/example_dags/example_dag_decorator.py
[2023-05-25T14:05:57.040+0530] {logging_mixin.py:149} INFO - [2023-05-25T14:05:57.039+0530] {dag.py:2726} INFO - Sync 1 DAGs
[2023-05-25T14:05:57.059+0530] {logging_mixin.py:149} INFO - [2023-05-25T14:05:57.059+0530] {dag.py:3486} INFO - Setting next_dagrun for example_dag_decorator to None, run_after=None
[2023-05-25T14:05:57.086+0530] {processor.py:179} INFO - Processing /Users/silvesterjk/Projects/Data Engineering/DEProject/venv/lib/python3.9/site-packages/airflow/example_dags/example_dag_decorator.py took 0.986 seconds
[2023-05-25T14:10:11.034+0530] {processor.py:157} INFO - Started process (PID=24042) to work on /Users/silvesterjk/Projects/Data Engineering/DEProject/venv/lib/python3.9/site-packages/airflow/example_dags/example_dag_decorator.py
[2023-05-25T14:10:11.037+0530] {processor.py:826} INFO - Processing file /Users/silvesterjk/Projects/Data Engineering/DEProject/venv/lib/python3.9/site-packages/airflow/example_dags/example_dag_decorator.py for tasks to queue
[2023-05-25T14:10:11.038+0530] {logging_mixin.py:149} INFO - [2023-05-25T14:10:11.037+0530] {dagbag.py:541} INFO - Filling up the DagBag from /Users/silvesterjk/Projects/Data Engineering/DEProject/venv/lib/python3.9/site-packages/airflow/example_dags/example_dag_decorator.py
[2023-05-25T14:10:11.295+0530] {logging_mixin.py:149} INFO - [2023-05-25T14:10:11.295+0530] {taskmixin.py:211} WARNING - Dependency <Task(_PythonDecoratedOperator): prepare_email>, send_email already registered for DAG: example_dag_decorator
[2023-05-25T14:10:11.296+0530] {logging_mixin.py:149} INFO - [2023-05-25T14:10:11.295+0530] {taskmixin.py:211} WARNING - Dependency <Task(EmailOperator): send_email>, prepare_email already registered for DAG: example_dag_decorator
[2023-05-25T14:10:11.333+0530] {processor.py:836} INFO - DAG(s) dict_keys(['example_dag_decorator']) retrieved from /Users/silvesterjk/Projects/Data Engineering/DEProject/venv/lib/python3.9/site-packages/airflow/example_dags/example_dag_decorator.py
[2023-05-25T14:10:12.260+0530] {logging_mixin.py:149} INFO - [2023-05-25T14:10:12.259+0530] {dag.py:2726} INFO - Sync 1 DAGs
[2023-05-25T14:10:12.282+0530] {logging_mixin.py:149} INFO - [2023-05-25T14:10:12.281+0530] {dag.py:3486} INFO - Setting next_dagrun for example_dag_decorator to None, run_after=None
[2023-05-25T14:10:12.316+0530] {processor.py:179} INFO - Processing /Users/silvesterjk/Projects/Data Engineering/DEProject/venv/lib/python3.9/site-packages/airflow/example_dags/example_dag_decorator.py took 1.283 seconds
