[2023-05-25T13:59:52.000+0530] {processor.py:157} INFO - Started process (PID=23682) to work on /Users/silvesterjk/Projects/Data Engineering/DEProject/venv/lib/python3.9/site-packages/airflow/example_dags/example_sla_dag.py
[2023-05-25T13:59:52.000+0530] {processor.py:826} INFO - Processing file /Users/silvesterjk/Projects/Data Engineering/DEProject/venv/lib/python3.9/site-packages/airflow/example_dags/example_sla_dag.py for tasks to queue
[2023-05-25T13:59:52.001+0530] {logging_mixin.py:149} INFO - [2023-05-25T13:59:52.001+0530] {dagbag.py:541} INFO - Filling up the DagBag from /Users/silvesterjk/Projects/Data Engineering/DEProject/venv/lib/python3.9/site-packages/airflow/example_dags/example_sla_dag.py
[2023-05-25T13:59:52.061+0530] {processor.py:836} INFO - DAG(s) dict_keys(['example_sla_dag']) retrieved from /Users/silvesterjk/Projects/Data Engineering/DEProject/venv/lib/python3.9/site-packages/airflow/example_dags/example_sla_dag.py
[2023-05-25T13:59:52.971+0530] {logging_mixin.py:149} INFO - [2023-05-25T13:59:52.971+0530] {dag.py:2726} INFO - Sync 1 DAGs
[2023-05-25T13:59:52.997+0530] {logging_mixin.py:149} INFO - [2023-05-25T13:59:52.996+0530] {dag.py:3486} INFO - Setting next_dagrun for example_sla_dag to 2023-05-25T08:26:00+00:00, run_after=2023-05-25T08:28:00+00:00
[2023-05-25T13:59:53.020+0530] {processor.py:179} INFO - Processing /Users/silvesterjk/Projects/Data Engineering/DEProject/venv/lib/python3.9/site-packages/airflow/example_dags/example_sla_dag.py took 1.021 seconds
[2023-05-25T14:02:57.256+0530] {processor.py:157} INFO - Started process (PID=23782) to work on /Users/silvesterjk/Projects/Data Engineering/DEProject/venv/lib/python3.9/site-packages/airflow/example_dags/example_sla_dag.py
[2023-05-25T14:02:57.258+0530] {processor.py:826} INFO - Processing file /Users/silvesterjk/Projects/Data Engineering/DEProject/venv/lib/python3.9/site-packages/airflow/example_dags/example_sla_dag.py for tasks to queue
[2023-05-25T14:02:57.259+0530] {logging_mixin.py:149} INFO - [2023-05-25T14:02:57.259+0530] {dagbag.py:541} INFO - Filling up the DagBag from /Users/silvesterjk/Projects/Data Engineering/DEProject/venv/lib/python3.9/site-packages/airflow/example_dags/example_sla_dag.py
[2023-05-25T14:02:57.318+0530] {processor.py:836} INFO - DAG(s) dict_keys(['example_sla_dag']) retrieved from /Users/silvesterjk/Projects/Data Engineering/DEProject/venv/lib/python3.9/site-packages/airflow/example_dags/example_sla_dag.py
[2023-05-25T14:02:58.143+0530] {logging_mixin.py:149} INFO - [2023-05-25T14:02:58.142+0530] {dag.py:2726} INFO - Sync 1 DAGs
[2023-05-25T14:02:58.168+0530] {logging_mixin.py:149} INFO - [2023-05-25T14:02:58.168+0530] {dag.py:3486} INFO - Setting next_dagrun for example_sla_dag to 2023-05-25T08:30:00+00:00, run_after=2023-05-25T08:32:00+00:00
[2023-05-25T14:02:58.193+0530] {processor.py:179} INFO - Processing /Users/silvesterjk/Projects/Data Engineering/DEProject/venv/lib/python3.9/site-packages/airflow/example_dags/example_sla_dag.py took 0.937 seconds
[2023-05-25T14:05:19.313+0530] {processor.py:157} INFO - Started process (PID=23865) to work on /Users/silvesterjk/Projects/Data Engineering/DEProject/venv/lib/python3.9/site-packages/airflow/example_dags/example_sla_dag.py
[2023-05-25T14:05:19.316+0530] {processor.py:826} INFO - Processing file /Users/silvesterjk/Projects/Data Engineering/DEProject/venv/lib/python3.9/site-packages/airflow/example_dags/example_sla_dag.py for tasks to queue
[2023-05-25T14:05:19.316+0530] {logging_mixin.py:149} INFO - [2023-05-25T14:05:19.316+0530] {dagbag.py:541} INFO - Filling up the DagBag from /Users/silvesterjk/Projects/Data Engineering/DEProject/venv/lib/python3.9/site-packages/airflow/example_dags/example_sla_dag.py
[2023-05-25T14:05:19.409+0530] {processor.py:836} INFO - DAG(s) dict_keys(['example_sla_dag']) retrieved from /Users/silvesterjk/Projects/Data Engineering/DEProject/venv/lib/python3.9/site-packages/airflow/example_dags/example_sla_dag.py
[2023-05-25T14:05:20.375+0530] {logging_mixin.py:149} INFO - [2023-05-25T14:05:20.375+0530] {dag.py:2726} INFO - Sync 1 DAGs
[2023-05-25T14:05:20.401+0530] {logging_mixin.py:149} INFO - [2023-05-25T14:05:20.401+0530] {dag.py:3486} INFO - Setting next_dagrun for example_sla_dag to 2023-05-25T08:32:00+00:00, run_after=2023-05-25T08:34:00+00:00
[2023-05-25T14:05:20.424+0530] {processor.py:179} INFO - Processing /Users/silvesterjk/Projects/Data Engineering/DEProject/venv/lib/python3.9/site-packages/airflow/example_dags/example_sla_dag.py took 1.113 seconds
[2023-05-25T14:07:35.124+0530] {processor.py:157} INFO - Started process (PID=23974) to work on /Users/silvesterjk/Projects/Data Engineering/DEProject/venv/lib/python3.9/site-packages/airflow/example_dags/example_sla_dag.py
[2023-05-25T14:07:35.125+0530] {processor.py:826} INFO - Processing file /Users/silvesterjk/Projects/Data Engineering/DEProject/venv/lib/python3.9/site-packages/airflow/example_dags/example_sla_dag.py for tasks to queue
[2023-05-25T14:07:35.126+0530] {logging_mixin.py:149} INFO - [2023-05-25T14:07:35.126+0530] {dagbag.py:541} INFO - Filling up the DagBag from /Users/silvesterjk/Projects/Data Engineering/DEProject/venv/lib/python3.9/site-packages/airflow/example_dags/example_sla_dag.py
[2023-05-25T14:07:35.184+0530] {processor.py:836} INFO - DAG(s) dict_keys(['example_sla_dag']) retrieved from /Users/silvesterjk/Projects/Data Engineering/DEProject/venv/lib/python3.9/site-packages/airflow/example_dags/example_sla_dag.py
[2023-05-25T14:07:36.001+0530] {logging_mixin.py:149} INFO - [2023-05-25T14:07:36.001+0530] {dag.py:2726} INFO - Sync 1 DAGs
[2023-05-25T14:07:36.028+0530] {logging_mixin.py:149} INFO - [2023-05-25T14:07:36.027+0530] {dag.py:3486} INFO - Setting next_dagrun for example_sla_dag to 2023-05-25T08:34:00+00:00, run_after=2023-05-25T08:36:00+00:00
[2023-05-25T14:07:36.050+0530] {processor.py:179} INFO - Processing /Users/silvesterjk/Projects/Data Engineering/DEProject/venv/lib/python3.9/site-packages/airflow/example_dags/example_sla_dag.py took 0.927 seconds
[2023-05-25T14:09:36.032+0530] {processor.py:157} INFO - Started process (PID=24028) to work on /Users/silvesterjk/Projects/Data Engineering/DEProject/venv/lib/python3.9/site-packages/airflow/example_dags/example_sla_dag.py
[2023-05-25T14:09:36.033+0530] {processor.py:826} INFO - Processing file /Users/silvesterjk/Projects/Data Engineering/DEProject/venv/lib/python3.9/site-packages/airflow/example_dags/example_sla_dag.py for tasks to queue
[2023-05-25T14:09:36.034+0530] {logging_mixin.py:149} INFO - [2023-05-25T14:09:36.034+0530] {dagbag.py:541} INFO - Filling up the DagBag from /Users/silvesterjk/Projects/Data Engineering/DEProject/venv/lib/python3.9/site-packages/airflow/example_dags/example_sla_dag.py
[2023-05-25T14:09:36.099+0530] {processor.py:836} INFO - DAG(s) dict_keys(['example_sla_dag']) retrieved from /Users/silvesterjk/Projects/Data Engineering/DEProject/venv/lib/python3.9/site-packages/airflow/example_dags/example_sla_dag.py
[2023-05-25T14:09:36.962+0530] {logging_mixin.py:149} INFO - [2023-05-25T14:09:36.962+0530] {dag.py:2726} INFO - Sync 1 DAGs
[2023-05-25T14:09:36.994+0530] {logging_mixin.py:149} INFO - [2023-05-25T14:09:36.994+0530] {dag.py:3486} INFO - Setting next_dagrun for example_sla_dag to 2023-05-25T08:36:00+00:00, run_after=2023-05-25T08:38:00+00:00
[2023-05-25T14:09:37.017+0530] {processor.py:179} INFO - Processing /Users/silvesterjk/Projects/Data Engineering/DEProject/venv/lib/python3.9/site-packages/airflow/example_dags/example_sla_dag.py took 0.986 seconds
