[2023-05-25T14:01:01.908+0530] {processor.py:157} INFO - Started process (PID=23733) to work on /Users/silvesterjk/Projects/Data Engineering/DEProject/venv/lib/python3.9/site-packages/airflow/example_dags/example_latest_only.py
[2023-05-25T14:01:01.908+0530] {processor.py:826} INFO - Processing file /Users/silvesterjk/Projects/Data Engineering/DEProject/venv/lib/python3.9/site-packages/airflow/example_dags/example_latest_only.py for tasks to queue
[2023-05-25T14:01:01.909+0530] {logging_mixin.py:149} INFO - [2023-05-25T14:01:01.909+0530] {dagbag.py:541} INFO - Filling up the DagBag from /Users/silvesterjk/Projects/Data Engineering/DEProject/venv/lib/python3.9/site-packages/airflow/example_dags/example_latest_only.py
[2023-05-25T14:01:01.932+0530] {processor.py:836} INFO - DAG(s) dict_keys(['latest_only']) retrieved from /Users/silvesterjk/Projects/Data Engineering/DEProject/venv/lib/python3.9/site-packages/airflow/example_dags/example_latest_only.py
[2023-05-25T14:01:02.821+0530] {logging_mixin.py:149} INFO - [2023-05-25T14:01:02.820+0530] {dag.py:2726} INFO - Sync 1 DAGs
[2023-05-25T14:01:02.842+0530] {logging_mixin.py:149} INFO - [2023-05-25T14:01:02.842+0530] {dag.py:3486} INFO - Setting next_dagrun for latest_only to 2023-05-25T04:31:02.842021+00:00, run_after=2023-05-25T08:31:02.842021+00:00
[2023-05-25T14:01:02.865+0530] {processor.py:179} INFO - Processing /Users/silvesterjk/Projects/Data Engineering/DEProject/venv/lib/python3.9/site-packages/airflow/example_dags/example_latest_only.py took 0.959 seconds
[2023-05-25T14:03:51.799+0530] {processor.py:157} INFO - Started process (PID=23807) to work on /Users/silvesterjk/Projects/Data Engineering/DEProject/venv/lib/python3.9/site-packages/airflow/example_dags/example_latest_only.py
[2023-05-25T14:03:51.800+0530] {processor.py:826} INFO - Processing file /Users/silvesterjk/Projects/Data Engineering/DEProject/venv/lib/python3.9/site-packages/airflow/example_dags/example_latest_only.py for tasks to queue
[2023-05-25T14:03:51.800+0530] {logging_mixin.py:149} INFO - [2023-05-25T14:03:51.800+0530] {dagbag.py:541} INFO - Filling up the DagBag from /Users/silvesterjk/Projects/Data Engineering/DEProject/venv/lib/python3.9/site-packages/airflow/example_dags/example_latest_only.py
[2023-05-25T14:03:51.824+0530] {processor.py:836} INFO - DAG(s) dict_keys(['latest_only']) retrieved from /Users/silvesterjk/Projects/Data Engineering/DEProject/venv/lib/python3.9/site-packages/airflow/example_dags/example_latest_only.py
[2023-05-25T14:03:52.791+0530] {logging_mixin.py:149} INFO - [2023-05-25T14:03:52.791+0530] {dag.py:2726} INFO - Sync 1 DAGs
[2023-05-25T14:03:52.813+0530] {logging_mixin.py:149} INFO - [2023-05-25T14:03:52.813+0530] {dag.py:3486} INFO - Setting next_dagrun for latest_only to 2023-05-25T04:33:52.812916+00:00, run_after=2023-05-25T08:33:52.812916+00:00
[2023-05-25T14:03:52.837+0530] {processor.py:179} INFO - Processing /Users/silvesterjk/Projects/Data Engineering/DEProject/venv/lib/python3.9/site-packages/airflow/example_dags/example_latest_only.py took 1.040 seconds
[2023-05-25T14:08:23.620+0530] {processor.py:157} INFO - Started process (PID=23994) to work on /Users/silvesterjk/Projects/Data Engineering/DEProject/venv/lib/python3.9/site-packages/airflow/example_dags/example_latest_only.py
[2023-05-25T14:08:23.622+0530] {processor.py:826} INFO - Processing file /Users/silvesterjk/Projects/Data Engineering/DEProject/venv/lib/python3.9/site-packages/airflow/example_dags/example_latest_only.py for tasks to queue
[2023-05-25T14:08:23.623+0530] {logging_mixin.py:149} INFO - [2023-05-25T14:08:23.623+0530] {dagbag.py:541} INFO - Filling up the DagBag from /Users/silvesterjk/Projects/Data Engineering/DEProject/venv/lib/python3.9/site-packages/airflow/example_dags/example_latest_only.py
[2023-05-25T14:08:23.644+0530] {processor.py:836} INFO - DAG(s) dict_keys(['latest_only']) retrieved from /Users/silvesterjk/Projects/Data Engineering/DEProject/venv/lib/python3.9/site-packages/airflow/example_dags/example_latest_only.py
[2023-05-25T14:08:24.482+0530] {logging_mixin.py:149} INFO - [2023-05-25T14:08:24.482+0530] {dag.py:2726} INFO - Sync 1 DAGs
[2023-05-25T14:08:24.503+0530] {logging_mixin.py:149} INFO - [2023-05-25T14:08:24.503+0530] {dag.py:3486} INFO - Setting next_dagrun for latest_only to 2023-05-25T04:38:24.502763+00:00, run_after=2023-05-25T08:38:24.502763+00:00
[2023-05-25T14:08:24.525+0530] {processor.py:179} INFO - Processing /Users/silvesterjk/Projects/Data Engineering/DEProject/venv/lib/python3.9/site-packages/airflow/example_dags/example_latest_only.py took 0.906 seconds
