[2023-05-25T14:01:46.990+0530] {processor.py:157} INFO - Started process (PID=23753) to work on /Users/silvesterjk/Projects/Data Engineering/DEProject/venv/lib/python3.9/site-packages/airflow/example_dags/example_branch_datetime_operator.py
[2023-05-25T14:01:46.991+0530] {processor.py:826} INFO - Processing file /Users/silvesterjk/Projects/Data Engineering/DEProject/venv/lib/python3.9/site-packages/airflow/example_dags/example_branch_datetime_operator.py for tasks to queue
[2023-05-25T14:01:46.991+0530] {logging_mixin.py:149} INFO - [2023-05-25T14:01:46.991+0530] {dagbag.py:541} INFO - Filling up the DagBag from /Users/silvesterjk/Projects/Data Engineering/DEProject/venv/lib/python3.9/site-packages/airflow/example_dags/example_branch_datetime_operator.py
[2023-05-25T14:01:47.020+0530] {processor.py:836} INFO - DAG(s) dict_keys(['example_branch_datetime_operator_3', 'example_branch_datetime_operator_2', 'example_branch_datetime_operator']) retrieved from /Users/silvesterjk/Projects/Data Engineering/DEProject/venv/lib/python3.9/site-packages/airflow/example_dags/example_branch_datetime_operator.py
[2023-05-25T14:01:47.927+0530] {logging_mixin.py:149} INFO - [2023-05-25T14:01:47.926+0530] {dag.py:2726} INFO - Sync 3 DAGs
[2023-05-25T14:01:47.948+0530] {logging_mixin.py:149} INFO - [2023-05-25T14:01:47.948+0530] {dag.py:3486} INFO - Setting next_dagrun for example_branch_datetime_operator to 2023-05-24T00:00:00+00:00, run_after=2023-05-25T00:00:00+00:00
[2023-05-25T14:01:47.954+0530] {logging_mixin.py:149} INFO - [2023-05-25T14:01:47.954+0530] {dag.py:3486} INFO - Setting next_dagrun for example_branch_datetime_operator_2 to 2023-05-24T00:00:00+00:00, run_after=2023-05-25T00:00:00+00:00
[2023-05-25T14:01:47.957+0530] {logging_mixin.py:149} INFO - [2023-05-25T14:01:47.957+0530] {dag.py:3486} INFO - Setting next_dagrun for example_branch_datetime_operator_3 to 2023-05-24T00:00:00+00:00, run_after=2023-05-25T00:00:00+00:00
[2023-05-25T14:01:47.979+0530] {processor.py:179} INFO - Processing /Users/silvesterjk/Projects/Data Engineering/DEProject/venv/lib/python3.9/site-packages/airflow/example_dags/example_branch_datetime_operator.py took 0.990 seconds
[2023-05-25T14:06:20.364+0530] {processor.py:157} INFO - Started process (PID=23903) to work on /Users/silvesterjk/Projects/Data Engineering/DEProject/venv/lib/python3.9/site-packages/airflow/example_dags/example_branch_datetime_operator.py
[2023-05-25T14:06:20.367+0530] {processor.py:826} INFO - Processing file /Users/silvesterjk/Projects/Data Engineering/DEProject/venv/lib/python3.9/site-packages/airflow/example_dags/example_branch_datetime_operator.py for tasks to queue
[2023-05-25T14:06:20.367+0530] {logging_mixin.py:149} INFO - [2023-05-25T14:06:20.367+0530] {dagbag.py:541} INFO - Filling up the DagBag from /Users/silvesterjk/Projects/Data Engineering/DEProject/venv/lib/python3.9/site-packages/airflow/example_dags/example_branch_datetime_operator.py
[2023-05-25T14:06:20.396+0530] {processor.py:836} INFO - DAG(s) dict_keys(['example_branch_datetime_operator_3', 'example_branch_datetime_operator_2', 'example_branch_datetime_operator']) retrieved from /Users/silvesterjk/Projects/Data Engineering/DEProject/venv/lib/python3.9/site-packages/airflow/example_dags/example_branch_datetime_operator.py
[2023-05-25T14:06:21.280+0530] {logging_mixin.py:149} INFO - [2023-05-25T14:06:21.279+0530] {dag.py:2726} INFO - Sync 3 DAGs
[2023-05-25T14:06:21.301+0530] {logging_mixin.py:149} INFO - [2023-05-25T14:06:21.301+0530] {dag.py:3486} INFO - Setting next_dagrun for example_branch_datetime_operator to 2023-05-24T00:00:00+00:00, run_after=2023-05-25T00:00:00+00:00
[2023-05-25T14:06:21.307+0530] {logging_mixin.py:149} INFO - [2023-05-25T14:06:21.307+0530] {dag.py:3486} INFO - Setting next_dagrun for example_branch_datetime_operator_2 to 2023-05-24T00:00:00+00:00, run_after=2023-05-25T00:00:00+00:00
[2023-05-25T14:06:21.310+0530] {logging_mixin.py:149} INFO - [2023-05-25T14:06:21.310+0530] {dag.py:3486} INFO - Setting next_dagrun for example_branch_datetime_operator_3 to 2023-05-24T00:00:00+00:00, run_after=2023-05-25T00:00:00+00:00
[2023-05-25T14:06:21.334+0530] {processor.py:179} INFO - Processing /Users/silvesterjk/Projects/Data Engineering/DEProject/venv/lib/python3.9/site-packages/airflow/example_dags/example_branch_datetime_operator.py took 0.970 seconds
[2023-05-25T14:10:37.745+0530] {processor.py:157} INFO - Started process (PID=24051) to work on /Users/silvesterjk/Projects/Data Engineering/DEProject/venv/lib/python3.9/site-packages/airflow/example_dags/example_branch_datetime_operator.py
[2023-05-25T14:10:37.747+0530] {processor.py:826} INFO - Processing file /Users/silvesterjk/Projects/Data Engineering/DEProject/venv/lib/python3.9/site-packages/airflow/example_dags/example_branch_datetime_operator.py for tasks to queue
[2023-05-25T14:10:37.748+0530] {logging_mixin.py:149} INFO - [2023-05-25T14:10:37.748+0530] {dagbag.py:541} INFO - Filling up the DagBag from /Users/silvesterjk/Projects/Data Engineering/DEProject/venv/lib/python3.9/site-packages/airflow/example_dags/example_branch_datetime_operator.py
[2023-05-25T14:10:37.775+0530] {processor.py:836} INFO - DAG(s) dict_keys(['example_branch_datetime_operator_3', 'example_branch_datetime_operator_2', 'example_branch_datetime_operator']) retrieved from /Users/silvesterjk/Projects/Data Engineering/DEProject/venv/lib/python3.9/site-packages/airflow/example_dags/example_branch_datetime_operator.py
[2023-05-25T14:10:38.635+0530] {logging_mixin.py:149} INFO - [2023-05-25T14:10:38.634+0530] {dag.py:2726} INFO - Sync 3 DAGs
[2023-05-25T14:10:38.657+0530] {logging_mixin.py:149} INFO - [2023-05-25T14:10:38.657+0530] {dag.py:3486} INFO - Setting next_dagrun for example_branch_datetime_operator to 2023-05-24T00:00:00+00:00, run_after=2023-05-25T00:00:00+00:00
[2023-05-25T14:10:38.662+0530] {logging_mixin.py:149} INFO - [2023-05-25T14:10:38.662+0530] {dag.py:3486} INFO - Setting next_dagrun for example_branch_datetime_operator_2 to 2023-05-24T00:00:00+00:00, run_after=2023-05-25T00:00:00+00:00
[2023-05-25T14:10:38.665+0530] {logging_mixin.py:149} INFO - [2023-05-25T14:10:38.665+0530] {dag.py:3486} INFO - Setting next_dagrun for example_branch_datetime_operator_3 to 2023-05-24T00:00:00+00:00, run_after=2023-05-25T00:00:00+00:00
[2023-05-25T14:10:38.687+0530] {processor.py:179} INFO - Processing /Users/silvesterjk/Projects/Data Engineering/DEProject/venv/lib/python3.9/site-packages/airflow/example_dags/example_branch_datetime_operator.py took 0.944 seconds
