[2023-05-25T14:01:43.349+0530] {processor.py:157} INFO - Started process (PID=23750) to work on /Users/silvesterjk/Projects/Data Engineering/DEProject/venv/lib/python3.9/site-packages/airflow/example_dags/example_branch_day_of_week_operator.py
[2023-05-25T14:01:43.350+0530] {processor.py:826} INFO - Processing file /Users/silvesterjk/Projects/Data Engineering/DEProject/venv/lib/python3.9/site-packages/airflow/example_dags/example_branch_day_of_week_operator.py for tasks to queue
[2023-05-25T14:01:43.350+0530] {logging_mixin.py:149} INFO - [2023-05-25T14:01:43.350+0530] {dagbag.py:541} INFO - Filling up the DagBag from /Users/silvesterjk/Projects/Data Engineering/DEProject/venv/lib/python3.9/site-packages/airflow/example_dags/example_branch_day_of_week_operator.py
[2023-05-25T14:01:43.382+0530] {processor.py:836} INFO - DAG(s) dict_keys(['example_weekday_branch_operator']) retrieved from /Users/silvesterjk/Projects/Data Engineering/DEProject/venv/lib/python3.9/site-packages/airflow/example_dags/example_branch_day_of_week_operator.py
[2023-05-25T14:01:44.348+0530] {logging_mixin.py:149} INFO - [2023-05-25T14:01:44.348+0530] {dag.py:2726} INFO - Sync 1 DAGs
[2023-05-25T14:01:44.373+0530] {logging_mixin.py:149} INFO - [2023-05-25T14:01:44.372+0530] {dag.py:3486} INFO - Setting next_dagrun for example_weekday_branch_operator to 2023-05-24T00:00:00+00:00, run_after=2023-05-25T00:00:00+00:00
[2023-05-25T14:01:44.397+0530] {processor.py:179} INFO - Processing /Users/silvesterjk/Projects/Data Engineering/DEProject/venv/lib/python3.9/site-packages/airflow/example_dags/example_branch_day_of_week_operator.py took 1.049 seconds
[2023-05-25T14:06:16.279+0530] {processor.py:157} INFO - Started process (PID=23901) to work on /Users/silvesterjk/Projects/Data Engineering/DEProject/venv/lib/python3.9/site-packages/airflow/example_dags/example_branch_day_of_week_operator.py
[2023-05-25T14:06:16.280+0530] {processor.py:826} INFO - Processing file /Users/silvesterjk/Projects/Data Engineering/DEProject/venv/lib/python3.9/site-packages/airflow/example_dags/example_branch_day_of_week_operator.py for tasks to queue
[2023-05-25T14:06:16.281+0530] {logging_mixin.py:149} INFO - [2023-05-25T14:06:16.281+0530] {dagbag.py:541} INFO - Filling up the DagBag from /Users/silvesterjk/Projects/Data Engineering/DEProject/venv/lib/python3.9/site-packages/airflow/example_dags/example_branch_day_of_week_operator.py
[2023-05-25T14:06:16.309+0530] {processor.py:836} INFO - DAG(s) dict_keys(['example_weekday_branch_operator']) retrieved from /Users/silvesterjk/Projects/Data Engineering/DEProject/venv/lib/python3.9/site-packages/airflow/example_dags/example_branch_day_of_week_operator.py
[2023-05-25T14:06:17.840+0530] {logging_mixin.py:149} INFO - [2023-05-25T14:06:17.840+0530] {dag.py:2726} INFO - Sync 1 DAGs
[2023-05-25T14:06:17.865+0530] {logging_mixin.py:149} INFO - [2023-05-25T14:06:17.864+0530] {dag.py:3486} INFO - Setting next_dagrun for example_weekday_branch_operator to 2023-05-24T00:00:00+00:00, run_after=2023-05-25T00:00:00+00:00
[2023-05-25T14:06:17.889+0530] {processor.py:179} INFO - Processing /Users/silvesterjk/Projects/Data Engineering/DEProject/venv/lib/python3.9/site-packages/airflow/example_dags/example_branch_day_of_week_operator.py took 1.611 seconds
[2023-05-25T14:10:34.369+0530] {processor.py:157} INFO - Started process (PID=24050) to work on /Users/silvesterjk/Projects/Data Engineering/DEProject/venv/lib/python3.9/site-packages/airflow/example_dags/example_branch_day_of_week_operator.py
[2023-05-25T14:10:34.371+0530] {processor.py:826} INFO - Processing file /Users/silvesterjk/Projects/Data Engineering/DEProject/venv/lib/python3.9/site-packages/airflow/example_dags/example_branch_day_of_week_operator.py for tasks to queue
[2023-05-25T14:10:34.372+0530] {logging_mixin.py:149} INFO - [2023-05-25T14:10:34.372+0530] {dagbag.py:541} INFO - Filling up the DagBag from /Users/silvesterjk/Projects/Data Engineering/DEProject/venv/lib/python3.9/site-packages/airflow/example_dags/example_branch_day_of_week_operator.py
[2023-05-25T14:10:34.402+0530] {processor.py:836} INFO - DAG(s) dict_keys(['example_weekday_branch_operator']) retrieved from /Users/silvesterjk/Projects/Data Engineering/DEProject/venv/lib/python3.9/site-packages/airflow/example_dags/example_branch_day_of_week_operator.py
[2023-05-25T14:10:35.253+0530] {logging_mixin.py:149} INFO - [2023-05-25T14:10:35.252+0530] {dag.py:2726} INFO - Sync 1 DAGs
[2023-05-25T14:10:35.275+0530] {logging_mixin.py:149} INFO - [2023-05-25T14:10:35.275+0530] {dag.py:3486} INFO - Setting next_dagrun for example_weekday_branch_operator to 2023-05-24T00:00:00+00:00, run_after=2023-05-25T00:00:00+00:00
[2023-05-25T14:10:35.299+0530] {processor.py:179} INFO - Processing /Users/silvesterjk/Projects/Data Engineering/DEProject/venv/lib/python3.9/site-packages/airflow/example_dags/example_branch_day_of_week_operator.py took 0.931 seconds
