[2023-05-25T13:49:36.403+0530] {processor.py:157} INFO - Started process (PID=23361) to work on /Users/silvesterjk/Projects/Data Engineering/DEProject/venv/lib/python3.9/site-packages/airflow/example_dags/example_xcom.py
[2023-05-25T13:49:36.404+0530] {processor.py:826} INFO - Processing file /Users/silvesterjk/Projects/Data Engineering/DEProject/venv/lib/python3.9/site-packages/airflow/example_dags/example_xcom.py for tasks to queue
[2023-05-25T13:49:36.405+0530] {logging_mixin.py:149} INFO - [2023-05-25T13:49:36.405+0530] {dagbag.py:541} INFO - Filling up the DagBag from /Users/silvesterjk/Projects/Data Engineering/DEProject/venv/lib/python3.9/site-packages/airflow/example_dags/example_xcom.py
[2023-05-25T13:49:36.478+0530] {processor.py:836} INFO - DAG(s) dict_keys(['example_xcom']) retrieved from /Users/silvesterjk/Projects/Data Engineering/DEProject/venv/lib/python3.9/site-packages/airflow/example_dags/example_xcom.py
[2023-05-25T13:49:37.471+0530] {logging_mixin.py:149} INFO - [2023-05-25T13:49:37.471+0530] {manager.py:504} INFO - Created Permission View: can delete on DAG:example_xcom
[2023-05-25T13:49:37.482+0530] {logging_mixin.py:149} INFO - [2023-05-25T13:49:37.482+0530] {manager.py:504} INFO - Created Permission View: can read on DAG:example_xcom
[2023-05-25T13:49:37.492+0530] {logging_mixin.py:149} INFO - [2023-05-25T13:49:37.492+0530] {manager.py:504} INFO - Created Permission View: can edit on DAG:example_xcom
[2023-05-25T13:49:37.492+0530] {logging_mixin.py:149} INFO - [2023-05-25T13:49:37.492+0530] {dag.py:2726} INFO - Sync 1 DAGs
[2023-05-25T13:49:37.506+0530] {logging_mixin.py:149} INFO - [2023-05-25T13:49:37.505+0530] {dag.py:2747} INFO - Creating ORM DAG for example_xcom
[2023-05-25T13:49:37.516+0530] {logging_mixin.py:149} INFO - [2023-05-25T13:49:37.516+0530] {dag.py:3486} INFO - Setting next_dagrun for example_xcom to 2021-01-01T00:00:00+00:00, run_after=2021-01-01T00:00:00+00:00
[2023-05-25T13:49:37.541+0530] {processor.py:179} INFO - Processing /Users/silvesterjk/Projects/Data Engineering/DEProject/venv/lib/python3.9/site-packages/airflow/example_dags/example_xcom.py took 1.138 seconds
[2023-05-25T13:57:16.590+0530] {processor.py:157} INFO - Started process (PID=23535) to work on /Users/silvesterjk/Projects/Data Engineering/DEProject/venv/lib/python3.9/site-packages/airflow/example_dags/example_xcom.py
[2023-05-25T13:57:16.592+0530] {processor.py:826} INFO - Processing file /Users/silvesterjk/Projects/Data Engineering/DEProject/venv/lib/python3.9/site-packages/airflow/example_dags/example_xcom.py for tasks to queue
[2023-05-25T13:57:16.593+0530] {logging_mixin.py:149} INFO - [2023-05-25T13:57:16.592+0530] {dagbag.py:541} INFO - Filling up the DagBag from /Users/silvesterjk/Projects/Data Engineering/DEProject/venv/lib/python3.9/site-packages/airflow/example_dags/example_xcom.py
[2023-05-25T13:57:16.830+0530] {processor.py:836} INFO - DAG(s) dict_keys(['example_xcom']) retrieved from /Users/silvesterjk/Projects/Data Engineering/DEProject/venv/lib/python3.9/site-packages/airflow/example_dags/example_xcom.py
[2023-05-25T13:57:17.713+0530] {logging_mixin.py:149} INFO - [2023-05-25T13:57:17.713+0530] {dag.py:2726} INFO - Sync 1 DAGs
[2023-05-25T13:57:17.739+0530] {logging_mixin.py:149} INFO - [2023-05-25T13:57:17.738+0530] {dag.py:3486} INFO - Setting next_dagrun for example_xcom to 2021-01-01T00:00:00+00:00, run_after=2021-01-01T00:00:00+00:00
[2023-05-25T13:57:17.763+0530] {processor.py:179} INFO - Processing /Users/silvesterjk/Projects/Data Engineering/DEProject/venv/lib/python3.9/site-packages/airflow/example_dags/example_xcom.py took 1.175 seconds
[2023-05-25T13:59:28.217+0530] {processor.py:157} INFO - Started process (PID=23663) to work on /Users/silvesterjk/Projects/Data Engineering/DEProject/venv/lib/python3.9/site-packages/airflow/example_dags/example_xcom.py
[2023-05-25T13:59:28.219+0530] {processor.py:826} INFO - Processing file /Users/silvesterjk/Projects/Data Engineering/DEProject/venv/lib/python3.9/site-packages/airflow/example_dags/example_xcom.py for tasks to queue
[2023-05-25T13:59:28.220+0530] {logging_mixin.py:149} INFO - [2023-05-25T13:59:28.220+0530] {dagbag.py:541} INFO - Filling up the DagBag from /Users/silvesterjk/Projects/Data Engineering/DEProject/venv/lib/python3.9/site-packages/airflow/example_dags/example_xcom.py
[2023-05-25T13:59:28.288+0530] {processor.py:836} INFO - DAG(s) dict_keys(['example_xcom']) retrieved from /Users/silvesterjk/Projects/Data Engineering/DEProject/venv/lib/python3.9/site-packages/airflow/example_dags/example_xcom.py
[2023-05-25T13:59:29.198+0530] {logging_mixin.py:149} INFO - [2023-05-25T13:59:29.198+0530] {dag.py:2726} INFO - Sync 1 DAGs
[2023-05-25T13:59:29.220+0530] {logging_mixin.py:149} INFO - [2023-05-25T13:59:29.220+0530] {dag.py:3486} INFO - Setting next_dagrun for example_xcom to 2021-01-01T00:00:00+00:00, run_after=2021-01-01T00:00:00+00:00
[2023-05-25T13:59:29.245+0530] {processor.py:179} INFO - Processing /Users/silvesterjk/Projects/Data Engineering/DEProject/venv/lib/python3.9/site-packages/airflow/example_dags/example_xcom.py took 1.029 seconds
[2023-05-25T14:02:32.353+0530] {processor.py:157} INFO - Started process (PID=23770) to work on /Users/silvesterjk/Projects/Data Engineering/DEProject/venv/lib/python3.9/site-packages/airflow/example_dags/example_xcom.py
[2023-05-25T14:02:32.355+0530] {processor.py:826} INFO - Processing file /Users/silvesterjk/Projects/Data Engineering/DEProject/venv/lib/python3.9/site-packages/airflow/example_dags/example_xcom.py for tasks to queue
[2023-05-25T14:02:32.355+0530] {logging_mixin.py:149} INFO - [2023-05-25T14:02:32.355+0530] {dagbag.py:541} INFO - Filling up the DagBag from /Users/silvesterjk/Projects/Data Engineering/DEProject/venv/lib/python3.9/site-packages/airflow/example_dags/example_xcom.py
[2023-05-25T14:02:32.418+0530] {processor.py:836} INFO - DAG(s) dict_keys(['example_xcom']) retrieved from /Users/silvesterjk/Projects/Data Engineering/DEProject/venv/lib/python3.9/site-packages/airflow/example_dags/example_xcom.py
[2023-05-25T14:02:33.388+0530] {logging_mixin.py:149} INFO - [2023-05-25T14:02:33.388+0530] {dag.py:2726} INFO - Sync 1 DAGs
[2023-05-25T14:02:33.414+0530] {logging_mixin.py:149} INFO - [2023-05-25T14:02:33.414+0530] {dag.py:3486} INFO - Setting next_dagrun for example_xcom to 2021-01-01T00:00:00+00:00, run_after=2021-01-01T00:00:00+00:00
[2023-05-25T14:02:33.436+0530] {processor.py:179} INFO - Processing /Users/silvesterjk/Projects/Data Engineering/DEProject/venv/lib/python3.9/site-packages/airflow/example_dags/example_xcom.py took 1.084 seconds
[2023-05-25T14:04:50.835+0530] {processor.py:157} INFO - Started process (PID=23851) to work on /Users/silvesterjk/Projects/Data Engineering/DEProject/venv/lib/python3.9/site-packages/airflow/example_dags/example_xcom.py
[2023-05-25T14:04:50.836+0530] {processor.py:826} INFO - Processing file /Users/silvesterjk/Projects/Data Engineering/DEProject/venv/lib/python3.9/site-packages/airflow/example_dags/example_xcom.py for tasks to queue
[2023-05-25T14:04:50.837+0530] {logging_mixin.py:149} INFO - [2023-05-25T14:04:50.836+0530] {dagbag.py:541} INFO - Filling up the DagBag from /Users/silvesterjk/Projects/Data Engineering/DEProject/venv/lib/python3.9/site-packages/airflow/example_dags/example_xcom.py
[2023-05-25T14:04:50.970+0530] {processor.py:836} INFO - DAG(s) dict_keys(['example_xcom']) retrieved from /Users/silvesterjk/Projects/Data Engineering/DEProject/venv/lib/python3.9/site-packages/airflow/example_dags/example_xcom.py
[2023-05-25T14:04:51.916+0530] {logging_mixin.py:149} INFO - [2023-05-25T14:04:51.915+0530] {dag.py:2726} INFO - Sync 1 DAGs
[2023-05-25T14:04:51.941+0530] {logging_mixin.py:149} INFO - [2023-05-25T14:04:51.941+0530] {dag.py:3486} INFO - Setting next_dagrun for example_xcom to 2021-01-01T00:00:00+00:00, run_after=2021-01-01T00:00:00+00:00
[2023-05-25T14:04:51.968+0530] {processor.py:179} INFO - Processing /Users/silvesterjk/Projects/Data Engineering/DEProject/venv/lib/python3.9/site-packages/airflow/example_dags/example_xcom.py took 1.134 seconds
[2023-05-25T14:07:08.915+0530] {processor.py:157} INFO - Started process (PID=23954) to work on /Users/silvesterjk/Projects/Data Engineering/DEProject/venv/lib/python3.9/site-packages/airflow/example_dags/example_xcom.py
[2023-05-25T14:07:08.917+0530] {processor.py:826} INFO - Processing file /Users/silvesterjk/Projects/Data Engineering/DEProject/venv/lib/python3.9/site-packages/airflow/example_dags/example_xcom.py for tasks to queue
[2023-05-25T14:07:08.918+0530] {logging_mixin.py:149} INFO - [2023-05-25T14:07:08.918+0530] {dagbag.py:541} INFO - Filling up the DagBag from /Users/silvesterjk/Projects/Data Engineering/DEProject/venv/lib/python3.9/site-packages/airflow/example_dags/example_xcom.py
[2023-05-25T14:07:09.002+0530] {processor.py:836} INFO - DAG(s) dict_keys(['example_xcom']) retrieved from /Users/silvesterjk/Projects/Data Engineering/DEProject/venv/lib/python3.9/site-packages/airflow/example_dags/example_xcom.py
[2023-05-25T14:07:10.030+0530] {logging_mixin.py:149} INFO - [2023-05-25T14:07:10.030+0530] {dag.py:2726} INFO - Sync 1 DAGs
[2023-05-25T14:07:10.059+0530] {logging_mixin.py:149} INFO - [2023-05-25T14:07:10.058+0530] {dag.py:3486} INFO - Setting next_dagrun for example_xcom to 2021-01-01T00:00:00+00:00, run_after=2021-01-01T00:00:00+00:00
[2023-05-25T14:07:10.088+0530] {processor.py:179} INFO - Processing /Users/silvesterjk/Projects/Data Engineering/DEProject/venv/lib/python3.9/site-packages/airflow/example_dags/example_xcom.py took 1.174 seconds
[2023-05-25T14:09:11.118+0530] {processor.py:157} INFO - Started process (PID=24019) to work on /Users/silvesterjk/Projects/Data Engineering/DEProject/venv/lib/python3.9/site-packages/airflow/example_dags/example_xcom.py
[2023-05-25T14:09:11.120+0530] {processor.py:826} INFO - Processing file /Users/silvesterjk/Projects/Data Engineering/DEProject/venv/lib/python3.9/site-packages/airflow/example_dags/example_xcom.py for tasks to queue
[2023-05-25T14:09:11.121+0530] {logging_mixin.py:149} INFO - [2023-05-25T14:09:11.121+0530] {dagbag.py:541} INFO - Filling up the DagBag from /Users/silvesterjk/Projects/Data Engineering/DEProject/venv/lib/python3.9/site-packages/airflow/example_dags/example_xcom.py
[2023-05-25T14:09:11.238+0530] {processor.py:836} INFO - DAG(s) dict_keys(['example_xcom']) retrieved from /Users/silvesterjk/Projects/Data Engineering/DEProject/venv/lib/python3.9/site-packages/airflow/example_dags/example_xcom.py
[2023-05-25T14:09:12.085+0530] {logging_mixin.py:149} INFO - [2023-05-25T14:09:12.085+0530] {dag.py:2726} INFO - Sync 1 DAGs
[2023-05-25T14:09:12.107+0530] {logging_mixin.py:149} INFO - [2023-05-25T14:09:12.107+0530] {dag.py:3486} INFO - Setting next_dagrun for example_xcom to 2021-01-01T00:00:00+00:00, run_after=2021-01-01T00:00:00+00:00
[2023-05-25T14:09:12.129+0530] {processor.py:179} INFO - Processing /Users/silvesterjk/Projects/Data Engineering/DEProject/venv/lib/python3.9/site-packages/airflow/example_dags/example_xcom.py took 1.012 seconds
