[2023-05-25T14:00:47.212+0530] {processor.py:157} INFO - Started process (PID=23724) to work on /Users/silvesterjk/Projects/Data Engineering/DEProject/venv/lib/python3.9/site-packages/airflow/example_dags/example_params_trigger_ui.py
[2023-05-25T14:00:47.213+0530] {processor.py:826} INFO - Processing file /Users/silvesterjk/Projects/Data Engineering/DEProject/venv/lib/python3.9/site-packages/airflow/example_dags/example_params_trigger_ui.py for tasks to queue
[2023-05-25T14:00:47.214+0530] {logging_mixin.py:149} INFO - [2023-05-25T14:00:47.214+0530] {dagbag.py:541} INFO - Filling up the DagBag from /Users/silvesterjk/Projects/Data Engineering/DEProject/venv/lib/python3.9/site-packages/airflow/example_dags/example_params_trigger_ui.py
[2023-05-25T14:00:47.355+0530] {processor.py:836} INFO - DAG(s) dict_keys(['example_params_trigger_ui']) retrieved from /Users/silvesterjk/Projects/Data Engineering/DEProject/venv/lib/python3.9/site-packages/airflow/example_dags/example_params_trigger_ui.py
[2023-05-25T14:00:48.330+0530] {logging_mixin.py:149} INFO - [2023-05-25T14:00:48.330+0530] {dag.py:2726} INFO - Sync 1 DAGs
[2023-05-25T14:00:48.350+0530] {logging_mixin.py:149} INFO - [2023-05-25T14:00:48.349+0530] {dag.py:3486} INFO - Setting next_dagrun for example_params_trigger_ui to None, run_after=None
[2023-05-25T14:00:48.374+0530] {processor.py:179} INFO - Processing /Users/silvesterjk/Projects/Data Engineering/DEProject/venv/lib/python3.9/site-packages/airflow/example_dags/example_params_trigger_ui.py took 1.163 seconds
[2023-05-25T14:03:36.968+0530] {processor.py:157} INFO - Started process (PID=23797) to work on /Users/silvesterjk/Projects/Data Engineering/DEProject/venv/lib/python3.9/site-packages/airflow/example_dags/example_params_trigger_ui.py
[2023-05-25T14:03:36.969+0530] {processor.py:826} INFO - Processing file /Users/silvesterjk/Projects/Data Engineering/DEProject/venv/lib/python3.9/site-packages/airflow/example_dags/example_params_trigger_ui.py for tasks to queue
[2023-05-25T14:03:36.970+0530] {logging_mixin.py:149} INFO - [2023-05-25T14:03:36.970+0530] {dagbag.py:541} INFO - Filling up the DagBag from /Users/silvesterjk/Projects/Data Engineering/DEProject/venv/lib/python3.9/site-packages/airflow/example_dags/example_params_trigger_ui.py
[2023-05-25T14:03:37.134+0530] {processor.py:836} INFO - DAG(s) dict_keys(['example_params_trigger_ui']) retrieved from /Users/silvesterjk/Projects/Data Engineering/DEProject/venv/lib/python3.9/site-packages/airflow/example_dags/example_params_trigger_ui.py
[2023-05-25T14:03:38.685+0530] {logging_mixin.py:149} INFO - [2023-05-25T14:03:38.684+0530] {dag.py:2726} INFO - Sync 1 DAGs
[2023-05-25T14:03:38.744+0530] {logging_mixin.py:149} INFO - [2023-05-25T14:03:38.744+0530] {dag.py:3486} INFO - Setting next_dagrun for example_params_trigger_ui to None, run_after=None
[2023-05-25T14:03:39.030+0530] {processor.py:179} INFO - Processing /Users/silvesterjk/Projects/Data Engineering/DEProject/venv/lib/python3.9/site-packages/airflow/example_dags/example_params_trigger_ui.py took 2.063 seconds
[2023-05-25T14:08:11.216+0530] {processor.py:157} INFO - Started process (PID=23989) to work on /Users/silvesterjk/Projects/Data Engineering/DEProject/venv/lib/python3.9/site-packages/airflow/example_dags/example_params_trigger_ui.py
[2023-05-25T14:08:11.218+0530] {processor.py:826} INFO - Processing file /Users/silvesterjk/Projects/Data Engineering/DEProject/venv/lib/python3.9/site-packages/airflow/example_dags/example_params_trigger_ui.py for tasks to queue
[2023-05-25T14:08:11.219+0530] {logging_mixin.py:149} INFO - [2023-05-25T14:08:11.219+0530] {dagbag.py:541} INFO - Filling up the DagBag from /Users/silvesterjk/Projects/Data Engineering/DEProject/venv/lib/python3.9/site-packages/airflow/example_dags/example_params_trigger_ui.py
[2023-05-25T14:08:11.347+0530] {processor.py:836} INFO - DAG(s) dict_keys(['example_params_trigger_ui']) retrieved from /Users/silvesterjk/Projects/Data Engineering/DEProject/venv/lib/python3.9/site-packages/airflow/example_dags/example_params_trigger_ui.py
[2023-05-25T14:08:12.191+0530] {logging_mixin.py:149} INFO - [2023-05-25T14:08:12.191+0530] {dag.py:2726} INFO - Sync 1 DAGs
[2023-05-25T14:08:12.211+0530] {logging_mixin.py:149} INFO - [2023-05-25T14:08:12.211+0530] {dag.py:3486} INFO - Setting next_dagrun for example_params_trigger_ui to None, run_after=None
[2023-05-25T14:08:12.238+0530] {processor.py:179} INFO - Processing /Users/silvesterjk/Projects/Data Engineering/DEProject/venv/lib/python3.9/site-packages/airflow/example_dags/example_params_trigger_ui.py took 1.023 seconds
