[2023-05-25T14:00:07.058+0530] {processor.py:157} INFO - Started process (PID=23689) to work on /Users/silvesterjk/Projects/Data Engineering/DEProject/venv/lib/python3.9/site-packages/airflow/example_dags/example_setup_teardown_taskflow.py
[2023-05-25T14:00:07.059+0530] {processor.py:826} INFO - Processing file /Users/silvesterjk/Projects/Data Engineering/DEProject/venv/lib/python3.9/site-packages/airflow/example_dags/example_setup_teardown_taskflow.py for tasks to queue
[2023-05-25T14:00:07.060+0530] {logging_mixin.py:149} INFO - [2023-05-25T14:00:07.060+0530] {dagbag.py:541} INFO - Filling up the DagBag from /Users/silvesterjk/Projects/Data Engineering/DEProject/venv/lib/python3.9/site-packages/airflow/example_dags/example_setup_teardown_taskflow.py
[2023-05-25T14:00:07.121+0530] {processor.py:838} WARNING - No viable dags retrieved from /Users/silvesterjk/Projects/Data Engineering/DEProject/venv/lib/python3.9/site-packages/airflow/example_dags/example_setup_teardown_taskflow.py
[2023-05-25T14:00:08.052+0530] {processor.py:179} INFO - Processing /Users/silvesterjk/Projects/Data Engineering/DEProject/venv/lib/python3.9/site-packages/airflow/example_dags/example_setup_teardown_taskflow.py took 0.995 seconds
[2023-05-25T14:03:11.240+0530] {processor.py:157} INFO - Started process (PID=23787) to work on /Users/silvesterjk/Projects/Data Engineering/DEProject/venv/lib/python3.9/site-packages/airflow/example_dags/example_setup_teardown_taskflow.py
[2023-05-25T14:03:11.241+0530] {processor.py:826} INFO - Processing file /Users/silvesterjk/Projects/Data Engineering/DEProject/venv/lib/python3.9/site-packages/airflow/example_dags/example_setup_teardown_taskflow.py for tasks to queue
[2023-05-25T14:03:11.241+0530] {logging_mixin.py:149} INFO - [2023-05-25T14:03:11.241+0530] {dagbag.py:541} INFO - Filling up the DagBag from /Users/silvesterjk/Projects/Data Engineering/DEProject/venv/lib/python3.9/site-packages/airflow/example_dags/example_setup_teardown_taskflow.py
[2023-05-25T14:03:11.290+0530] {processor.py:838} WARNING - No viable dags retrieved from /Users/silvesterjk/Projects/Data Engineering/DEProject/venv/lib/python3.9/site-packages/airflow/example_dags/example_setup_teardown_taskflow.py
[2023-05-25T14:03:12.262+0530] {processor.py:179} INFO - Processing /Users/silvesterjk/Projects/Data Engineering/DEProject/venv/lib/python3.9/site-packages/airflow/example_dags/example_setup_teardown_taskflow.py took 1.023 seconds
[2023-05-25T14:05:32.999+0530] {processor.py:157} INFO - Started process (PID=23872) to work on /Users/silvesterjk/Projects/Data Engineering/DEProject/venv/lib/python3.9/site-packages/airflow/example_dags/example_setup_teardown_taskflow.py
[2023-05-25T14:05:33.002+0530] {processor.py:826} INFO - Processing file /Users/silvesterjk/Projects/Data Engineering/DEProject/venv/lib/python3.9/site-packages/airflow/example_dags/example_setup_teardown_taskflow.py for tasks to queue
[2023-05-25T14:05:33.002+0530] {logging_mixin.py:149} INFO - [2023-05-25T14:05:33.002+0530] {dagbag.py:541} INFO - Filling up the DagBag from /Users/silvesterjk/Projects/Data Engineering/DEProject/venv/lib/python3.9/site-packages/airflow/example_dags/example_setup_teardown_taskflow.py
[2023-05-25T14:05:33.051+0530] {processor.py:838} WARNING - No viable dags retrieved from /Users/silvesterjk/Projects/Data Engineering/DEProject/venv/lib/python3.9/site-packages/airflow/example_dags/example_setup_teardown_taskflow.py
[2023-05-25T14:05:33.870+0530] {processor.py:179} INFO - Processing /Users/silvesterjk/Projects/Data Engineering/DEProject/venv/lib/python3.9/site-packages/airflow/example_dags/example_setup_teardown_taskflow.py took 0.872 seconds
[2023-05-25T14:07:47.421+0530] {processor.py:157} INFO - Started process (PID=23981) to work on /Users/silvesterjk/Projects/Data Engineering/DEProject/venv/lib/python3.9/site-packages/airflow/example_dags/example_setup_teardown_taskflow.py
[2023-05-25T14:07:47.423+0530] {processor.py:826} INFO - Processing file /Users/silvesterjk/Projects/Data Engineering/DEProject/venv/lib/python3.9/site-packages/airflow/example_dags/example_setup_teardown_taskflow.py for tasks to queue
[2023-05-25T14:07:47.424+0530] {logging_mixin.py:149} INFO - [2023-05-25T14:07:47.424+0530] {dagbag.py:541} INFO - Filling up the DagBag from /Users/silvesterjk/Projects/Data Engineering/DEProject/venv/lib/python3.9/site-packages/airflow/example_dags/example_setup_teardown_taskflow.py
[2023-05-25T14:07:47.483+0530] {processor.py:838} WARNING - No viable dags retrieved from /Users/silvesterjk/Projects/Data Engineering/DEProject/venv/lib/python3.9/site-packages/airflow/example_dags/example_setup_teardown_taskflow.py
[2023-05-25T14:07:48.286+0530] {processor.py:179} INFO - Processing /Users/silvesterjk/Projects/Data Engineering/DEProject/venv/lib/python3.9/site-packages/airflow/example_dags/example_setup_teardown_taskflow.py took 0.865 seconds
[2023-05-25T14:09:50.015+0530] {processor.py:157} INFO - Started process (PID=24035) to work on /Users/silvesterjk/Projects/Data Engineering/DEProject/venv/lib/python3.9/site-packages/airflow/example_dags/example_setup_teardown_taskflow.py
[2023-05-25T14:09:50.017+0530] {processor.py:826} INFO - Processing file /Users/silvesterjk/Projects/Data Engineering/DEProject/venv/lib/python3.9/site-packages/airflow/example_dags/example_setup_teardown_taskflow.py for tasks to queue
[2023-05-25T14:09:50.018+0530] {logging_mixin.py:149} INFO - [2023-05-25T14:09:50.018+0530] {dagbag.py:541} INFO - Filling up the DagBag from /Users/silvesterjk/Projects/Data Engineering/DEProject/venv/lib/python3.9/site-packages/airflow/example_dags/example_setup_teardown_taskflow.py
[2023-05-25T14:09:50.070+0530] {processor.py:838} WARNING - No viable dags retrieved from /Users/silvesterjk/Projects/Data Engineering/DEProject/venv/lib/python3.9/site-packages/airflow/example_dags/example_setup_teardown_taskflow.py
[2023-05-25T14:09:50.963+0530] {processor.py:179} INFO - Processing /Users/silvesterjk/Projects/Data Engineering/DEProject/venv/lib/python3.9/site-packages/airflow/example_dags/example_setup_teardown_taskflow.py took 0.949 seconds
