[2023-05-25T14:01:49.985+0530] {processor.py:157} INFO - Started process (PID=23755) to work on /Users/silvesterjk/Projects/Data Engineering/DEProject/venv/lib/python3.9/site-packages/airflow/example_dags/example_bash_operator.py
[2023-05-25T14:01:49.986+0530] {processor.py:826} INFO - Processing file /Users/silvesterjk/Projects/Data Engineering/DEProject/venv/lib/python3.9/site-packages/airflow/example_dags/example_bash_operator.py for tasks to queue
[2023-05-25T14:01:49.987+0530] {logging_mixin.py:149} INFO - [2023-05-25T14:01:49.986+0530] {dagbag.py:541} INFO - Filling up the DagBag from /Users/silvesterjk/Projects/Data Engineering/DEProject/venv/lib/python3.9/site-packages/airflow/example_dags/example_bash_operator.py
[2023-05-25T14:01:50.056+0530] {processor.py:836} INFO - DAG(s) dict_keys(['example_bash_operator']) retrieved from /Users/silvesterjk/Projects/Data Engineering/DEProject/venv/lib/python3.9/site-packages/airflow/example_dags/example_bash_operator.py
[2023-05-25T14:01:51.173+0530] {logging_mixin.py:149} INFO - [2023-05-25T14:01:51.172+0530] {dag.py:2726} INFO - Sync 1 DAGs
[2023-05-25T14:01:51.211+0530] {logging_mixin.py:149} INFO - [2023-05-25T14:01:51.211+0530] {dag.py:3486} INFO - Setting next_dagrun for example_bash_operator to 2023-05-24T00:00:00+00:00, run_after=2023-05-25T00:00:00+00:00
[2023-05-25T14:01:51.249+0530] {processor.py:179} INFO - Processing /Users/silvesterjk/Projects/Data Engineering/DEProject/venv/lib/python3.9/site-packages/airflow/example_dags/example_bash_operator.py took 1.264 seconds
[2023-05-25T14:06:23.786+0530] {processor.py:157} INFO - Started process (PID=23905) to work on /Users/silvesterjk/Projects/Data Engineering/DEProject/venv/lib/python3.9/site-packages/airflow/example_dags/example_bash_operator.py
[2023-05-25T14:06:23.787+0530] {processor.py:826} INFO - Processing file /Users/silvesterjk/Projects/Data Engineering/DEProject/venv/lib/python3.9/site-packages/airflow/example_dags/example_bash_operator.py for tasks to queue
[2023-05-25T14:06:23.787+0530] {logging_mixin.py:149} INFO - [2023-05-25T14:06:23.787+0530] {dagbag.py:541} INFO - Filling up the DagBag from /Users/silvesterjk/Projects/Data Engineering/DEProject/venv/lib/python3.9/site-packages/airflow/example_dags/example_bash_operator.py
[2023-05-25T14:06:23.850+0530] {processor.py:836} INFO - DAG(s) dict_keys(['example_bash_operator']) retrieved from /Users/silvesterjk/Projects/Data Engineering/DEProject/venv/lib/python3.9/site-packages/airflow/example_dags/example_bash_operator.py
[2023-05-25T14:06:24.691+0530] {logging_mixin.py:149} INFO - [2023-05-25T14:06:24.691+0530] {dag.py:2726} INFO - Sync 1 DAGs
[2023-05-25T14:06:24.713+0530] {logging_mixin.py:149} INFO - [2023-05-25T14:06:24.712+0530] {dag.py:3486} INFO - Setting next_dagrun for example_bash_operator to 2023-05-24T00:00:00+00:00, run_after=2023-05-25T00:00:00+00:00
[2023-05-25T14:06:24.736+0530] {processor.py:179} INFO - Processing /Users/silvesterjk/Projects/Data Engineering/DEProject/venv/lib/python3.9/site-packages/airflow/example_dags/example_bash_operator.py took 0.952 seconds
[2023-05-25T14:10:40.175+0530] {processor.py:157} INFO - Started process (PID=24052) to work on /Users/silvesterjk/Projects/Data Engineering/DEProject/venv/lib/python3.9/site-packages/airflow/example_dags/example_bash_operator.py
[2023-05-25T14:10:40.177+0530] {processor.py:826} INFO - Processing file /Users/silvesterjk/Projects/Data Engineering/DEProject/venv/lib/python3.9/site-packages/airflow/example_dags/example_bash_operator.py for tasks to queue
[2023-05-25T14:10:40.177+0530] {logging_mixin.py:149} INFO - [2023-05-25T14:10:40.177+0530] {dagbag.py:541} INFO - Filling up the DagBag from /Users/silvesterjk/Projects/Data Engineering/DEProject/venv/lib/python3.9/site-packages/airflow/example_dags/example_bash_operator.py
[2023-05-25T14:10:40.238+0530] {processor.py:836} INFO - DAG(s) dict_keys(['example_bash_operator']) retrieved from /Users/silvesterjk/Projects/Data Engineering/DEProject/venv/lib/python3.9/site-packages/airflow/example_dags/example_bash_operator.py
[2023-05-25T14:10:41.051+0530] {logging_mixin.py:149} INFO - [2023-05-25T14:10:41.050+0530] {dag.py:2726} INFO - Sync 1 DAGs
[2023-05-25T14:10:41.073+0530] {logging_mixin.py:149} INFO - [2023-05-25T14:10:41.073+0530] {dag.py:3486} INFO - Setting next_dagrun for example_bash_operator to 2023-05-24T00:00:00+00:00, run_after=2023-05-25T00:00:00+00:00
[2023-05-25T14:10:41.098+0530] {processor.py:179} INFO - Processing /Users/silvesterjk/Projects/Data Engineering/DEProject/venv/lib/python3.9/site-packages/airflow/example_dags/example_bash_operator.py took 0.924 seconds
