[2023-05-25T13:49:43.189+0530] {processor.py:157} INFO - Started process (PID=23367) to work on /Users/silvesterjk/Projects/Data Engineering/DEProject/venv/lib/python3.9/site-packages/airflow/example_dags/example_trigger_controller_dag.py
[2023-05-25T13:49:43.190+0530] {processor.py:826} INFO - Processing file /Users/silvesterjk/Projects/Data Engineering/DEProject/venv/lib/python3.9/site-packages/airflow/example_dags/example_trigger_controller_dag.py for tasks to queue
[2023-05-25T13:49:43.191+0530] {logging_mixin.py:149} INFO - [2023-05-25T13:49:43.191+0530] {dagbag.py:541} INFO - Filling up the DagBag from /Users/silvesterjk/Projects/Data Engineering/DEProject/venv/lib/python3.9/site-packages/airflow/example_dags/example_trigger_controller_dag.py
[2023-05-25T13:49:43.216+0530] {processor.py:836} INFO - DAG(s) dict_keys(['example_trigger_controller_dag']) retrieved from /Users/silvesterjk/Projects/Data Engineering/DEProject/venv/lib/python3.9/site-packages/airflow/example_dags/example_trigger_controller_dag.py
[2023-05-25T13:49:44.311+0530] {logging_mixin.py:149} INFO - [2023-05-25T13:49:44.310+0530] {manager.py:504} INFO - Created Permission View: can read on DAG:example_trigger_controller_dag
[2023-05-25T13:49:44.319+0530] {logging_mixin.py:149} INFO - [2023-05-25T13:49:44.319+0530] {manager.py:504} INFO - Created Permission View: can edit on DAG:example_trigger_controller_dag
[2023-05-25T13:49:44.328+0530] {logging_mixin.py:149} INFO - [2023-05-25T13:49:44.328+0530] {manager.py:504} INFO - Created Permission View: can delete on DAG:example_trigger_controller_dag
[2023-05-25T13:49:44.329+0530] {logging_mixin.py:149} INFO - [2023-05-25T13:49:44.328+0530] {dag.py:2726} INFO - Sync 1 DAGs
[2023-05-25T13:49:44.342+0530] {logging_mixin.py:149} INFO - [2023-05-25T13:49:44.342+0530] {dag.py:2747} INFO - Creating ORM DAG for example_trigger_controller_dag
[2023-05-25T13:49:44.352+0530] {logging_mixin.py:149} INFO - [2023-05-25T13:49:44.352+0530] {dag.py:3486} INFO - Setting next_dagrun for example_trigger_controller_dag to 2021-01-01T00:00:00+00:00, run_after=2021-01-01T00:00:00+00:00
[2023-05-25T13:49:44.375+0530] {processor.py:179} INFO - Processing /Users/silvesterjk/Projects/Data Engineering/DEProject/venv/lib/python3.9/site-packages/airflow/example_dags/example_trigger_controller_dag.py took 1.186 seconds
[2023-05-25T13:57:23.935+0530] {processor.py:157} INFO - Started process (PID=23538) to work on /Users/silvesterjk/Projects/Data Engineering/DEProject/venv/lib/python3.9/site-packages/airflow/example_dags/example_trigger_controller_dag.py
[2023-05-25T13:57:23.936+0530] {processor.py:826} INFO - Processing file /Users/silvesterjk/Projects/Data Engineering/DEProject/venv/lib/python3.9/site-packages/airflow/example_dags/example_trigger_controller_dag.py for tasks to queue
[2023-05-25T13:57:23.937+0530] {logging_mixin.py:149} INFO - [2023-05-25T13:57:23.937+0530] {dagbag.py:541} INFO - Filling up the DagBag from /Users/silvesterjk/Projects/Data Engineering/DEProject/venv/lib/python3.9/site-packages/airflow/example_dags/example_trigger_controller_dag.py
[2023-05-25T13:57:23.984+0530] {processor.py:836} INFO - DAG(s) dict_keys(['example_trigger_controller_dag']) retrieved from /Users/silvesterjk/Projects/Data Engineering/DEProject/venv/lib/python3.9/site-packages/airflow/example_dags/example_trigger_controller_dag.py
[2023-05-25T13:57:24.965+0530] {logging_mixin.py:149} INFO - [2023-05-25T13:57:24.965+0530] {dag.py:2726} INFO - Sync 1 DAGs
[2023-05-25T13:57:24.986+0530] {logging_mixin.py:149} INFO - [2023-05-25T13:57:24.986+0530] {dag.py:3486} INFO - Setting next_dagrun for example_trigger_controller_dag to 2021-01-01T00:00:00+00:00, run_after=2021-01-01T00:00:00+00:00
[2023-05-25T13:57:25.007+0530] {processor.py:179} INFO - Processing /Users/silvesterjk/Projects/Data Engineering/DEProject/venv/lib/python3.9/site-packages/airflow/example_dags/example_trigger_controller_dag.py took 1.074 seconds
[2023-05-25T13:59:34.723+0530] {processor.py:157} INFO - Started process (PID=23670) to work on /Users/silvesterjk/Projects/Data Engineering/DEProject/venv/lib/python3.9/site-packages/airflow/example_dags/example_trigger_controller_dag.py
[2023-05-25T13:59:34.724+0530] {processor.py:826} INFO - Processing file /Users/silvesterjk/Projects/Data Engineering/DEProject/venv/lib/python3.9/site-packages/airflow/example_dags/example_trigger_controller_dag.py for tasks to queue
[2023-05-25T13:59:34.724+0530] {logging_mixin.py:149} INFO - [2023-05-25T13:59:34.724+0530] {dagbag.py:541} INFO - Filling up the DagBag from /Users/silvesterjk/Projects/Data Engineering/DEProject/venv/lib/python3.9/site-packages/airflow/example_dags/example_trigger_controller_dag.py
[2023-05-25T13:59:34.750+0530] {processor.py:836} INFO - DAG(s) dict_keys(['example_trigger_controller_dag']) retrieved from /Users/silvesterjk/Projects/Data Engineering/DEProject/venv/lib/python3.9/site-packages/airflow/example_dags/example_trigger_controller_dag.py
[2023-05-25T13:59:35.656+0530] {logging_mixin.py:149} INFO - [2023-05-25T13:59:35.656+0530] {dag.py:2726} INFO - Sync 1 DAGs
[2023-05-25T13:59:35.683+0530] {logging_mixin.py:149} INFO - [2023-05-25T13:59:35.683+0530] {dag.py:3486} INFO - Setting next_dagrun for example_trigger_controller_dag to 2021-01-01T00:00:00+00:00, run_after=2021-01-01T00:00:00+00:00
[2023-05-25T13:59:35.712+0530] {processor.py:179} INFO - Processing /Users/silvesterjk/Projects/Data Engineering/DEProject/venv/lib/python3.9/site-packages/airflow/example_dags/example_trigger_controller_dag.py took 0.990 seconds
[2023-05-25T14:02:39.589+0530] {processor.py:157} INFO - Started process (PID=23773) to work on /Users/silvesterjk/Projects/Data Engineering/DEProject/venv/lib/python3.9/site-packages/airflow/example_dags/example_trigger_controller_dag.py
[2023-05-25T14:02:39.592+0530] {processor.py:826} INFO - Processing file /Users/silvesterjk/Projects/Data Engineering/DEProject/venv/lib/python3.9/site-packages/airflow/example_dags/example_trigger_controller_dag.py for tasks to queue
[2023-05-25T14:02:39.592+0530] {logging_mixin.py:149} INFO - [2023-05-25T14:02:39.592+0530] {dagbag.py:541} INFO - Filling up the DagBag from /Users/silvesterjk/Projects/Data Engineering/DEProject/venv/lib/python3.9/site-packages/airflow/example_dags/example_trigger_controller_dag.py
[2023-05-25T14:02:39.617+0530] {processor.py:836} INFO - DAG(s) dict_keys(['example_trigger_controller_dag']) retrieved from /Users/silvesterjk/Projects/Data Engineering/DEProject/venv/lib/python3.9/site-packages/airflow/example_dags/example_trigger_controller_dag.py
[2023-05-25T14:02:40.540+0530] {logging_mixin.py:149} INFO - [2023-05-25T14:02:40.540+0530] {dag.py:2726} INFO - Sync 1 DAGs
[2023-05-25T14:02:40.564+0530] {logging_mixin.py:149} INFO - [2023-05-25T14:02:40.564+0530] {dag.py:3486} INFO - Setting next_dagrun for example_trigger_controller_dag to 2021-01-01T00:00:00+00:00, run_after=2021-01-01T00:00:00+00:00
[2023-05-25T14:02:40.599+0530] {processor.py:179} INFO - Processing /Users/silvesterjk/Projects/Data Engineering/DEProject/venv/lib/python3.9/site-packages/airflow/example_dags/example_trigger_controller_dag.py took 1.010 seconds
[2023-05-25T14:04:57.810+0530] {processor.py:157} INFO - Started process (PID=23853) to work on /Users/silvesterjk/Projects/Data Engineering/DEProject/venv/lib/python3.9/site-packages/airflow/example_dags/example_trigger_controller_dag.py
[2023-05-25T14:04:57.812+0530] {processor.py:826} INFO - Processing file /Users/silvesterjk/Projects/Data Engineering/DEProject/venv/lib/python3.9/site-packages/airflow/example_dags/example_trigger_controller_dag.py for tasks to queue
[2023-05-25T14:04:57.814+0530] {logging_mixin.py:149} INFO - [2023-05-25T14:04:57.814+0530] {dagbag.py:541} INFO - Filling up the DagBag from /Users/silvesterjk/Projects/Data Engineering/DEProject/venv/lib/python3.9/site-packages/airflow/example_dags/example_trigger_controller_dag.py
[2023-05-25T14:04:57.839+0530] {processor.py:836} INFO - DAG(s) dict_keys(['example_trigger_controller_dag']) retrieved from /Users/silvesterjk/Projects/Data Engineering/DEProject/venv/lib/python3.9/site-packages/airflow/example_dags/example_trigger_controller_dag.py
[2023-05-25T14:04:58.735+0530] {logging_mixin.py:149} INFO - [2023-05-25T14:04:58.734+0530] {dag.py:2726} INFO - Sync 1 DAGs
[2023-05-25T14:04:58.758+0530] {logging_mixin.py:149} INFO - [2023-05-25T14:04:58.758+0530] {dag.py:3486} INFO - Setting next_dagrun for example_trigger_controller_dag to 2021-01-01T00:00:00+00:00, run_after=2021-01-01T00:00:00+00:00
[2023-05-25T14:04:58.782+0530] {processor.py:179} INFO - Processing /Users/silvesterjk/Projects/Data Engineering/DEProject/venv/lib/python3.9/site-packages/airflow/example_dags/example_trigger_controller_dag.py took 0.972 seconds
[2023-05-25T14:07:16.861+0530] {processor.py:157} INFO - Started process (PID=23964) to work on /Users/silvesterjk/Projects/Data Engineering/DEProject/venv/lib/python3.9/site-packages/airflow/example_dags/example_trigger_controller_dag.py
[2023-05-25T14:07:16.863+0530] {processor.py:826} INFO - Processing file /Users/silvesterjk/Projects/Data Engineering/DEProject/venv/lib/python3.9/site-packages/airflow/example_dags/example_trigger_controller_dag.py for tasks to queue
[2023-05-25T14:07:16.864+0530] {logging_mixin.py:149} INFO - [2023-05-25T14:07:16.863+0530] {dagbag.py:541} INFO - Filling up the DagBag from /Users/silvesterjk/Projects/Data Engineering/DEProject/venv/lib/python3.9/site-packages/airflow/example_dags/example_trigger_controller_dag.py
[2023-05-25T14:07:16.891+0530] {processor.py:836} INFO - DAG(s) dict_keys(['example_trigger_controller_dag']) retrieved from /Users/silvesterjk/Projects/Data Engineering/DEProject/venv/lib/python3.9/site-packages/airflow/example_dags/example_trigger_controller_dag.py
[2023-05-25T14:07:17.894+0530] {logging_mixin.py:149} INFO - [2023-05-25T14:07:17.894+0530] {dag.py:2726} INFO - Sync 1 DAGs
[2023-05-25T14:07:17.917+0530] {logging_mixin.py:149} INFO - [2023-05-25T14:07:17.917+0530] {dag.py:3486} INFO - Setting next_dagrun for example_trigger_controller_dag to 2021-01-01T00:00:00+00:00, run_after=2021-01-01T00:00:00+00:00
[2023-05-25T14:07:17.943+0530] {processor.py:179} INFO - Processing /Users/silvesterjk/Projects/Data Engineering/DEProject/venv/lib/python3.9/site-packages/airflow/example_dags/example_trigger_controller_dag.py took 1.083 seconds
[2023-05-25T14:09:18.813+0530] {processor.py:157} INFO - Started process (PID=24022) to work on /Users/silvesterjk/Projects/Data Engineering/DEProject/venv/lib/python3.9/site-packages/airflow/example_dags/example_trigger_controller_dag.py
[2023-05-25T14:09:18.814+0530] {processor.py:826} INFO - Processing file /Users/silvesterjk/Projects/Data Engineering/DEProject/venv/lib/python3.9/site-packages/airflow/example_dags/example_trigger_controller_dag.py for tasks to queue
[2023-05-25T14:09:18.815+0530] {logging_mixin.py:149} INFO - [2023-05-25T14:09:18.815+0530] {dagbag.py:541} INFO - Filling up the DagBag from /Users/silvesterjk/Projects/Data Engineering/DEProject/venv/lib/python3.9/site-packages/airflow/example_dags/example_trigger_controller_dag.py
[2023-05-25T14:09:18.839+0530] {processor.py:836} INFO - DAG(s) dict_keys(['example_trigger_controller_dag']) retrieved from /Users/silvesterjk/Projects/Data Engineering/DEProject/venv/lib/python3.9/site-packages/airflow/example_dags/example_trigger_controller_dag.py
[2023-05-25T14:09:19.769+0530] {logging_mixin.py:149} INFO - [2023-05-25T14:09:19.769+0530] {dag.py:2726} INFO - Sync 1 DAGs
[2023-05-25T14:09:19.799+0530] {logging_mixin.py:149} INFO - [2023-05-25T14:09:19.799+0530] {dag.py:3486} INFO - Setting next_dagrun for example_trigger_controller_dag to 2021-01-01T00:00:00+00:00, run_after=2021-01-01T00:00:00+00:00
[2023-05-25T14:09:19.826+0530] {processor.py:179} INFO - Processing /Users/silvesterjk/Projects/Data Engineering/DEProject/venv/lib/python3.9/site-packages/airflow/example_dags/example_trigger_controller_dag.py took 1.014 seconds
