[2023-05-25T13:49:54.412+0530] {processor.py:157} INFO - Started process (PID=23373) to work on /Users/silvesterjk/Projects/Data Engineering/DEProject/venv/lib/python3.9/site-packages/airflow/example_dags/example_task_group.py
[2023-05-25T13:49:54.413+0530] {processor.py:826} INFO - Processing file /Users/silvesterjk/Projects/Data Engineering/DEProject/venv/lib/python3.9/site-packages/airflow/example_dags/example_task_group.py for tasks to queue
[2023-05-25T13:49:54.414+0530] {logging_mixin.py:149} INFO - [2023-05-25T13:49:54.414+0530] {dagbag.py:541} INFO - Filling up the DagBag from /Users/silvesterjk/Projects/Data Engineering/DEProject/venv/lib/python3.9/site-packages/airflow/example_dags/example_task_group.py
[2023-05-25T13:57:34.483+0530] {processor.py:157} INFO - Started process (PID=23542) to work on /Users/silvesterjk/Projects/Data Engineering/DEProject/venv/lib/python3.9/site-packages/airflow/example_dags/example_task_group.py
[2023-05-25T13:57:34.485+0530] {processor.py:826} INFO - Processing file /Users/silvesterjk/Projects/Data Engineering/DEProject/venv/lib/python3.9/site-packages/airflow/example_dags/example_task_group.py for tasks to queue
[2023-05-25T13:57:34.485+0530] {logging_mixin.py:149} INFO - [2023-05-25T13:57:34.485+0530] {dagbag.py:541} INFO - Filling up the DagBag from /Users/silvesterjk/Projects/Data Engineering/DEProject/venv/lib/python3.9/site-packages/airflow/example_dags/example_task_group.py
[2023-05-25T13:57:34.512+0530] {processor.py:836} INFO - DAG(s) dict_keys(['example_task_group']) retrieved from /Users/silvesterjk/Projects/Data Engineering/DEProject/venv/lib/python3.9/site-packages/airflow/example_dags/example_task_group.py
[2023-05-25T13:57:35.335+0530] {logging_mixin.py:149} INFO - [2023-05-25T13:57:35.335+0530] {dag.py:2726} INFO - Sync 1 DAGs
[2023-05-25T13:57:35.356+0530] {logging_mixin.py:149} INFO - [2023-05-25T13:57:35.355+0530] {dag.py:3486} INFO - Setting next_dagrun for example_task_group to 2023-05-24T08:27:35.355807+00:00, run_after=2023-05-25T08:27:35.355807+00:00
[2023-05-25T13:57:35.380+0530] {processor.py:179} INFO - Processing /Users/silvesterjk/Projects/Data Engineering/DEProject/venv/lib/python3.9/site-packages/airflow/example_dags/example_task_group.py took 0.898 seconds
[2023-05-25T13:59:45.153+0530] {processor.py:157} INFO - Started process (PID=23676) to work on /Users/silvesterjk/Projects/Data Engineering/DEProject/venv/lib/python3.9/site-packages/airflow/example_dags/example_task_group.py
[2023-05-25T13:59:45.155+0530] {processor.py:826} INFO - Processing file /Users/silvesterjk/Projects/Data Engineering/DEProject/venv/lib/python3.9/site-packages/airflow/example_dags/example_task_group.py for tasks to queue
[2023-05-25T13:59:45.156+0530] {logging_mixin.py:149} INFO - [2023-05-25T13:59:45.156+0530] {dagbag.py:541} INFO - Filling up the DagBag from /Users/silvesterjk/Projects/Data Engineering/DEProject/venv/lib/python3.9/site-packages/airflow/example_dags/example_task_group.py
[2023-05-25T13:59:45.192+0530] {processor.py:836} INFO - DAG(s) dict_keys(['example_task_group']) retrieved from /Users/silvesterjk/Projects/Data Engineering/DEProject/venv/lib/python3.9/site-packages/airflow/example_dags/example_task_group.py
[2023-05-25T13:59:46.080+0530] {logging_mixin.py:149} INFO - [2023-05-25T13:59:46.080+0530] {dag.py:2726} INFO - Sync 1 DAGs
[2023-05-25T13:59:46.101+0530] {logging_mixin.py:149} INFO - [2023-05-25T13:59:46.101+0530] {dag.py:3486} INFO - Setting next_dagrun for example_task_group to 2023-05-24T08:29:46.101167+00:00, run_after=2023-05-25T08:29:46.101167+00:00
[2023-05-25T13:59:46.126+0530] {processor.py:179} INFO - Processing /Users/silvesterjk/Projects/Data Engineering/DEProject/venv/lib/python3.9/site-packages/airflow/example_dags/example_task_group.py took 0.973 seconds
[2023-05-25T14:02:50.880+0530] {processor.py:157} INFO - Started process (PID=23779) to work on /Users/silvesterjk/Projects/Data Engineering/DEProject/venv/lib/python3.9/site-packages/airflow/example_dags/example_task_group.py
[2023-05-25T14:02:50.882+0530] {processor.py:826} INFO - Processing file /Users/silvesterjk/Projects/Data Engineering/DEProject/venv/lib/python3.9/site-packages/airflow/example_dags/example_task_group.py for tasks to queue
[2023-05-25T14:02:50.883+0530] {logging_mixin.py:149} INFO - [2023-05-25T14:02:50.883+0530] {dagbag.py:541} INFO - Filling up the DagBag from /Users/silvesterjk/Projects/Data Engineering/DEProject/venv/lib/python3.9/site-packages/airflow/example_dags/example_task_group.py
[2023-05-25T14:02:50.914+0530] {processor.py:836} INFO - DAG(s) dict_keys(['example_task_group']) retrieved from /Users/silvesterjk/Projects/Data Engineering/DEProject/venv/lib/python3.9/site-packages/airflow/example_dags/example_task_group.py
[2023-05-25T14:02:51.778+0530] {logging_mixin.py:149} INFO - [2023-05-25T14:02:51.778+0530] {dag.py:2726} INFO - Sync 1 DAGs
[2023-05-25T14:02:51.801+0530] {logging_mixin.py:149} INFO - [2023-05-25T14:02:51.801+0530] {dag.py:3486} INFO - Setting next_dagrun for example_task_group to 2023-05-24T08:32:51.801271+00:00, run_after=2023-05-25T08:32:51.801271+00:00
[2023-05-25T14:02:51.828+0530] {processor.py:179} INFO - Processing /Users/silvesterjk/Projects/Data Engineering/DEProject/venv/lib/python3.9/site-packages/airflow/example_dags/example_task_group.py took 0.949 seconds
[2023-05-25T14:05:11.083+0530] {processor.py:157} INFO - Started process (PID=23858) to work on /Users/silvesterjk/Projects/Data Engineering/DEProject/venv/lib/python3.9/site-packages/airflow/example_dags/example_task_group.py
[2023-05-25T14:05:11.085+0530] {processor.py:826} INFO - Processing file /Users/silvesterjk/Projects/Data Engineering/DEProject/venv/lib/python3.9/site-packages/airflow/example_dags/example_task_group.py for tasks to queue
[2023-05-25T14:05:11.086+0530] {logging_mixin.py:149} INFO - [2023-05-25T14:05:11.086+0530] {dagbag.py:541} INFO - Filling up the DagBag from /Users/silvesterjk/Projects/Data Engineering/DEProject/venv/lib/python3.9/site-packages/airflow/example_dags/example_task_group.py
[2023-05-25T14:05:11.115+0530] {processor.py:836} INFO - DAG(s) dict_keys(['example_task_group']) retrieved from /Users/silvesterjk/Projects/Data Engineering/DEProject/venv/lib/python3.9/site-packages/airflow/example_dags/example_task_group.py
[2023-05-25T14:05:12.073+0530] {logging_mixin.py:149} INFO - [2023-05-25T14:05:12.073+0530] {dag.py:2726} INFO - Sync 1 DAGs
[2023-05-25T14:05:12.094+0530] {logging_mixin.py:149} INFO - [2023-05-25T14:05:12.094+0530] {dag.py:3486} INFO - Setting next_dagrun for example_task_group to 2023-05-24T08:35:12.094428+00:00, run_after=2023-05-25T08:35:12.094428+00:00
[2023-05-25T14:05:12.139+0530] {processor.py:179} INFO - Processing /Users/silvesterjk/Projects/Data Engineering/DEProject/venv/lib/python3.9/site-packages/airflow/example_dags/example_task_group.py took 1.057 seconds
[2023-05-25T14:07:27.929+0530] {processor.py:157} INFO - Started process (PID=23970) to work on /Users/silvesterjk/Projects/Data Engineering/DEProject/venv/lib/python3.9/site-packages/airflow/example_dags/example_task_group.py
[2023-05-25T14:07:27.931+0530] {processor.py:826} INFO - Processing file /Users/silvesterjk/Projects/Data Engineering/DEProject/venv/lib/python3.9/site-packages/airflow/example_dags/example_task_group.py for tasks to queue
[2023-05-25T14:07:27.932+0530] {logging_mixin.py:149} INFO - [2023-05-25T14:07:27.932+0530] {dagbag.py:541} INFO - Filling up the DagBag from /Users/silvesterjk/Projects/Data Engineering/DEProject/venv/lib/python3.9/site-packages/airflow/example_dags/example_task_group.py
[2023-05-25T14:07:27.958+0530] {processor.py:836} INFO - DAG(s) dict_keys(['example_task_group']) retrieved from /Users/silvesterjk/Projects/Data Engineering/DEProject/venv/lib/python3.9/site-packages/airflow/example_dags/example_task_group.py
[2023-05-25T14:07:28.896+0530] {logging_mixin.py:149} INFO - [2023-05-25T14:07:28.896+0530] {dag.py:2726} INFO - Sync 1 DAGs
[2023-05-25T14:07:28.917+0530] {logging_mixin.py:149} INFO - [2023-05-25T14:07:28.917+0530] {dag.py:3486} INFO - Setting next_dagrun for example_task_group to 2023-05-24T08:37:28.917262+00:00, run_after=2023-05-25T08:37:28.917262+00:00
[2023-05-25T14:07:28.944+0530] {processor.py:179} INFO - Processing /Users/silvesterjk/Projects/Data Engineering/DEProject/venv/lib/python3.9/site-packages/airflow/example_dags/example_task_group.py took 1.016 seconds
[2023-05-25T14:09:29.158+0530] {processor.py:157} INFO - Started process (PID=24025) to work on /Users/silvesterjk/Projects/Data Engineering/DEProject/venv/lib/python3.9/site-packages/airflow/example_dags/example_task_group.py
[2023-05-25T14:09:29.160+0530] {processor.py:826} INFO - Processing file /Users/silvesterjk/Projects/Data Engineering/DEProject/venv/lib/python3.9/site-packages/airflow/example_dags/example_task_group.py for tasks to queue
[2023-05-25T14:09:29.161+0530] {logging_mixin.py:149} INFO - [2023-05-25T14:09:29.161+0530] {dagbag.py:541} INFO - Filling up the DagBag from /Users/silvesterjk/Projects/Data Engineering/DEProject/venv/lib/python3.9/site-packages/airflow/example_dags/example_task_group.py
[2023-05-25T14:09:29.191+0530] {processor.py:836} INFO - DAG(s) dict_keys(['example_task_group']) retrieved from /Users/silvesterjk/Projects/Data Engineering/DEProject/venv/lib/python3.9/site-packages/airflow/example_dags/example_task_group.py
[2023-05-25T14:09:30.079+0530] {logging_mixin.py:149} INFO - [2023-05-25T14:09:30.079+0530] {dag.py:2726} INFO - Sync 1 DAGs
[2023-05-25T14:09:30.105+0530] {logging_mixin.py:149} INFO - [2023-05-25T14:09:30.105+0530] {dag.py:3486} INFO - Setting next_dagrun for example_task_group to 2023-05-24T08:39:30.105409+00:00, run_after=2023-05-25T08:39:30.105409+00:00
[2023-05-25T14:09:30.134+0530] {processor.py:179} INFO - Processing /Users/silvesterjk/Projects/Data Engineering/DEProject/venv/lib/python3.9/site-packages/airflow/example_dags/example_task_group.py took 0.977 seconds
