[2023-05-25T14:01:08.490+0530] {processor.py:157} INFO - Started process (PID=23736) to work on /Users/silvesterjk/Projects/Data Engineering/DEProject/venv/lib/python3.9/site-packages/airflow/example_dags/example_external_task_marker_dag.py
[2023-05-25T14:01:08.491+0530] {processor.py:826} INFO - Processing file /Users/silvesterjk/Projects/Data Engineering/DEProject/venv/lib/python3.9/site-packages/airflow/example_dags/example_external_task_marker_dag.py for tasks to queue
[2023-05-25T14:01:08.492+0530] {logging_mixin.py:149} INFO - [2023-05-25T14:01:08.491+0530] {dagbag.py:541} INFO - Filling up the DagBag from /Users/silvesterjk/Projects/Data Engineering/DEProject/venv/lib/python3.9/site-packages/airflow/example_dags/example_external_task_marker_dag.py
[2023-05-25T14:01:08.521+0530] {processor.py:836} INFO - DAG(s) dict_keys(['example_external_task_marker_child', 'example_external_task_marker_parent']) retrieved from /Users/silvesterjk/Projects/Data Engineering/DEProject/venv/lib/python3.9/site-packages/airflow/example_dags/example_external_task_marker_dag.py
[2023-05-25T14:01:09.476+0530] {logging_mixin.py:149} INFO - [2023-05-25T14:01:09.476+0530] {dag.py:2726} INFO - Sync 2 DAGs
[2023-05-25T14:01:09.497+0530] {logging_mixin.py:149} INFO - [2023-05-25T14:01:09.497+0530] {dag.py:3486} INFO - Setting next_dagrun for example_external_task_marker_child to None, run_after=None
[2023-05-25T14:01:09.500+0530] {logging_mixin.py:149} INFO - [2023-05-25T14:01:09.500+0530] {dag.py:3486} INFO - Setting next_dagrun for example_external_task_marker_parent to None, run_after=None
[2023-05-25T14:01:09.523+0530] {processor.py:179} INFO - Processing /Users/silvesterjk/Projects/Data Engineering/DEProject/venv/lib/python3.9/site-packages/airflow/example_dags/example_external_task_marker_dag.py took 1.033 seconds
[2023-05-25T14:03:59.177+0530] {processor.py:157} INFO - Started process (PID=23816) to work on /Users/silvesterjk/Projects/Data Engineering/DEProject/venv/lib/python3.9/site-packages/airflow/example_dags/example_external_task_marker_dag.py
[2023-05-25T14:03:59.178+0530] {processor.py:826} INFO - Processing file /Users/silvesterjk/Projects/Data Engineering/DEProject/venv/lib/python3.9/site-packages/airflow/example_dags/example_external_task_marker_dag.py for tasks to queue
[2023-05-25T14:03:59.179+0530] {logging_mixin.py:149} INFO - [2023-05-25T14:03:59.179+0530] {dagbag.py:541} INFO - Filling up the DagBag from /Users/silvesterjk/Projects/Data Engineering/DEProject/venv/lib/python3.9/site-packages/airflow/example_dags/example_external_task_marker_dag.py
[2023-05-25T14:03:59.207+0530] {processor.py:836} INFO - DAG(s) dict_keys(['example_external_task_marker_parent', 'example_external_task_marker_child']) retrieved from /Users/silvesterjk/Projects/Data Engineering/DEProject/venv/lib/python3.9/site-packages/airflow/example_dags/example_external_task_marker_dag.py
[2023-05-25T14:04:00.501+0530] {logging_mixin.py:149} INFO - [2023-05-25T14:04:00.421+0530] {dag.py:2726} INFO - Sync 2 DAGs
[2023-05-25T14:04:00.539+0530] {logging_mixin.py:149} INFO - [2023-05-25T14:04:00.538+0530] {dag.py:3486} INFO - Setting next_dagrun for example_external_task_marker_child to None, run_after=None
[2023-05-25T14:04:00.542+0530] {logging_mixin.py:149} INFO - [2023-05-25T14:04:00.542+0530] {dag.py:3486} INFO - Setting next_dagrun for example_external_task_marker_parent to None, run_after=None
[2023-05-25T14:04:00.583+0530] {processor.py:179} INFO - Processing /Users/silvesterjk/Projects/Data Engineering/DEProject/venv/lib/python3.9/site-packages/airflow/example_dags/example_external_task_marker_dag.py took 1.406 seconds
[2023-05-25T14:08:30.255+0530] {processor.py:157} INFO - Started process (PID=23996) to work on /Users/silvesterjk/Projects/Data Engineering/DEProject/venv/lib/python3.9/site-packages/airflow/example_dags/example_external_task_marker_dag.py
[2023-05-25T14:08:30.257+0530] {processor.py:826} INFO - Processing file /Users/silvesterjk/Projects/Data Engineering/DEProject/venv/lib/python3.9/site-packages/airflow/example_dags/example_external_task_marker_dag.py for tasks to queue
[2023-05-25T14:08:30.258+0530] {logging_mixin.py:149} INFO - [2023-05-25T14:08:30.258+0530] {dagbag.py:541} INFO - Filling up the DagBag from /Users/silvesterjk/Projects/Data Engineering/DEProject/venv/lib/python3.9/site-packages/airflow/example_dags/example_external_task_marker_dag.py
[2023-05-25T14:08:30.280+0530] {processor.py:836} INFO - DAG(s) dict_keys(['example_external_task_marker_parent', 'example_external_task_marker_child']) retrieved from /Users/silvesterjk/Projects/Data Engineering/DEProject/venv/lib/python3.9/site-packages/airflow/example_dags/example_external_task_marker_dag.py
[2023-05-25T14:08:31.121+0530] {logging_mixin.py:149} INFO - [2023-05-25T14:08:31.121+0530] {dag.py:2726} INFO - Sync 2 DAGs
[2023-05-25T14:08:31.143+0530] {logging_mixin.py:149} INFO - [2023-05-25T14:08:31.143+0530] {dag.py:3486} INFO - Setting next_dagrun for example_external_task_marker_child to None, run_after=None
[2023-05-25T14:08:31.147+0530] {logging_mixin.py:149} INFO - [2023-05-25T14:08:31.146+0530] {dag.py:3486} INFO - Setting next_dagrun for example_external_task_marker_parent to None, run_after=None
[2023-05-25T14:08:31.170+0530] {processor.py:179} INFO - Processing /Users/silvesterjk/Projects/Data Engineering/DEProject/venv/lib/python3.9/site-packages/airflow/example_dags/example_external_task_marker_dag.py took 0.916 seconds
