[2023-05-25T13:49:26.338+0530] {processor.py:157} INFO - Started process (PID=23350) to work on /Users/silvesterjk/Projects/Data Engineering/DEProject/venv/lib/python3.9/site-packages/airflow/example_dags/tutorial.py
[2023-05-25T13:49:26.339+0530] {processor.py:826} INFO - Processing file /Users/silvesterjk/Projects/Data Engineering/DEProject/venv/lib/python3.9/site-packages/airflow/example_dags/tutorial.py for tasks to queue
[2023-05-25T13:49:26.342+0530] {logging_mixin.py:149} INFO - [2023-05-25T13:49:26.342+0530] {dagbag.py:541} INFO - Filling up the DagBag from /Users/silvesterjk/Projects/Data Engineering/DEProject/venv/lib/python3.9/site-packages/airflow/example_dags/tutorial.py
[2023-05-25T13:49:26.407+0530] {processor.py:836} INFO - DAG(s) dict_keys(['tutorial']) retrieved from /Users/silvesterjk/Projects/Data Engineering/DEProject/venv/lib/python3.9/site-packages/airflow/example_dags/tutorial.py
[2023-05-25T13:49:27.990+0530] {logging_mixin.py:149} INFO - [2023-05-25T13:49:27.990+0530] {manager.py:504} INFO - Created Permission View: can read on DAG:tutorial
[2023-05-25T13:49:28.000+0530] {logging_mixin.py:149} INFO - [2023-05-25T13:49:28.000+0530] {manager.py:504} INFO - Created Permission View: can delete on DAG:tutorial
[2023-05-25T13:49:28.008+0530] {logging_mixin.py:149} INFO - [2023-05-25T13:49:28.008+0530] {manager.py:504} INFO - Created Permission View: can edit on DAG:tutorial
[2023-05-25T13:49:28.008+0530] {logging_mixin.py:149} INFO - [2023-05-25T13:49:28.008+0530] {dag.py:2726} INFO - Sync 1 DAGs
[2023-05-25T13:49:28.021+0530] {logging_mixin.py:149} INFO - [2023-05-25T13:49:28.020+0530] {dag.py:2747} INFO - Creating ORM DAG for tutorial
[2023-05-25T13:49:28.031+0530] {logging_mixin.py:149} INFO - [2023-05-25T13:49:28.031+0530] {dag.py:3486} INFO - Setting next_dagrun for tutorial to 2023-05-24T08:19:28.031536+00:00, run_after=2023-05-25T08:19:28.031536+00:00
[2023-05-25T13:49:28.052+0530] {processor.py:179} INFO - Processing /Users/silvesterjk/Projects/Data Engineering/DEProject/venv/lib/python3.9/site-packages/airflow/example_dags/tutorial.py took 1.715 seconds
[2023-05-25T13:57:09.724+0530] {processor.py:157} INFO - Started process (PID=23533) to work on /Users/silvesterjk/Projects/Data Engineering/DEProject/venv/lib/python3.9/site-packages/airflow/example_dags/tutorial.py
[2023-05-25T13:57:09.725+0530] {processor.py:826} INFO - Processing file /Users/silvesterjk/Projects/Data Engineering/DEProject/venv/lib/python3.9/site-packages/airflow/example_dags/tutorial.py for tasks to queue
[2023-05-25T13:57:09.726+0530] {logging_mixin.py:149} INFO - [2023-05-25T13:57:09.725+0530] {dagbag.py:541} INFO - Filling up the DagBag from /Users/silvesterjk/Projects/Data Engineering/DEProject/venv/lib/python3.9/site-packages/airflow/example_dags/tutorial.py
[2023-05-25T13:57:09.753+0530] {processor.py:836} INFO - DAG(s) dict_keys(['tutorial']) retrieved from /Users/silvesterjk/Projects/Data Engineering/DEProject/venv/lib/python3.9/site-packages/airflow/example_dags/tutorial.py
[2023-05-25T13:57:10.697+0530] {logging_mixin.py:149} INFO - [2023-05-25T13:57:10.697+0530] {dag.py:2726} INFO - Sync 1 DAGs
[2023-05-25T13:57:10.717+0530] {logging_mixin.py:149} INFO - [2023-05-25T13:57:10.717+0530] {dag.py:3486} INFO - Setting next_dagrun for tutorial to 2023-05-24T08:27:10.716890+00:00, run_after=2023-05-25T08:27:10.716890+00:00
[2023-05-25T13:57:10.742+0530] {processor.py:179} INFO - Processing /Users/silvesterjk/Projects/Data Engineering/DEProject/venv/lib/python3.9/site-packages/airflow/example_dags/tutorial.py took 1.019 seconds
[2023-05-25T13:59:20.490+0530] {processor.py:157} INFO - Started process (PID=23661) to work on /Users/silvesterjk/Projects/Data Engineering/DEProject/venv/lib/python3.9/site-packages/airflow/example_dags/tutorial.py
[2023-05-25T13:59:20.493+0530] {processor.py:826} INFO - Processing file /Users/silvesterjk/Projects/Data Engineering/DEProject/venv/lib/python3.9/site-packages/airflow/example_dags/tutorial.py for tasks to queue
[2023-05-25T13:59:20.494+0530] {logging_mixin.py:149} INFO - [2023-05-25T13:59:20.494+0530] {dagbag.py:541} INFO - Filling up the DagBag from /Users/silvesterjk/Projects/Data Engineering/DEProject/venv/lib/python3.9/site-packages/airflow/example_dags/tutorial.py
[2023-05-25T13:59:20.521+0530] {processor.py:836} INFO - DAG(s) dict_keys(['tutorial']) retrieved from /Users/silvesterjk/Projects/Data Engineering/DEProject/venv/lib/python3.9/site-packages/airflow/example_dags/tutorial.py
[2023-05-25T13:59:21.715+0530] {logging_mixin.py:149} INFO - [2023-05-25T13:59:21.715+0530] {dag.py:2726} INFO - Sync 1 DAGs
[2023-05-25T13:59:21.829+0530] {logging_mixin.py:149} INFO - [2023-05-25T13:59:21.829+0530] {dag.py:3486} INFO - Setting next_dagrun for tutorial to 2023-05-24T08:29:21.829039+00:00, run_after=2023-05-25T08:29:21.829039+00:00
[2023-05-25T13:59:21.898+0530] {processor.py:179} INFO - Processing /Users/silvesterjk/Projects/Data Engineering/DEProject/venv/lib/python3.9/site-packages/airflow/example_dags/tutorial.py took 1.409 seconds
[2023-05-25T14:02:25.083+0530] {processor.py:157} INFO - Started process (PID=23768) to work on /Users/silvesterjk/Projects/Data Engineering/DEProject/venv/lib/python3.9/site-packages/airflow/example_dags/tutorial.py
[2023-05-25T14:02:25.085+0530] {processor.py:826} INFO - Processing file /Users/silvesterjk/Projects/Data Engineering/DEProject/venv/lib/python3.9/site-packages/airflow/example_dags/tutorial.py for tasks to queue
[2023-05-25T14:02:25.085+0530] {logging_mixin.py:149} INFO - [2023-05-25T14:02:25.085+0530] {dagbag.py:541} INFO - Filling up the DagBag from /Users/silvesterjk/Projects/Data Engineering/DEProject/venv/lib/python3.9/site-packages/airflow/example_dags/tutorial.py
[2023-05-25T14:02:25.117+0530] {processor.py:836} INFO - DAG(s) dict_keys(['tutorial']) retrieved from /Users/silvesterjk/Projects/Data Engineering/DEProject/venv/lib/python3.9/site-packages/airflow/example_dags/tutorial.py
[2023-05-25T14:02:26.054+0530] {logging_mixin.py:149} INFO - [2023-05-25T14:02:26.054+0530] {dag.py:2726} INFO - Sync 1 DAGs
[2023-05-25T14:02:26.076+0530] {logging_mixin.py:149} INFO - [2023-05-25T14:02:26.075+0530] {dag.py:3486} INFO - Setting next_dagrun for tutorial to 2023-05-24T08:32:26.075663+00:00, run_after=2023-05-25T08:32:26.075663+00:00
[2023-05-25T14:02:26.108+0530] {processor.py:179} INFO - Processing /Users/silvesterjk/Projects/Data Engineering/DEProject/venv/lib/python3.9/site-packages/airflow/example_dags/tutorial.py took 1.026 seconds
[2023-05-25T14:04:43.949+0530] {processor.py:157} INFO - Started process (PID=23846) to work on /Users/silvesterjk/Projects/Data Engineering/DEProject/venv/lib/python3.9/site-packages/airflow/example_dags/tutorial.py
[2023-05-25T14:04:43.951+0530] {processor.py:826} INFO - Processing file /Users/silvesterjk/Projects/Data Engineering/DEProject/venv/lib/python3.9/site-packages/airflow/example_dags/tutorial.py for tasks to queue
[2023-05-25T14:04:43.952+0530] {logging_mixin.py:149} INFO - [2023-05-25T14:04:43.952+0530] {dagbag.py:541} INFO - Filling up the DagBag from /Users/silvesterjk/Projects/Data Engineering/DEProject/venv/lib/python3.9/site-packages/airflow/example_dags/tutorial.py
[2023-05-25T14:04:43.979+0530] {processor.py:836} INFO - DAG(s) dict_keys(['tutorial']) retrieved from /Users/silvesterjk/Projects/Data Engineering/DEProject/venv/lib/python3.9/site-packages/airflow/example_dags/tutorial.py
[2023-05-25T14:04:44.934+0530] {logging_mixin.py:149} INFO - [2023-05-25T14:04:44.934+0530] {dag.py:2726} INFO - Sync 1 DAGs
[2023-05-25T14:04:44.954+0530] {logging_mixin.py:149} INFO - [2023-05-25T14:04:44.954+0530] {dag.py:3486} INFO - Setting next_dagrun for tutorial to 2023-05-24T08:34:44.954533+00:00, run_after=2023-05-25T08:34:44.954533+00:00
[2023-05-25T14:04:44.978+0530] {processor.py:179} INFO - Processing /Users/silvesterjk/Projects/Data Engineering/DEProject/venv/lib/python3.9/site-packages/airflow/example_dags/tutorial.py took 1.031 seconds
[2023-05-25T14:06:55.217+0530] {processor.py:157} INFO - Started process (PID=23921) to work on /Users/silvesterjk/Projects/Data Engineering/DEProject/venv/lib/python3.9/site-packages/airflow/example_dags/tutorial.py
[2023-05-25T14:06:55.218+0530] {processor.py:826} INFO - Processing file /Users/silvesterjk/Projects/Data Engineering/DEProject/venv/lib/python3.9/site-packages/airflow/example_dags/tutorial.py for tasks to queue
[2023-05-25T14:06:55.222+0530] {logging_mixin.py:149} INFO - [2023-05-25T14:06:55.219+0530] {dagbag.py:541} INFO - Filling up the DagBag from /Users/silvesterjk/Projects/Data Engineering/DEProject/venv/lib/python3.9/site-packages/airflow/example_dags/tutorial.py
[2023-05-25T14:06:55.253+0530] {processor.py:836} INFO - DAG(s) dict_keys(['tutorial']) retrieved from /Users/silvesterjk/Projects/Data Engineering/DEProject/venv/lib/python3.9/site-packages/airflow/example_dags/tutorial.py
[2023-05-25T14:06:56.341+0530] {logging_mixin.py:149} INFO - [2023-05-25T14:06:56.340+0530] {dag.py:2726} INFO - Sync 1 DAGs
[2023-05-25T14:06:56.370+0530] {logging_mixin.py:149} INFO - [2023-05-25T14:06:56.369+0530] {dag.py:3486} INFO - Setting next_dagrun for tutorial to 2023-05-24T08:36:56.367890+00:00, run_after=2023-05-25T08:36:56.367890+00:00
[2023-05-25T14:06:56.395+0530] {processor.py:179} INFO - Processing /Users/silvesterjk/Projects/Data Engineering/DEProject/venv/lib/python3.9/site-packages/airflow/example_dags/tutorial.py took 1.179 seconds
[2023-05-25T14:09:05.499+0530] {processor.py:157} INFO - Started process (PID=24017) to work on /Users/silvesterjk/Projects/Data Engineering/DEProject/venv/lib/python3.9/site-packages/airflow/example_dags/tutorial.py
[2023-05-25T14:09:05.500+0530] {processor.py:826} INFO - Processing file /Users/silvesterjk/Projects/Data Engineering/DEProject/venv/lib/python3.9/site-packages/airflow/example_dags/tutorial.py for tasks to queue
[2023-05-25T14:09:05.501+0530] {logging_mixin.py:149} INFO - [2023-05-25T14:09:05.501+0530] {dagbag.py:541} INFO - Filling up the DagBag from /Users/silvesterjk/Projects/Data Engineering/DEProject/venv/lib/python3.9/site-packages/airflow/example_dags/tutorial.py
[2023-05-25T14:09:05.529+0530] {processor.py:836} INFO - DAG(s) dict_keys(['tutorial']) retrieved from /Users/silvesterjk/Projects/Data Engineering/DEProject/venv/lib/python3.9/site-packages/airflow/example_dags/tutorial.py
[2023-05-25T14:09:06.359+0530] {logging_mixin.py:149} INFO - [2023-05-25T14:09:06.358+0530] {dag.py:2726} INFO - Sync 1 DAGs
[2023-05-25T14:09:06.380+0530] {logging_mixin.py:149} INFO - [2023-05-25T14:09:06.380+0530] {dag.py:3486} INFO - Setting next_dagrun for tutorial to 2023-05-24T08:39:06.380016+00:00, run_after=2023-05-25T08:39:06.380016+00:00
[2023-05-25T14:09:06.405+0530] {processor.py:179} INFO - Processing /Users/silvesterjk/Projects/Data Engineering/DEProject/venv/lib/python3.9/site-packages/airflow/example_dags/tutorial.py took 0.907 seconds
