[2023-05-25T13:49:15.759+0530] {processor.py:157} INFO - Started process (PID=23347) to work on /Users/silvesterjk/Projects/Data Engineering/DEProject/venv/lib/python3.9/site-packages/airflow/example_dags/tutorial_taskflow_api.py
[2023-05-25T13:49:15.760+0530] {processor.py:826} INFO - Processing file /Users/silvesterjk/Projects/Data Engineering/DEProject/venv/lib/python3.9/site-packages/airflow/example_dags/tutorial_taskflow_api.py for tasks to queue
[2023-05-25T13:49:15.760+0530] {logging_mixin.py:149} INFO - [2023-05-25T13:49:15.760+0530] {dagbag.py:541} INFO - Filling up the DagBag from /Users/silvesterjk/Projects/Data Engineering/DEProject/venv/lib/python3.9/site-packages/airflow/example_dags/tutorial_taskflow_api.py
[2023-05-25T13:49:15.829+0530] {processor.py:836} INFO - DAG(s) dict_keys(['tutorial_taskflow_api']) retrieved from /Users/silvesterjk/Projects/Data Engineering/DEProject/venv/lib/python3.9/site-packages/airflow/example_dags/tutorial_taskflow_api.py
[2023-05-25T13:49:17.190+0530] {logging_mixin.py:149} INFO - [2023-05-25T13:49:17.189+0530] {manager.py:504} INFO - Created Permission View: can read on DAG:tutorial_taskflow_api
[2023-05-25T13:49:17.203+0530] {logging_mixin.py:149} INFO - [2023-05-25T13:49:17.203+0530] {manager.py:504} INFO - Created Permission View: can delete on DAG:tutorial_taskflow_api
[2023-05-25T13:49:17.213+0530] {logging_mixin.py:149} INFO - [2023-05-25T13:49:17.213+0530] {manager.py:504} INFO - Created Permission View: can edit on DAG:tutorial_taskflow_api
[2023-05-25T13:49:17.213+0530] {logging_mixin.py:149} INFO - [2023-05-25T13:49:17.213+0530] {dag.py:2726} INFO - Sync 1 DAGs
[2023-05-25T13:49:17.232+0530] {logging_mixin.py:149} INFO - [2023-05-25T13:49:17.231+0530] {dag.py:2747} INFO - Creating ORM DAG for tutorial_taskflow_api
[2023-05-25T13:49:17.245+0530] {logging_mixin.py:149} INFO - [2023-05-25T13:49:17.245+0530] {dag.py:3486} INFO - Setting next_dagrun for tutorial_taskflow_api to None, run_after=None
[2023-05-25T13:49:17.270+0530] {processor.py:179} INFO - Processing /Users/silvesterjk/Projects/Data Engineering/DEProject/venv/lib/python3.9/site-packages/airflow/example_dags/tutorial_taskflow_api.py took 1.512 seconds
[2023-05-25T13:57:03.240+0530] {processor.py:157} INFO - Started process (PID=23531) to work on /Users/silvesterjk/Projects/Data Engineering/DEProject/venv/lib/python3.9/site-packages/airflow/example_dags/tutorial_taskflow_api.py
[2023-05-25T13:57:03.241+0530] {processor.py:826} INFO - Processing file /Users/silvesterjk/Projects/Data Engineering/DEProject/venv/lib/python3.9/site-packages/airflow/example_dags/tutorial_taskflow_api.py for tasks to queue
[2023-05-25T13:57:03.242+0530] {logging_mixin.py:149} INFO - [2023-05-25T13:57:03.242+0530] {dagbag.py:541} INFO - Filling up the DagBag from /Users/silvesterjk/Projects/Data Engineering/DEProject/venv/lib/python3.9/site-packages/airflow/example_dags/tutorial_taskflow_api.py
[2023-05-25T13:57:03.314+0530] {processor.py:836} INFO - DAG(s) dict_keys(['tutorial_taskflow_api']) retrieved from /Users/silvesterjk/Projects/Data Engineering/DEProject/venv/lib/python3.9/site-packages/airflow/example_dags/tutorial_taskflow_api.py
[2023-05-25T13:57:04.407+0530] {logging_mixin.py:149} INFO - [2023-05-25T13:57:04.406+0530] {dag.py:2726} INFO - Sync 1 DAGs
[2023-05-25T13:57:04.429+0530] {logging_mixin.py:149} INFO - [2023-05-25T13:57:04.428+0530] {dag.py:3486} INFO - Setting next_dagrun for tutorial_taskflow_api to None, run_after=None
[2023-05-25T13:57:04.451+0530] {processor.py:179} INFO - Processing /Users/silvesterjk/Projects/Data Engineering/DEProject/venv/lib/python3.9/site-packages/airflow/example_dags/tutorial_taskflow_api.py took 1.213 seconds
[2023-05-25T13:59:13.003+0530] {processor.py:157} INFO - Started process (PID=23658) to work on /Users/silvesterjk/Projects/Data Engineering/DEProject/venv/lib/python3.9/site-packages/airflow/example_dags/tutorial_taskflow_api.py
[2023-05-25T13:59:13.007+0530] {processor.py:826} INFO - Processing file /Users/silvesterjk/Projects/Data Engineering/DEProject/venv/lib/python3.9/site-packages/airflow/example_dags/tutorial_taskflow_api.py for tasks to queue
[2023-05-25T13:59:13.008+0530] {logging_mixin.py:149} INFO - [2023-05-25T13:59:13.008+0530] {dagbag.py:541} INFO - Filling up the DagBag from /Users/silvesterjk/Projects/Data Engineering/DEProject/venv/lib/python3.9/site-packages/airflow/example_dags/tutorial_taskflow_api.py
[2023-05-25T13:59:13.079+0530] {processor.py:836} INFO - DAG(s) dict_keys(['tutorial_taskflow_api']) retrieved from /Users/silvesterjk/Projects/Data Engineering/DEProject/venv/lib/python3.9/site-packages/airflow/example_dags/tutorial_taskflow_api.py
[2023-05-25T13:59:14.348+0530] {logging_mixin.py:149} INFO - [2023-05-25T13:59:14.348+0530] {dag.py:2726} INFO - Sync 1 DAGs
[2023-05-25T13:59:14.404+0530] {logging_mixin.py:149} INFO - [2023-05-25T13:59:14.404+0530] {dag.py:3486} INFO - Setting next_dagrun for tutorial_taskflow_api to None, run_after=None
[2023-05-25T13:59:14.441+0530] {processor.py:179} INFO - Processing /Users/silvesterjk/Projects/Data Engineering/DEProject/venv/lib/python3.9/site-packages/airflow/example_dags/tutorial_taskflow_api.py took 1.440 seconds
[2023-05-25T14:02:17.386+0530] {processor.py:157} INFO - Started process (PID=23766) to work on /Users/silvesterjk/Projects/Data Engineering/DEProject/venv/lib/python3.9/site-packages/airflow/example_dags/tutorial_taskflow_api.py
[2023-05-25T14:02:17.388+0530] {processor.py:826} INFO - Processing file /Users/silvesterjk/Projects/Data Engineering/DEProject/venv/lib/python3.9/site-packages/airflow/example_dags/tutorial_taskflow_api.py for tasks to queue
[2023-05-25T14:02:17.388+0530] {logging_mixin.py:149} INFO - [2023-05-25T14:02:17.388+0530] {dagbag.py:541} INFO - Filling up the DagBag from /Users/silvesterjk/Projects/Data Engineering/DEProject/venv/lib/python3.9/site-packages/airflow/example_dags/tutorial_taskflow_api.py
[2023-05-25T14:02:17.454+0530] {processor.py:836} INFO - DAG(s) dict_keys(['tutorial_taskflow_api']) retrieved from /Users/silvesterjk/Projects/Data Engineering/DEProject/venv/lib/python3.9/site-packages/airflow/example_dags/tutorial_taskflow_api.py
[2023-05-25T14:02:18.375+0530] {logging_mixin.py:149} INFO - [2023-05-25T14:02:18.375+0530] {dag.py:2726} INFO - Sync 1 DAGs
[2023-05-25T14:02:18.398+0530] {logging_mixin.py:149} INFO - [2023-05-25T14:02:18.397+0530] {dag.py:3486} INFO - Setting next_dagrun for tutorial_taskflow_api to None, run_after=None
[2023-05-25T14:02:18.420+0530] {processor.py:179} INFO - Processing /Users/silvesterjk/Projects/Data Engineering/DEProject/venv/lib/python3.9/site-packages/airflow/example_dags/tutorial_taskflow_api.py took 1.035 seconds
[2023-05-25T14:04:36.833+0530] {processor.py:157} INFO - Started process (PID=23843) to work on /Users/silvesterjk/Projects/Data Engineering/DEProject/venv/lib/python3.9/site-packages/airflow/example_dags/tutorial_taskflow_api.py
[2023-05-25T14:04:36.835+0530] {processor.py:826} INFO - Processing file /Users/silvesterjk/Projects/Data Engineering/DEProject/venv/lib/python3.9/site-packages/airflow/example_dags/tutorial_taskflow_api.py for tasks to queue
[2023-05-25T14:04:36.836+0530] {logging_mixin.py:149} INFO - [2023-05-25T14:04:36.835+0530] {dagbag.py:541} INFO - Filling up the DagBag from /Users/silvesterjk/Projects/Data Engineering/DEProject/venv/lib/python3.9/site-packages/airflow/example_dags/tutorial_taskflow_api.py
[2023-05-25T14:04:36.899+0530] {processor.py:836} INFO - DAG(s) dict_keys(['tutorial_taskflow_api']) retrieved from /Users/silvesterjk/Projects/Data Engineering/DEProject/venv/lib/python3.9/site-packages/airflow/example_dags/tutorial_taskflow_api.py
[2023-05-25T14:04:37.866+0530] {logging_mixin.py:149} INFO - [2023-05-25T14:04:37.865+0530] {dag.py:2726} INFO - Sync 1 DAGs
[2023-05-25T14:04:37.892+0530] {logging_mixin.py:149} INFO - [2023-05-25T14:04:37.891+0530] {dag.py:3486} INFO - Setting next_dagrun for tutorial_taskflow_api to None, run_after=None
[2023-05-25T14:04:37.918+0530] {processor.py:179} INFO - Processing /Users/silvesterjk/Projects/Data Engineering/DEProject/venv/lib/python3.9/site-packages/airflow/example_dags/tutorial_taskflow_api.py took 1.085 seconds
[2023-05-25T14:06:46.206+0530] {processor.py:157} INFO - Started process (PID=23918) to work on /Users/silvesterjk/Projects/Data Engineering/DEProject/venv/lib/python3.9/site-packages/airflow/example_dags/tutorial_taskflow_api.py
[2023-05-25T14:06:46.207+0530] {processor.py:826} INFO - Processing file /Users/silvesterjk/Projects/Data Engineering/DEProject/venv/lib/python3.9/site-packages/airflow/example_dags/tutorial_taskflow_api.py for tasks to queue
[2023-05-25T14:06:46.208+0530] {logging_mixin.py:149} INFO - [2023-05-25T14:06:46.208+0530] {dagbag.py:541} INFO - Filling up the DagBag from /Users/silvesterjk/Projects/Data Engineering/DEProject/venv/lib/python3.9/site-packages/airflow/example_dags/tutorial_taskflow_api.py
[2023-05-25T14:06:46.266+0530] {processor.py:836} INFO - DAG(s) dict_keys(['tutorial_taskflow_api']) retrieved from /Users/silvesterjk/Projects/Data Engineering/DEProject/venv/lib/python3.9/site-packages/airflow/example_dags/tutorial_taskflow_api.py
[2023-05-25T14:06:47.123+0530] {logging_mixin.py:149} INFO - [2023-05-25T14:06:47.123+0530] {dag.py:2726} INFO - Sync 1 DAGs
[2023-05-25T14:06:47.144+0530] {logging_mixin.py:149} INFO - [2023-05-25T14:06:47.144+0530] {dag.py:3486} INFO - Setting next_dagrun for tutorial_taskflow_api to None, run_after=None
[2023-05-25T14:06:47.173+0530] {processor.py:179} INFO - Processing /Users/silvesterjk/Projects/Data Engineering/DEProject/venv/lib/python3.9/site-packages/airflow/example_dags/tutorial_taskflow_api.py took 0.969 seconds
[2023-05-25T14:08:58.783+0530] {processor.py:157} INFO - Started process (PID=24011) to work on /Users/silvesterjk/Projects/Data Engineering/DEProject/venv/lib/python3.9/site-packages/airflow/example_dags/tutorial_taskflow_api.py
[2023-05-25T14:08:58.786+0530] {processor.py:826} INFO - Processing file /Users/silvesterjk/Projects/Data Engineering/DEProject/venv/lib/python3.9/site-packages/airflow/example_dags/tutorial_taskflow_api.py for tasks to queue
[2023-05-25T14:08:58.787+0530] {logging_mixin.py:149} INFO - [2023-05-25T14:08:58.786+0530] {dagbag.py:541} INFO - Filling up the DagBag from /Users/silvesterjk/Projects/Data Engineering/DEProject/venv/lib/python3.9/site-packages/airflow/example_dags/tutorial_taskflow_api.py
[2023-05-25T14:08:58.842+0530] {processor.py:836} INFO - DAG(s) dict_keys(['tutorial_taskflow_api']) retrieved from /Users/silvesterjk/Projects/Data Engineering/DEProject/venv/lib/python3.9/site-packages/airflow/example_dags/tutorial_taskflow_api.py
[2023-05-25T14:08:59.655+0530] {logging_mixin.py:149} INFO - [2023-05-25T14:08:59.655+0530] {dag.py:2726} INFO - Sync 1 DAGs
[2023-05-25T14:08:59.676+0530] {logging_mixin.py:149} INFO - [2023-05-25T14:08:59.676+0530] {dag.py:3486} INFO - Setting next_dagrun for tutorial_taskflow_api to None, run_after=None
[2023-05-25T14:08:59.701+0530] {processor.py:179} INFO - Processing /Users/silvesterjk/Projects/Data Engineering/DEProject/venv/lib/python3.9/site-packages/airflow/example_dags/tutorial_taskflow_api.py took 0.918 seconds
[2023-05-25T14:11:05.370+0530] {processor.py:157} INFO - Started process (PID=24081) to work on /Users/silvesterjk/Projects/Data Engineering/DEProject/venv/lib/python3.9/site-packages/airflow/example_dags/tutorial_taskflow_api.py
[2023-05-25T14:11:05.372+0530] {processor.py:826} INFO - Processing file /Users/silvesterjk/Projects/Data Engineering/DEProject/venv/lib/python3.9/site-packages/airflow/example_dags/tutorial_taskflow_api.py for tasks to queue
[2023-05-25T14:11:05.373+0530] {logging_mixin.py:149} INFO - [2023-05-25T14:11:05.373+0530] {dagbag.py:541} INFO - Filling up the DagBag from /Users/silvesterjk/Projects/Data Engineering/DEProject/venv/lib/python3.9/site-packages/airflow/example_dags/tutorial_taskflow_api.py
[2023-05-25T14:11:05.444+0530] {processor.py:836} INFO - DAG(s) dict_keys(['tutorial_taskflow_api']) retrieved from /Users/silvesterjk/Projects/Data Engineering/DEProject/venv/lib/python3.9/site-packages/airflow/example_dags/tutorial_taskflow_api.py
[2023-05-25T14:11:06.436+0530] {logging_mixin.py:149} INFO - [2023-05-25T14:11:06.435+0530] {dag.py:2726} INFO - Sync 1 DAGs
[2023-05-25T14:11:06.477+0530] {logging_mixin.py:149} INFO - [2023-05-25T14:11:06.477+0530] {dag.py:3486} INFO - Setting next_dagrun for tutorial_taskflow_api to None, run_after=None
[2023-05-25T14:11:06.521+0530] {processor.py:179} INFO - Processing /Users/silvesterjk/Projects/Data Engineering/DEProject/venv/lib/python3.9/site-packages/airflow/example_dags/tutorial_taskflow_api.py took 1.152 seconds
