[2023-05-25T13:49:11.159+0530] {processor.py:157} INFO - Started process (PID=23346) to work on /Users/silvesterjk/Projects/Data Engineering/DEProject/venv/lib/python3.9/site-packages/airflow/example_dags/tutorial_taskflow_api_virtualenv.py
[2023-05-25T13:49:11.160+0530] {processor.py:826} INFO - Processing file /Users/silvesterjk/Projects/Data Engineering/DEProject/venv/lib/python3.9/site-packages/airflow/example_dags/tutorial_taskflow_api_virtualenv.py for tasks to queue
[2023-05-25T13:49:11.160+0530] {logging_mixin.py:149} INFO - [2023-05-25T13:49:11.160+0530] {dagbag.py:541} INFO - Filling up the DagBag from /Users/silvesterjk/Projects/Data Engineering/DEProject/venv/lib/python3.9/site-packages/airflow/example_dags/tutorial_taskflow_api_virtualenv.py
[2023-05-25T13:49:11.233+0530] {processor.py:836} INFO - DAG(s) dict_keys(['tutorial_taskflow_api_virtualenv']) retrieved from /Users/silvesterjk/Projects/Data Engineering/DEProject/venv/lib/python3.9/site-packages/airflow/example_dags/tutorial_taskflow_api_virtualenv.py
[2023-05-25T13:49:12.283+0530] {logging_mixin.py:149} INFO - [2023-05-25T13:49:12.283+0530] {manager.py:504} INFO - Created Permission View: can delete on DAG:tutorial_taskflow_api_virtualenv
[2023-05-25T13:49:12.294+0530] {logging_mixin.py:149} INFO - [2023-05-25T13:49:12.293+0530] {manager.py:504} INFO - Created Permission View: can edit on DAG:tutorial_taskflow_api_virtualenv
[2023-05-25T13:49:12.301+0530] {logging_mixin.py:149} INFO - [2023-05-25T13:49:12.301+0530] {manager.py:504} INFO - Created Permission View: can read on DAG:tutorial_taskflow_api_virtualenv
[2023-05-25T13:49:12.302+0530] {logging_mixin.py:149} INFO - [2023-05-25T13:49:12.302+0530] {dag.py:2726} INFO - Sync 1 DAGs
[2023-05-25T13:49:12.315+0530] {logging_mixin.py:149} INFO - [2023-05-25T13:49:12.315+0530] {dag.py:2747} INFO - Creating ORM DAG for tutorial_taskflow_api_virtualenv
[2023-05-25T13:49:12.325+0530] {logging_mixin.py:149} INFO - [2023-05-25T13:49:12.325+0530] {dag.py:3486} INFO - Setting next_dagrun for tutorial_taskflow_api_virtualenv to None, run_after=None
[2023-05-25T13:49:12.349+0530] {processor.py:179} INFO - Processing /Users/silvesterjk/Projects/Data Engineering/DEProject/venv/lib/python3.9/site-packages/airflow/example_dags/tutorial_taskflow_api_virtualenv.py took 1.191 seconds
[2023-05-25T13:56:59.911+0530] {processor.py:157} INFO - Started process (PID=23529) to work on /Users/silvesterjk/Projects/Data Engineering/DEProject/venv/lib/python3.9/site-packages/airflow/example_dags/tutorial_taskflow_api_virtualenv.py
[2023-05-25T13:56:59.912+0530] {processor.py:826} INFO - Processing file /Users/silvesterjk/Projects/Data Engineering/DEProject/venv/lib/python3.9/site-packages/airflow/example_dags/tutorial_taskflow_api_virtualenv.py for tasks to queue
[2023-05-25T13:56:59.913+0530] {logging_mixin.py:149} INFO - [2023-05-25T13:56:59.913+0530] {dagbag.py:541} INFO - Filling up the DagBag from /Users/silvesterjk/Projects/Data Engineering/DEProject/venv/lib/python3.9/site-packages/airflow/example_dags/tutorial_taskflow_api_virtualenv.py
[2023-05-25T13:57:00.007+0530] {processor.py:836} INFO - DAG(s) dict_keys(['tutorial_taskflow_api_virtualenv']) retrieved from /Users/silvesterjk/Projects/Data Engineering/DEProject/venv/lib/python3.9/site-packages/airflow/example_dags/tutorial_taskflow_api_virtualenv.py
[2023-05-25T13:57:00.116+0530] {logging_mixin.py:149} INFO - [2023-05-25T13:57:00.116+0530] {dag.py:2726} INFO - Sync 1 DAGs
[2023-05-25T13:57:01.015+0530] {logging_mixin.py:149} INFO - [2023-05-25T13:57:01.015+0530] {dag.py:3486} INFO - Setting next_dagrun for tutorial_taskflow_api_virtualenv to None, run_after=None
[2023-05-25T13:57:01.040+0530] {processor.py:179} INFO - Processing /Users/silvesterjk/Projects/Data Engineering/DEProject/venv/lib/python3.9/site-packages/airflow/example_dags/tutorial_taskflow_api_virtualenv.py took 1.130 seconds
[2023-05-25T13:59:09.358+0530] {processor.py:157} INFO - Started process (PID=23657) to work on /Users/silvesterjk/Projects/Data Engineering/DEProject/venv/lib/python3.9/site-packages/airflow/example_dags/tutorial_taskflow_api_virtualenv.py
[2023-05-25T13:59:09.359+0530] {processor.py:826} INFO - Processing file /Users/silvesterjk/Projects/Data Engineering/DEProject/venv/lib/python3.9/site-packages/airflow/example_dags/tutorial_taskflow_api_virtualenv.py for tasks to queue
[2023-05-25T13:59:09.360+0530] {logging_mixin.py:149} INFO - [2023-05-25T13:59:09.360+0530] {dagbag.py:541} INFO - Filling up the DagBag from /Users/silvesterjk/Projects/Data Engineering/DEProject/venv/lib/python3.9/site-packages/airflow/example_dags/tutorial_taskflow_api_virtualenv.py
[2023-05-25T13:59:09.434+0530] {processor.py:836} INFO - DAG(s) dict_keys(['tutorial_taskflow_api_virtualenv']) retrieved from /Users/silvesterjk/Projects/Data Engineering/DEProject/venv/lib/python3.9/site-packages/airflow/example_dags/tutorial_taskflow_api_virtualenv.py
[2023-05-25T13:59:10.322+0530] {logging_mixin.py:149} INFO - [2023-05-25T13:59:10.322+0530] {dag.py:2726} INFO - Sync 1 DAGs
[2023-05-25T13:59:10.343+0530] {logging_mixin.py:149} INFO - [2023-05-25T13:59:10.343+0530] {dag.py:3486} INFO - Setting next_dagrun for tutorial_taskflow_api_virtualenv to None, run_after=None
[2023-05-25T13:59:10.366+0530] {processor.py:179} INFO - Processing /Users/silvesterjk/Projects/Data Engineering/DEProject/venv/lib/python3.9/site-packages/airflow/example_dags/tutorial_taskflow_api_virtualenv.py took 1.009 seconds
[2023-05-25T14:02:13.931+0530] {processor.py:157} INFO - Started process (PID=23764) to work on /Users/silvesterjk/Projects/Data Engineering/DEProject/venv/lib/python3.9/site-packages/airflow/example_dags/tutorial_taskflow_api_virtualenv.py
[2023-05-25T14:02:13.933+0530] {processor.py:826} INFO - Processing file /Users/silvesterjk/Projects/Data Engineering/DEProject/venv/lib/python3.9/site-packages/airflow/example_dags/tutorial_taskflow_api_virtualenv.py for tasks to queue
[2023-05-25T14:02:13.934+0530] {logging_mixin.py:149} INFO - [2023-05-25T14:02:13.934+0530] {dagbag.py:541} INFO - Filling up the DagBag from /Users/silvesterjk/Projects/Data Engineering/DEProject/venv/lib/python3.9/site-packages/airflow/example_dags/tutorial_taskflow_api_virtualenv.py
[2023-05-25T14:02:14.013+0530] {processor.py:836} INFO - DAG(s) dict_keys(['tutorial_taskflow_api_virtualenv']) retrieved from /Users/silvesterjk/Projects/Data Engineering/DEProject/venv/lib/python3.9/site-packages/airflow/example_dags/tutorial_taskflow_api_virtualenv.py
[2023-05-25T14:02:14.923+0530] {logging_mixin.py:149} INFO - [2023-05-25T14:02:14.922+0530] {dag.py:2726} INFO - Sync 1 DAGs
[2023-05-25T14:02:14.945+0530] {logging_mixin.py:149} INFO - [2023-05-25T14:02:14.945+0530] {dag.py:3486} INFO - Setting next_dagrun for tutorial_taskflow_api_virtualenv to None, run_after=None
[2023-05-25T14:02:14.966+0530] {processor.py:179} INFO - Processing /Users/silvesterjk/Projects/Data Engineering/DEProject/venv/lib/python3.9/site-packages/airflow/example_dags/tutorial_taskflow_api_virtualenv.py took 1.036 seconds
[2023-05-25T14:04:31.126+0530] {processor.py:157} INFO - Started process (PID=23838) to work on /Users/silvesterjk/Projects/Data Engineering/DEProject/venv/lib/python3.9/site-packages/airflow/example_dags/tutorial_taskflow_api_virtualenv.py
[2023-05-25T14:04:31.129+0530] {processor.py:826} INFO - Processing file /Users/silvesterjk/Projects/Data Engineering/DEProject/venv/lib/python3.9/site-packages/airflow/example_dags/tutorial_taskflow_api_virtualenv.py for tasks to queue
[2023-05-25T14:04:31.130+0530] {logging_mixin.py:149} INFO - [2023-05-25T14:04:31.129+0530] {dagbag.py:541} INFO - Filling up the DagBag from /Users/silvesterjk/Projects/Data Engineering/DEProject/venv/lib/python3.9/site-packages/airflow/example_dags/tutorial_taskflow_api_virtualenv.py
[2023-05-25T14:04:31.228+0530] {processor.py:836} INFO - DAG(s) dict_keys(['tutorial_taskflow_api_virtualenv']) retrieved from /Users/silvesterjk/Projects/Data Engineering/DEProject/venv/lib/python3.9/site-packages/airflow/example_dags/tutorial_taskflow_api_virtualenv.py
[2023-05-25T14:04:34.220+0530] {logging_mixin.py:149} INFO - [2023-05-25T14:04:34.219+0530] {dag.py:2726} INFO - Sync 1 DAGs
[2023-05-25T14:04:34.244+0530] {logging_mixin.py:149} INFO - [2023-05-25T14:04:34.244+0530] {dag.py:3486} INFO - Setting next_dagrun for tutorial_taskflow_api_virtualenv to None, run_after=None
[2023-05-25T14:04:34.277+0530] {processor.py:179} INFO - Processing /Users/silvesterjk/Projects/Data Engineering/DEProject/venv/lib/python3.9/site-packages/airflow/example_dags/tutorial_taskflow_api_virtualenv.py took 3.154 seconds
[2023-05-25T14:06:43.698+0530] {processor.py:157} INFO - Started process (PID=23915) to work on /Users/silvesterjk/Projects/Data Engineering/DEProject/venv/lib/python3.9/site-packages/airflow/example_dags/tutorial_taskflow_api_virtualenv.py
[2023-05-25T14:06:43.700+0530] {processor.py:826} INFO - Processing file /Users/silvesterjk/Projects/Data Engineering/DEProject/venv/lib/python3.9/site-packages/airflow/example_dags/tutorial_taskflow_api_virtualenv.py for tasks to queue
[2023-05-25T14:06:43.701+0530] {logging_mixin.py:149} INFO - [2023-05-25T14:06:43.700+0530] {dagbag.py:541} INFO - Filling up the DagBag from /Users/silvesterjk/Projects/Data Engineering/DEProject/venv/lib/python3.9/site-packages/airflow/example_dags/tutorial_taskflow_api_virtualenv.py
[2023-05-25T14:06:43.787+0530] {processor.py:836} INFO - DAG(s) dict_keys(['tutorial_taskflow_api_virtualenv']) retrieved from /Users/silvesterjk/Projects/Data Engineering/DEProject/venv/lib/python3.9/site-packages/airflow/example_dags/tutorial_taskflow_api_virtualenv.py
[2023-05-25T14:06:44.664+0530] {logging_mixin.py:149} INFO - [2023-05-25T14:06:44.664+0530] {dag.py:2726} INFO - Sync 1 DAGs
[2023-05-25T14:06:44.686+0530] {logging_mixin.py:149} INFO - [2023-05-25T14:06:44.686+0530] {dag.py:3486} INFO - Setting next_dagrun for tutorial_taskflow_api_virtualenv to None, run_after=None
[2023-05-25T14:06:44.710+0530] {processor.py:179} INFO - Processing /Users/silvesterjk/Projects/Data Engineering/DEProject/venv/lib/python3.9/site-packages/airflow/example_dags/tutorial_taskflow_api_virtualenv.py took 1.013 seconds
[2023-05-25T14:08:55.480+0530] {processor.py:157} INFO - Started process (PID=24010) to work on /Users/silvesterjk/Projects/Data Engineering/DEProject/venv/lib/python3.9/site-packages/airflow/example_dags/tutorial_taskflow_api_virtualenv.py
[2023-05-25T14:08:55.481+0530] {processor.py:826} INFO - Processing file /Users/silvesterjk/Projects/Data Engineering/DEProject/venv/lib/python3.9/site-packages/airflow/example_dags/tutorial_taskflow_api_virtualenv.py for tasks to queue
[2023-05-25T14:08:55.482+0530] {logging_mixin.py:149} INFO - [2023-05-25T14:08:55.482+0530] {dagbag.py:541} INFO - Filling up the DagBag from /Users/silvesterjk/Projects/Data Engineering/DEProject/venv/lib/python3.9/site-packages/airflow/example_dags/tutorial_taskflow_api_virtualenv.py
[2023-05-25T14:08:55.547+0530] {processor.py:836} INFO - DAG(s) dict_keys(['tutorial_taskflow_api_virtualenv']) retrieved from /Users/silvesterjk/Projects/Data Engineering/DEProject/venv/lib/python3.9/site-packages/airflow/example_dags/tutorial_taskflow_api_virtualenv.py
[2023-05-25T14:08:56.341+0530] {logging_mixin.py:149} INFO - [2023-05-25T14:08:56.341+0530] {dag.py:2726} INFO - Sync 1 DAGs
[2023-05-25T14:08:56.362+0530] {logging_mixin.py:149} INFO - [2023-05-25T14:08:56.362+0530] {dag.py:3486} INFO - Setting next_dagrun for tutorial_taskflow_api_virtualenv to None, run_after=None
[2023-05-25T14:08:56.386+0530] {processor.py:179} INFO - Processing /Users/silvesterjk/Projects/Data Engineering/DEProject/venv/lib/python3.9/site-packages/airflow/example_dags/tutorial_taskflow_api_virtualenv.py took 0.907 seconds
[2023-05-25T14:11:01.283+0530] {processor.py:157} INFO - Started process (PID=24061) to work on /Users/silvesterjk/Projects/Data Engineering/DEProject/venv/lib/python3.9/site-packages/airflow/example_dags/tutorial_taskflow_api_virtualenv.py
[2023-05-25T14:11:01.284+0530] {processor.py:826} INFO - Processing file /Users/silvesterjk/Projects/Data Engineering/DEProject/venv/lib/python3.9/site-packages/airflow/example_dags/tutorial_taskflow_api_virtualenv.py for tasks to queue
[2023-05-25T14:11:01.284+0530] {logging_mixin.py:149} INFO - [2023-05-25T14:11:01.284+0530] {dagbag.py:541} INFO - Filling up the DagBag from /Users/silvesterjk/Projects/Data Engineering/DEProject/venv/lib/python3.9/site-packages/airflow/example_dags/tutorial_taskflow_api_virtualenv.py
[2023-05-25T14:11:01.366+0530] {processor.py:836} INFO - DAG(s) dict_keys(['tutorial_taskflow_api_virtualenv']) retrieved from /Users/silvesterjk/Projects/Data Engineering/DEProject/venv/lib/python3.9/site-packages/airflow/example_dags/tutorial_taskflow_api_virtualenv.py
[2023-05-25T14:11:02.854+0530] {logging_mixin.py:149} INFO - [2023-05-25T14:11:02.854+0530] {dag.py:2726} INFO - Sync 1 DAGs
[2023-05-25T14:11:02.880+0530] {logging_mixin.py:149} INFO - [2023-05-25T14:11:02.879+0530] {dag.py:3486} INFO - Setting next_dagrun for tutorial_taskflow_api_virtualenv to None, run_after=None
[2023-05-25T14:11:02.903+0530] {processor.py:179} INFO - Processing /Users/silvesterjk/Projects/Data Engineering/DEProject/venv/lib/python3.9/site-packages/airflow/example_dags/tutorial_taskflow_api_virtualenv.py took 1.621 seconds
