[2023-05-25T13:49:19.115+0530] {processor.py:157} INFO - Started process (PID=23349) to work on /Users/silvesterjk/Projects/Data Engineering/DEProject/venv/lib/python3.9/site-packages/airflow/example_dags/tutorial_dag.py
[2023-05-25T13:49:19.116+0530] {processor.py:826} INFO - Processing file /Users/silvesterjk/Projects/Data Engineering/DEProject/venv/lib/python3.9/site-packages/airflow/example_dags/tutorial_dag.py for tasks to queue
[2023-05-25T13:49:19.116+0530] {logging_mixin.py:149} INFO - [2023-05-25T13:49:19.116+0530] {dagbag.py:541} INFO - Filling up the DagBag from /Users/silvesterjk/Projects/Data Engineering/DEProject/venv/lib/python3.9/site-packages/airflow/example_dags/tutorial_dag.py
[2023-05-25T13:49:19.158+0530] {processor.py:836} INFO - DAG(s) dict_keys(['tutorial_dag']) retrieved from /Users/silvesterjk/Projects/Data Engineering/DEProject/venv/lib/python3.9/site-packages/airflow/example_dags/tutorial_dag.py
[2023-05-25T13:49:20.238+0530] {logging_mixin.py:149} INFO - [2023-05-25T13:49:20.238+0530] {manager.py:504} INFO - Created Permission View: can edit on DAG:tutorial_dag
[2023-05-25T13:49:20.251+0530] {logging_mixin.py:149} INFO - [2023-05-25T13:49:20.250+0530] {manager.py:504} INFO - Created Permission View: can read on DAG:tutorial_dag
[2023-05-25T13:49:20.263+0530] {logging_mixin.py:149} INFO - [2023-05-25T13:49:20.263+0530] {manager.py:504} INFO - Created Permission View: can delete on DAG:tutorial_dag
[2023-05-25T13:49:20.263+0530] {logging_mixin.py:149} INFO - [2023-05-25T13:49:20.263+0530] {dag.py:2726} INFO - Sync 1 DAGs
[2023-05-25T13:49:20.279+0530] {logging_mixin.py:149} INFO - [2023-05-25T13:49:20.279+0530] {dag.py:2747} INFO - Creating ORM DAG for tutorial_dag
[2023-05-25T13:49:20.289+0530] {logging_mixin.py:149} INFO - [2023-05-25T13:49:20.288+0530] {dag.py:3486} INFO - Setting next_dagrun for tutorial_dag to None, run_after=None
[2023-05-25T13:49:20.310+0530] {processor.py:179} INFO - Processing /Users/silvesterjk/Projects/Data Engineering/DEProject/venv/lib/python3.9/site-packages/airflow/example_dags/tutorial_dag.py took 1.196 seconds
[2023-05-25T13:57:06.918+0530] {processor.py:157} INFO - Started process (PID=23532) to work on /Users/silvesterjk/Projects/Data Engineering/DEProject/venv/lib/python3.9/site-packages/airflow/example_dags/tutorial_dag.py
[2023-05-25T13:57:06.921+0530] {processor.py:826} INFO - Processing file /Users/silvesterjk/Projects/Data Engineering/DEProject/venv/lib/python3.9/site-packages/airflow/example_dags/tutorial_dag.py for tasks to queue
[2023-05-25T13:57:06.921+0530] {logging_mixin.py:149} INFO - [2023-05-25T13:57:06.921+0530] {dagbag.py:541} INFO - Filling up the DagBag from /Users/silvesterjk/Projects/Data Engineering/DEProject/venv/lib/python3.9/site-packages/airflow/example_dags/tutorial_dag.py
[2023-05-25T13:57:06.957+0530] {processor.py:836} INFO - DAG(s) dict_keys(['tutorial_dag']) retrieved from /Users/silvesterjk/Projects/Data Engineering/DEProject/venv/lib/python3.9/site-packages/airflow/example_dags/tutorial_dag.py
[2023-05-25T13:57:07.810+0530] {logging_mixin.py:149} INFO - [2023-05-25T13:57:07.810+0530] {dag.py:2726} INFO - Sync 1 DAGs
[2023-05-25T13:57:07.831+0530] {logging_mixin.py:149} INFO - [2023-05-25T13:57:07.831+0530] {dag.py:3486} INFO - Setting next_dagrun for tutorial_dag to None, run_after=None
[2023-05-25T13:57:07.854+0530] {processor.py:179} INFO - Processing /Users/silvesterjk/Projects/Data Engineering/DEProject/venv/lib/python3.9/site-packages/airflow/example_dags/tutorial_dag.py took 0.937 seconds
[2023-05-25T13:59:16.969+0530] {processor.py:157} INFO - Started process (PID=23659) to work on /Users/silvesterjk/Projects/Data Engineering/DEProject/venv/lib/python3.9/site-packages/airflow/example_dags/tutorial_dag.py
[2023-05-25T13:59:16.971+0530] {processor.py:826} INFO - Processing file /Users/silvesterjk/Projects/Data Engineering/DEProject/venv/lib/python3.9/site-packages/airflow/example_dags/tutorial_dag.py for tasks to queue
[2023-05-25T13:59:16.971+0530] {logging_mixin.py:149} INFO - [2023-05-25T13:59:16.971+0530] {dagbag.py:541} INFO - Filling up the DagBag from /Users/silvesterjk/Projects/Data Engineering/DEProject/venv/lib/python3.9/site-packages/airflow/example_dags/tutorial_dag.py
[2023-05-25T13:59:17.022+0530] {processor.py:836} INFO - DAG(s) dict_keys(['tutorial_dag']) retrieved from /Users/silvesterjk/Projects/Data Engineering/DEProject/venv/lib/python3.9/site-packages/airflow/example_dags/tutorial_dag.py
[2023-05-25T13:59:17.889+0530] {logging_mixin.py:149} INFO - [2023-05-25T13:59:17.888+0530] {dag.py:2726} INFO - Sync 1 DAGs
[2023-05-25T13:59:17.912+0530] {logging_mixin.py:149} INFO - [2023-05-25T13:59:17.912+0530] {dag.py:3486} INFO - Setting next_dagrun for tutorial_dag to None, run_after=None
[2023-05-25T13:59:17.936+0530] {processor.py:179} INFO - Processing /Users/silvesterjk/Projects/Data Engineering/DEProject/venv/lib/python3.9/site-packages/airflow/example_dags/tutorial_dag.py took 0.968 seconds
[2023-05-25T14:02:20.923+0530] {processor.py:157} INFO - Started process (PID=23767) to work on /Users/silvesterjk/Projects/Data Engineering/DEProject/venv/lib/python3.9/site-packages/airflow/example_dags/tutorial_dag.py
[2023-05-25T14:02:20.926+0530] {processor.py:826} INFO - Processing file /Users/silvesterjk/Projects/Data Engineering/DEProject/venv/lib/python3.9/site-packages/airflow/example_dags/tutorial_dag.py for tasks to queue
[2023-05-25T14:02:20.926+0530] {logging_mixin.py:149} INFO - [2023-05-25T14:02:20.926+0530] {dagbag.py:541} INFO - Filling up the DagBag from /Users/silvesterjk/Projects/Data Engineering/DEProject/venv/lib/python3.9/site-packages/airflow/example_dags/tutorial_dag.py
[2023-05-25T14:02:20.969+0530] {processor.py:836} INFO - DAG(s) dict_keys(['tutorial_dag']) retrieved from /Users/silvesterjk/Projects/Data Engineering/DEProject/venv/lib/python3.9/site-packages/airflow/example_dags/tutorial_dag.py
[2023-05-25T14:02:22.351+0530] {logging_mixin.py:149} INFO - [2023-05-25T14:02:22.350+0530] {dag.py:2726} INFO - Sync 1 DAGs
[2023-05-25T14:02:22.400+0530] {logging_mixin.py:149} INFO - [2023-05-25T14:02:22.400+0530] {dag.py:3486} INFO - Setting next_dagrun for tutorial_dag to None, run_after=None
[2023-05-25T14:02:22.428+0530] {processor.py:179} INFO - Processing /Users/silvesterjk/Projects/Data Engineering/DEProject/venv/lib/python3.9/site-packages/airflow/example_dags/tutorial_dag.py took 1.505 seconds
[2023-05-25T14:04:40.514+0530] {processor.py:157} INFO - Started process (PID=23844) to work on /Users/silvesterjk/Projects/Data Engineering/DEProject/venv/lib/python3.9/site-packages/airflow/example_dags/tutorial_dag.py
[2023-05-25T14:04:40.516+0530] {processor.py:826} INFO - Processing file /Users/silvesterjk/Projects/Data Engineering/DEProject/venv/lib/python3.9/site-packages/airflow/example_dags/tutorial_dag.py for tasks to queue
[2023-05-25T14:04:40.517+0530] {logging_mixin.py:149} INFO - [2023-05-25T14:04:40.516+0530] {dagbag.py:541} INFO - Filling up the DagBag from /Users/silvesterjk/Projects/Data Engineering/DEProject/venv/lib/python3.9/site-packages/airflow/example_dags/tutorial_dag.py
[2023-05-25T14:04:40.551+0530] {processor.py:836} INFO - DAG(s) dict_keys(['tutorial_dag']) retrieved from /Users/silvesterjk/Projects/Data Engineering/DEProject/venv/lib/python3.9/site-packages/airflow/example_dags/tutorial_dag.py
[2023-05-25T14:04:41.449+0530] {logging_mixin.py:149} INFO - [2023-05-25T14:04:41.448+0530] {dag.py:2726} INFO - Sync 1 DAGs
[2023-05-25T14:04:41.477+0530] {logging_mixin.py:149} INFO - [2023-05-25T14:04:41.477+0530] {dag.py:3486} INFO - Setting next_dagrun for tutorial_dag to None, run_after=None
[2023-05-25T14:04:41.500+0530] {processor.py:179} INFO - Processing /Users/silvesterjk/Projects/Data Engineering/DEProject/venv/lib/python3.9/site-packages/airflow/example_dags/tutorial_dag.py took 0.987 seconds
[2023-05-25T14:06:49.924+0530] {processor.py:157} INFO - Started process (PID=23920) to work on /Users/silvesterjk/Projects/Data Engineering/DEProject/venv/lib/python3.9/site-packages/airflow/example_dags/tutorial_dag.py
[2023-05-25T14:06:49.932+0530] {processor.py:826} INFO - Processing file /Users/silvesterjk/Projects/Data Engineering/DEProject/venv/lib/python3.9/site-packages/airflow/example_dags/tutorial_dag.py for tasks to queue
[2023-05-25T14:06:49.933+0530] {logging_mixin.py:149} INFO - [2023-05-25T14:06:49.933+0530] {dagbag.py:541} INFO - Filling up the DagBag from /Users/silvesterjk/Projects/Data Engineering/DEProject/venv/lib/python3.9/site-packages/airflow/example_dags/tutorial_dag.py
[2023-05-25T14:06:49.993+0530] {processor.py:836} INFO - DAG(s) dict_keys(['tutorial_dag']) retrieved from /Users/silvesterjk/Projects/Data Engineering/DEProject/venv/lib/python3.9/site-packages/airflow/example_dags/tutorial_dag.py
[2023-05-25T14:06:51.063+0530] {logging_mixin.py:149} INFO - [2023-05-25T14:06:51.062+0530] {dag.py:2726} INFO - Sync 1 DAGs
[2023-05-25T14:06:51.084+0530] {logging_mixin.py:149} INFO - [2023-05-25T14:06:51.084+0530] {dag.py:3486} INFO - Setting next_dagrun for tutorial_dag to None, run_after=None
[2023-05-25T14:06:51.105+0530] {processor.py:179} INFO - Processing /Users/silvesterjk/Projects/Data Engineering/DEProject/venv/lib/python3.9/site-packages/airflow/example_dags/tutorial_dag.py took 1.182 seconds
[2023-05-25T14:09:02.135+0530] {processor.py:157} INFO - Started process (PID=24012) to work on /Users/silvesterjk/Projects/Data Engineering/DEProject/venv/lib/python3.9/site-packages/airflow/example_dags/tutorial_dag.py
[2023-05-25T14:09:02.137+0530] {processor.py:826} INFO - Processing file /Users/silvesterjk/Projects/Data Engineering/DEProject/venv/lib/python3.9/site-packages/airflow/example_dags/tutorial_dag.py for tasks to queue
[2023-05-25T14:09:02.138+0530] {logging_mixin.py:149} INFO - [2023-05-25T14:09:02.138+0530] {dagbag.py:541} INFO - Filling up the DagBag from /Users/silvesterjk/Projects/Data Engineering/DEProject/venv/lib/python3.9/site-packages/airflow/example_dags/tutorial_dag.py
[2023-05-25T14:09:02.173+0530] {processor.py:836} INFO - DAG(s) dict_keys(['tutorial_dag']) retrieved from /Users/silvesterjk/Projects/Data Engineering/DEProject/venv/lib/python3.9/site-packages/airflow/example_dags/tutorial_dag.py
[2023-05-25T14:09:03.028+0530] {logging_mixin.py:149} INFO - [2023-05-25T14:09:03.028+0530] {dag.py:2726} INFO - Sync 1 DAGs
[2023-05-25T14:09:03.049+0530] {logging_mixin.py:149} INFO - [2023-05-25T14:09:03.049+0530] {dag.py:3486} INFO - Setting next_dagrun for tutorial_dag to None, run_after=None
[2023-05-25T14:09:03.072+0530] {processor.py:179} INFO - Processing /Users/silvesterjk/Projects/Data Engineering/DEProject/venv/lib/python3.9/site-packages/airflow/example_dags/tutorial_dag.py took 0.938 seconds
[2023-05-25T14:11:09.237+0530] {processor.py:157} INFO - Started process (PID=24091) to work on /Users/silvesterjk/Projects/Data Engineering/DEProject/venv/lib/python3.9/site-packages/airflow/example_dags/tutorial_dag.py
[2023-05-25T14:11:09.239+0530] {processor.py:826} INFO - Processing file /Users/silvesterjk/Projects/Data Engineering/DEProject/venv/lib/python3.9/site-packages/airflow/example_dags/tutorial_dag.py for tasks to queue
[2023-05-25T14:11:09.240+0530] {logging_mixin.py:149} INFO - [2023-05-25T14:11:09.240+0530] {dagbag.py:541} INFO - Filling up the DagBag from /Users/silvesterjk/Projects/Data Engineering/DEProject/venv/lib/python3.9/site-packages/airflow/example_dags/tutorial_dag.py
[2023-05-25T14:11:09.285+0530] {processor.py:836} INFO - DAG(s) dict_keys(['tutorial_dag']) retrieved from /Users/silvesterjk/Projects/Data Engineering/DEProject/venv/lib/python3.9/site-packages/airflow/example_dags/tutorial_dag.py
[2023-05-25T14:11:10.321+0530] {logging_mixin.py:149} INFO - [2023-05-25T14:11:10.321+0530] {dag.py:2726} INFO - Sync 1 DAGs
[2023-05-25T14:11:10.344+0530] {logging_mixin.py:149} INFO - [2023-05-25T14:11:10.344+0530] {dag.py:3486} INFO - Setting next_dagrun for tutorial_dag to None, run_after=None
[2023-05-25T14:11:10.368+0530] {processor.py:179} INFO - Processing /Users/silvesterjk/Projects/Data Engineering/DEProject/venv/lib/python3.9/site-packages/airflow/example_dags/tutorial_dag.py took 1.132 seconds
