[2023-05-25T13:48:56.946+0530] {processor.py:157} INFO - Started process (PID=23327) to work on /Users/silvesterjk/Projects/Data Engineering/DEProject/venv/lib/python3.9/site-packages/airflow/example_dags/subdags/subdag.py
[2023-05-25T13:48:56.947+0530] {processor.py:826} INFO - Processing file /Users/silvesterjk/Projects/Data Engineering/DEProject/venv/lib/python3.9/site-packages/airflow/example_dags/subdags/subdag.py for tasks to queue
[2023-05-25T13:48:56.947+0530] {logging_mixin.py:149} INFO - [2023-05-25T13:48:56.947+0530] {dagbag.py:541} INFO - Filling up the DagBag from /Users/silvesterjk/Projects/Data Engineering/DEProject/venv/lib/python3.9/site-packages/airflow/example_dags/subdags/subdag.py
[2023-05-25T13:48:56.951+0530] {processor.py:838} WARNING - No viable dags retrieved from /Users/silvesterjk/Projects/Data Engineering/DEProject/venv/lib/python3.9/site-packages/airflow/example_dags/subdags/subdag.py
[2023-05-25T13:48:58.009+0530] {processor.py:179} INFO - Processing /Users/silvesterjk/Projects/Data Engineering/DEProject/venv/lib/python3.9/site-packages/airflow/example_dags/subdags/subdag.py took 1.065 seconds
[2023-05-25T13:56:46.004+0530] {processor.py:157} INFO - Started process (PID=23522) to work on /Users/silvesterjk/Projects/Data Engineering/DEProject/venv/lib/python3.9/site-packages/airflow/example_dags/subdags/subdag.py
[2023-05-25T13:56:46.007+0530] {processor.py:826} INFO - Processing file /Users/silvesterjk/Projects/Data Engineering/DEProject/venv/lib/python3.9/site-packages/airflow/example_dags/subdags/subdag.py for tasks to queue
[2023-05-25T13:56:46.008+0530] {logging_mixin.py:149} INFO - [2023-05-25T13:56:46.007+0530] {dagbag.py:541} INFO - Filling up the DagBag from /Users/silvesterjk/Projects/Data Engineering/DEProject/venv/lib/python3.9/site-packages/airflow/example_dags/subdags/subdag.py
[2023-05-25T13:56:46.011+0530] {processor.py:838} WARNING - No viable dags retrieved from /Users/silvesterjk/Projects/Data Engineering/DEProject/venv/lib/python3.9/site-packages/airflow/example_dags/subdags/subdag.py
[2023-05-25T13:56:46.784+0530] {processor.py:179} INFO - Processing /Users/silvesterjk/Projects/Data Engineering/DEProject/venv/lib/python3.9/site-packages/airflow/example_dags/subdags/subdag.py took 0.781 seconds
[2023-05-25T13:58:51.721+0530] {processor.py:157} INFO - Started process (PID=23644) to work on /Users/silvesterjk/Projects/Data Engineering/DEProject/venv/lib/python3.9/site-packages/airflow/example_dags/subdags/subdag.py
[2023-05-25T13:58:51.723+0530] {processor.py:826} INFO - Processing file /Users/silvesterjk/Projects/Data Engineering/DEProject/venv/lib/python3.9/site-packages/airflow/example_dags/subdags/subdag.py for tasks to queue
[2023-05-25T13:58:51.724+0530] {logging_mixin.py:149} INFO - [2023-05-25T13:58:51.724+0530] {dagbag.py:541} INFO - Filling up the DagBag from /Users/silvesterjk/Projects/Data Engineering/DEProject/venv/lib/python3.9/site-packages/airflow/example_dags/subdags/subdag.py
[2023-05-25T13:58:51.728+0530] {processor.py:838} WARNING - No viable dags retrieved from /Users/silvesterjk/Projects/Data Engineering/DEProject/venv/lib/python3.9/site-packages/airflow/example_dags/subdags/subdag.py
[2023-05-25T13:58:52.595+0530] {processor.py:179} INFO - Processing /Users/silvesterjk/Projects/Data Engineering/DEProject/venv/lib/python3.9/site-packages/airflow/example_dags/subdags/subdag.py took 0.876 seconds
[2023-05-25T14:02:00.110+0530] {processor.py:157} INFO - Started process (PID=23759) to work on /Users/silvesterjk/Projects/Data Engineering/DEProject/venv/lib/python3.9/site-packages/airflow/example_dags/subdags/subdag.py
[2023-05-25T14:02:00.111+0530] {processor.py:826} INFO - Processing file /Users/silvesterjk/Projects/Data Engineering/DEProject/venv/lib/python3.9/site-packages/airflow/example_dags/subdags/subdag.py for tasks to queue
[2023-05-25T14:02:00.112+0530] {logging_mixin.py:149} INFO - [2023-05-25T14:02:00.112+0530] {dagbag.py:541} INFO - Filling up the DagBag from /Users/silvesterjk/Projects/Data Engineering/DEProject/venv/lib/python3.9/site-packages/airflow/example_dags/subdags/subdag.py
[2023-05-25T14:02:00.115+0530] {processor.py:838} WARNING - No viable dags retrieved from /Users/silvesterjk/Projects/Data Engineering/DEProject/venv/lib/python3.9/site-packages/airflow/example_dags/subdags/subdag.py
[2023-05-25T14:02:00.949+0530] {processor.py:179} INFO - Processing /Users/silvesterjk/Projects/Data Engineering/DEProject/venv/lib/python3.9/site-packages/airflow/example_dags/subdags/subdag.py took 0.840 seconds
[2023-05-25T14:04:16.072+0530] {processor.py:157} INFO - Started process (PID=23833) to work on /Users/silvesterjk/Projects/Data Engineering/DEProject/venv/lib/python3.9/site-packages/airflow/example_dags/subdags/subdag.py
[2023-05-25T14:04:16.073+0530] {processor.py:826} INFO - Processing file /Users/silvesterjk/Projects/Data Engineering/DEProject/venv/lib/python3.9/site-packages/airflow/example_dags/subdags/subdag.py for tasks to queue
[2023-05-25T14:04:16.074+0530] {logging_mixin.py:149} INFO - [2023-05-25T14:04:16.074+0530] {dagbag.py:541} INFO - Filling up the DagBag from /Users/silvesterjk/Projects/Data Engineering/DEProject/venv/lib/python3.9/site-packages/airflow/example_dags/subdags/subdag.py
[2023-05-25T14:04:16.078+0530] {processor.py:838} WARNING - No viable dags retrieved from /Users/silvesterjk/Projects/Data Engineering/DEProject/venv/lib/python3.9/site-packages/airflow/example_dags/subdags/subdag.py
[2023-05-25T14:04:17.004+0530] {processor.py:179} INFO - Processing /Users/silvesterjk/Projects/Data Engineering/DEProject/venv/lib/python3.9/site-packages/airflow/example_dags/subdags/subdag.py took 0.933 seconds
[2023-05-25T14:06:30.280+0530] {processor.py:157} INFO - Started process (PID=23909) to work on /Users/silvesterjk/Projects/Data Engineering/DEProject/venv/lib/python3.9/site-packages/airflow/example_dags/subdags/subdag.py
[2023-05-25T14:06:30.283+0530] {processor.py:826} INFO - Processing file /Users/silvesterjk/Projects/Data Engineering/DEProject/venv/lib/python3.9/site-packages/airflow/example_dags/subdags/subdag.py for tasks to queue
[2023-05-25T14:06:30.284+0530] {logging_mixin.py:149} INFO - [2023-05-25T14:06:30.283+0530] {dagbag.py:541} INFO - Filling up the DagBag from /Users/silvesterjk/Projects/Data Engineering/DEProject/venv/lib/python3.9/site-packages/airflow/example_dags/subdags/subdag.py
[2023-05-25T14:06:30.287+0530] {processor.py:838} WARNING - No viable dags retrieved from /Users/silvesterjk/Projects/Data Engineering/DEProject/venv/lib/python3.9/site-packages/airflow/example_dags/subdags/subdag.py
[2023-05-25T14:06:31.044+0530] {processor.py:179} INFO - Processing /Users/silvesterjk/Projects/Data Engineering/DEProject/venv/lib/python3.9/site-packages/airflow/example_dags/subdags/subdag.py took 0.765 seconds
[2023-05-25T14:08:43.261+0530] {processor.py:157} INFO - Started process (PID=24001) to work on /Users/silvesterjk/Projects/Data Engineering/DEProject/venv/lib/python3.9/site-packages/airflow/example_dags/subdags/subdag.py
[2023-05-25T14:08:43.263+0530] {processor.py:826} INFO - Processing file /Users/silvesterjk/Projects/Data Engineering/DEProject/venv/lib/python3.9/site-packages/airflow/example_dags/subdags/subdag.py for tasks to queue
[2023-05-25T14:08:43.264+0530] {logging_mixin.py:149} INFO - [2023-05-25T14:08:43.264+0530] {dagbag.py:541} INFO - Filling up the DagBag from /Users/silvesterjk/Projects/Data Engineering/DEProject/venv/lib/python3.9/site-packages/airflow/example_dags/subdags/subdag.py
[2023-05-25T14:08:43.267+0530] {processor.py:838} WARNING - No viable dags retrieved from /Users/silvesterjk/Projects/Data Engineering/DEProject/venv/lib/python3.9/site-packages/airflow/example_dags/subdags/subdag.py
[2023-05-25T14:08:44.095+0530] {processor.py:179} INFO - Processing /Users/silvesterjk/Projects/Data Engineering/DEProject/venv/lib/python3.9/site-packages/airflow/example_dags/subdags/subdag.py took 0.835 seconds
[2023-05-25T14:10:46.777+0530] {processor.py:157} INFO - Started process (PID=24056) to work on /Users/silvesterjk/Projects/Data Engineering/DEProject/venv/lib/python3.9/site-packages/airflow/example_dags/subdags/subdag.py
[2023-05-25T14:10:46.779+0530] {processor.py:826} INFO - Processing file /Users/silvesterjk/Projects/Data Engineering/DEProject/venv/lib/python3.9/site-packages/airflow/example_dags/subdags/subdag.py for tasks to queue
[2023-05-25T14:10:46.780+0530] {logging_mixin.py:149} INFO - [2023-05-25T14:10:46.780+0530] {dagbag.py:541} INFO - Filling up the DagBag from /Users/silvesterjk/Projects/Data Engineering/DEProject/venv/lib/python3.9/site-packages/airflow/example_dags/subdags/subdag.py
[2023-05-25T14:10:46.783+0530] {processor.py:838} WARNING - No viable dags retrieved from /Users/silvesterjk/Projects/Data Engineering/DEProject/venv/lib/python3.9/site-packages/airflow/example_dags/subdags/subdag.py
[2023-05-25T14:10:47.654+0530] {processor.py:179} INFO - Processing /Users/silvesterjk/Projects/Data Engineering/DEProject/venv/lib/python3.9/site-packages/airflow/example_dags/subdags/subdag.py took 0.877 seconds
